2023-12-10 10:40:58,867 - INFO - 🚀 Training MobileNetV3 - Omni Dimensional Dynamic Convolution 🚀
2023-12-10 10:41:35,072 - INFO - ========================================
2023-12-10 10:41:35,072 - INFO - Epoch 1/100
2023-12-10 10:41:35,073 - INFO - Train Loss: 4.75  -   Train Acc: 5.26%
2023-12-10 10:41:38,229 - INFO - Val Loss: 4.09  -  Val Acc: 10.73%
2023-12-10 10:42:12,776 - INFO - ========================================
2023-12-10 10:42:12,777 - INFO - Epoch 2/100
2023-12-10 10:42:12,777 - INFO - Train Loss: 4.26  -   Train Acc: 11.81%
2023-12-10 10:42:15,869 - INFO - Val Loss: 3.52  -  Val Acc: 19.52%
2023-12-10 10:42:50,600 - INFO - ========================================
2023-12-10 10:42:50,600 - INFO - Epoch 3/100
2023-12-10 10:42:50,601 - INFO - Train Loss: 3.93  -   Train Acc: 17.37%
2023-12-10 10:42:53,833 - INFO - Val Loss: 3.25  -  Val Acc: 24.85%
2023-12-10 10:43:28,286 - INFO - ========================================
2023-12-10 10:43:28,286 - INFO - Epoch 4/100
2023-12-10 10:43:28,286 - INFO - Train Loss: 3.77  -   Train Acc: 20.91%
2023-12-10 10:43:31,342 - INFO - Val Loss: 3.08  -  Val Acc: 28.76%
2023-12-10 10:44:05,612 - INFO - ========================================
2023-12-10 10:44:05,613 - INFO - Epoch 5/100
2023-12-10 10:44:05,613 - INFO - Train Loss: 3.59  -   Train Acc: 24.26%
2023-12-10 10:44:08,755 - INFO - Val Loss: 2.89  -  Val Acc: 32.29%
2023-12-10 10:44:43,478 - INFO - ========================================
2023-12-10 10:44:43,478 - INFO - Epoch 6/100
2023-12-10 10:44:43,478 - INFO - Train Loss: 3.46  -   Train Acc: 26.83%
2023-12-10 10:44:46,584 - INFO - Val Loss: 2.81  -  Val Acc: 33.87%
2023-12-10 10:45:20,829 - INFO - ========================================
2023-12-10 10:45:20,829 - INFO - Epoch 7/100
2023-12-10 10:45:20,829 - INFO - Train Loss: 3.42  -   Train Acc: 28.11%
2023-12-10 10:45:23,905 - INFO - Val Loss: 2.66  -  Val Acc: 37.72%
2023-12-10 10:45:58,484 - INFO - ========================================
2023-12-10 10:45:58,484 - INFO - Epoch 8/100
2023-12-10 10:45:58,484 - INFO - Train Loss: 3.29  -   Train Acc: 30.55%
2023-12-10 10:46:01,676 - INFO - Val Loss: 2.61  -  Val Acc: 38.35%
2023-12-10 10:46:36,160 - INFO - ========================================
2023-12-10 10:46:36,160 - INFO - Epoch 9/100
2023-12-10 10:46:36,160 - INFO - Train Loss: 3.23  -   Train Acc: 31.99%
2023-12-10 10:46:39,309 - INFO - Val Loss: 2.48  -  Val Acc: 42.03%
2023-12-10 10:47:13,767 - INFO - ========================================
2023-12-10 10:47:13,767 - INFO - Epoch 10/100
2023-12-10 10:47:13,767 - INFO - Train Loss: 3.17  -   Train Acc: 33.31%
2023-12-10 10:47:16,873 - INFO - Val Loss: 2.39  -  Val Acc: 42.78%
2023-12-10 10:47:51,388 - INFO - ========================================
2023-12-10 10:47:51,388 - INFO - Epoch 11/100
2023-12-10 10:47:51,388 - INFO - Train Loss: 3.07  -   Train Acc: 35.24%
2023-12-10 10:47:54,551 - INFO - Val Loss: 2.40  -  Val Acc: 43.78%
2023-12-10 10:48:28,869 - INFO - ========================================
2023-12-10 10:48:28,870 - INFO - Epoch 12/100
2023-12-10 10:48:28,870 - INFO - Train Loss: 3.01  -   Train Acc: 36.87%
2023-12-10 10:48:32,068 - INFO - Val Loss: 2.32  -  Val Acc: 45.43%
2023-12-10 10:49:06,445 - INFO - ========================================
2023-12-10 10:49:06,445 - INFO - Epoch 13/100
2023-12-10 10:49:06,446 - INFO - Train Loss: 2.94  -   Train Acc: 38.01%
2023-12-10 10:49:09,584 - INFO - Val Loss: 2.31  -  Val Acc: 45.35%
2023-12-10 10:49:43,968 - INFO - ========================================
2023-12-10 10:49:43,969 - INFO - Epoch 14/100
2023-12-10 10:49:43,969 - INFO - Train Loss: 2.89  -   Train Acc: 39.20%
2023-12-10 10:49:47,071 - INFO - Val Loss: 2.27  -  Val Acc: 46.38%
2023-12-10 10:50:21,768 - INFO - ========================================
2023-12-10 10:50:21,769 - INFO - Epoch 15/100
2023-12-10 10:50:21,769 - INFO - Train Loss: 2.86  -   Train Acc: 40.13%
2023-12-10 10:50:24,951 - INFO - Val Loss: 2.26  -  Val Acc: 47.44%
2023-12-10 10:50:59,586 - INFO - ========================================
2023-12-10 10:50:59,587 - INFO - Epoch 16/100
2023-12-10 10:50:59,587 - INFO - Train Loss: 2.82  -   Train Acc: 40.82%
2023-12-10 10:51:02,639 - INFO - Val Loss: 2.14  -  Val Acc: 48.67%
2023-12-10 10:51:37,446 - INFO - ========================================
2023-12-10 10:51:37,446 - INFO - Epoch 17/100
2023-12-10 10:51:37,446 - INFO - Train Loss: 2.77  -   Train Acc: 42.15%
2023-12-10 10:51:40,541 - INFO - Val Loss: 2.20  -  Val Acc: 49.15%
2023-12-10 10:52:15,158 - INFO - ========================================
2023-12-10 10:52:15,159 - INFO - Epoch 18/100
2023-12-10 10:52:15,159 - INFO - Train Loss: 2.74  -   Train Acc: 42.58%
2023-12-10 10:52:18,309 - INFO - Val Loss: 2.13  -  Val Acc: 49.45%
2023-12-10 10:52:52,685 - INFO - ========================================
2023-12-10 10:52:52,686 - INFO - Epoch 19/100
2023-12-10 10:52:52,686 - INFO - Train Loss: 2.71  -   Train Acc: 43.44%
2023-12-10 10:52:55,844 - INFO - Val Loss: 2.17  -  Val Acc: 48.11%
2023-12-10 10:53:30,249 - INFO - ========================================
2023-12-10 10:53:30,250 - INFO - Epoch 20/100
2023-12-10 10:53:30,250 - INFO - Train Loss: 2.73  -   Train Acc: 43.34%
2023-12-10 10:53:33,369 - INFO - Val Loss: 2.08  -  Val Acc: 50.67%
2023-12-10 10:54:07,600 - INFO - ========================================
2023-12-10 10:54:07,600 - INFO - Epoch 21/100
2023-12-10 10:54:07,600 - INFO - Train Loss: 2.67  -   Train Acc: 44.56%
2023-12-10 10:54:10,747 - INFO - Val Loss: 2.18  -  Val Acc: 49.45%
2023-12-10 10:54:45,275 - INFO - ========================================
2023-12-10 10:54:45,275 - INFO - Epoch 22/100
2023-12-10 10:54:45,275 - INFO - Train Loss: 2.61  -   Train Acc: 45.80%
2023-12-10 10:54:48,369 - INFO - Val Loss: 2.04  -  Val Acc: 51.03%
2023-12-10 10:55:23,008 - INFO - ========================================
2023-12-10 10:55:23,008 - INFO - Epoch 23/100
2023-12-10 10:55:23,008 - INFO - Train Loss: 2.58  -   Train Acc: 46.45%
2023-12-10 10:55:26,180 - INFO - Val Loss: 2.10  -  Val Acc: 50.43%
2023-12-10 10:56:00,648 - INFO - ========================================
2023-12-10 10:56:00,649 - INFO - Epoch 24/100
2023-12-10 10:56:00,649 - INFO - Train Loss: 2.54  -   Train Acc: 47.44%
2023-12-10 10:56:03,804 - INFO - Val Loss: 2.07  -  Val Acc: 51.07%
2023-12-10 10:56:38,254 - INFO - ========================================
2023-12-10 10:56:38,255 - INFO - Epoch 25/100
2023-12-10 10:56:38,255 - INFO - Train Loss: 2.51  -   Train Acc: 48.09%
2023-12-10 10:56:41,359 - INFO - Val Loss: 2.06  -  Val Acc: 50.47%
2023-12-10 10:57:15,850 - INFO - ========================================
2023-12-10 10:57:15,851 - INFO - Epoch 26/100
2023-12-10 10:57:15,851 - INFO - Train Loss: 2.48  -   Train Acc: 48.95%
2023-12-10 10:57:18,830 - INFO - Val Loss: 2.03  -  Val Acc: 51.75%
2023-12-10 10:57:53,219 - INFO - ========================================
2023-12-10 10:57:53,220 - INFO - Epoch 27/100
2023-12-10 10:57:53,220 - INFO - Train Loss: 2.45  -   Train Acc: 49.53%
2023-12-10 10:57:56,388 - INFO - Val Loss: 2.04  -  Val Acc: 51.53%
2023-12-10 10:58:30,900 - INFO - ========================================
2023-12-10 10:58:30,900 - INFO - Epoch 28/100
2023-12-10 10:58:30,900 - INFO - Train Loss: 2.53  -   Train Acc: 48.41%
2023-12-10 10:58:34,008 - INFO - Val Loss: 2.04  -  Val Acc: 51.78%
2023-12-10 10:59:08,252 - INFO - ========================================
2023-12-10 10:59:08,252 - INFO - Epoch 29/100
2023-12-10 10:59:08,252 - INFO - Train Loss: 2.38  -   Train Acc: 51.08%
2023-12-10 10:59:11,445 - INFO - Val Loss: 2.06  -  Val Acc: 51.79%
2023-12-10 10:59:45,458 - INFO - ========================================
2023-12-10 10:59:45,458 - INFO - Epoch 30/100
2023-12-10 10:59:45,458 - INFO - Train Loss: 2.32  -   Train Acc: 52.50%
2023-12-10 10:59:48,667 - INFO - Val Loss: 1.99  -  Val Acc: 52.50%
2023-12-10 11:00:22,946 - INFO - ========================================
2023-12-10 11:00:22,946 - INFO - Epoch 31/100
2023-12-10 11:00:22,947 - INFO - Train Loss: 2.35  -   Train Acc: 52.03%
2023-12-10 11:00:26,158 - INFO - Val Loss: 2.03  -  Val Acc: 52.31%
2023-12-10 11:01:00,782 - INFO - ========================================
2023-12-10 11:01:00,783 - INFO - Epoch 32/100
2023-12-10 11:01:00,783 - INFO - Train Loss: 2.32  -   Train Acc: 52.86%
2023-12-10 11:01:03,841 - INFO - Val Loss: 2.01  -  Val Acc: 52.35%
2023-12-10 11:01:38,322 - INFO - ========================================
2023-12-10 11:01:38,323 - INFO - Epoch 33/100
2023-12-10 11:01:38,323 - INFO - Train Loss: 2.33  -   Train Acc: 52.71%
2023-12-10 11:01:41,515 - INFO - Val Loss: 2.04  -  Val Acc: 52.23%
2023-12-10 11:02:15,833 - INFO - ========================================
2023-12-10 11:02:15,834 - INFO - Epoch 34/100
2023-12-10 11:02:15,834 - INFO - Train Loss: 2.40  -   Train Acc: 51.55%
2023-12-10 11:02:18,971 - INFO - Val Loss: 2.03  -  Val Acc: 52.46%
2023-12-10 11:02:53,520 - INFO - ========================================
2023-12-10 11:02:53,520 - INFO - Epoch 35/100
2023-12-10 11:02:53,520 - INFO - Train Loss: 2.31  -   Train Acc: 53.12%
2023-12-10 11:02:56,620 - INFO - Val Loss: 2.01  -  Val Acc: 52.63%
2023-12-10 11:03:31,026 - INFO - ========================================
2023-12-10 11:03:31,027 - INFO - Epoch 36/100
2023-12-10 11:03:31,027 - INFO - Train Loss: 2.37  -   Train Acc: 52.39%
2023-12-10 11:03:34,162 - INFO - Val Loss: 2.09  -  Val Acc: 51.31%
2023-12-10 11:04:08,402 - INFO - ========================================
2023-12-10 11:04:08,403 - INFO - Epoch 37/100
2023-12-10 11:04:08,403 - INFO - Train Loss: 2.27  -   Train Acc: 54.27%
2023-12-10 11:04:11,603 - INFO - Val Loss: 1.97  -  Val Acc: 53.84%
2023-12-10 11:04:46,420 - INFO - ========================================
2023-12-10 11:04:46,420 - INFO - Epoch 38/100
2023-12-10 11:04:46,421 - INFO - Train Loss: 2.23  -   Train Acc: 55.07%
2023-12-10 11:04:49,613 - INFO - Val Loss: 1.98  -  Val Acc: 53.57%
2023-12-10 11:05:24,293 - INFO - ========================================
2023-12-10 11:05:24,293 - INFO - Epoch 39/100
2023-12-10 11:05:24,293 - INFO - Train Loss: 2.26  -   Train Acc: 54.54%
2023-12-10 11:05:27,574 - INFO - Val Loss: 2.00  -  Val Acc: 53.54%
2023-12-10 11:06:02,290 - INFO - ========================================
2023-12-10 11:06:02,290 - INFO - Epoch 40/100
2023-12-10 11:06:02,290 - INFO - Train Loss: 2.27  -   Train Acc: 54.66%
2023-12-10 11:06:05,488 - INFO - Val Loss: 2.04  -  Val Acc: 52.79%
2023-12-10 11:06:39,812 - INFO - ========================================
2023-12-10 11:06:39,813 - INFO - Epoch 41/100
2023-12-10 11:06:39,813 - INFO - Train Loss: 2.19  -   Train Acc: 56.02%
2023-12-10 11:06:43,005 - INFO - Val Loss: 2.01  -  Val Acc: 53.17%
2023-12-10 11:07:17,341 - INFO - ========================================
2023-12-10 11:07:17,341 - INFO - Epoch 42/100
2023-12-10 11:07:17,341 - INFO - Train Loss: 2.21  -   Train Acc: 55.82%
2023-12-10 11:07:20,559 - INFO - Val Loss: 2.01  -  Val Acc: 53.72%
2023-12-10 11:07:54,920 - INFO - ========================================
2023-12-10 11:07:54,920 - INFO - Epoch 43/100
2023-12-10 11:07:54,920 - INFO - Train Loss: 2.24  -   Train Acc: 55.49%
2023-12-10 11:07:58,108 - INFO - Val Loss: 2.03  -  Val Acc: 52.72%
2023-12-10 11:08:32,586 - INFO - ========================================
2023-12-10 11:08:32,586 - INFO - Epoch 44/100
2023-12-10 11:08:32,586 - INFO - Train Loss: 2.17  -   Train Acc: 57.12%
2023-12-10 11:08:35,760 - INFO - Val Loss: 1.98  -  Val Acc: 53.86%
2023-12-10 11:09:10,401 - INFO - ========================================
2023-12-10 11:09:10,401 - INFO - Epoch 45/100
2023-12-10 11:09:10,401 - INFO - Train Loss: 2.15  -   Train Acc: 57.67%
2023-12-10 11:09:13,573 - INFO - Val Loss: 2.00  -  Val Acc: 53.15%
2023-12-10 11:09:48,077 - INFO - ========================================
2023-12-10 11:09:48,077 - INFO - Epoch 46/100
2023-12-10 11:09:48,077 - INFO - Train Loss: 2.13  -   Train Acc: 57.62%
2023-12-10 11:09:51,229 - INFO - Val Loss: 1.97  -  Val Acc: 53.40%
2023-12-10 11:10:25,722 - INFO - ========================================
2023-12-10 11:10:25,722 - INFO - Epoch 47/100
2023-12-10 11:10:25,722 - INFO - Train Loss: 2.09  -   Train Acc: 58.74%
2023-12-10 11:10:28,814 - INFO - Val Loss: 2.03  -  Val Acc: 53.14%
2023-12-10 11:11:03,478 - INFO - ========================================
2023-12-10 11:11:03,478 - INFO - Epoch 48/100
2023-12-10 11:11:03,478 - INFO - Train Loss: 2.12  -   Train Acc: 58.48%
2023-12-10 11:11:06,721 - INFO - Val Loss: 2.06  -  Val Acc: 52.45%
2023-12-10 11:11:40,899 - INFO - ========================================
2023-12-10 11:11:40,899 - INFO - Epoch 49/100
2023-12-10 11:11:40,899 - INFO - Train Loss: 2.15  -   Train Acc: 57.98%
2023-12-10 11:11:44,089 - INFO - Val Loss: 2.02  -  Val Acc: 53.08%
2023-12-10 11:12:18,682 - INFO - ========================================
2023-12-10 11:12:18,683 - INFO - Epoch 50/100
2023-12-10 11:12:18,683 - INFO - Train Loss: 2.13  -   Train Acc: 58.36%
2023-12-10 11:12:21,851 - INFO - Val Loss: 1.99  -  Val Acc: 53.19%
2023-12-10 11:12:56,326 - INFO - ========================================
2023-12-10 11:12:56,326 - INFO - Epoch 51/100
2023-12-10 11:12:56,326 - INFO - Train Loss: 2.01  -   Train Acc: 60.37%
2023-12-10 11:12:59,502 - INFO - Val Loss: 2.03  -  Val Acc: 52.69%
2023-12-10 11:13:33,925 - INFO - ========================================
2023-12-10 11:13:33,925 - INFO - Epoch 52/100
2023-12-10 11:13:33,925 - INFO - Train Loss: 2.09  -   Train Acc: 59.33%
2023-12-10 11:13:37,093 - INFO - Val Loss: 2.00  -  Val Acc: 54.00%
2023-12-10 11:14:11,749 - INFO - ========================================
2023-12-10 11:14:11,749 - INFO - Epoch 53/100
2023-12-10 11:14:11,749 - INFO - Train Loss: 2.07  -   Train Acc: 59.97%
2023-12-10 11:14:14,894 - INFO - Val Loss: 2.08  -  Val Acc: 52.56%
2023-12-10 11:14:49,407 - INFO - ========================================
2023-12-10 11:14:49,407 - INFO - Epoch 54/100
2023-12-10 11:14:49,407 - INFO - Train Loss: 2.03  -   Train Acc: 60.83%
2023-12-10 11:14:52,589 - INFO - Val Loss: 2.00  -  Val Acc: 53.99%
2023-12-10 11:15:27,092 - INFO - ========================================
2023-12-10 11:15:27,092 - INFO - Epoch 55/100
2023-12-10 11:15:27,092 - INFO - Train Loss: 2.06  -   Train Acc: 60.39%
2023-12-10 11:15:30,281 - INFO - Val Loss: 2.00  -  Val Acc: 53.38%
2023-12-10 11:16:05,997 - INFO - ========================================
2023-12-10 11:16:05,997 - INFO - Epoch 56/100
2023-12-10 11:16:05,997 - INFO - Train Loss: 2.05  -   Train Acc: 60.39%
2023-12-10 11:16:09,192 - INFO - Val Loss: 2.04  -  Val Acc: 53.14%
2023-12-10 11:16:37,752 - INFO - ========================================
2023-12-10 11:16:37,753 - INFO - Epoch 57/100
2023-12-10 11:16:37,753 - INFO - Train Loss: 2.03  -   Train Acc: 60.81%
2023-12-10 11:16:40,086 - INFO - Val Loss: 2.03  -  Val Acc: 53.57%
2023-12-10 11:17:08,446 - INFO - ========================================
2023-12-10 11:17:08,447 - INFO - Epoch 58/100
2023-12-10 11:17:08,447 - INFO - Train Loss: 2.05  -   Train Acc: 60.70%
2023-12-10 11:17:11,173 - INFO - Val Loss: 2.04  -  Val Acc: 53.02%
2023-12-10 11:17:41,720 - INFO - ========================================
2023-12-10 11:17:41,720 - INFO - Epoch 59/100
2023-12-10 11:17:41,720 - INFO - Train Loss: 2.10  -   Train Acc: 59.98%
2023-12-10 11:17:44,946 - INFO - Val Loss: 2.00  -  Val Acc: 53.85%
2023-12-10 11:18:19,868 - INFO - ========================================
2023-12-10 11:18:19,868 - INFO - Epoch 60/100
2023-12-10 11:18:19,868 - INFO - Train Loss: 2.03  -   Train Acc: 60.86%
2023-12-10 11:18:23,031 - INFO - Val Loss: 2.02  -  Val Acc: 53.63%
2023-12-10 11:18:57,303 - INFO - ========================================
2023-12-10 11:18:57,303 - INFO - Epoch 61/100
2023-12-10 11:18:57,303 - INFO - Train Loss: 1.97  -   Train Acc: 62.54%
2023-12-10 11:19:00,454 - INFO - Val Loss: 2.05  -  Val Acc: 53.37%
2023-12-10 11:19:35,099 - INFO - ========================================
2023-12-10 11:19:35,099 - INFO - Epoch 62/100
2023-12-10 11:19:35,099 - INFO - Train Loss: 2.04  -   Train Acc: 61.31%
2023-12-10 11:19:38,286 - INFO - Val Loss: 2.04  -  Val Acc: 53.57%
2023-12-10 11:20:12,398 - INFO - ========================================
2023-12-10 11:20:12,398 - INFO - Epoch 63/100
2023-12-10 11:20:12,398 - INFO - Train Loss: 1.99  -   Train Acc: 62.19%
2023-12-10 11:20:15,613 - INFO - Val Loss: 2.03  -  Val Acc: 53.24%
2023-12-10 11:20:49,824 - INFO - ========================================
2023-12-10 11:20:49,824 - INFO - Epoch 64/100
2023-12-10 11:20:49,824 - INFO - Train Loss: 2.00  -   Train Acc: 62.28%
2023-12-10 11:20:52,956 - INFO - Val Loss: 2.02  -  Val Acc: 53.61%
2023-12-10 11:21:27,411 - INFO - ========================================
2023-12-10 11:21:27,411 - INFO - Epoch 65/100
2023-12-10 11:21:27,411 - INFO - Train Loss: 1.92  -   Train Acc: 63.72%
2023-12-10 11:21:30,587 - INFO - Val Loss: 2.03  -  Val Acc: 53.41%
2023-12-10 11:22:04,735 - INFO - ========================================
2023-12-10 11:22:04,735 - INFO - Epoch 66/100
2023-12-10 11:22:04,735 - INFO - Train Loss: 1.90  -   Train Acc: 64.18%
2023-12-10 11:22:07,923 - INFO - Val Loss: 2.06  -  Val Acc: 53.03%
2023-12-10 11:22:42,781 - INFO - ========================================
2023-12-10 11:22:42,781 - INFO - Epoch 67/100
2023-12-10 11:22:42,781 - INFO - Train Loss: 2.01  -   Train Acc: 62.08%
2023-12-10 11:22:45,896 - INFO - Val Loss: 2.04  -  Val Acc: 53.68%
2023-12-10 11:23:20,239 - INFO - ========================================
2023-12-10 11:23:20,239 - INFO - Epoch 68/100
2023-12-10 11:23:20,239 - INFO - Train Loss: 1.94  -   Train Acc: 63.69%
2023-12-10 11:23:23,432 - INFO - Val Loss: 2.06  -  Val Acc: 53.57%
2023-12-10 11:23:57,656 - INFO - ========================================
2023-12-10 11:23:57,657 - INFO - Epoch 69/100
2023-12-10 11:23:57,657 - INFO - Train Loss: 2.01  -   Train Acc: 62.14%
2023-12-10 11:24:00,840 - INFO - Val Loss: 2.07  -  Val Acc: 53.42%
2023-12-10 11:24:35,198 - INFO - ========================================
2023-12-10 11:24:35,198 - INFO - Epoch 70/100
2023-12-10 11:24:35,198 - INFO - Train Loss: 1.93  -   Train Acc: 63.86%
2023-12-10 11:24:38,320 - INFO - Val Loss: 2.03  -  Val Acc: 53.57%
2023-12-10 11:25:12,810 - INFO - ========================================
2023-12-10 11:25:12,810 - INFO - Epoch 71/100
2023-12-10 11:25:12,810 - INFO - Train Loss: 1.99  -   Train Acc: 62.56%
2023-12-10 11:25:16,042 - INFO - Val Loss: 2.04  -  Val Acc: 53.69%
2023-12-10 11:25:50,391 - INFO - ========================================
2023-12-10 11:25:50,391 - INFO - Epoch 72/100
2023-12-10 11:25:50,391 - INFO - Train Loss: 2.04  -   Train Acc: 62.03%
2023-12-10 11:25:53,549 - INFO - Val Loss: 2.06  -  Val Acc: 53.14%
2023-12-10 11:26:27,868 - INFO - ========================================
2023-12-10 11:26:27,868 - INFO - Epoch 73/100
2023-12-10 11:26:27,868 - INFO - Train Loss: 1.91  -   Train Acc: 64.23%
2023-12-10 11:26:31,089 - INFO - Val Loss: 2.01  -  Val Acc: 53.60%
2023-12-10 11:27:05,402 - INFO - ========================================
2023-12-10 11:27:05,403 - INFO - Epoch 74/100
2023-12-10 11:27:05,403 - INFO - Train Loss: 1.89  -   Train Acc: 64.66%
2023-12-10 11:27:08,546 - INFO - Val Loss: 2.03  -  Val Acc: 54.00%
2023-12-10 11:27:43,272 - INFO - ========================================
2023-12-10 11:27:43,273 - INFO - Epoch 75/100
2023-12-10 11:27:43,273 - INFO - Train Loss: 1.94  -   Train Acc: 63.59%
2023-12-10 11:27:46,423 - INFO - Val Loss: 2.04  -  Val Acc: 53.71%
2023-12-10 11:28:21,153 - INFO - ========================================
2023-12-10 11:28:21,154 - INFO - Epoch 76/100
2023-12-10 11:28:21,156 - INFO - Train Loss: 1.90  -   Train Acc: 64.75%
2023-12-10 11:28:24,417 - INFO - Val Loss: 2.03  -  Val Acc: 53.78%
2023-12-10 11:28:59,157 - INFO - ========================================
2023-12-10 11:28:59,157 - INFO - Epoch 77/100
2023-12-10 11:28:59,157 - INFO - Train Loss: 1.96  -   Train Acc: 63.73%
2023-12-10 11:29:02,381 - INFO - Val Loss: 2.03  -  Val Acc: 53.96%
2023-12-10 11:29:36,893 - INFO - ========================================
2023-12-10 11:29:36,893 - INFO - Epoch 78/100
2023-12-10 11:29:36,893 - INFO - Train Loss: 1.90  -   Train Acc: 64.85%
2023-12-10 11:29:40,177 - INFO - Val Loss: 2.06  -  Val Acc: 53.16%
2023-12-10 11:30:14,812 - INFO - ========================================
2023-12-10 11:30:14,812 - INFO - Epoch 79/100
2023-12-10 11:30:14,816 - INFO - Train Loss: 1.82  -   Train Acc: 65.91%
2023-12-10 11:30:18,026 - INFO - Val Loss: 2.04  -  Val Acc: 53.07%
2023-12-10 11:30:52,555 - INFO - ========================================
2023-12-10 11:30:52,555 - INFO - Epoch 80/100
2023-12-10 11:30:52,555 - INFO - Train Loss: 1.89  -   Train Acc: 65.27%
2023-12-10 11:30:55,764 - INFO - Val Loss: 2.10  -  Val Acc: 52.88%
2023-12-10 11:31:30,233 - INFO - ========================================
2023-12-10 11:31:30,235 - INFO - Epoch 81/100
2023-12-10 11:31:30,235 - INFO - Train Loss: 1.88  -   Train Acc: 65.36%
2023-12-10 11:31:33,359 - INFO - Val Loss: 2.05  -  Val Acc: 53.93%
2023-12-10 11:32:08,275 - INFO - ========================================
2023-12-10 11:32:08,276 - INFO - Epoch 82/100
2023-12-10 11:32:08,276 - INFO - Train Loss: 1.85  -   Train Acc: 65.88%
2023-12-10 11:32:11,459 - INFO - Val Loss: 2.06  -  Val Acc: 53.55%
2023-12-10 11:32:46,495 - INFO - ========================================
2023-12-10 11:32:46,495 - INFO - Epoch 83/100
2023-12-10 11:32:46,495 - INFO - Train Loss: 1.89  -   Train Acc: 65.17%
2023-12-10 11:32:49,607 - INFO - Val Loss: 2.05  -  Val Acc: 53.95%
2023-12-10 11:33:24,164 - INFO - ========================================
2023-12-10 11:33:24,164 - INFO - Epoch 84/100
2023-12-10 11:33:24,165 - INFO - Train Loss: 1.92  -   Train Acc: 64.86%
2023-12-10 11:33:27,372 - INFO - Val Loss: 2.04  -  Val Acc: 54.28%
2023-12-10 11:34:01,725 - INFO - ========================================
2023-12-10 11:34:01,726 - INFO - Epoch 85/100
2023-12-10 11:34:01,726 - INFO - Train Loss: 1.91  -   Train Acc: 64.88%
2023-12-10 11:34:04,950 - INFO - Val Loss: 2.10  -  Val Acc: 53.29%
2023-12-10 11:34:39,485 - INFO - ========================================
2023-12-10 11:34:39,485 - INFO - Epoch 86/100
2023-12-10 11:34:39,485 - INFO - Train Loss: 1.91  -   Train Acc: 64.90%
2023-12-10 11:34:42,739 - INFO - Val Loss: 2.04  -  Val Acc: 53.95%
2023-12-10 11:35:17,261 - INFO - ========================================
2023-12-10 11:35:17,262 - INFO - Epoch 87/100
2023-12-10 11:35:17,262 - INFO - Train Loss: 1.81  -   Train Acc: 67.11%
2023-12-10 11:35:20,454 - INFO - Val Loss: 2.04  -  Val Acc: 53.51%
2023-12-10 11:35:54,781 - INFO - ========================================
2023-12-10 11:35:54,782 - INFO - Epoch 88/100
2023-12-10 11:35:54,782 - INFO - Train Loss: 1.85  -   Train Acc: 66.52%
2023-12-10 11:35:57,931 - INFO - Val Loss: 2.04  -  Val Acc: 53.87%
2023-12-10 11:36:32,349 - INFO - ========================================
2023-12-10 11:36:32,350 - INFO - Epoch 89/100
2023-12-10 11:36:32,350 - INFO - Train Loss: 1.84  -   Train Acc: 66.52%
2023-12-10 11:36:35,660 - INFO - Val Loss: 2.01  -  Val Acc: 54.36%
2023-12-10 11:37:10,120 - INFO - ========================================
2023-12-10 11:37:10,121 - INFO - Epoch 90/100
2023-12-10 11:37:10,121 - INFO - Train Loss: 1.85  -   Train Acc: 66.37%
2023-12-10 11:37:13,320 - INFO - Val Loss: 2.05  -  Val Acc: 53.79%
2023-12-10 11:37:47,885 - INFO - ========================================
2023-12-10 11:37:47,886 - INFO - Epoch 91/100
2023-12-10 11:37:47,886 - INFO - Train Loss: 1.77  -   Train Acc: 67.64%
2023-12-10 11:37:51,040 - INFO - Val Loss: 2.03  -  Val Acc: 53.89%
2023-12-10 11:38:25,590 - INFO - ========================================
2023-12-10 11:38:25,590 - INFO - Epoch 92/100
2023-12-10 11:38:25,590 - INFO - Train Loss: 1.89  -   Train Acc: 65.72%
2023-12-10 11:38:28,857 - INFO - Val Loss: 2.07  -  Val Acc: 53.62%
2023-12-10 11:39:03,119 - INFO - ========================================
2023-12-10 11:39:03,120 - INFO - Epoch 93/100
2023-12-10 11:39:03,120 - INFO - Train Loss: 1.83  -   Train Acc: 67.17%
2023-12-10 11:39:06,329 - INFO - Val Loss: 2.06  -  Val Acc: 53.80%
2023-12-10 11:39:40,841 - INFO - ========================================
2023-12-10 11:39:40,841 - INFO - Epoch 94/100
2023-12-10 11:39:40,841 - INFO - Train Loss: 1.77  -   Train Acc: 68.17%
2023-12-10 11:39:44,065 - INFO - Val Loss: 2.04  -  Val Acc: 54.07%
2023-12-10 11:40:18,530 - INFO - ========================================
2023-12-10 11:40:18,531 - INFO - Epoch 95/100
2023-12-10 11:40:18,531 - INFO - Train Loss: 1.89  -   Train Acc: 65.85%
2023-12-10 11:40:21,685 - INFO - Val Loss: 2.10  -  Val Acc: 53.00%
2023-12-10 11:40:56,552 - INFO - ========================================
2023-12-10 11:40:56,553 - INFO - Epoch 96/100
2023-12-10 11:40:56,553 - INFO - Train Loss: 1.76  -   Train Acc: 68.16%
2023-12-10 11:40:59,750 - INFO - Val Loss: 2.04  -  Val Acc: 54.83%
2023-12-10 11:41:33,883 - INFO - ========================================
2023-12-10 11:41:33,883 - INFO - Epoch 97/100
2023-12-10 11:41:33,883 - INFO - Train Loss: 1.87  -   Train Acc: 66.21%
2023-12-10 11:41:37,083 - INFO - Val Loss: 2.13  -  Val Acc: 54.13%
2023-12-10 11:42:11,750 - INFO - ========================================
2023-12-10 11:42:11,750 - INFO - Epoch 98/100
2023-12-10 11:42:11,750 - INFO - Train Loss: 1.81  -   Train Acc: 67.40%
2023-12-10 11:42:14,877 - INFO - Val Loss: 2.05  -  Val Acc: 53.91%
2023-12-10 11:42:49,389 - INFO - ========================================
2023-12-10 11:42:49,389 - INFO - Epoch 99/100
2023-12-10 11:42:49,390 - INFO - Train Loss: 1.79  -   Train Acc: 67.54%
2023-12-10 11:42:52,542 - INFO - Val Loss: 2.04  -  Val Acc: 54.22%
2023-12-10 11:43:27,100 - INFO - ========================================
2023-12-10 11:43:27,100 - INFO - Epoch 100/100
2023-12-10 11:43:27,100 - INFO - Train Loss: 1.75  -   Train Acc: 68.42%
2023-12-10 11:43:30,362 - INFO - Val Loss: 2.06  -  Val Acc: 53.78%
2023-12-10 11:43:30,363 - INFO - ========================================
2023-12-10 11:43:30,363 - INFO - Training Completed! 😀
