2023-12-11 08:02:39,887 - INFO - 🚀 Training MobileNetV3 - Omni Dimensional Dynamic Convolution 🚀
2023-12-11 08:03:43,223 - INFO - ========================================
2023-12-11 08:03:43,223 - INFO - Epoch 1/100
2023-12-11 08:03:43,224 - INFO - Train Loss: 4.91  -   Train Acc: 3.61%
2023-12-11 08:03:45,603 - INFO - Val Loss: 4.30  -  Val Acc: 8.66%
2023-12-11 08:04:52,660 - INFO - ========================================
2023-12-11 08:04:52,660 - INFO - Epoch 2/100
2023-12-11 08:04:52,660 - INFO - Train Loss: 4.38  -   Train Acc: 9.82%
2023-12-11 08:04:55,157 - INFO - Val Loss: 3.79  -  Val Acc: 15.58%
2023-12-11 08:06:00,331 - INFO - ========================================
2023-12-11 08:06:00,331 - INFO - Epoch 3/100
2023-12-11 08:06:00,331 - INFO - Train Loss: 4.08  -   Train Acc: 14.89%
2023-12-11 08:06:03,731 - INFO - Val Loss: 3.43  -  Val Acc: 21.99%
2023-12-11 08:07:14,959 - INFO - ========================================
2023-12-11 08:07:14,959 - INFO - Epoch 4/100
2023-12-11 08:07:14,959 - INFO - Train Loss: 3.88  -   Train Acc: 18.61%
2023-12-11 08:07:18,244 - INFO - Val Loss: 3.23  -  Val Acc: 25.68%
2023-12-11 08:08:28,658 - INFO - ========================================
2023-12-11 08:08:28,658 - INFO - Epoch 5/100
2023-12-11 08:08:28,658 - INFO - Train Loss: 3.71  -   Train Acc: 21.99%
2023-12-11 08:08:31,885 - INFO - Val Loss: 3.05  -  Val Acc: 29.68%
2023-12-11 08:09:43,786 - INFO - ========================================
2023-12-11 08:09:43,786 - INFO - Epoch 6/100
2023-12-11 08:09:43,786 - INFO - Train Loss: 3.63  -   Train Acc: 24.07%
2023-12-11 08:09:46,962 - INFO - Val Loss: 2.95  -  Val Acc: 31.47%
2023-12-11 08:10:59,449 - INFO - ========================================
2023-12-11 08:10:59,449 - INFO - Epoch 7/100
2023-12-11 08:10:59,449 - INFO - Train Loss: 3.48  -   Train Acc: 26.61%
2023-12-11 08:11:02,724 - INFO - Val Loss: 2.73  -  Val Acc: 35.80%
2023-12-11 08:12:14,622 - INFO - ========================================
2023-12-11 08:12:14,622 - INFO - Epoch 8/100
2023-12-11 08:12:14,622 - INFO - Train Loss: 3.34  -   Train Acc: 29.29%
2023-12-11 08:12:17,780 - INFO - Val Loss: 2.70  -  Val Acc: 36.75%
2023-12-11 08:13:30,543 - INFO - ========================================
2023-12-11 08:13:30,544 - INFO - Epoch 9/100
2023-12-11 08:13:30,544 - INFO - Train Loss: 3.29  -   Train Acc: 30.70%
2023-12-11 08:13:33,585 - INFO - Val Loss: 2.60  -  Val Acc: 38.76%
2023-12-11 08:14:46,658 - INFO - ========================================
2023-12-11 08:14:46,658 - INFO - Epoch 10/100
2023-12-11 08:14:46,658 - INFO - Train Loss: 3.21  -   Train Acc: 32.33%
2023-12-11 08:14:49,457 - INFO - Val Loss: 2.55  -  Val Acc: 39.71%
2023-12-11 08:16:01,265 - INFO - ========================================
2023-12-11 08:16:01,265 - INFO - Epoch 11/100
2023-12-11 08:16:01,265 - INFO - Train Loss: 3.19  -   Train Acc: 33.00%
2023-12-11 08:16:04,037 - INFO - Val Loss: 2.42  -  Val Acc: 42.97%
2023-12-11 08:17:16,970 - INFO - ========================================
2023-12-11 08:17:16,970 - INFO - Epoch 12/100
2023-12-11 08:17:16,970 - INFO - Train Loss: 3.10  -   Train Acc: 34.89%
2023-12-11 08:17:20,238 - INFO - Val Loss: 2.47  -  Val Acc: 41.94%
2023-12-11 08:18:32,501 - INFO - ========================================
2023-12-11 08:18:32,501 - INFO - Epoch 13/100
2023-12-11 08:18:32,501 - INFO - Train Loss: 3.06  -   Train Acc: 36.04%
2023-12-11 08:18:35,509 - INFO - Val Loss: 2.31  -  Val Acc: 45.06%
2023-12-11 08:19:47,620 - INFO - ========================================
2023-12-11 08:19:47,621 - INFO - Epoch 14/100
2023-12-11 08:19:47,621 - INFO - Train Loss: 3.02  -   Train Acc: 36.83%
2023-12-11 08:19:50,318 - INFO - Val Loss: 2.29  -  Val Acc: 45.33%
2023-12-11 08:21:02,591 - INFO - ========================================
2023-12-11 08:21:02,591 - INFO - Epoch 15/100
2023-12-11 08:21:02,591 - INFO - Train Loss: 2.93  -   Train Acc: 38.49%
2023-12-11 08:21:05,452 - INFO - Val Loss: 2.19  -  Val Acc: 47.32%
2023-12-11 08:22:19,129 - INFO - ========================================
2023-12-11 08:22:19,130 - INFO - Epoch 16/100
2023-12-11 08:22:19,130 - INFO - Train Loss: 2.95  -   Train Acc: 38.60%
2023-12-11 08:22:22,350 - INFO - Val Loss: 2.21  -  Val Acc: 47.53%
2023-12-11 08:23:34,413 - INFO - ========================================
2023-12-11 08:23:34,414 - INFO - Epoch 17/100
2023-12-11 08:23:34,414 - INFO - Train Loss: 2.89  -   Train Acc: 39.60%
2023-12-11 08:23:37,603 - INFO - Val Loss: 2.21  -  Val Acc: 48.24%
2023-12-11 08:24:49,903 - INFO - ========================================
2023-12-11 08:24:49,903 - INFO - Epoch 18/100
2023-12-11 08:24:49,903 - INFO - Train Loss: 2.83  -   Train Acc: 40.78%
2023-12-11 08:24:53,236 - INFO - Val Loss: 2.17  -  Val Acc: 48.36%
2023-12-11 08:26:05,761 - INFO - ========================================
2023-12-11 08:26:05,762 - INFO - Epoch 19/100
2023-12-11 08:26:05,762 - INFO - Train Loss: 2.81  -   Train Acc: 41.51%
2023-12-11 08:26:08,740 - INFO - Val Loss: 2.17  -  Val Acc: 49.13%
2023-12-11 08:27:20,619 - INFO - ========================================
2023-12-11 08:27:20,619 - INFO - Epoch 20/100
2023-12-11 08:27:20,619 - INFO - Train Loss: 2.76  -   Train Acc: 42.39%
2023-12-11 08:27:23,932 - INFO - Val Loss: 2.11  -  Val Acc: 49.56%
2023-12-11 08:28:35,666 - INFO - ========================================
2023-12-11 08:28:35,667 - INFO - Epoch 21/100
2023-12-11 08:28:35,667 - INFO - Train Loss: 2.73  -   Train Acc: 43.04%
2023-12-11 08:28:38,765 - INFO - Val Loss: 2.13  -  Val Acc: 49.70%
2023-12-11 08:29:51,809 - INFO - ========================================
2023-12-11 08:29:51,809 - INFO - Epoch 22/100
2023-12-11 08:29:51,809 - INFO - Train Loss: 2.77  -   Train Acc: 42.87%
2023-12-11 08:29:54,602 - INFO - Val Loss: 2.12  -  Val Acc: 49.76%
2023-12-11 08:31:06,811 - INFO - ========================================
2023-12-11 08:31:06,811 - INFO - Epoch 23/100
2023-12-11 08:31:06,811 - INFO - Train Loss: 2.66  -   Train Acc: 44.59%
2023-12-11 08:31:10,159 - INFO - Val Loss: 2.04  -  Val Acc: 51.26%
2023-12-11 08:32:21,689 - INFO - ========================================
2023-12-11 08:32:21,690 - INFO - Epoch 24/100
2023-12-11 08:32:21,690 - INFO - Train Loss: 2.64  -   Train Acc: 45.14%
2023-12-11 08:32:24,991 - INFO - Val Loss: 1.96  -  Val Acc: 52.40%
2023-12-11 08:33:37,086 - INFO - ========================================
2023-12-11 08:33:37,087 - INFO - Epoch 25/100
2023-12-11 08:33:37,087 - INFO - Train Loss: 2.63  -   Train Acc: 45.22%
2023-12-11 08:33:40,282 - INFO - Val Loss: 2.04  -  Val Acc: 52.06%
2023-12-11 08:34:52,538 - INFO - ========================================
2023-12-11 08:34:52,539 - INFO - Epoch 26/100
2023-12-11 08:34:52,539 - INFO - Train Loss: 2.64  -   Train Acc: 45.68%
2023-12-11 08:34:55,509 - INFO - Val Loss: 2.01  -  Val Acc: 52.03%
2023-12-11 08:36:07,457 - INFO - ========================================
2023-12-11 08:36:07,458 - INFO - Epoch 27/100
2023-12-11 08:36:07,458 - INFO - Train Loss: 2.59  -   Train Acc: 46.67%
2023-12-11 08:36:10,307 - INFO - Val Loss: 1.93  -  Val Acc: 53.44%
2023-12-11 08:37:23,004 - INFO - ========================================
2023-12-11 08:37:23,004 - INFO - Epoch 28/100
2023-12-11 08:37:23,004 - INFO - Train Loss: 2.58  -   Train Acc: 47.11%
2023-12-11 08:37:25,735 - INFO - Val Loss: 1.96  -  Val Acc: 53.12%
2023-12-11 08:38:37,201 - INFO - ========================================
2023-12-11 08:38:37,201 - INFO - Epoch 29/100
2023-12-11 08:38:37,201 - INFO - Train Loss: 2.49  -   Train Acc: 48.75%
2023-12-11 08:38:39,995 - INFO - Val Loss: 1.95  -  Val Acc: 53.51%
2023-12-11 08:39:53,516 - INFO - ========================================
2023-12-11 08:39:53,517 - INFO - Epoch 30/100
2023-12-11 08:39:53,517 - INFO - Train Loss: 2.54  -   Train Acc: 48.14%
2023-12-11 08:39:56,709 - INFO - Val Loss: 1.98  -  Val Acc: 52.80%
2023-12-11 08:41:08,325 - INFO - ========================================
2023-12-11 08:41:08,326 - INFO - Epoch 31/100
2023-12-11 08:41:08,326 - INFO - Train Loss: 2.50  -   Train Acc: 48.99%
2023-12-11 08:41:11,031 - INFO - Val Loss: 1.92  -  Val Acc: 54.45%
2023-12-11 08:42:24,456 - INFO - ========================================
2023-12-11 08:42:24,456 - INFO - Epoch 32/100
2023-12-11 08:42:24,456 - INFO - Train Loss: 2.48  -   Train Acc: 49.28%
2023-12-11 08:42:27,420 - INFO - Val Loss: 1.97  -  Val Acc: 53.29%
2023-12-11 08:43:39,727 - INFO - ========================================
2023-12-11 08:43:39,728 - INFO - Epoch 33/100
2023-12-11 08:43:39,728 - INFO - Train Loss: 2.46  -   Train Acc: 49.93%
2023-12-11 08:43:42,437 - INFO - Val Loss: 1.92  -  Val Acc: 54.34%
2023-12-11 08:44:54,188 - INFO - ========================================
2023-12-11 08:44:54,188 - INFO - Epoch 34/100
2023-12-11 08:44:54,188 - INFO - Train Loss: 2.48  -   Train Acc: 49.89%
2023-12-11 08:44:56,901 - INFO - Val Loss: 1.93  -  Val Acc: 54.33%
2023-12-11 08:46:07,935 - INFO - ========================================
2023-12-11 08:46:07,936 - INFO - Epoch 35/100
2023-12-11 08:46:07,936 - INFO - Train Loss: 2.43  -   Train Acc: 50.74%
2023-12-11 08:46:10,798 - INFO - Val Loss: 1.92  -  Val Acc: 54.46%
2023-12-11 08:47:23,152 - INFO - ========================================
2023-12-11 08:47:23,153 - INFO - Epoch 36/100
2023-12-11 08:47:23,153 - INFO - Train Loss: 2.43  -   Train Acc: 50.96%
2023-12-11 08:47:26,037 - INFO - Val Loss: 1.89  -  Val Acc: 54.37%
2023-12-11 08:48:39,053 - INFO - ========================================
2023-12-11 08:48:39,053 - INFO - Epoch 37/100
2023-12-11 08:48:39,053 - INFO - Train Loss: 2.42  -   Train Acc: 51.26%
2023-12-11 08:48:41,718 - INFO - Val Loss: 1.84  -  Val Acc: 55.61%
2023-12-11 08:49:54,288 - INFO - ========================================
2023-12-11 08:49:54,288 - INFO - Epoch 38/100
2023-12-11 08:49:54,288 - INFO - Train Loss: 2.36  -   Train Acc: 52.57%
2023-12-11 08:49:57,001 - INFO - Val Loss: 1.87  -  Val Acc: 55.14%
2023-12-11 08:51:09,759 - INFO - ========================================
2023-12-11 08:51:09,759 - INFO - Epoch 39/100
2023-12-11 08:51:09,759 - INFO - Train Loss: 2.32  -   Train Acc: 53.24%
2023-12-11 08:51:12,402 - INFO - Val Loss: 1.87  -  Val Acc: 55.56%
2023-12-11 08:52:25,886 - INFO - ========================================
2023-12-11 08:52:25,886 - INFO - Epoch 40/100
2023-12-11 08:52:25,886 - INFO - Train Loss: 2.28  -   Train Acc: 53.94%
2023-12-11 08:52:29,042 - INFO - Val Loss: 1.83  -  Val Acc: 56.52%
2023-12-11 08:53:41,938 - INFO - ========================================
2023-12-11 08:53:41,938 - INFO - Epoch 41/100
2023-12-11 08:53:41,938 - INFO - Train Loss: 2.30  -   Train Acc: 53.80%
2023-12-11 08:53:45,324 - INFO - Val Loss: 1.85  -  Val Acc: 55.58%
2023-12-11 08:54:58,255 - INFO - ========================================
2023-12-11 08:54:58,256 - INFO - Epoch 42/100
2023-12-11 08:54:58,256 - INFO - Train Loss: 2.26  -   Train Acc: 55.05%
2023-12-11 08:55:01,578 - INFO - Val Loss: 1.84  -  Val Acc: 55.98%
2023-12-11 08:56:14,320 - INFO - ========================================
2023-12-11 08:56:14,320 - INFO - Epoch 43/100
2023-12-11 08:56:14,320 - INFO - Train Loss: 2.25  -   Train Acc: 55.26%
2023-12-11 08:56:17,262 - INFO - Val Loss: 1.84  -  Val Acc: 55.67%
2023-12-11 08:57:28,953 - INFO - ========================================
2023-12-11 08:57:28,954 - INFO - Epoch 44/100
2023-12-11 08:57:28,954 - INFO - Train Loss: 2.26  -   Train Acc: 55.28%
2023-12-11 08:57:32,264 - INFO - Val Loss: 1.90  -  Val Acc: 55.57%
2023-12-11 08:58:46,228 - INFO - ========================================
2023-12-11 08:58:46,228 - INFO - Epoch 45/100
2023-12-11 08:58:46,228 - INFO - Train Loss: 2.17  -   Train Acc: 56.78%
2023-12-11 08:58:48,982 - INFO - Val Loss: 1.80  -  Val Acc: 56.94%
2023-12-11 09:00:02,831 - INFO - ========================================
2023-12-11 09:00:02,831 - INFO - Epoch 46/100
2023-12-11 09:00:02,832 - INFO - Train Loss: 2.14  -   Train Acc: 58.04%
2023-12-11 09:00:05,851 - INFO - Val Loss: 1.88  -  Val Acc: 55.53%
2023-12-11 09:01:18,419 - INFO - ========================================
2023-12-11 09:01:18,419 - INFO - Epoch 47/100
2023-12-11 09:01:18,419 - INFO - Train Loss: 2.15  -   Train Acc: 57.52%
2023-12-11 09:01:21,594 - INFO - Val Loss: 1.80  -  Val Acc: 57.34%
2023-12-11 09:02:34,671 - INFO - ========================================
2023-12-11 09:02:34,672 - INFO - Epoch 48/100
2023-12-11 09:02:34,672 - INFO - Train Loss: 2.13  -   Train Acc: 58.25%
2023-12-11 09:02:37,828 - INFO - Val Loss: 1.80  -  Val Acc: 56.79%
2023-12-11 09:03:49,973 - INFO - ========================================
2023-12-11 09:03:49,973 - INFO - Epoch 49/100
2023-12-11 09:03:49,973 - INFO - Train Loss: 2.17  -   Train Acc: 57.65%
2023-12-11 09:03:52,859 - INFO - Val Loss: 1.84  -  Val Acc: 56.15%
2023-12-11 09:05:06,626 - INFO - ========================================
2023-12-11 09:05:06,626 - INFO - Epoch 50/100
2023-12-11 09:05:06,626 - INFO - Train Loss: 2.19  -   Train Acc: 57.36%
2023-12-11 09:05:09,345 - INFO - Val Loss: 1.91  -  Val Acc: 54.86%
2023-12-11 09:06:21,453 - INFO - ========================================
2023-12-11 09:06:21,454 - INFO - Epoch 51/100
2023-12-11 09:06:21,454 - INFO - Train Loss: 2.15  -   Train Acc: 58.28%
2023-12-11 09:06:24,723 - INFO - Val Loss: 1.81  -  Val Acc: 57.07%
2023-12-11 09:07:36,398 - INFO - ========================================
2023-12-11 09:07:36,398 - INFO - Epoch 52/100
2023-12-11 09:07:36,398 - INFO - Train Loss: 2.12  -   Train Acc: 59.20%
2023-12-11 09:07:39,557 - INFO - Val Loss: 1.85  -  Val Acc: 56.52%
2023-12-11 09:08:51,243 - INFO - ========================================
2023-12-11 09:08:51,243 - INFO - Epoch 53/100
2023-12-11 09:08:51,243 - INFO - Train Loss: 2.13  -   Train Acc: 59.65%
2023-12-11 09:08:54,295 - INFO - Val Loss: 1.88  -  Val Acc: 55.94%
2023-12-11 09:10:06,471 - INFO - ========================================
2023-12-11 09:10:06,471 - INFO - Epoch 54/100
2023-12-11 09:10:06,471 - INFO - Train Loss: 2.02  -   Train Acc: 61.61%
2023-12-11 09:10:09,450 - INFO - Val Loss: 1.80  -  Val Acc: 57.31%
2023-12-11 09:11:20,676 - INFO - ========================================
2023-12-11 09:11:20,676 - INFO - Epoch 55/100
2023-12-11 09:11:20,676 - INFO - Train Loss: 1.95  -   Train Acc: 63.34%
2023-12-11 09:11:23,811 - INFO - Val Loss: 1.91  -  Val Acc: 55.99%
2023-12-11 09:12:35,507 - INFO - ========================================
2023-12-11 09:12:35,507 - INFO - Epoch 56/100
2023-12-11 09:12:35,507 - INFO - Train Loss: 2.01  -   Train Acc: 62.31%
2023-12-11 09:12:38,541 - INFO - Val Loss: 1.86  -  Val Acc: 56.48%
2023-12-11 09:13:49,344 - INFO - ========================================
2023-12-11 09:13:49,345 - INFO - Epoch 57/100
2023-12-11 09:13:49,345 - INFO - Train Loss: 2.03  -   Train Acc: 62.00%
2023-12-11 09:13:52,323 - INFO - Val Loss: 1.83  -  Val Acc: 57.30%
2023-12-11 09:15:04,983 - INFO - ========================================
2023-12-11 09:15:04,983 - INFO - Epoch 58/100
2023-12-11 09:15:04,983 - INFO - Train Loss: 1.95  -   Train Acc: 63.91%
2023-12-11 09:15:07,843 - INFO - Val Loss: 1.83  -  Val Acc: 57.82%
2023-12-11 09:16:19,669 - INFO - ========================================
2023-12-11 09:16:19,670 - INFO - Epoch 59/100
2023-12-11 09:16:19,670 - INFO - Train Loss: 1.96  -   Train Acc: 63.80%
2023-12-11 09:16:22,833 - INFO - Val Loss: 1.83  -  Val Acc: 57.04%
2023-12-11 09:17:34,604 - INFO - ========================================
2023-12-11 09:17:34,605 - INFO - Epoch 60/100
2023-12-11 09:17:34,605 - INFO - Train Loss: 1.91  -   Train Acc: 65.39%
2023-12-11 09:17:37,824 - INFO - Val Loss: 1.82  -  Val Acc: 57.30%
2023-12-11 09:18:49,084 - INFO - ========================================
2023-12-11 09:18:49,084 - INFO - Epoch 61/100
2023-12-11 09:18:49,084 - INFO - Train Loss: 1.87  -   Train Acc: 66.44%
2023-12-11 09:18:52,470 - INFO - Val Loss: 1.79  -  Val Acc: 58.06%
2023-12-11 09:20:04,048 - INFO - ========================================
2023-12-11 09:20:04,049 - INFO - Epoch 62/100
2023-12-11 09:20:04,049 - INFO - Train Loss: 1.85  -   Train Acc: 66.74%
2023-12-11 09:20:06,824 - INFO - Val Loss: 1.79  -  Val Acc: 57.83%
2023-12-11 09:21:18,513 - INFO - ========================================
2023-12-11 09:21:18,513 - INFO - Epoch 63/100
2023-12-11 09:21:18,513 - INFO - Train Loss: 1.90  -   Train Acc: 65.70%
2023-12-11 09:21:21,412 - INFO - Val Loss: 1.80  -  Val Acc: 58.07%
2023-12-11 09:22:34,275 - INFO - ========================================
2023-12-11 09:22:34,275 - INFO - Epoch 64/100
2023-12-11 09:22:34,275 - INFO - Train Loss: 1.83  -   Train Acc: 67.58%
2023-12-11 09:22:37,060 - INFO - Val Loss: 1.85  -  Val Acc: 57.14%
2023-12-11 09:23:48,856 - INFO - ========================================
2023-12-11 09:23:48,857 - INFO - Epoch 65/100
2023-12-11 09:23:48,857 - INFO - Train Loss: 1.85  -   Train Acc: 67.33%
2023-12-11 09:23:51,621 - INFO - Val Loss: 1.79  -  Val Acc: 57.98%
2023-12-11 09:25:03,099 - INFO - ========================================
2023-12-11 09:25:03,099 - INFO - Epoch 66/100
2023-12-11 09:25:03,099 - INFO - Train Loss: 1.75  -   Train Acc: 69.10%
2023-12-11 09:25:06,168 - INFO - Val Loss: 1.83  -  Val Acc: 57.35%
2023-12-11 09:26:18,260 - INFO - ========================================
2023-12-11 09:26:18,261 - INFO - Epoch 67/100
2023-12-11 09:26:18,261 - INFO - Train Loss: 1.75  -   Train Acc: 69.46%
2023-12-11 09:26:21,195 - INFO - Val Loss: 1.82  -  Val Acc: 57.88%
2023-12-11 09:27:33,602 - INFO - ========================================
2023-12-11 09:27:33,602 - INFO - Epoch 68/100
2023-12-11 09:27:33,602 - INFO - Train Loss: 1.75  -   Train Acc: 69.36%
2023-12-11 09:27:36,402 - INFO - Val Loss: 1.80  -  Val Acc: 58.31%
2023-12-11 09:28:49,117 - INFO - ========================================
2023-12-11 09:28:49,117 - INFO - Epoch 69/100
2023-12-11 09:28:49,117 - INFO - Train Loss: 1.79  -   Train Acc: 68.99%
2023-12-11 09:28:51,864 - INFO - Val Loss: 1.81  -  Val Acc: 58.01%
2023-12-11 09:30:02,840 - INFO - ========================================
2023-12-11 09:30:02,841 - INFO - Epoch 70/100
2023-12-11 09:30:02,841 - INFO - Train Loss: 1.72  -   Train Acc: 70.41%
2023-12-11 09:30:05,860 - INFO - Val Loss: 1.83  -  Val Acc: 58.29%
2023-12-11 09:31:18,747 - INFO - ========================================
2023-12-11 09:31:18,747 - INFO - Epoch 71/100
2023-12-11 09:31:18,747 - INFO - Train Loss: 1.72  -   Train Acc: 70.66%
2023-12-11 09:31:21,587 - INFO - Val Loss: 1.80  -  Val Acc: 58.18%
2023-12-11 09:32:32,432 - INFO - ========================================
2023-12-11 09:32:32,433 - INFO - Epoch 72/100
2023-12-11 09:32:32,433 - INFO - Train Loss: 1.77  -   Train Acc: 70.01%
2023-12-11 09:32:35,568 - INFO - Val Loss: 1.79  -  Val Acc: 58.76%
2023-12-11 09:33:47,347 - INFO - ========================================
2023-12-11 09:33:47,347 - INFO - Epoch 73/100
2023-12-11 09:33:47,347 - INFO - Train Loss: 1.66  -   Train Acc: 72.15%
2023-12-11 09:33:50,334 - INFO - Val Loss: 1.86  -  Val Acc: 57.96%
2023-12-11 09:35:02,230 - INFO - ========================================
2023-12-11 09:35:02,230 - INFO - Epoch 74/100
2023-12-11 09:35:02,230 - INFO - Train Loss: 1.73  -   Train Acc: 70.70%
2023-12-11 09:35:05,501 - INFO - Val Loss: 1.88  -  Val Acc: 57.42%
2023-12-11 09:36:16,765 - INFO - ========================================
2023-12-11 09:36:16,765 - INFO - Epoch 75/100
2023-12-11 09:36:16,765 - INFO - Train Loss: 1.71  -   Train Acc: 71.29%
2023-12-11 09:36:20,002 - INFO - Val Loss: 1.83  -  Val Acc: 58.11%
2023-12-11 09:37:32,298 - INFO - ========================================
2023-12-11 09:37:32,298 - INFO - Epoch 76/100
2023-12-11 09:37:32,298 - INFO - Train Loss: 1.71  -   Train Acc: 71.41%
2023-12-11 09:37:35,426 - INFO - Val Loss: 1.78  -  Val Acc: 58.97%
2023-12-11 09:38:47,549 - INFO - ========================================
2023-12-11 09:38:47,549 - INFO - Epoch 77/100
2023-12-11 09:38:47,550 - INFO - Train Loss: 1.69  -   Train Acc: 71.78%
2023-12-11 09:38:50,313 - INFO - Val Loss: 1.82  -  Val Acc: 58.12%
2023-12-11 09:40:02,952 - INFO - ========================================
2023-12-11 09:40:02,952 - INFO - Epoch 78/100
2023-12-11 09:40:02,952 - INFO - Train Loss: 1.74  -   Train Acc: 71.04%
2023-12-11 09:40:05,883 - INFO - Val Loss: 1.84  -  Val Acc: 58.30%
2023-12-11 09:41:19,338 - INFO - ========================================
2023-12-11 09:41:19,339 - INFO - Epoch 79/100
2023-12-11 09:41:19,339 - INFO - Train Loss: 1.64  -   Train Acc: 72.96%
2023-12-11 09:41:21,989 - INFO - Val Loss: 1.81  -  Val Acc: 58.40%
2023-12-11 09:42:33,768 - INFO - ========================================
2023-12-11 09:42:33,768 - INFO - Epoch 80/100
2023-12-11 09:42:33,768 - INFO - Train Loss: 1.68  -   Train Acc: 72.62%
2023-12-11 09:42:36,543 - INFO - Val Loss: 1.86  -  Val Acc: 58.18%
2023-12-11 09:43:48,761 - INFO - ========================================
2023-12-11 09:43:48,761 - INFO - Epoch 81/100
2023-12-11 09:43:48,761 - INFO - Train Loss: 1.67  -   Train Acc: 72.67%
2023-12-11 09:43:51,430 - INFO - Val Loss: 1.80  -  Val Acc: 58.47%
2023-12-11 09:45:03,635 - INFO - ========================================
2023-12-11 09:45:03,636 - INFO - Epoch 82/100
2023-12-11 09:45:03,636 - INFO - Train Loss: 1.66  -   Train Acc: 72.62%
2023-12-11 09:45:06,785 - INFO - Val Loss: 1.80  -  Val Acc: 58.44%
2023-12-11 09:46:18,748 - INFO - ========================================
2023-12-11 09:46:18,748 - INFO - Epoch 83/100
2023-12-11 09:46:18,748 - INFO - Train Loss: 1.73  -   Train Acc: 71.50%
2023-12-11 09:46:21,765 - INFO - Val Loss: 1.80  -  Val Acc: 58.78%
2023-12-11 09:47:33,586 - INFO - ========================================
2023-12-11 09:47:33,587 - INFO - Epoch 84/100
2023-12-11 09:47:33,587 - INFO - Train Loss: 1.63  -   Train Acc: 73.49%
2023-12-11 09:47:36,602 - INFO - Val Loss: 1.79  -  Val Acc: 58.91%
2023-12-11 09:48:47,934 - INFO - ========================================
2023-12-11 09:48:47,934 - INFO - Epoch 85/100
2023-12-11 09:48:47,934 - INFO - Train Loss: 1.58  -   Train Acc: 74.70%
2023-12-11 09:48:51,099 - INFO - Val Loss: 1.82  -  Val Acc: 58.72%
2023-12-11 09:50:03,485 - INFO - ========================================
2023-12-11 09:50:03,486 - INFO - Epoch 86/100
2023-12-11 09:50:03,486 - INFO - Train Loss: 1.63  -   Train Acc: 73.76%
2023-12-11 09:50:06,600 - INFO - Val Loss: 1.79  -  Val Acc: 58.81%
2023-12-11 09:51:18,029 - INFO - ========================================
2023-12-11 09:51:18,029 - INFO - Epoch 87/100
2023-12-11 09:51:18,030 - INFO - Train Loss: 1.57  -   Train Acc: 74.82%
2023-12-11 09:51:21,295 - INFO - Val Loss: 1.83  -  Val Acc: 58.14%
2023-12-11 09:52:33,357 - INFO - ========================================
2023-12-11 09:52:33,357 - INFO - Epoch 88/100
2023-12-11 09:52:33,357 - INFO - Train Loss: 1.72  -   Train Acc: 71.44%
2023-12-11 09:52:36,482 - INFO - Val Loss: 1.81  -  Val Acc: 58.76%
2023-12-11 09:53:48,063 - INFO - ========================================
2023-12-11 09:53:48,063 - INFO - Epoch 89/100
2023-12-11 09:53:48,064 - INFO - Train Loss: 1.74  -   Train Acc: 71.55%
2023-12-11 09:53:51,149 - INFO - Val Loss: 1.85  -  Val Acc: 58.21%
2023-12-11 09:55:02,624 - INFO - ========================================
2023-12-11 09:55:02,624 - INFO - Epoch 90/100
2023-12-11 09:55:02,624 - INFO - Train Loss: 1.63  -   Train Acc: 73.58%
2023-12-11 09:55:05,888 - INFO - Val Loss: 1.80  -  Val Acc: 58.84%
2023-12-11 09:56:18,944 - INFO - ========================================
2023-12-11 09:56:18,944 - INFO - Epoch 91/100
2023-12-11 09:56:18,944 - INFO - Train Loss: 1.56  -   Train Acc: 75.52%
2023-12-11 09:56:22,033 - INFO - Val Loss: 1.81  -  Val Acc: 58.31%
2023-12-11 09:57:34,259 - INFO - ========================================
2023-12-11 09:57:34,260 - INFO - Epoch 92/100
2023-12-11 09:57:34,260 - INFO - Train Loss: 1.55  -   Train Acc: 75.13%
2023-12-11 09:57:37,239 - INFO - Val Loss: 1.80  -  Val Acc: 58.80%
2023-12-11 09:58:49,913 - INFO - ========================================
2023-12-11 09:58:49,913 - INFO - Epoch 93/100
2023-12-11 09:58:49,913 - INFO - Train Loss: 1.54  -   Train Acc: 75.43%
2023-12-11 09:58:52,692 - INFO - Val Loss: 1.80  -  Val Acc: 58.69%
2023-12-11 10:00:02,757 - INFO - ========================================
2023-12-11 10:00:02,757 - INFO - Epoch 94/100
2023-12-11 10:00:02,758 - INFO - Train Loss: 1.52  -   Train Acc: 75.60%
2023-12-11 10:00:05,191 - INFO - Val Loss: 1.77  -  Val Acc: 58.83%
2023-12-11 10:01:08,048 - INFO - ========================================
2023-12-11 10:01:08,048 - INFO - Epoch 95/100
2023-12-11 10:01:08,048 - INFO - Train Loss: 1.64  -   Train Acc: 73.34%
2023-12-11 10:01:10,479 - INFO - Val Loss: 1.80  -  Val Acc: 58.73%
2023-12-11 10:02:13,310 - INFO - ========================================
2023-12-11 10:02:13,310 - INFO - Epoch 96/100
2023-12-11 10:02:13,310 - INFO - Train Loss: 1.54  -   Train Acc: 75.71%
2023-12-11 10:02:15,767 - INFO - Val Loss: 1.85  -  Val Acc: 58.28%
2023-12-11 10:03:18,713 - INFO - ========================================
2023-12-11 10:03:18,713 - INFO - Epoch 97/100
2023-12-11 10:03:18,713 - INFO - Train Loss: 1.71  -   Train Acc: 72.34%
2023-12-11 10:03:21,188 - INFO - Val Loss: 1.82  -  Val Acc: 58.63%
2023-12-11 10:04:23,759 - INFO - ========================================
2023-12-11 10:04:23,759 - INFO - Epoch 98/100
2023-12-11 10:04:23,759 - INFO - Train Loss: 1.58  -   Train Acc: 74.56%
2023-12-11 10:04:26,185 - INFO - Val Loss: 1.78  -  Val Acc: 59.01%
2023-12-11 10:05:28,890 - INFO - ========================================
2023-12-11 10:05:28,891 - INFO - Epoch 99/100
2023-12-11 10:05:28,891 - INFO - Train Loss: 1.56  -   Train Acc: 75.06%
2023-12-11 10:05:31,276 - INFO - Val Loss: 1.89  -  Val Acc: 57.67%
2023-12-11 10:06:33,814 - INFO - ========================================
2023-12-11 10:06:33,814 - INFO - Epoch 100/100
2023-12-11 10:06:33,814 - INFO - Train Loss: 1.59  -   Train Acc: 74.81%
2023-12-11 10:06:36,257 - INFO - Val Loss: 1.84  -  Val Acc: 58.32%
2023-12-11 10:06:36,258 - INFO - ========================================
2023-12-11 10:06:36,258 - INFO - Training Completed! 😀
2023-12-11 15:49:17,882 - INFO - 🚀 Training MobileNetV3 - Omni Dimensional Dynamic Convolution 🚀
2023-12-11 15:50:33,020 - INFO - ========================================
2023-12-11 15:50:33,021 - INFO - Epoch 1/100
2023-12-11 15:50:33,021 - INFO - Train Loss: 4.93  -   Train Acc: 3.26%
2023-12-11 15:50:36,724 - INFO - Val Loss: 4.51  -  Val Acc: 6.45%
2023-12-11 15:51:49,290 - INFO - ========================================
2023-12-11 15:51:49,291 - INFO - Epoch 2/100
2023-12-11 15:51:49,291 - INFO - Train Loss: 4.38  -   Train Acc: 9.74%
2023-12-11 15:51:52,580 - INFO - Val Loss: 3.86  -  Val Acc: 14.25%
2023-12-11 15:53:06,021 - INFO - ========================================
2023-12-11 15:53:06,022 - INFO - Epoch 3/100
2023-12-11 15:53:06,022 - INFO - Train Loss: 4.09  -   Train Acc: 14.67%
2023-12-11 15:53:09,486 - INFO - Val Loss: 3.58  -  Val Acc: 18.66%
2023-12-11 15:54:22,338 - INFO - ========================================
2023-12-11 15:54:22,338 - INFO - Epoch 4/100
2023-12-11 15:54:22,339 - INFO - Train Loss: 3.91  -   Train Acc: 18.49%
2023-12-11 15:54:25,762 - INFO - Val Loss: 3.51  -  Val Acc: 21.25%
2023-12-11 15:55:38,351 - INFO - ========================================
2023-12-11 15:55:38,352 - INFO - Epoch 5/100
2023-12-11 15:55:38,352 - INFO - Train Loss: 3.72  -   Train Acc: 21.76%
2023-12-11 15:55:41,589 - INFO - Val Loss: 3.12  -  Val Acc: 29.18%
2023-12-11 15:56:54,740 - INFO - ========================================
2023-12-11 15:56:54,741 - INFO - Epoch 6/100
2023-12-11 15:56:54,741 - INFO - Train Loss: 3.60  -   Train Acc: 24.47%
2023-12-11 15:56:58,010 - INFO - Val Loss: 2.86  -  Val Acc: 33.26%
2023-12-11 15:58:11,645 - INFO - ========================================
2023-12-11 15:58:11,646 - INFO - Epoch 7/100
2023-12-11 15:58:11,646 - INFO - Train Loss: 3.47  -   Train Acc: 26.78%
2023-12-11 15:58:15,575 - INFO - Val Loss: 2.79  -  Val Acc: 35.02%
2023-12-11 15:59:28,351 - INFO - ========================================
2023-12-11 15:59:28,352 - INFO - Epoch 8/100
2023-12-11 15:59:28,352 - INFO - Train Loss: 3.39  -   Train Acc: 28.80%
2023-12-11 15:59:31,633 - INFO - Val Loss: 2.68  -  Val Acc: 36.61%
2023-12-11 16:00:44,019 - INFO - ========================================
2023-12-11 16:00:44,019 - INFO - Epoch 9/100
2023-12-11 16:00:44,019 - INFO - Train Loss: 3.33  -   Train Acc: 30.12%
2023-12-11 16:00:47,285 - INFO - Val Loss: 2.66  -  Val Acc: 37.04%
2023-12-11 16:02:00,268 - INFO - ========================================
2023-12-11 16:02:00,269 - INFO - Epoch 10/100
2023-12-11 16:02:00,269 - INFO - Train Loss: 3.24  -   Train Acc: 31.61%
2023-12-11 16:02:03,818 - INFO - Val Loss: 2.51  -  Val Acc: 40.36%
2023-12-11 16:03:17,200 - INFO - ========================================
2023-12-11 16:03:17,200 - INFO - Epoch 11/100
2023-12-11 16:03:17,200 - INFO - Train Loss: 3.14  -   Train Acc: 33.95%
2023-12-11 16:03:20,605 - INFO - Val Loss: 2.40  -  Val Acc: 43.55%
2023-12-11 16:04:33,057 - INFO - ========================================
2023-12-11 16:04:33,057 - INFO - Epoch 12/100
2023-12-11 16:04:33,057 - INFO - Train Loss: 3.11  -   Train Acc: 34.89%
2023-12-11 16:04:36,259 - INFO - Val Loss: 2.35  -  Val Acc: 44.00%
2023-12-11 16:05:49,517 - INFO - ========================================
2023-12-11 16:05:49,518 - INFO - Epoch 13/100
2023-12-11 16:05:49,518 - INFO - Train Loss: 3.06  -   Train Acc: 35.92%
2023-12-11 16:05:52,755 - INFO - Val Loss: 2.38  -  Val Acc: 44.62%
2023-12-11 16:07:05,279 - INFO - ========================================
2023-12-11 16:07:05,280 - INFO - Epoch 14/100
2023-12-11 16:07:05,280 - INFO - Train Loss: 3.00  -   Train Acc: 37.05%
2023-12-11 16:07:08,564 - INFO - Val Loss: 2.34  -  Val Acc: 44.59%
2023-12-11 16:08:20,580 - INFO - ========================================
2023-12-11 16:08:20,580 - INFO - Epoch 15/100
2023-12-11 16:08:20,580 - INFO - Train Loss: 2.99  -   Train Acc: 37.63%
2023-12-11 16:08:23,776 - INFO - Val Loss: 2.23  -  Val Acc: 47.21%
2023-12-11 16:09:36,194 - INFO - ========================================
2023-12-11 16:09:36,195 - INFO - Epoch 16/100
2023-12-11 16:09:36,195 - INFO - Train Loss: 2.87  -   Train Acc: 39.68%
2023-12-11 16:09:40,230 - INFO - Val Loss: 2.26  -  Val Acc: 46.29%
2023-12-11 16:10:52,407 - INFO - ========================================
2023-12-11 16:10:52,408 - INFO - Epoch 17/100
2023-12-11 16:10:52,408 - INFO - Train Loss: 2.91  -   Train Acc: 39.36%
2023-12-11 16:10:55,728 - INFO - Val Loss: 2.20  -  Val Acc: 48.33%
2023-12-11 16:12:13,507 - INFO - ========================================
2023-12-11 16:12:13,507 - INFO - Epoch 18/100
2023-12-11 16:12:13,507 - INFO - Train Loss: 2.84  -   Train Acc: 40.79%
2023-12-11 16:12:17,270 - INFO - Val Loss: 2.15  -  Val Acc: 48.54%
2023-12-11 16:13:36,340 - INFO - ========================================
2023-12-11 16:13:36,340 - INFO - Epoch 19/100
2023-12-11 16:13:36,340 - INFO - Train Loss: 2.88  -   Train Acc: 40.63%
2023-12-11 16:13:40,042 - INFO - Val Loss: 2.10  -  Val Acc: 49.29%
2023-12-11 16:14:57,943 - INFO - ========================================
2023-12-11 16:14:57,943 - INFO - Epoch 20/100
2023-12-11 16:14:57,943 - INFO - Train Loss: 2.75  -   Train Acc: 42.55%
2023-12-11 16:15:01,809 - INFO - Val Loss: 2.12  -  Val Acc: 49.34%
2023-12-11 16:16:20,904 - INFO - ========================================
2023-12-11 16:16:20,904 - INFO - Epoch 21/100
2023-12-11 16:16:20,904 - INFO - Train Loss: 2.79  -   Train Acc: 42.26%
2023-12-11 16:16:24,628 - INFO - Val Loss: 2.09  -  Val Acc: 50.00%
2023-12-11 16:17:43,764 - INFO - ========================================
2023-12-11 16:17:43,764 - INFO - Epoch 22/100
2023-12-11 16:17:43,764 - INFO - Train Loss: 2.75  -   Train Acc: 43.20%
2023-12-11 16:17:47,456 - INFO - Val Loss: 2.08  -  Val Acc: 50.83%
2023-12-11 16:19:06,505 - INFO - ========================================
2023-12-11 16:19:06,506 - INFO - Epoch 23/100
2023-12-11 16:19:06,506 - INFO - Train Loss: 2.72  -   Train Acc: 43.78%
2023-12-11 16:19:10,249 - INFO - Val Loss: 2.08  -  Val Acc: 50.46%
2023-12-11 16:20:29,517 - INFO - ========================================
2023-12-11 16:20:29,517 - INFO - Epoch 24/100
2023-12-11 16:20:29,517 - INFO - Train Loss: 2.71  -   Train Acc: 44.12%
2023-12-11 16:20:33,207 - INFO - Val Loss: 2.02  -  Val Acc: 51.64%
2023-12-11 16:21:53,149 - INFO - ========================================
2023-12-11 16:21:53,150 - INFO - Epoch 25/100
2023-12-11 16:21:53,150 - INFO - Train Loss: 2.63  -   Train Acc: 45.46%
2023-12-11 16:21:56,840 - INFO - Val Loss: 2.01  -  Val Acc: 51.34%
2023-12-11 16:23:15,428 - INFO - ========================================
2023-12-11 16:23:15,429 - INFO - Epoch 26/100
2023-12-11 16:23:15,429 - INFO - Train Loss: 2.60  -   Train Acc: 46.21%
2023-12-11 16:23:19,155 - INFO - Val Loss: 2.13  -  Val Acc: 50.87%
2023-12-11 16:24:39,157 - INFO - ========================================
2023-12-11 16:24:39,158 - INFO - Epoch 27/100
2023-12-11 16:24:39,158 - INFO - Train Loss: 2.58  -   Train Acc: 47.02%
2023-12-11 16:24:42,843 - INFO - Val Loss: 1.98  -  Val Acc: 53.25%
2023-12-11 16:26:02,345 - INFO - ========================================
2023-12-11 16:26:02,346 - INFO - Epoch 28/100
2023-12-11 16:26:02,346 - INFO - Train Loss: 2.60  -   Train Acc: 46.83%
2023-12-11 16:26:06,062 - INFO - Val Loss: 2.00  -  Val Acc: 52.23%
2023-12-11 16:27:22,859 - INFO - ========================================
2023-12-11 16:27:22,860 - INFO - Epoch 29/100
2023-12-11 16:27:22,860 - INFO - Train Loss: 2.51  -   Train Acc: 48.43%
2023-12-11 16:27:26,254 - INFO - Val Loss: 1.96  -  Val Acc: 53.03%
2023-12-11 16:28:38,971 - INFO - ========================================
2023-12-11 16:28:38,972 - INFO - Epoch 30/100
2023-12-11 16:28:38,972 - INFO - Train Loss: 2.59  -   Train Acc: 47.19%
2023-12-11 16:28:42,331 - INFO - Val Loss: 1.92  -  Val Acc: 53.49%
2023-12-11 16:29:54,250 - INFO - ========================================
2023-12-11 16:29:54,250 - INFO - Epoch 31/100
2023-12-11 16:29:54,250 - INFO - Train Loss: 2.43  -   Train Acc: 49.78%
2023-12-11 16:29:57,580 - INFO - Val Loss: 1.99  -  Val Acc: 52.84%
2023-12-11 16:31:10,026 - INFO - ========================================
2023-12-11 16:31:10,026 - INFO - Epoch 32/100
2023-12-11 16:31:10,026 - INFO - Train Loss: 2.41  -   Train Acc: 50.58%
2023-12-11 16:31:13,322 - INFO - Val Loss: 1.90  -  Val Acc: 54.63%
2023-12-11 16:32:25,986 - INFO - ========================================
2023-12-11 16:32:25,987 - INFO - Epoch 33/100
2023-12-11 16:32:25,987 - INFO - Train Loss: 2.48  -   Train Acc: 49.51%
2023-12-11 16:32:29,377 - INFO - Val Loss: 1.95  -  Val Acc: 53.80%
2023-12-11 16:33:41,611 - INFO - ========================================
2023-12-11 16:33:41,611 - INFO - Epoch 34/100
2023-12-11 16:33:41,611 - INFO - Train Loss: 2.48  -   Train Acc: 49.55%
2023-12-11 16:33:45,007 - INFO - Val Loss: 1.86  -  Val Acc: 55.36%
2023-12-11 16:34:57,805 - INFO - ========================================
2023-12-11 16:34:57,806 - INFO - Epoch 35/100
2023-12-11 16:34:57,806 - INFO - Train Loss: 2.41  -   Train Acc: 51.21%
2023-12-11 16:35:01,266 - INFO - Val Loss: 1.89  -  Val Acc: 55.62%
2023-12-11 16:36:13,759 - INFO - ========================================
2023-12-11 16:36:13,760 - INFO - Epoch 36/100
2023-12-11 16:36:13,760 - INFO - Train Loss: 2.38  -   Train Acc: 51.70%
2023-12-11 16:36:17,276 - INFO - Val Loss: 1.95  -  Val Acc: 53.75%
2023-12-11 16:37:29,994 - INFO - ========================================
2023-12-11 16:37:29,994 - INFO - Epoch 37/100
2023-12-11 16:37:29,994 - INFO - Train Loss: 2.42  -   Train Acc: 51.40%
2023-12-11 16:37:33,938 - INFO - Val Loss: 1.87  -  Val Acc: 55.27%
2023-12-11 16:38:46,021 - INFO - ========================================
2023-12-11 16:38:46,022 - INFO - Epoch 38/100
2023-12-11 16:38:46,022 - INFO - Train Loss: 2.36  -   Train Acc: 52.50%
2023-12-11 16:38:49,725 - INFO - Val Loss: 1.86  -  Val Acc: 55.55%
2023-12-11 16:40:03,832 - INFO - ========================================
2023-12-11 16:40:03,833 - INFO - Epoch 39/100
2023-12-11 16:40:03,833 - INFO - Train Loss: 2.34  -   Train Acc: 53.10%
2023-12-11 16:40:07,197 - INFO - Val Loss: 1.90  -  Val Acc: 55.16%
2023-12-11 16:41:20,665 - INFO - ========================================
2023-12-11 16:41:20,666 - INFO - Epoch 40/100
2023-12-11 16:41:20,666 - INFO - Train Loss: 2.23  -   Train Acc: 55.13%
2023-12-11 16:41:24,908 - INFO - Val Loss: 1.82  -  Val Acc: 56.59%
2023-12-11 16:42:37,779 - INFO - ========================================
2023-12-11 16:42:37,779 - INFO - Epoch 41/100
2023-12-11 16:42:37,779 - INFO - Train Loss: 2.30  -   Train Acc: 54.18%
2023-12-11 16:42:41,119 - INFO - Val Loss: 1.90  -  Val Acc: 55.48%
2023-12-11 16:43:53,928 - INFO - ========================================
2023-12-11 16:43:53,929 - INFO - Epoch 42/100
2023-12-11 16:43:53,929 - INFO - Train Loss: 2.26  -   Train Acc: 54.91%
2023-12-11 16:43:57,460 - INFO - Val Loss: 1.86  -  Val Acc: 55.90%
2023-12-11 16:45:09,818 - INFO - ========================================
2023-12-11 16:45:09,818 - INFO - Epoch 43/100
2023-12-11 16:45:09,818 - INFO - Train Loss: 2.26  -   Train Acc: 55.03%
2023-12-11 16:45:13,177 - INFO - Val Loss: 1.86  -  Val Acc: 56.51%
2023-12-11 16:46:25,850 - INFO - ========================================
2023-12-11 16:46:25,851 - INFO - Epoch 44/100
2023-12-11 16:46:25,851 - INFO - Train Loss: 2.22  -   Train Acc: 55.80%
2023-12-11 16:46:30,065 - INFO - Val Loss: 1.80  -  Val Acc: 56.81%
2023-12-11 16:47:43,059 - INFO - ========================================
2023-12-11 16:47:43,059 - INFO - Epoch 45/100
2023-12-11 16:47:43,059 - INFO - Train Loss: 2.25  -   Train Acc: 55.17%
2023-12-11 16:47:46,942 - INFO - Val Loss: 1.77  -  Val Acc: 57.20%
2023-12-11 16:48:59,923 - INFO - ========================================
2023-12-11 16:48:59,925 - INFO - Epoch 46/100
2023-12-11 16:48:59,925 - INFO - Train Loss: 2.21  -   Train Acc: 56.35%
2023-12-11 16:49:03,172 - INFO - Val Loss: 1.82  -  Val Acc: 56.43%
2023-12-11 16:50:16,253 - INFO - ========================================
2023-12-11 16:50:16,254 - INFO - Epoch 47/100
2023-12-11 16:50:16,254 - INFO - Train Loss: 2.21  -   Train Acc: 56.61%
2023-12-11 16:50:20,015 - INFO - Val Loss: 1.91  -  Val Acc: 55.55%
2023-12-11 16:51:32,480 - INFO - ========================================
2023-12-11 16:51:32,480 - INFO - Epoch 48/100
2023-12-11 16:51:32,481 - INFO - Train Loss: 2.19  -   Train Acc: 56.94%
2023-12-11 16:51:36,479 - INFO - Val Loss: 1.89  -  Val Acc: 55.60%
2023-12-11 16:52:47,556 - INFO - ========================================
2023-12-11 16:52:47,556 - INFO - Epoch 49/100
2023-12-11 16:52:47,557 - INFO - Train Loss: 2.19  -   Train Acc: 57.11%
2023-12-11 16:52:51,223 - INFO - Val Loss: 1.81  -  Val Acc: 56.43%
2023-12-11 16:54:03,537 - INFO - ========================================
2023-12-11 16:54:03,538 - INFO - Epoch 50/100
2023-12-11 16:54:03,538 - INFO - Train Loss: 2.07  -   Train Acc: 59.40%
2023-12-11 16:54:06,752 - INFO - Val Loss: 1.94  -  Val Acc: 54.50%
2023-12-11 16:55:16,738 - INFO - ========================================
2023-12-11 16:55:16,738 - INFO - Epoch 51/100
2023-12-11 16:55:16,738 - INFO - Train Loss: 2.18  -   Train Acc: 57.37%
2023-12-11 16:55:19,940 - INFO - Val Loss: 1.90  -  Val Acc: 56.36%
2023-12-11 16:56:30,741 - INFO - ========================================
2023-12-11 16:56:30,741 - INFO - Epoch 52/100
2023-12-11 16:56:30,741 - INFO - Train Loss: 2.13  -   Train Acc: 58.50%
2023-12-11 16:56:33,998 - INFO - Val Loss: 1.82  -  Val Acc: 57.24%
2023-12-11 16:57:45,370 - INFO - ========================================
2023-12-11 16:57:45,370 - INFO - Epoch 53/100
2023-12-11 16:57:45,370 - INFO - Train Loss: 2.13  -   Train Acc: 58.83%
2023-12-11 16:57:49,178 - INFO - Val Loss: 1.82  -  Val Acc: 57.13%
2023-12-11 16:59:00,453 - INFO - ========================================
2023-12-11 16:59:00,453 - INFO - Epoch 54/100
2023-12-11 16:59:00,454 - INFO - Train Loss: 2.09  -   Train Acc: 60.07%
2023-12-11 16:59:03,646 - INFO - Val Loss: 1.85  -  Val Acc: 56.91%
2023-12-11 17:00:14,656 - INFO - ========================================
2023-12-11 17:00:14,657 - INFO - Epoch 55/100
2023-12-11 17:00:14,657 - INFO - Train Loss: 2.00  -   Train Acc: 61.56%
2023-12-11 17:00:18,518 - INFO - Val Loss: 1.88  -  Val Acc: 55.66%
2023-12-11 17:01:29,448 - INFO - ========================================
2023-12-11 17:01:29,448 - INFO - Epoch 56/100
2023-12-11 17:01:29,448 - INFO - Train Loss: 2.03  -   Train Acc: 61.49%
2023-12-11 17:01:32,657 - INFO - Val Loss: 1.81  -  Val Acc: 57.01%
2023-12-11 17:02:43,544 - INFO - ========================================
2023-12-11 17:02:43,544 - INFO - Epoch 57/100
2023-12-11 17:02:43,545 - INFO - Train Loss: 2.03  -   Train Acc: 61.46%
2023-12-11 17:02:47,349 - INFO - Val Loss: 1.81  -  Val Acc: 57.35%
2023-12-11 17:03:59,677 - INFO - ========================================
2023-12-11 17:03:59,678 - INFO - Epoch 58/100
2023-12-11 17:03:59,678 - INFO - Train Loss: 2.02  -   Train Acc: 62.05%
2023-12-11 17:04:03,009 - INFO - Val Loss: 1.81  -  Val Acc: 57.39%
2023-12-11 17:05:18,806 - INFO - ========================================
2023-12-11 17:05:18,807 - INFO - Epoch 59/100
2023-12-11 17:05:18,807 - INFO - Train Loss: 2.01  -   Train Acc: 62.16%
2023-12-11 17:05:22,091 - INFO - Val Loss: 1.81  -  Val Acc: 57.33%
2023-12-11 17:06:36,224 - INFO - ========================================
2023-12-11 17:06:36,225 - INFO - Epoch 60/100
2023-12-11 17:06:36,225 - INFO - Train Loss: 1.88  -   Train Acc: 65.03%
2023-12-11 17:06:39,553 - INFO - Val Loss: 1.79  -  Val Acc: 57.96%
2023-12-11 17:07:53,648 - INFO - ========================================
2023-12-11 17:07:53,648 - INFO - Epoch 61/100
2023-12-11 17:07:53,649 - INFO - Train Loss: 1.92  -   Train Acc: 64.19%
2023-12-11 17:07:56,958 - INFO - Val Loss: 1.76  -  Val Acc: 58.40%
2023-12-11 17:09:10,973 - INFO - ========================================
2023-12-11 17:09:10,974 - INFO - Epoch 62/100
2023-12-11 17:09:10,974 - INFO - Train Loss: 1.93  -   Train Acc: 64.14%
2023-12-11 17:09:14,322 - INFO - Val Loss: 1.83  -  Val Acc: 57.84%
2023-12-11 17:10:29,110 - INFO - ========================================
2023-12-11 17:10:29,111 - INFO - Epoch 63/100
2023-12-11 17:10:29,111 - INFO - Train Loss: 1.90  -   Train Acc: 65.16%
2023-12-11 17:10:32,893 - INFO - Val Loss: 1.86  -  Val Acc: 57.12%
2023-12-11 17:11:47,465 - INFO - ========================================
2023-12-11 17:11:47,465 - INFO - Epoch 64/100
2023-12-11 17:11:47,465 - INFO - Train Loss: 1.96  -   Train Acc: 64.36%
2023-12-11 17:11:51,016 - INFO - Val Loss: 1.78  -  Val Acc: 58.32%
2023-12-11 17:13:05,216 - INFO - ========================================
2023-12-11 17:13:05,217 - INFO - Epoch 65/100
2023-12-11 17:13:05,217 - INFO - Train Loss: 1.88  -   Train Acc: 65.70%
2023-12-11 17:13:09,126 - INFO - Val Loss: 1.78  -  Val Acc: 57.84%
2023-12-11 17:14:22,581 - INFO - ========================================
2023-12-11 17:14:22,581 - INFO - Epoch 66/100
2023-12-11 17:14:22,581 - INFO - Train Loss: 1.88  -   Train Acc: 66.01%
2023-12-11 17:14:26,099 - INFO - Val Loss: 1.76  -  Val Acc: 58.78%
2023-12-11 17:15:41,332 - INFO - ========================================
2023-12-11 17:15:41,333 - INFO - Epoch 67/100
2023-12-11 17:15:41,333 - INFO - Train Loss: 1.88  -   Train Acc: 66.00%
2023-12-11 17:15:44,928 - INFO - Val Loss: 1.81  -  Val Acc: 57.98%
2023-12-11 17:16:59,165 - INFO - ========================================
2023-12-11 17:16:59,166 - INFO - Epoch 68/100
2023-12-11 17:16:59,166 - INFO - Train Loss: 1.89  -   Train Acc: 66.35%
2023-12-11 17:17:03,136 - INFO - Val Loss: 1.80  -  Val Acc: 57.71%
2023-12-11 17:18:17,426 - INFO - ========================================
2023-12-11 17:18:17,426 - INFO - Epoch 69/100
2023-12-11 17:18:17,427 - INFO - Train Loss: 1.79  -   Train Acc: 68.06%
2023-12-11 17:18:20,742 - INFO - Val Loss: 1.81  -  Val Acc: 57.91%
2023-12-11 17:19:36,088 - INFO - ========================================
2023-12-11 17:19:36,088 - INFO - Epoch 70/100
2023-12-11 17:19:36,088 - INFO - Train Loss: 1.84  -   Train Acc: 67.28%
2023-12-11 17:19:39,531 - INFO - Val Loss: 1.83  -  Val Acc: 57.87%
2023-12-11 17:20:54,772 - INFO - ========================================
2023-12-11 17:20:54,772 - INFO - Epoch 71/100
2023-12-11 17:20:54,772 - INFO - Train Loss: 1.77  -   Train Acc: 68.71%
2023-12-11 17:20:58,093 - INFO - Val Loss: 1.84  -  Val Acc: 57.55%
2023-12-11 17:22:12,462 - INFO - ========================================
2023-12-11 17:22:12,462 - INFO - Epoch 72/100
2023-12-11 17:22:12,462 - INFO - Train Loss: 1.76  -   Train Acc: 69.01%
2023-12-11 17:22:15,922 - INFO - Val Loss: 1.84  -  Val Acc: 57.47%
2023-12-11 17:23:30,092 - INFO - ========================================
2023-12-11 17:23:30,093 - INFO - Epoch 73/100
2023-12-11 17:23:30,093 - INFO - Train Loss: 1.82  -   Train Acc: 67.87%
2023-12-11 17:23:33,406 - INFO - Val Loss: 1.80  -  Val Acc: 58.53%
2023-12-11 17:24:48,786 - INFO - ========================================
2023-12-11 17:24:48,787 - INFO - Epoch 74/100
2023-12-11 17:24:48,787 - INFO - Train Loss: 1.77  -   Train Acc: 69.05%
2023-12-11 17:24:52,564 - INFO - Val Loss: 1.84  -  Val Acc: 58.06%
2023-12-11 17:26:07,096 - INFO - ========================================
2023-12-11 17:26:07,096 - INFO - Epoch 75/100
2023-12-11 17:26:07,096 - INFO - Train Loss: 1.69  -   Train Acc: 71.02%
2023-12-11 17:26:10,491 - INFO - Val Loss: 1.77  -  Val Acc: 58.82%
2023-12-11 17:27:24,438 - INFO - ========================================
2023-12-11 17:27:24,438 - INFO - Epoch 76/100
2023-12-11 17:27:24,438 - INFO - Train Loss: 1.71  -   Train Acc: 70.34%
2023-12-11 17:27:27,787 - INFO - Val Loss: 1.78  -  Val Acc: 58.56%
2023-12-11 17:28:42,796 - INFO - ========================================
2023-12-11 17:28:42,796 - INFO - Epoch 77/100
2023-12-11 17:28:42,796 - INFO - Train Loss: 1.80  -   Train Acc: 69.21%
2023-12-11 17:28:46,256 - INFO - Val Loss: 1.79  -  Val Acc: 58.51%
2023-12-11 17:30:02,035 - INFO - ========================================
2023-12-11 17:30:02,036 - INFO - Epoch 78/100
2023-12-11 17:30:02,036 - INFO - Train Loss: 1.73  -   Train Acc: 70.25%
2023-12-11 17:30:05,464 - INFO - Val Loss: 1.79  -  Val Acc: 58.92%
2023-12-11 17:31:20,005 - INFO - ========================================
2023-12-11 17:31:20,005 - INFO - Epoch 79/100
2023-12-11 17:31:20,005 - INFO - Train Loss: 1.70  -   Train Acc: 71.13%
2023-12-11 17:31:23,521 - INFO - Val Loss: 1.79  -  Val Acc: 58.72%
2023-12-11 17:32:39,042 - INFO - ========================================
2023-12-11 17:32:39,043 - INFO - Epoch 80/100
2023-12-11 17:32:39,043 - INFO - Train Loss: 1.75  -   Train Acc: 70.30%
2023-12-11 17:32:43,075 - INFO - Val Loss: 1.77  -  Val Acc: 59.30%
2023-12-11 17:33:58,277 - INFO - ========================================
2023-12-11 17:33:58,278 - INFO - Epoch 81/100
2023-12-11 17:33:58,278 - INFO - Train Loss: 1.71  -   Train Acc: 71.20%
2023-12-11 17:34:01,764 - INFO - Val Loss: 1.79  -  Val Acc: 58.66%
2023-12-11 17:35:16,599 - INFO - ========================================
2023-12-11 17:35:16,600 - INFO - Epoch 82/100
2023-12-11 17:35:16,600 - INFO - Train Loss: 1.72  -   Train Acc: 70.98%
2023-12-11 17:35:20,200 - INFO - Val Loss: 1.78  -  Val Acc: 59.14%
2023-12-11 17:36:32,415 - INFO - ========================================
2023-12-11 17:36:32,416 - INFO - Epoch 83/100
2023-12-11 17:36:32,416 - INFO - Train Loss: 1.66  -   Train Acc: 72.23%
2023-12-11 17:36:35,895 - INFO - Val Loss: 1.78  -  Val Acc: 59.19%
2023-12-11 17:37:46,056 - INFO - ========================================
2023-12-11 17:37:46,057 - INFO - Epoch 84/100
2023-12-11 17:37:46,057 - INFO - Train Loss: 1.72  -   Train Acc: 71.17%
2023-12-11 17:37:49,393 - INFO - Val Loss: 1.78  -  Val Acc: 58.90%
2023-12-11 17:38:59,048 - INFO - ========================================
2023-12-11 17:38:59,048 - INFO - Epoch 85/100
2023-12-11 17:38:59,049 - INFO - Train Loss: 1.68  -   Train Acc: 71.91%
2023-12-11 17:39:03,271 - INFO - Val Loss: 1.79  -  Val Acc: 59.19%
2023-12-11 17:40:13,332 - INFO - ========================================
2023-12-11 17:40:13,332 - INFO - Epoch 86/100
2023-12-11 17:40:13,332 - INFO - Train Loss: 1.72  -   Train Acc: 71.45%
2023-12-11 17:40:17,569 - INFO - Val Loss: 1.80  -  Val Acc: 58.88%
2023-12-11 17:41:26,864 - INFO - ========================================
2023-12-11 17:41:26,865 - INFO - Epoch 87/100
2023-12-11 17:41:26,865 - INFO - Train Loss: 1.64  -   Train Acc: 72.60%
2023-12-11 17:41:30,297 - INFO - Val Loss: 1.75  -  Val Acc: 59.49%
2023-12-11 17:42:41,610 - INFO - ========================================
2023-12-11 17:42:41,611 - INFO - Epoch 88/100
2023-12-11 17:42:41,611 - INFO - Train Loss: 1.78  -   Train Acc: 70.18%
2023-12-11 17:42:45,275 - INFO - Val Loss: 1.76  -  Val Acc: 59.24%
2023-12-11 17:43:53,761 - INFO - ========================================
2023-12-11 17:43:53,762 - INFO - Epoch 89/100
2023-12-11 17:43:53,762 - INFO - Train Loss: 1.75  -   Train Acc: 70.60%
2023-12-11 17:43:57,150 - INFO - Val Loss: 1.77  -  Val Acc: 59.10%
2023-12-11 17:45:08,517 - INFO - ========================================
2023-12-11 17:45:08,517 - INFO - Epoch 90/100
2023-12-11 17:45:08,517 - INFO - Train Loss: 1.66  -   Train Acc: 72.72%
2023-12-11 17:45:11,934 - INFO - Val Loss: 1.83  -  Val Acc: 58.80%
2023-12-11 17:46:22,365 - INFO - ========================================
2023-12-11 17:46:22,366 - INFO - Epoch 91/100
2023-12-11 17:46:22,366 - INFO - Train Loss: 1.61  -   Train Acc: 73.26%
2023-12-11 17:46:25,860 - INFO - Val Loss: 1.75  -  Val Acc: 59.39%
2023-12-11 17:47:36,040 - INFO - ========================================
2023-12-11 17:47:36,041 - INFO - Epoch 92/100
2023-12-11 17:47:36,041 - INFO - Train Loss: 1.65  -   Train Acc: 73.20%
2023-12-11 17:47:39,985 - INFO - Val Loss: 1.78  -  Val Acc: 59.24%
2023-12-11 17:48:51,128 - INFO - ========================================
2023-12-11 17:48:51,129 - INFO - Epoch 93/100
2023-12-11 17:48:51,129 - INFO - Train Loss: 1.70  -   Train Acc: 71.69%
2023-12-11 17:48:54,470 - INFO - Val Loss: 1.75  -  Val Acc: 59.42%
2023-12-11 17:50:02,777 - INFO - ========================================
2023-12-11 17:50:02,778 - INFO - Epoch 94/100
2023-12-11 17:50:02,778 - INFO - Train Loss: 1.66  -   Train Acc: 72.75%
2023-12-11 17:50:06,178 - INFO - Val Loss: 1.77  -  Val Acc: 59.26%
2023-12-11 17:51:16,741 - INFO - ========================================
2023-12-11 17:51:16,741 - INFO - Epoch 95/100
2023-12-11 17:51:16,741 - INFO - Train Loss: 1.69  -   Train Acc: 72.34%
2023-12-11 17:51:20,779 - INFO - Val Loss: 1.76  -  Val Acc: 59.25%
2023-12-11 17:52:31,557 - INFO - ========================================
2023-12-11 17:52:31,558 - INFO - Epoch 96/100
2023-12-11 17:52:31,558 - INFO - Train Loss: 1.66  -   Train Acc: 72.61%
2023-12-11 17:52:35,097 - INFO - Val Loss: 1.81  -  Val Acc: 58.79%
2023-12-11 17:53:45,483 - INFO - ========================================
2023-12-11 17:53:45,483 - INFO - Epoch 97/100
2023-12-11 17:53:45,483 - INFO - Train Loss: 1.64  -   Train Acc: 72.86%
2023-12-11 17:53:49,921 - INFO - Val Loss: 1.77  -  Val Acc: 59.22%
2023-12-11 17:54:58,629 - INFO - ========================================
2023-12-11 17:54:58,629 - INFO - Epoch 98/100
2023-12-11 17:54:58,629 - INFO - Train Loss: 1.71  -   Train Acc: 71.86%
2023-12-11 17:55:02,930 - INFO - Val Loss: 1.82  -  Val Acc: 58.85%
2023-12-11 17:56:14,424 - INFO - ========================================
2023-12-11 17:56:14,424 - INFO - Epoch 99/100
2023-12-11 17:56:14,424 - INFO - Train Loss: 1.73  -   Train Acc: 71.06%
2023-12-11 17:56:18,595 - INFO - Val Loss: 1.78  -  Val Acc: 59.27%
2023-12-11 17:57:29,850 - INFO - ========================================
2023-12-11 17:57:29,851 - INFO - Epoch 100/100
2023-12-11 17:57:29,851 - INFO - Train Loss: 1.75  -   Train Acc: 70.60%
2023-12-11 17:57:33,183 - INFO - Val Loss: 1.80  -  Val Acc: 58.89%
2023-12-11 17:57:33,185 - INFO - ========================================
2023-12-11 17:57:33,185 - INFO - Training Completed! 😀
