2023-12-10 09:59:29,634 - INFO - 🚀 Training MobileNetV3 - Omni Dimensional Dynamic Convolution 🚀
2023-12-10 09:59:39,765 - INFO - 🚀 Training MobileNetV3 - Omni Dimensional Dynamic Convolution 🚀
2023-12-10 10:00:11,709 - INFO - 🚀 Training MobileNetV3 - Omni Dimensional Dynamic Convolution 🚀
2023-12-10 10:00:25,888 - INFO - 🚀 Training MobileNetV3 - Omni Dimensional Dynamic Convolution 🚀
2023-12-10 10:04:08,394 - INFO - 🚀 Training MobileNetV3 - Omni Dimensional Dynamic Convolution 🚀
2023-12-10 10:48:38,178 - INFO - 🚀 Training MobileNetV3 - Omni Dimensional Dynamic Convolution 🚀
2023-12-10 10:49:38,468 - INFO - ========================================
2023-12-10 10:49:38,468 - INFO - Epoch 1/100
2023-12-10 10:49:38,468 - INFO - Train Loss: 4.82  -   Train Acc: 4.26%
2023-12-10 10:49:40,826 - INFO - Val Loss: 705.93  -  Val Acc: 8.53%
2023-12-10 10:50:40,569 - INFO - ========================================
2023-12-10 10:50:40,569 - INFO - Epoch 2/100
2023-12-10 10:50:40,569 - INFO - Train Loss: 4.35  -   Train Acc: 10.16%
2023-12-10 10:50:42,916 - INFO - Val Loss: 3.71  -  Val Acc: 16.44%
2023-12-10 10:51:41,642 - INFO - ========================================
2023-12-10 10:51:41,642 - INFO - Epoch 3/100
2023-12-10 10:51:41,642 - INFO - Train Loss: 4.06  -   Train Acc: 14.96%
2023-12-10 10:51:43,964 - INFO - Val Loss: 3.45  -  Val Acc: 21.78%
2023-12-10 10:52:44,147 - INFO - ========================================
2023-12-10 10:52:44,147 - INFO - Epoch 4/100
2023-12-10 10:52:44,147 - INFO - Train Loss: 3.84  -   Train Acc: 18.86%
2023-12-10 10:52:46,529 - INFO - Val Loss: 3.24  -  Val Acc: 24.89%
2023-12-10 10:53:45,589 - INFO - ========================================
2023-12-10 10:53:45,590 - INFO - Epoch 5/100
2023-12-10 10:53:45,590 - INFO - Train Loss: 3.75  -   Train Acc: 21.16%
2023-12-10 10:53:47,959 - INFO - Val Loss: 3.08  -  Val Acc: 29.05%
2023-12-10 10:54:46,975 - INFO - ========================================
2023-12-10 10:54:46,975 - INFO - Epoch 6/100
2023-12-10 10:54:46,975 - INFO - Train Loss: 3.61  -   Train Acc: 23.71%
2023-12-10 10:54:49,335 - INFO - Val Loss: 2.88  -  Val Acc: 32.55%
2023-12-10 10:55:47,572 - INFO - ========================================
2023-12-10 10:55:47,572 - INFO - Epoch 7/100
2023-12-10 10:55:47,572 - INFO - Train Loss: 3.50  -   Train Acc: 26.26%
2023-12-10 10:55:49,941 - INFO - Val Loss: 2.75  -  Val Acc: 35.67%
2023-12-10 10:56:49,157 - INFO - ========================================
2023-12-10 10:56:49,157 - INFO - Epoch 8/100
2023-12-10 10:56:49,157 - INFO - Train Loss: 3.42  -   Train Acc: 27.87%
2023-12-10 10:56:51,489 - INFO - Val Loss: 2.73  -  Val Acc: 36.19%
2023-12-10 10:57:50,687 - INFO - ========================================
2023-12-10 10:57:50,687 - INFO - Epoch 9/100
2023-12-10 10:57:50,688 - INFO - Train Loss: 3.34  -   Train Acc: 29.86%
2023-12-10 10:57:53,080 - INFO - Val Loss: 2.70  -  Val Acc: 37.29%
2023-12-10 10:58:51,964 - INFO - ========================================
2023-12-10 10:58:51,964 - INFO - Epoch 10/100
2023-12-10 10:58:51,964 - INFO - Train Loss: 3.24  -   Train Acc: 31.70%
2023-12-10 10:58:54,338 - INFO - Val Loss: 2.47  -  Val Acc: 41.52%
2023-12-10 10:59:53,918 - INFO - ========================================
2023-12-10 10:59:53,918 - INFO - Epoch 11/100
2023-12-10 10:59:53,918 - INFO - Train Loss: 3.16  -   Train Acc: 33.07%
2023-12-10 10:59:56,280 - INFO - Val Loss: 2.45  -  Val Acc: 41.69%
2023-12-10 11:00:54,412 - INFO - ========================================
2023-12-10 11:00:54,412 - INFO - Epoch 12/100
2023-12-10 11:00:54,413 - INFO - Train Loss: 3.12  -   Train Acc: 34.12%
2023-12-10 11:00:56,761 - INFO - Val Loss: 2.39  -  Val Acc: 44.01%
2023-12-10 11:01:55,485 - INFO - ========================================
2023-12-10 11:01:55,485 - INFO - Epoch 13/100
2023-12-10 11:01:55,485 - INFO - Train Loss: 3.06  -   Train Acc: 35.39%
2023-12-10 11:01:57,862 - INFO - Val Loss: 2.36  -  Val Acc: 44.65%
2023-12-10 11:02:56,464 - INFO - ========================================
2023-12-10 11:02:56,464 - INFO - Epoch 14/100
2023-12-10 11:02:56,464 - INFO - Train Loss: 3.02  -   Train Acc: 36.59%
2023-12-10 11:02:58,821 - INFO - Val Loss: 2.29  -  Val Acc: 45.80%
2023-12-10 11:03:58,235 - INFO - ========================================
2023-12-10 11:03:58,235 - INFO - Epoch 15/100
2023-12-10 11:03:58,235 - INFO - Train Loss: 3.01  -   Train Acc: 36.98%
2023-12-10 11:04:00,598 - INFO - Val Loss: 2.39  -  Val Acc: 44.54%
2023-12-10 11:04:59,610 - INFO - ========================================
2023-12-10 11:04:59,610 - INFO - Epoch 16/100
2023-12-10 11:04:59,610 - INFO - Train Loss: 2.91  -   Train Acc: 38.75%
2023-12-10 11:05:01,999 - INFO - Val Loss: 2.22  -  Val Acc: 46.85%
2023-12-10 11:06:01,991 - INFO - ========================================
2023-12-10 11:06:01,992 - INFO - Epoch 17/100
2023-12-10 11:06:01,992 - INFO - Train Loss: 2.88  -   Train Acc: 39.44%
2023-12-10 11:06:04,387 - INFO - Val Loss: 2.17  -  Val Acc: 48.42%
2023-12-10 11:07:02,775 - INFO - ========================================
2023-12-10 11:07:02,776 - INFO - Epoch 18/100
2023-12-10 11:07:02,776 - INFO - Train Loss: 2.88  -   Train Acc: 39.63%
2023-12-10 11:07:05,149 - INFO - Val Loss: 2.10  -  Val Acc: 49.01%
2023-12-10 11:08:04,533 - INFO - ========================================
2023-12-10 11:08:04,533 - INFO - Epoch 19/100
2023-12-10 11:08:04,533 - INFO - Train Loss: 2.81  -   Train Acc: 41.05%
2023-12-10 11:08:06,895 - INFO - Val Loss: 2.12  -  Val Acc: 49.51%
2023-12-10 11:09:05,716 - INFO - ========================================
2023-12-10 11:09:05,716 - INFO - Epoch 20/100
2023-12-10 11:09:05,716 - INFO - Train Loss: 2.79  -   Train Acc: 41.67%
2023-12-10 11:09:08,066 - INFO - Val Loss: 2.15  -  Val Acc: 49.24%
2023-12-10 11:10:06,294 - INFO - ========================================
2023-12-10 11:10:06,294 - INFO - Epoch 21/100
2023-12-10 11:10:06,294 - INFO - Train Loss: 2.80  -   Train Acc: 41.93%
2023-12-10 11:10:08,682 - INFO - Val Loss: 2.15  -  Val Acc: 49.59%
2023-12-10 11:11:07,842 - INFO - ========================================
2023-12-10 11:11:07,842 - INFO - Epoch 22/100
2023-12-10 11:11:07,842 - INFO - Train Loss: 2.74  -   Train Acc: 43.07%
2023-12-10 11:11:10,243 - INFO - Val Loss: 2.12  -  Val Acc: 49.63%
2023-12-10 11:12:10,163 - INFO - ========================================
2023-12-10 11:12:10,163 - INFO - Epoch 23/100
2023-12-10 11:12:10,164 - INFO - Train Loss: 2.69  -   Train Acc: 43.96%
2023-12-10 11:12:12,546 - INFO - Val Loss: 2.09  -  Val Acc: 50.16%
2023-12-10 11:13:12,114 - INFO - ========================================
2023-12-10 11:13:12,114 - INFO - Epoch 24/100
2023-12-10 11:13:12,114 - INFO - Train Loss: 2.66  -   Train Acc: 44.47%
2023-12-10 11:13:14,499 - INFO - Val Loss: 2.06  -  Val Acc: 51.39%
2023-12-10 11:14:11,660 - INFO - ========================================
2023-12-10 11:14:11,660 - INFO - Epoch 25/100
2023-12-10 11:14:11,660 - INFO - Train Loss: 2.66  -   Train Acc: 44.93%
2023-12-10 11:14:14,051 - INFO - Val Loss: 2.05  -  Val Acc: 51.19%
2023-12-10 11:15:12,225 - INFO - ========================================
2023-12-10 11:15:12,225 - INFO - Epoch 26/100
2023-12-10 11:15:12,225 - INFO - Train Loss: 2.66  -   Train Acc: 44.79%
2023-12-10 11:15:14,607 - INFO - Val Loss: 2.04  -  Val Acc: 51.08%
2023-12-10 11:16:13,662 - INFO - ========================================
2023-12-10 11:16:13,662 - INFO - Epoch 27/100
2023-12-10 11:16:13,662 - INFO - Train Loss: 2.59  -   Train Acc: 46.43%
2023-12-10 11:16:16,026 - INFO - Val Loss: 2.02  -  Val Acc: 51.90%
2023-12-10 11:17:13,008 - INFO - ========================================
2023-12-10 11:17:13,008 - INFO - Epoch 28/100
2023-12-10 11:17:13,008 - INFO - Train Loss: 2.58  -   Train Acc: 46.72%
2023-12-10 11:17:15,372 - INFO - Val Loss: 2.03  -  Val Acc: 51.97%
2023-12-10 11:18:13,652 - INFO - ========================================
2023-12-10 11:18:13,652 - INFO - Epoch 29/100
2023-12-10 11:18:13,652 - INFO - Train Loss: 2.49  -   Train Acc: 48.46%
2023-12-10 11:18:16,034 - INFO - Val Loss: 1.97  -  Val Acc: 52.60%
2023-12-10 11:19:14,507 - INFO - ========================================
2023-12-10 11:19:14,507 - INFO - Epoch 30/100
2023-12-10 11:19:14,507 - INFO - Train Loss: 2.57  -   Train Acc: 47.17%
2023-12-10 11:19:16,913 - INFO - Val Loss: 1.98  -  Val Acc: 52.79%
2023-12-10 11:20:14,525 - INFO - ========================================
2023-12-10 11:20:14,526 - INFO - Epoch 31/100
2023-12-10 11:20:14,526 - INFO - Train Loss: 2.52  -   Train Acc: 48.45%
2023-12-10 11:20:16,941 - INFO - Val Loss: 2.01  -  Val Acc: 52.37%
2023-12-10 11:21:17,176 - INFO - ========================================
2023-12-10 11:21:17,176 - INFO - Epoch 32/100
2023-12-10 11:21:17,176 - INFO - Train Loss: 2.50  -   Train Acc: 48.62%
2023-12-10 11:21:19,541 - INFO - Val Loss: 1.95  -  Val Acc: 53.50%
2023-12-10 11:22:18,252 - INFO - ========================================
2023-12-10 11:22:18,252 - INFO - Epoch 33/100
2023-12-10 11:22:18,252 - INFO - Train Loss: 2.41  -   Train Acc: 50.59%
2023-12-10 11:22:20,615 - INFO - Val Loss: 1.98  -  Val Acc: 53.21%
2023-12-10 11:23:19,367 - INFO - ========================================
2023-12-10 11:23:19,368 - INFO - Epoch 34/100
2023-12-10 11:23:19,368 - INFO - Train Loss: 2.41  -   Train Acc: 50.45%
2023-12-10 11:23:21,746 - INFO - Val Loss: 2.00  -  Val Acc: 53.25%
2023-12-10 11:24:19,854 - INFO - ========================================
2023-12-10 11:24:19,854 - INFO - Epoch 35/100
2023-12-10 11:24:19,854 - INFO - Train Loss: 2.44  -   Train Acc: 50.01%
2023-12-10 11:24:22,206 - INFO - Val Loss: 2.03  -  Val Acc: 52.13%
2023-12-10 11:25:21,012 - INFO - ========================================
2023-12-10 11:25:21,012 - INFO - Epoch 36/100
2023-12-10 11:25:21,012 - INFO - Train Loss: 2.38  -   Train Acc: 51.44%
2023-12-10 11:25:23,396 - INFO - Val Loss: 1.99  -  Val Acc: 52.88%
2023-12-10 11:26:22,844 - INFO - ========================================
2023-12-10 11:26:22,845 - INFO - Epoch 37/100
2023-12-10 11:26:22,845 - INFO - Train Loss: 2.32  -   Train Acc: 52.63%
2023-12-10 11:26:25,296 - INFO - Val Loss: 1.94  -  Val Acc: 53.57%
2023-12-10 11:27:23,072 - INFO - ========================================
2023-12-10 11:27:23,072 - INFO - Epoch 38/100
2023-12-10 11:27:23,072 - INFO - Train Loss: 2.33  -   Train Acc: 52.72%
2023-12-10 11:27:25,554 - INFO - Val Loss: 1.96  -  Val Acc: 53.18%
2023-12-10 11:28:23,204 - INFO - ========================================
2023-12-10 11:28:23,204 - INFO - Epoch 39/100
2023-12-10 11:28:23,204 - INFO - Train Loss: 2.35  -   Train Acc: 52.37%
2023-12-10 11:28:25,931 - INFO - Val Loss: 2.02  -  Val Acc: 52.28%
2023-12-10 11:29:27,873 - INFO - ========================================
2023-12-10 11:29:27,874 - INFO - Epoch 40/100
2023-12-10 11:29:27,874 - INFO - Train Loss: 2.28  -   Train Acc: 54.11%
2023-12-10 11:29:30,452 - INFO - Val Loss: 1.96  -  Val Acc: 53.68%
2023-12-10 11:30:32,453 - INFO - ========================================
2023-12-10 11:30:32,454 - INFO - Epoch 41/100
2023-12-10 11:30:32,454 - INFO - Train Loss: 2.30  -   Train Acc: 53.69%
2023-12-10 11:30:34,941 - INFO - Val Loss: 2.00  -  Val Acc: 52.68%
2023-12-10 11:31:35,887 - INFO - ========================================
2023-12-10 11:31:35,887 - INFO - Epoch 42/100
2023-12-10 11:31:35,887 - INFO - Train Loss: 2.30  -   Train Acc: 53.88%
2023-12-10 11:31:38,392 - INFO - Val Loss: 1.93  -  Val Acc: 54.31%
2023-12-10 11:32:36,153 - INFO - ========================================
2023-12-10 11:32:36,153 - INFO - Epoch 43/100
2023-12-10 11:32:36,153 - INFO - Train Loss: 2.21  -   Train Acc: 55.70%
2023-12-10 11:32:38,615 - INFO - Val Loss: 1.97  -  Val Acc: 53.50%
2023-12-10 11:33:36,854 - INFO - ========================================
2023-12-10 11:33:36,855 - INFO - Epoch 44/100
2023-12-10 11:33:36,855 - INFO - Train Loss: 2.24  -   Train Acc: 55.08%
2023-12-10 11:33:39,297 - INFO - Val Loss: 2.03  -  Val Acc: 52.37%
2023-12-10 11:34:38,809 - INFO - ========================================
2023-12-10 11:34:38,809 - INFO - Epoch 45/100
2023-12-10 11:34:38,810 - INFO - Train Loss: 2.22  -   Train Acc: 55.66%
2023-12-10 11:34:41,262 - INFO - Val Loss: 1.97  -  Val Acc: 53.26%
2023-12-10 11:35:39,905 - INFO - ========================================
2023-12-10 11:35:39,905 - INFO - Epoch 46/100
2023-12-10 11:35:39,905 - INFO - Train Loss: 2.18  -   Train Acc: 56.37%
2023-12-10 11:35:42,373 - INFO - Val Loss: 1.96  -  Val Acc: 53.38%
2023-12-10 11:36:40,334 - INFO - ========================================
2023-12-10 11:36:40,334 - INFO - Epoch 47/100
2023-12-10 11:36:40,334 - INFO - Train Loss: 2.14  -   Train Acc: 57.29%
2023-12-10 11:36:42,835 - INFO - Val Loss: 2.00  -  Val Acc: 52.59%
2023-12-10 11:37:40,751 - INFO - ========================================
2023-12-10 11:37:40,751 - INFO - Epoch 48/100
2023-12-10 11:37:40,751 - INFO - Train Loss: 2.21  -   Train Acc: 55.88%
2023-12-10 11:37:43,250 - INFO - Val Loss: 1.99  -  Val Acc: 53.28%
2023-12-10 11:38:40,547 - INFO - ========================================
2023-12-10 11:38:40,548 - INFO - Epoch 49/100
2023-12-10 11:38:40,548 - INFO - Train Loss: 2.19  -   Train Acc: 56.97%
2023-12-10 11:38:43,005 - INFO - Val Loss: 2.03  -  Val Acc: 52.79%
2023-12-10 11:39:42,039 - INFO - ========================================
2023-12-10 11:39:42,039 - INFO - Epoch 50/100
2023-12-10 11:39:42,040 - INFO - Train Loss: 2.27  -   Train Acc: 55.09%
2023-12-10 11:39:44,526 - INFO - Val Loss: 2.04  -  Val Acc: 51.72%
2023-12-10 11:40:43,185 - INFO - ========================================
2023-12-10 11:40:43,186 - INFO - Epoch 51/100
2023-12-10 11:40:43,186 - INFO - Train Loss: 2.19  -   Train Acc: 56.55%
2023-12-10 11:40:45,724 - INFO - Val Loss: 2.00  -  Val Acc: 52.57%
2023-12-10 11:41:42,797 - INFO - ========================================
2023-12-10 11:41:42,797 - INFO - Epoch 52/100
2023-12-10 11:41:42,797 - INFO - Train Loss: 2.16  -   Train Acc: 57.50%
2023-12-10 11:41:45,302 - INFO - Val Loss: 1.96  -  Val Acc: 53.75%
2023-12-10 11:42:42,137 - INFO - ========================================
2023-12-10 11:42:42,137 - INFO - Epoch 53/100
2023-12-10 11:42:42,137 - INFO - Train Loss: 2.08  -   Train Acc: 58.86%
2023-12-10 11:42:44,621 - INFO - Val Loss: 2.01  -  Val Acc: 53.66%
2023-12-10 11:43:40,210 - INFO - ========================================
2023-12-10 11:43:40,211 - INFO - Epoch 54/100
2023-12-10 11:43:40,211 - INFO - Train Loss: 2.13  -   Train Acc: 58.28%
2023-12-10 11:43:42,701 - INFO - Val Loss: 1.99  -  Val Acc: 53.03%
2023-12-10 11:44:39,705 - INFO - ========================================
2023-12-10 11:44:39,706 - INFO - Epoch 55/100
2023-12-10 11:44:39,706 - INFO - Train Loss: 2.11  -   Train Acc: 58.79%
2023-12-10 11:44:42,178 - INFO - Val Loss: 1.97  -  Val Acc: 53.52%
2023-12-10 11:45:39,926 - INFO - ========================================
2023-12-10 11:45:39,927 - INFO - Epoch 56/100
2023-12-10 11:45:39,927 - INFO - Train Loss: 2.06  -   Train Acc: 59.89%
2023-12-10 11:45:42,404 - INFO - Val Loss: 1.96  -  Val Acc: 54.10%
2023-12-10 11:46:40,184 - INFO - ========================================
2023-12-10 11:46:40,185 - INFO - Epoch 57/100
2023-12-10 11:46:40,185 - INFO - Train Loss: 2.13  -   Train Acc: 58.29%
2023-12-10 11:46:42,651 - INFO - Val Loss: 2.01  -  Val Acc: 53.44%
2023-12-10 11:47:39,685 - INFO - ========================================
2023-12-10 11:47:39,686 - INFO - Epoch 58/100
2023-12-10 11:47:39,686 - INFO - Train Loss: 1.95  -   Train Acc: 62.08%
2023-12-10 11:47:42,139 - INFO - Val Loss: 1.97  -  Val Acc: 53.35%
2023-12-10 11:48:40,518 - INFO - ========================================
2023-12-10 11:48:40,519 - INFO - Epoch 59/100
2023-12-10 11:48:40,519 - INFO - Train Loss: 2.06  -   Train Acc: 60.36%
2023-12-10 11:48:43,029 - INFO - Val Loss: 1.98  -  Val Acc: 53.70%
2023-12-10 11:49:39,551 - INFO - ========================================
2023-12-10 11:49:39,551 - INFO - Epoch 60/100
2023-12-10 11:49:39,551 - INFO - Train Loss: 2.06  -   Train Acc: 60.46%
2023-12-10 11:49:42,062 - INFO - Val Loss: 1.97  -  Val Acc: 53.88%
2023-12-10 11:50:41,323 - INFO - ========================================
2023-12-10 11:50:41,324 - INFO - Epoch 61/100
2023-12-10 11:50:41,324 - INFO - Train Loss: 2.04  -   Train Acc: 60.79%
2023-12-10 11:50:43,793 - INFO - Val Loss: 2.01  -  Val Acc: 53.54%
2023-12-10 11:51:41,858 - INFO - ========================================
2023-12-10 11:51:41,858 - INFO - Epoch 62/100
2023-12-10 11:51:41,858 - INFO - Train Loss: 2.07  -   Train Acc: 60.08%
2023-12-10 11:51:44,324 - INFO - Val Loss: 1.99  -  Val Acc: 53.98%
2023-12-10 11:52:41,756 - INFO - ========================================
2023-12-10 11:52:41,756 - INFO - Epoch 63/100
2023-12-10 11:52:41,756 - INFO - Train Loss: 2.07  -   Train Acc: 60.18%
2023-12-10 11:52:44,229 - INFO - Val Loss: 1.96  -  Val Acc: 54.06%
2023-12-10 11:53:41,799 - INFO - ========================================
2023-12-10 11:53:41,799 - INFO - Epoch 64/100
2023-12-10 11:53:41,799 - INFO - Train Loss: 2.02  -   Train Acc: 61.29%
2023-12-10 11:53:44,277 - INFO - Val Loss: 2.00  -  Val Acc: 53.40%
2023-12-10 11:54:41,875 - INFO - ========================================
2023-12-10 11:54:41,876 - INFO - Epoch 65/100
2023-12-10 11:54:41,876 - INFO - Train Loss: 2.03  -   Train Acc: 61.10%
2023-12-10 11:54:44,374 - INFO - Val Loss: 2.03  -  Val Acc: 53.22%
2023-12-10 11:55:42,523 - INFO - ========================================
2023-12-10 11:55:42,524 - INFO - Epoch 66/100
2023-12-10 11:55:42,524 - INFO - Train Loss: 1.98  -   Train Acc: 62.08%
2023-12-10 11:55:45,031 - INFO - Val Loss: 1.96  -  Val Acc: 54.18%
2023-12-10 11:56:42,833 - INFO - ========================================
2023-12-10 11:56:42,834 - INFO - Epoch 67/100
2023-12-10 11:56:42,834 - INFO - Train Loss: 2.11  -   Train Acc: 59.67%
2023-12-10 11:56:45,338 - INFO - Val Loss: 1.99  -  Val Acc: 53.88%
2023-12-10 11:57:42,835 - INFO - ========================================
2023-12-10 11:57:42,836 - INFO - Epoch 68/100
2023-12-10 11:57:42,836 - INFO - Train Loss: 2.00  -   Train Acc: 62.04%
2023-12-10 11:57:45,316 - INFO - Val Loss: 2.01  -  Val Acc: 53.16%
2023-12-10 11:58:41,663 - INFO - ========================================
2023-12-10 11:58:41,663 - INFO - Epoch 69/100
2023-12-10 11:58:41,663 - INFO - Train Loss: 1.95  -   Train Acc: 63.03%
2023-12-10 11:58:44,143 - INFO - Val Loss: 1.99  -  Val Acc: 53.49%
2023-12-10 11:59:40,293 - INFO - ========================================
2023-12-10 11:59:40,293 - INFO - Epoch 70/100
2023-12-10 11:59:40,293 - INFO - Train Loss: 1.93  -   Train Acc: 63.45%
2023-12-10 11:59:42,779 - INFO - Val Loss: 2.03  -  Val Acc: 53.53%
2023-12-10 12:00:39,551 - INFO - ========================================
2023-12-10 12:00:39,551 - INFO - Epoch 71/100
2023-12-10 12:00:39,551 - INFO - Train Loss: 1.92  -   Train Acc: 63.64%
2023-12-10 12:00:42,038 - INFO - Val Loss: 1.99  -  Val Acc: 52.85%
2023-12-10 12:01:39,262 - INFO - ========================================
2023-12-10 12:01:39,262 - INFO - Epoch 72/100
2023-12-10 12:01:39,263 - INFO - Train Loss: 1.96  -   Train Acc: 63.02%
2023-12-10 12:01:41,751 - INFO - Val Loss: 1.98  -  Val Acc: 54.00%
2023-12-10 12:02:42,729 - INFO - ========================================
2023-12-10 12:02:42,729 - INFO - Epoch 73/100
2023-12-10 12:02:42,729 - INFO - Train Loss: 1.90  -   Train Acc: 64.12%
2023-12-10 12:02:45,162 - INFO - Val Loss: 2.03  -  Val Acc: 52.83%
2023-12-10 12:03:45,246 - INFO - ========================================
2023-12-10 12:03:45,246 - INFO - Epoch 74/100
2023-12-10 12:03:45,246 - INFO - Train Loss: 1.98  -   Train Acc: 62.98%
2023-12-10 12:03:47,655 - INFO - Val Loss: 2.01  -  Val Acc: 53.94%
2023-12-10 12:04:49,218 - INFO - ========================================
2023-12-10 12:04:49,218 - INFO - Epoch 75/100
2023-12-10 12:04:49,218 - INFO - Train Loss: 1.96  -   Train Acc: 62.98%
2023-12-10 12:04:51,712 - INFO - Val Loss: 2.06  -  Val Acc: 53.13%
2023-12-10 12:05:52,057 - INFO - ========================================
2023-12-10 12:05:52,058 - INFO - Epoch 76/100
2023-12-10 12:05:52,058 - INFO - Train Loss: 1.96  -   Train Acc: 63.31%
2023-12-10 12:05:54,491 - INFO - Val Loss: 2.03  -  Val Acc: 53.58%
2023-12-10 12:06:51,292 - INFO - ========================================
2023-12-10 12:06:51,292 - INFO - Epoch 77/100
2023-12-10 12:06:51,292 - INFO - Train Loss: 1.90  -   Train Acc: 64.77%
2023-12-10 12:06:53,734 - INFO - Val Loss: 2.05  -  Val Acc: 52.87%
2023-12-10 12:07:51,667 - INFO - ========================================
2023-12-10 12:07:51,667 - INFO - Epoch 78/100
2023-12-10 12:07:51,668 - INFO - Train Loss: 1.88  -   Train Acc: 65.46%
2023-12-10 12:07:54,102 - INFO - Val Loss: 2.01  -  Val Acc: 53.70%
2023-12-10 12:08:52,292 - INFO - ========================================
2023-12-10 12:08:52,292 - INFO - Epoch 79/100
2023-12-10 12:08:52,293 - INFO - Train Loss: 1.87  -   Train Acc: 65.48%
2023-12-10 12:08:54,759 - INFO - Val Loss: 2.03  -  Val Acc: 53.32%
2023-12-10 12:09:51,708 - INFO - ========================================
2023-12-10 12:09:51,708 - INFO - Epoch 80/100
2023-12-10 12:09:51,708 - INFO - Train Loss: 1.88  -   Train Acc: 65.18%
2023-12-10 12:09:54,140 - INFO - Val Loss: 2.00  -  Val Acc: 53.10%
2023-12-10 12:10:53,036 - INFO - ========================================
2023-12-10 12:10:53,037 - INFO - Epoch 81/100
2023-12-10 12:10:53,037 - INFO - Train Loss: 1.92  -   Train Acc: 64.48%
2023-12-10 12:10:55,475 - INFO - Val Loss: 2.06  -  Val Acc: 53.18%
2023-12-10 12:11:53,270 - INFO - ========================================
2023-12-10 12:11:53,270 - INFO - Epoch 82/100
2023-12-10 12:11:53,270 - INFO - Train Loss: 1.92  -   Train Acc: 64.32%
2023-12-10 12:11:55,698 - INFO - Val Loss: 2.02  -  Val Acc: 53.85%
2023-12-10 12:12:52,966 - INFO - ========================================
2023-12-10 12:12:52,967 - INFO - Epoch 83/100
2023-12-10 12:12:52,967 - INFO - Train Loss: 1.89  -   Train Acc: 65.36%
2023-12-10 12:12:55,410 - INFO - Val Loss: 2.03  -  Val Acc: 53.54%
2023-12-10 12:13:52,098 - INFO - ========================================
2023-12-10 12:13:52,098 - INFO - Epoch 84/100
2023-12-10 12:13:52,098 - INFO - Train Loss: 1.94  -   Train Acc: 64.06%
2023-12-10 12:13:54,548 - INFO - Val Loss: 1.99  -  Val Acc: 53.81%
2023-12-10 12:14:52,145 - INFO - ========================================
2023-12-10 12:14:52,145 - INFO - Epoch 85/100
2023-12-10 12:14:52,145 - INFO - Train Loss: 1.93  -   Train Acc: 64.43%
2023-12-10 12:14:54,554 - INFO - Val Loss: 2.03  -  Val Acc: 53.93%
2023-12-10 12:15:51,294 - INFO - ========================================
2023-12-10 12:15:51,295 - INFO - Epoch 86/100
2023-12-10 12:15:51,295 - INFO - Train Loss: 1.82  -   Train Acc: 66.82%
2023-12-10 12:15:53,720 - INFO - Val Loss: 2.01  -  Val Acc: 54.19%
2023-12-10 12:16:51,626 - INFO - ========================================
2023-12-10 12:16:51,626 - INFO - Epoch 87/100
2023-12-10 12:16:51,626 - INFO - Train Loss: 1.86  -   Train Acc: 66.12%
2023-12-10 12:16:54,050 - INFO - Val Loss: 1.98  -  Val Acc: 54.52%
2023-12-10 12:17:52,925 - INFO - ========================================
2023-12-10 12:17:52,925 - INFO - Epoch 88/100
2023-12-10 12:17:52,925 - INFO - Train Loss: 1.83  -   Train Acc: 66.48%
2023-12-10 12:17:55,350 - INFO - Val Loss: 2.01  -  Val Acc: 54.52%
2023-12-10 12:18:54,265 - INFO - ========================================
2023-12-10 12:18:54,266 - INFO - Epoch 89/100
2023-12-10 12:18:54,266 - INFO - Train Loss: 1.83  -   Train Acc: 66.37%
2023-12-10 12:18:56,701 - INFO - Val Loss: 2.07  -  Val Acc: 52.85%
2023-12-10 12:19:54,613 - INFO - ========================================
2023-12-10 12:19:54,614 - INFO - Epoch 90/100
2023-12-10 12:19:54,614 - INFO - Train Loss: 1.82  -   Train Acc: 67.04%
2023-12-10 12:19:57,033 - INFO - Val Loss: 2.03  -  Val Acc: 53.76%
2023-12-10 12:20:55,287 - INFO - ========================================
2023-12-10 12:20:55,287 - INFO - Epoch 91/100
2023-12-10 12:20:55,287 - INFO - Train Loss: 1.88  -   Train Acc: 65.89%
2023-12-10 12:20:57,693 - INFO - Val Loss: 2.05  -  Val Acc: 53.56%
2023-12-10 12:21:54,725 - INFO - ========================================
2023-12-10 12:21:54,725 - INFO - Epoch 92/100
2023-12-10 12:21:54,725 - INFO - Train Loss: 1.78  -   Train Acc: 67.78%
2023-12-10 12:21:57,168 - INFO - Val Loss: 2.02  -  Val Acc: 53.67%
2023-12-10 12:22:54,027 - INFO - ========================================
2023-12-10 12:22:54,027 - INFO - Epoch 93/100
2023-12-10 12:22:54,027 - INFO - Train Loss: 1.82  -   Train Acc: 66.99%
2023-12-10 12:22:56,444 - INFO - Val Loss: 2.02  -  Val Acc: 53.89%
2023-12-10 12:23:52,863 - INFO - ========================================
2023-12-10 12:23:52,863 - INFO - Epoch 94/100
2023-12-10 12:23:52,863 - INFO - Train Loss: 1.82  -   Train Acc: 67.05%
2023-12-10 12:23:55,299 - INFO - Val Loss: 2.04  -  Val Acc: 53.31%
2023-12-10 12:24:52,443 - INFO - ========================================
2023-12-10 12:24:52,443 - INFO - Epoch 95/100
2023-12-10 12:24:52,443 - INFO - Train Loss: 1.86  -   Train Acc: 66.11%
2023-12-10 12:24:54,863 - INFO - Val Loss: 2.01  -  Val Acc: 53.88%
2023-12-10 12:25:53,087 - INFO - ========================================
2023-12-10 12:25:53,087 - INFO - Epoch 96/100
2023-12-10 12:25:53,087 - INFO - Train Loss: 1.78  -   Train Acc: 67.85%
2023-12-10 12:25:55,543 - INFO - Val Loss: 2.03  -  Val Acc: 54.41%
2023-12-10 12:26:52,346 - INFO - ========================================
2023-12-10 12:26:52,346 - INFO - Epoch 97/100
2023-12-10 12:26:52,346 - INFO - Train Loss: 1.83  -   Train Acc: 66.62%
2023-12-10 12:26:54,763 - INFO - Val Loss: 2.02  -  Val Acc: 53.91%
2023-12-10 12:27:52,835 - INFO - ========================================
2023-12-10 12:27:52,835 - INFO - Epoch 98/100
2023-12-10 12:27:52,835 - INFO - Train Loss: 1.80  -   Train Acc: 67.11%
2023-12-10 12:27:55,258 - INFO - Val Loss: 2.02  -  Val Acc: 53.79%
2023-12-10 12:28:53,845 - INFO - ========================================
2023-12-10 12:28:53,845 - INFO - Epoch 99/100
2023-12-10 12:28:53,845 - INFO - Train Loss: 1.80  -   Train Acc: 67.54%
2023-12-10 12:28:56,269 - INFO - Val Loss: 2.03  -  Val Acc: 53.94%
2023-12-10 12:29:53,387 - INFO - ========================================
2023-12-10 12:29:53,388 - INFO - Epoch 100/100
2023-12-10 12:29:53,388 - INFO - Train Loss: 1.80  -   Train Acc: 67.75%
2023-12-10 12:29:55,809 - INFO - Val Loss: 2.02  -  Val Acc: 54.23%
2023-12-10 12:29:55,810 - INFO - ========================================
2023-12-10 12:29:55,810 - INFO - Training Completed! 😀
2023-12-10 12:40:11,425 - INFO - 🚀 Training MobileNetV3 - Omni Dimensional Dynamic Convolution 🚀
2023-12-10 12:41:26,269 - INFO - ========================================
2023-12-10 12:41:26,270 - INFO - Epoch 1/100
2023-12-10 12:41:26,270 - INFO - Train Loss: 4.76  -   Train Acc: 5.12%
2023-12-10 12:41:28,917 - INFO - Val Loss: 696.27  -  Val Acc: 8.21%
2023-12-10 12:42:42,922 - INFO - ========================================
2023-12-10 12:42:42,922 - INFO - Epoch 2/100
2023-12-10 12:42:42,923 - INFO - Train Loss: 4.38  -   Train Acc: 10.00%
2023-12-10 12:42:45,535 - INFO - Val Loss: 11.72  -  Val Acc: 15.40%
2023-12-10 12:44:02,115 - INFO - ========================================
2023-12-10 12:44:02,115 - INFO - Epoch 3/100
2023-12-10 12:44:02,115 - INFO - Train Loss: 4.26  -   Train Acc: 11.90%
2023-12-10 12:44:04,765 - INFO - Val Loss: 552.78  -  Val Acc: 17.47%
2023-12-10 12:45:21,040 - INFO - ========================================
2023-12-10 12:45:21,040 - INFO - Epoch 4/100
2023-12-10 12:45:21,040 - INFO - Train Loss: 4.15  -   Train Acc: 13.72%
2023-12-10 12:45:23,625 - INFO - Val Loss: 107.39  -  Val Acc: 19.61%
2023-12-10 12:46:39,400 - INFO - ========================================
2023-12-10 12:46:39,400 - INFO - Epoch 5/100
2023-12-10 12:46:39,401 - INFO - Train Loss: 4.03  -   Train Acc: 15.86%
2023-12-10 12:46:42,072 - INFO - Val Loss: 268.83  -  Val Acc: 21.99%
2023-12-10 12:47:56,864 - INFO - ========================================
2023-12-10 12:47:56,865 - INFO - Epoch 6/100
2023-12-10 12:47:56,865 - INFO - Train Loss: 3.89  -   Train Acc: 18.39%
2023-12-10 12:47:59,546 - INFO - Val Loss: 185.65  -  Val Acc: 24.00%
2023-12-10 12:49:13,853 - INFO - ========================================
2023-12-10 12:49:13,853 - INFO - Epoch 7/100
2023-12-10 12:49:13,853 - INFO - Train Loss: 3.81  -   Train Acc: 20.00%
2023-12-10 12:49:16,462 - INFO - Val Loss: 31.83  -  Val Acc: 26.80%
2023-12-10 12:50:31,939 - INFO - ========================================
2023-12-10 12:50:31,940 - INFO - Epoch 8/100
2023-12-10 12:50:31,940 - INFO - Train Loss: 3.72  -   Train Acc: 22.05%
2023-12-10 12:50:34,589 - INFO - Val Loss: 6.34  -  Val Acc: 26.90%
2023-12-10 12:51:51,668 - INFO - ========================================
2023-12-10 12:51:51,668 - INFO - Epoch 9/100
2023-12-10 12:51:51,668 - INFO - Train Loss: 3.79  -   Train Acc: 20.46%
2023-12-10 12:51:54,285 - INFO - Val Loss: 10.07  -  Val Acc: 27.40%
2023-12-10 12:53:10,786 - INFO - ========================================
2023-12-10 12:53:10,787 - INFO - Epoch 10/100
2023-12-10 12:53:10,787 - INFO - Train Loss: 3.59  -   Train Acc: 24.15%
2023-12-10 12:53:13,469 - INFO - Val Loss: 39.59  -  Val Acc: 33.43%
2023-12-10 12:54:29,271 - INFO - ========================================
2023-12-10 12:54:29,271 - INFO - Epoch 11/100
2023-12-10 12:54:29,271 - INFO - Train Loss: 3.54  -   Train Acc: 25.47%
2023-12-10 12:54:31,929 - INFO - Val Loss: 4.49  -  Val Acc: 31.43%
2023-12-10 12:55:47,817 - INFO - ========================================
2023-12-10 12:55:47,817 - INFO - Epoch 12/100
2023-12-10 12:55:47,817 - INFO - Train Loss: 3.53  -   Train Acc: 25.85%
2023-12-10 12:55:50,474 - INFO - Val Loss: 10.17  -  Val Acc: 35.60%
2023-12-10 12:57:05,855 - INFO - ========================================
2023-12-10 12:57:05,855 - INFO - Epoch 13/100
2023-12-10 12:57:05,855 - INFO - Train Loss: 3.47  -   Train Acc: 26.90%
2023-12-10 12:57:08,575 - INFO - Val Loss: 8.94  -  Val Acc: 34.76%
2023-12-10 12:58:26,706 - INFO - ========================================
2023-12-10 12:58:26,706 - INFO - Epoch 14/100
2023-12-10 12:58:26,706 - INFO - Train Loss: 3.38  -   Train Acc: 28.56%
2023-12-10 12:58:29,333 - INFO - Val Loss: 19.17  -  Val Acc: 36.34%
2023-12-10 12:59:45,607 - INFO - ========================================
2023-12-10 12:59:45,608 - INFO - Epoch 15/100
2023-12-10 12:59:45,608 - INFO - Train Loss: 3.36  -   Train Acc: 29.09%
2023-12-10 12:59:48,218 - INFO - Val Loss: 8.11  -  Val Acc: 38.64%
2023-12-10 13:01:05,733 - INFO - ========================================
2023-12-10 13:01:05,733 - INFO - Epoch 16/100
2023-12-10 13:01:05,733 - INFO - Train Loss: 3.31  -   Train Acc: 30.19%
2023-12-10 13:01:08,302 - INFO - Val Loss: 4.70  -  Val Acc: 37.24%
2023-12-10 13:02:21,831 - INFO - ========================================
2023-12-10 13:02:21,831 - INFO - Epoch 17/100
2023-12-10 13:02:21,831 - INFO - Train Loss: 3.26  -   Train Acc: 30.99%
2023-12-10 13:02:24,527 - INFO - Val Loss: 3.63  -  Val Acc: 37.92%
2023-12-10 13:03:40,777 - INFO - ========================================
2023-12-10 13:03:40,777 - INFO - Epoch 18/100
2023-12-10 13:03:40,777 - INFO - Train Loss: 3.24  -   Train Acc: 31.69%
2023-12-10 13:03:43,403 - INFO - Val Loss: 6.98  -  Val Acc: 39.31%
2023-12-10 13:04:58,963 - INFO - ========================================
2023-12-10 13:04:58,963 - INFO - Epoch 19/100
2023-12-10 13:04:58,963 - INFO - Train Loss: 3.18  -   Train Acc: 32.79%
2023-12-10 13:05:01,668 - INFO - Val Loss: 6.60  -  Val Acc: 40.91%
2023-12-10 13:06:17,485 - INFO - ========================================
2023-12-10 13:06:17,485 - INFO - Epoch 20/100
2023-12-10 13:06:17,485 - INFO - Train Loss: 3.21  -   Train Acc: 32.61%
2023-12-10 13:06:20,098 - INFO - Val Loss: 3.28  -  Val Acc: 41.69%
2023-12-10 13:07:36,924 - INFO - ========================================
2023-12-10 13:07:36,924 - INFO - Epoch 21/100
2023-12-10 13:07:36,924 - INFO - Train Loss: 3.12  -   Train Acc: 34.00%
2023-12-10 13:07:39,542 - INFO - Val Loss: 3.00  -  Val Acc: 41.70%
2023-12-10 13:08:54,206 - INFO - ========================================
2023-12-10 13:08:54,207 - INFO - Epoch 22/100
2023-12-10 13:08:54,207 - INFO - Train Loss: 3.23  -   Train Acc: 32.22%
2023-12-10 13:08:56,957 - INFO - Val Loss: 7.17  -  Val Acc: 39.78%
2023-12-10 13:10:10,815 - INFO - ========================================
2023-12-10 13:10:10,815 - INFO - Epoch 23/100
2023-12-10 13:10:10,815 - INFO - Train Loss: 3.08  -   Train Acc: 35.04%
2023-12-10 13:10:13,460 - INFO - Val Loss: 3.89  -  Val Acc: 42.44%
2023-12-10 13:11:26,690 - INFO - ========================================
2023-12-10 13:11:26,691 - INFO - Epoch 24/100
2023-12-10 13:11:26,691 - INFO - Train Loss: 3.14  -   Train Acc: 34.12%
2023-12-10 13:11:29,334 - INFO - Val Loss: 4.09  -  Val Acc: 43.53%
2023-12-10 13:12:43,792 - INFO - ========================================
2023-12-10 13:12:43,792 - INFO - Epoch 25/100
2023-12-10 13:12:43,792 - INFO - Train Loss: 3.05  -   Train Acc: 35.76%
2023-12-10 13:12:46,441 - INFO - Val Loss: 3.76  -  Val Acc: 45.01%
2023-12-10 13:14:01,893 - INFO - ========================================
2023-12-10 13:14:01,893 - INFO - Epoch 26/100
2023-12-10 13:14:01,893 - INFO - Train Loss: 3.05  -   Train Acc: 36.16%
2023-12-10 13:14:04,569 - INFO - Val Loss: 3.88  -  Val Acc: 45.15%
2023-12-10 13:15:20,975 - INFO - ========================================
2023-12-10 13:15:20,975 - INFO - Epoch 27/100
2023-12-10 13:15:20,975 - INFO - Train Loss: 2.98  -   Train Acc: 37.56%
2023-12-10 13:15:23,616 - INFO - Val Loss: 5.78  -  Val Acc: 45.12%
2023-12-10 13:16:41,239 - INFO - ========================================
2023-12-10 13:16:41,240 - INFO - Epoch 28/100
2023-12-10 13:16:41,240 - INFO - Train Loss: 2.96  -   Train Acc: 37.79%
2023-12-10 13:16:43,816 - INFO - Val Loss: 8.98  -  Val Acc: 44.77%
2023-12-10 13:17:59,716 - INFO - ========================================
2023-12-10 13:17:59,716 - INFO - Epoch 29/100
2023-12-10 13:17:59,716 - INFO - Train Loss: 2.93  -   Train Acc: 38.48%
2023-12-10 13:18:02,323 - INFO - Val Loss: 4.77  -  Val Acc: 44.04%
2023-12-10 13:19:17,836 - INFO - ========================================
2023-12-10 13:19:17,837 - INFO - Epoch 30/100
2023-12-10 13:19:17,837 - INFO - Train Loss: 2.95  -   Train Acc: 38.06%
2023-12-10 13:19:20,488 - INFO - Val Loss: 7.31  -  Val Acc: 45.37%
2023-12-10 13:20:35,916 - INFO - ========================================
2023-12-10 13:20:35,917 - INFO - Epoch 31/100
2023-12-10 13:20:35,917 - INFO - Train Loss: 2.85  -   Train Acc: 40.08%
2023-12-10 13:20:38,542 - INFO - Val Loss: 2.55  -  Val Acc: 45.59%
2023-12-10 13:21:53,593 - INFO - ========================================
2023-12-10 13:21:53,593 - INFO - Epoch 32/100
2023-12-10 13:21:53,593 - INFO - Train Loss: 2.88  -   Train Acc: 39.57%
2023-12-10 13:21:56,218 - INFO - Val Loss: 13.35  -  Val Acc: 34.50%
2023-12-10 13:23:10,192 - INFO - ========================================
2023-12-10 13:23:10,192 - INFO - Epoch 33/100
2023-12-10 13:23:10,192 - INFO - Train Loss: 2.93  -   Train Acc: 38.55%
2023-12-10 13:23:12,742 - INFO - Val Loss: 2.82  -  Val Acc: 43.77%
2023-12-10 13:24:28,771 - INFO - ========================================
2023-12-10 13:24:28,771 - INFO - Epoch 34/100
2023-12-10 13:24:28,771 - INFO - Train Loss: 2.90  -   Train Acc: 39.55%
2023-12-10 13:24:31,501 - INFO - Val Loss: 10.17  -  Val Acc: 47.05%
2023-12-10 13:25:47,003 - INFO - ========================================
2023-12-10 13:25:47,004 - INFO - Epoch 35/100
2023-12-10 13:25:47,004 - INFO - Train Loss: 2.75  -   Train Acc: 41.96%
2023-12-10 13:25:49,606 - INFO - Val Loss: 5.60  -  Val Acc: 45.47%
2023-12-10 13:27:03,816 - INFO - ========================================
2023-12-10 13:27:03,816 - INFO - Epoch 36/100
2023-12-10 13:27:03,816 - INFO - Train Loss: 2.88  -   Train Acc: 39.70%
2023-12-10 13:27:06,502 - INFO - Val Loss: 5.16  -  Val Acc: 45.92%
2023-12-10 13:28:21,762 - INFO - ========================================
2023-12-10 13:28:21,762 - INFO - Epoch 37/100
2023-12-10 13:28:21,762 - INFO - Train Loss: 2.79  -   Train Acc: 41.93%
2023-12-10 13:28:24,308 - INFO - Val Loss: 3.42  -  Val Acc: 47.39%
2023-12-10 13:29:40,841 - INFO - ========================================
2023-12-10 13:29:40,841 - INFO - Epoch 38/100
2023-12-10 13:29:40,841 - INFO - Train Loss: 2.76  -   Train Acc: 42.40%
2023-12-10 13:29:43,532 - INFO - Val Loss: 3.08  -  Val Acc: 48.42%
2023-12-10 13:31:00,058 - INFO - ========================================
2023-12-10 13:31:00,059 - INFO - Epoch 39/100
2023-12-10 13:31:00,059 - INFO - Train Loss: 2.78  -   Train Acc: 41.81%
2023-12-10 13:31:02,655 - INFO - Val Loss: 3.96  -  Val Acc: 47.17%
2023-12-10 13:32:19,761 - INFO - ========================================
2023-12-10 13:32:19,761 - INFO - Epoch 40/100
2023-12-10 13:32:19,761 - INFO - Train Loss: 2.76  -   Train Acc: 42.69%
2023-12-10 13:32:22,354 - INFO - Val Loss: 9.45  -  Val Acc: 45.57%
2023-12-10 13:33:38,747 - INFO - ========================================
2023-12-10 13:33:38,747 - INFO - Epoch 41/100
2023-12-10 13:33:38,747 - INFO - Train Loss: 2.67  -   Train Acc: 44.44%
2023-12-10 13:33:41,404 - INFO - Val Loss: 3.09  -  Val Acc: 48.14%
2023-12-10 13:34:57,243 - INFO - ========================================
2023-12-10 13:34:57,243 - INFO - Epoch 42/100
2023-12-10 13:34:57,243 - INFO - Train Loss: 2.70  -   Train Acc: 43.77%
2023-12-10 13:34:59,834 - INFO - Val Loss: 2.62  -  Val Acc: 47.51%
2023-12-10 13:36:17,014 - INFO - ========================================
2023-12-10 13:36:17,015 - INFO - Epoch 43/100
2023-12-10 13:36:17,015 - INFO - Train Loss: 2.62  -   Train Acc: 45.27%
2023-12-10 13:36:19,630 - INFO - Val Loss: 2.44  -  Val Acc: 47.78%
2023-12-10 13:37:35,100 - INFO - ========================================
2023-12-10 13:37:35,101 - INFO - Epoch 44/100
2023-12-10 13:37:35,101 - INFO - Train Loss: 2.70  -   Train Acc: 44.36%
2023-12-10 13:37:37,763 - INFO - Val Loss: 2.36  -  Val Acc: 47.74%
2023-12-10 13:38:52,870 - INFO - ========================================
2023-12-10 13:38:52,870 - INFO - Epoch 45/100
2023-12-10 13:38:52,871 - INFO - Train Loss: 2.62  -   Train Acc: 45.65%
2023-12-10 13:38:55,530 - INFO - Val Loss: 2.40  -  Val Acc: 48.02%
2023-12-10 13:40:11,624 - INFO - ========================================
2023-12-10 13:40:11,624 - INFO - Epoch 46/100
2023-12-10 13:40:11,624 - INFO - Train Loss: 2.65  -   Train Acc: 45.13%
2023-12-10 13:40:14,184 - INFO - Val Loss: 2.31  -  Val Acc: 48.37%
2023-12-10 13:41:31,755 - INFO - ========================================
2023-12-10 13:41:31,755 - INFO - Epoch 47/100
2023-12-10 13:41:31,755 - INFO - Train Loss: 2.63  -   Train Acc: 45.78%
2023-12-10 13:41:34,391 - INFO - Val Loss: 2.35  -  Val Acc: 47.59%
2023-12-10 13:42:50,765 - INFO - ========================================
2023-12-10 13:42:50,766 - INFO - Epoch 48/100
2023-12-10 13:42:50,766 - INFO - Train Loss: 2.61  -   Train Acc: 46.24%
2023-12-10 13:42:53,462 - INFO - Val Loss: 2.42  -  Val Acc: 47.94%
2023-12-10 13:44:07,578 - INFO - ========================================
2023-12-10 13:44:07,578 - INFO - Epoch 49/100
2023-12-10 13:44:07,578 - INFO - Train Loss: 2.62  -   Train Acc: 46.01%
2023-12-10 13:44:10,225 - INFO - Val Loss: 2.28  -  Val Acc: 47.39%
2023-12-10 13:45:26,530 - INFO - ========================================
2023-12-10 13:45:26,530 - INFO - Epoch 50/100
2023-12-10 13:45:26,530 - INFO - Train Loss: 2.70  -   Train Acc: 44.41%
2023-12-10 13:45:29,158 - INFO - Val Loss: 2.43  -  Val Acc: 44.65%
2023-12-10 13:46:45,545 - INFO - ========================================
2023-12-10 13:46:45,545 - INFO - Epoch 51/100
2023-12-10 13:46:45,545 - INFO - Train Loss: 2.70  -   Train Acc: 44.69%
2023-12-10 13:46:48,184 - INFO - Val Loss: 2.34  -  Val Acc: 46.16%
2023-12-10 13:48:02,633 - INFO - ========================================
2023-12-10 13:48:02,633 - INFO - Epoch 52/100
2023-12-10 13:48:02,633 - INFO - Train Loss: 2.63  -   Train Acc: 45.53%
2023-12-10 13:48:05,296 - INFO - Val Loss: 2.32  -  Val Acc: 46.66%
2023-12-10 13:49:18,723 - INFO - ========================================
2023-12-10 13:49:18,723 - INFO - Epoch 53/100
2023-12-10 13:49:18,723 - INFO - Train Loss: 2.57  -   Train Acc: 47.34%
2023-12-10 13:49:21,390 - INFO - Val Loss: 2.24  -  Val Acc: 47.74%
2023-12-10 13:50:36,354 - INFO - ========================================
2023-12-10 13:50:36,354 - INFO - Epoch 54/100
2023-12-10 13:50:36,355 - INFO - Train Loss: 2.56  -   Train Acc: 47.50%
2023-12-10 13:50:39,009 - INFO - Val Loss: 2.22  -  Val Acc: 48.63%
2023-12-10 13:51:54,350 - INFO - ========================================
2023-12-10 13:51:54,351 - INFO - Epoch 55/100
2023-12-10 13:51:54,351 - INFO - Train Loss: 2.44  -   Train Acc: 49.84%
2023-12-10 13:51:56,920 - INFO - Val Loss: 2.25  -  Val Acc: 47.83%
2023-12-10 13:53:10,285 - INFO - ========================================
2023-12-10 13:53:10,286 - INFO - Epoch 56/100
2023-12-10 13:53:10,286 - INFO - Train Loss: 2.48  -   Train Acc: 49.23%
2023-12-10 13:53:12,969 - INFO - Val Loss: 2.26  -  Val Acc: 47.88%
2023-12-10 13:54:29,022 - INFO - ========================================
2023-12-10 13:54:29,022 - INFO - Epoch 57/100
2023-12-10 13:54:29,022 - INFO - Train Loss: 2.53  -   Train Acc: 48.52%
2023-12-10 13:54:31,627 - INFO - Val Loss: 2.26  -  Val Acc: 47.90%
2023-12-10 13:55:47,393 - INFO - ========================================
2023-12-10 13:55:47,393 - INFO - Epoch 58/100
2023-12-10 13:55:47,393 - INFO - Train Loss: 2.48  -   Train Acc: 49.29%
2023-12-10 13:55:50,121 - INFO - Val Loss: 2.28  -  Val Acc: 47.29%
2023-12-10 13:57:04,568 - INFO - ========================================
2023-12-10 13:57:04,568 - INFO - Epoch 59/100
2023-12-10 13:57:04,568 - INFO - Train Loss: 2.46  -   Train Acc: 50.14%
2023-12-10 13:57:07,246 - INFO - Val Loss: 2.22  -  Val Acc: 48.76%
2023-12-10 13:58:20,439 - INFO - ========================================
2023-12-10 13:58:20,439 - INFO - Epoch 60/100
2023-12-10 13:58:20,440 - INFO - Train Loss: 2.54  -   Train Acc: 48.22%
2023-12-10 13:58:23,075 - INFO - Val Loss: 2.21  -  Val Acc: 49.31%
2023-12-10 13:59:38,630 - INFO - ========================================
2023-12-10 13:59:38,631 - INFO - Epoch 61/100
2023-12-10 13:59:38,631 - INFO - Train Loss: 2.41  -   Train Acc: 50.41%
2023-12-10 13:59:41,300 - INFO - Val Loss: 2.22  -  Val Acc: 49.05%
2023-12-10 14:00:54,873 - INFO - ========================================
2023-12-10 14:00:54,873 - INFO - Epoch 62/100
2023-12-10 14:00:54,873 - INFO - Train Loss: 2.39  -   Train Acc: 51.67%
2023-12-10 14:00:57,559 - INFO - Val Loss: 2.22  -  Val Acc: 49.60%
2023-12-10 14:02:11,243 - INFO - ========================================
2023-12-10 14:02:11,243 - INFO - Epoch 63/100
2023-12-10 14:02:11,243 - INFO - Train Loss: 2.38  -   Train Acc: 51.82%
2023-12-10 14:02:13,831 - INFO - Val Loss: 2.36  -  Val Acc: 48.34%
2023-12-10 14:03:26,256 - INFO - ========================================
2023-12-10 14:03:26,256 - INFO - Epoch 64/100
2023-12-10 14:03:26,256 - INFO - Train Loss: 2.43  -   Train Acc: 50.64%
2023-12-10 14:03:28,938 - INFO - Val Loss: 2.25  -  Val Acc: 48.52%
2023-12-10 14:04:42,696 - INFO - ========================================
2023-12-10 14:04:42,696 - INFO - Epoch 65/100
2023-12-10 14:04:42,696 - INFO - Train Loss: 2.31  -   Train Acc: 53.48%
2023-12-10 14:04:45,363 - INFO - Val Loss: 2.20  -  Val Acc: 48.87%
2023-12-10 14:06:00,623 - INFO - ========================================
2023-12-10 14:06:00,623 - INFO - Epoch 66/100
2023-12-10 14:06:00,623 - INFO - Train Loss: 2.48  -   Train Acc: 49.56%
2023-12-10 14:06:03,213 - INFO - Val Loss: 2.24  -  Val Acc: 48.60%
2023-12-10 14:07:17,268 - INFO - ========================================
2023-12-10 14:07:17,269 - INFO - Epoch 67/100
2023-12-10 14:07:17,269 - INFO - Train Loss: 2.26  -   Train Acc: 54.02%
2023-12-10 14:07:19,894 - INFO - Val Loss: 2.24  -  Val Acc: 48.90%
2023-12-10 14:08:33,268 - INFO - ========================================
2023-12-10 14:08:33,269 - INFO - Epoch 68/100
2023-12-10 14:08:33,269 - INFO - Train Loss: 2.32  -   Train Acc: 52.70%
2023-12-10 14:08:35,937 - INFO - Val Loss: 2.22  -  Val Acc: 48.96%
2023-12-10 14:09:49,966 - INFO - ========================================
2023-12-10 14:09:49,966 - INFO - Epoch 69/100
2023-12-10 14:09:49,966 - INFO - Train Loss: 2.35  -   Train Acc: 52.60%
2023-12-10 14:09:52,584 - INFO - Val Loss: 2.31  -  Val Acc: 48.86%
2023-12-10 14:11:06,861 - INFO - ========================================
2023-12-10 14:11:06,862 - INFO - Epoch 70/100
2023-12-10 14:11:06,862 - INFO - Train Loss: 2.35  -   Train Acc: 52.78%
2023-12-10 14:11:09,571 - INFO - Val Loss: 2.44  -  Val Acc: 47.44%
2023-12-10 14:12:25,303 - INFO - ========================================
2023-12-10 14:12:25,304 - INFO - Epoch 71/100
2023-12-10 14:12:25,304 - INFO - Train Loss: 2.35  -   Train Acc: 53.03%
2023-12-10 14:12:27,888 - INFO - Val Loss: 2.41  -  Val Acc: 47.43%
2023-12-10 14:13:42,762 - INFO - ========================================
2023-12-10 14:13:42,762 - INFO - Epoch 72/100
2023-12-10 14:13:42,762 - INFO - Train Loss: 2.41  -   Train Acc: 51.35%
2023-12-10 14:13:45,402 - INFO - Val Loss: 2.40  -  Val Acc: 48.73%
2023-12-10 14:14:57,809 - INFO - ========================================
2023-12-10 14:14:57,809 - INFO - Epoch 73/100
2023-12-10 14:14:57,809 - INFO - Train Loss: 2.25  -   Train Acc: 54.92%
2023-12-10 14:15:00,414 - INFO - Val Loss: 2.23  -  Val Acc: 49.50%
2023-12-10 14:16:14,408 - INFO - ========================================
2023-12-10 14:16:14,408 - INFO - Epoch 74/100
2023-12-10 14:16:14,408 - INFO - Train Loss: 2.26  -   Train Acc: 54.73%
2023-12-10 14:16:17,024 - INFO - Val Loss: 2.22  -  Val Acc: 49.78%
2023-12-10 14:17:31,651 - INFO - ========================================
2023-12-10 14:17:31,651 - INFO - Epoch 75/100
2023-12-10 14:17:31,651 - INFO - Train Loss: 2.25  -   Train Acc: 54.92%
2023-12-10 14:17:34,326 - INFO - Val Loss: 2.25  -  Val Acc: 49.28%
2023-12-10 14:18:49,828 - INFO - ========================================
2023-12-10 14:18:49,829 - INFO - Epoch 76/100
2023-12-10 14:18:49,829 - INFO - Train Loss: 2.33  -   Train Acc: 53.46%
2023-12-10 14:18:52,442 - INFO - Val Loss: 2.37  -  Val Acc: 48.89%
2023-12-10 14:20:06,894 - INFO - ========================================
2023-12-10 14:20:06,894 - INFO - Epoch 77/100
2023-12-10 14:20:06,894 - INFO - Train Loss: 2.25  -   Train Acc: 54.68%
2023-12-10 14:20:09,501 - INFO - Val Loss: 2.23  -  Val Acc: 49.09%
2023-12-10 14:21:24,544 - INFO - ========================================
2023-12-10 14:21:24,544 - INFO - Epoch 78/100
2023-12-10 14:21:24,544 - INFO - Train Loss: 2.23  -   Train Acc: 55.49%
2023-12-10 14:21:27,246 - INFO - Val Loss: 2.21  -  Val Acc: 49.50%
2023-12-10 14:22:41,824 - INFO - ========================================
2023-12-10 14:22:41,824 - INFO - Epoch 79/100
2023-12-10 14:22:41,824 - INFO - Train Loss: 2.29  -   Train Acc: 53.65%
2023-12-10 14:22:44,443 - INFO - Val Loss: 2.27  -  Val Acc: 49.48%
2023-12-10 14:23:58,430 - INFO - ========================================
2023-12-10 14:23:58,430 - INFO - Epoch 80/100
2023-12-10 14:23:58,430 - INFO - Train Loss: 2.22  -   Train Acc: 55.48%
2023-12-10 14:24:01,065 - INFO - Val Loss: 2.28  -  Val Acc: 48.46%
2023-12-10 14:25:16,032 - INFO - ========================================
2023-12-10 14:25:16,033 - INFO - Epoch 81/100
2023-12-10 14:25:16,033 - INFO - Train Loss: 2.18  -   Train Acc: 57.08%
2023-12-10 14:25:18,739 - INFO - Val Loss: 2.36  -  Val Acc: 49.39%
2023-12-10 14:26:32,641 - INFO - ========================================
2023-12-10 14:26:32,641 - INFO - Epoch 82/100
2023-12-10 14:26:32,641 - INFO - Train Loss: 2.17  -   Train Acc: 57.29%
2023-12-10 14:26:35,257 - INFO - Val Loss: 2.27  -  Val Acc: 48.51%
2023-12-10 14:27:48,517 - INFO - ========================================
2023-12-10 14:27:48,518 - INFO - Epoch 83/100
2023-12-10 14:27:48,518 - INFO - Train Loss: 2.16  -   Train Acc: 57.19%
2023-12-10 14:27:51,204 - INFO - Val Loss: 2.21  -  Val Acc: 49.47%
2023-12-10 14:29:07,039 - INFO - ========================================
2023-12-10 14:29:07,040 - INFO - Epoch 84/100
2023-12-10 14:29:07,040 - INFO - Train Loss: 2.08  -   Train Acc: 58.73%
2023-12-10 14:29:09,694 - INFO - Val Loss: 2.20  -  Val Acc: 49.90%
2023-12-10 14:30:22,700 - INFO - ========================================
2023-12-10 14:30:22,701 - INFO - Epoch 85/100
2023-12-10 14:30:22,701 - INFO - Train Loss: 2.22  -   Train Acc: 56.70%
2023-12-10 14:30:25,360 - INFO - Val Loss: 2.21  -  Val Acc: 49.40%
2023-12-10 14:31:41,449 - INFO - ========================================
2023-12-10 14:31:41,450 - INFO - Epoch 86/100
2023-12-10 14:31:41,450 - INFO - Train Loss: 2.21  -   Train Acc: 56.83%
2023-12-10 14:31:44,053 - INFO - Val Loss: 2.60  -  Val Acc: 40.50%
2023-12-10 14:32:56,921 - INFO - ========================================
2023-12-10 14:32:56,921 - INFO - Epoch 87/100
2023-12-10 14:32:56,921 - INFO - Train Loss: 2.21  -   Train Acc: 55.77%
2023-12-10 14:32:59,644 - INFO - Val Loss: 2.24  -  Val Acc: 49.86%
2023-12-10 14:34:14,090 - INFO - ========================================
2023-12-10 14:34:14,090 - INFO - Epoch 88/100
2023-12-10 14:34:14,090 - INFO - Train Loss: 2.09  -   Train Acc: 59.22%
2023-12-10 14:34:16,623 - INFO - Val Loss: 2.23  -  Val Acc: 48.98%
2023-12-10 14:35:28,258 - INFO - ========================================
2023-12-10 14:35:28,258 - INFO - Epoch 89/100
2023-12-10 14:35:28,258 - INFO - Train Loss: 2.07  -   Train Acc: 59.90%
2023-12-10 14:35:30,913 - INFO - Val Loss: 2.28  -  Val Acc: 48.64%
2023-12-10 14:36:44,769 - INFO - ========================================
2023-12-10 14:36:44,769 - INFO - Epoch 90/100
2023-12-10 14:36:44,769 - INFO - Train Loss: 2.11  -   Train Acc: 59.02%
2023-12-10 14:36:47,411 - INFO - Val Loss: 2.20  -  Val Acc: 50.08%
2023-12-10 14:38:02,225 - INFO - ========================================
2023-12-10 14:38:02,225 - INFO - Epoch 91/100
2023-12-10 14:38:02,225 - INFO - Train Loss: 2.06  -   Train Acc: 59.81%
2023-12-10 14:38:04,861 - INFO - Val Loss: 2.21  -  Val Acc: 50.08%
2023-12-10 14:39:19,371 - INFO - ========================================
2023-12-10 14:39:19,371 - INFO - Epoch 92/100
2023-12-10 14:39:19,371 - INFO - Train Loss: 2.01  -   Train Acc: 61.00%
2023-12-10 14:39:22,012 - INFO - Val Loss: 2.30  -  Val Acc: 49.32%
2023-12-10 14:40:35,860 - INFO - ========================================
2023-12-10 14:40:35,860 - INFO - Epoch 93/100
2023-12-10 14:40:35,861 - INFO - Train Loss: 1.96  -   Train Acc: 62.24%
2023-12-10 14:40:38,467 - INFO - Val Loss: 2.24  -  Val Acc: 49.05%
2023-12-10 14:41:53,542 - INFO - ========================================
2023-12-10 14:41:53,542 - INFO - Epoch 94/100
2023-12-10 14:41:53,542 - INFO - Train Loss: 2.12  -   Train Acc: 58.77%
2023-12-10 14:41:56,215 - INFO - Val Loss: 2.21  -  Val Acc: 49.18%
2023-12-10 14:43:09,299 - INFO - ========================================
2023-12-10 14:43:09,299 - INFO - Epoch 95/100
2023-12-10 14:43:09,299 - INFO - Train Loss: 2.09  -   Train Acc: 59.31%
2023-12-10 14:43:11,939 - INFO - Val Loss: 2.30  -  Val Acc: 47.54%
2023-12-10 14:44:26,976 - INFO - ========================================
2023-12-10 14:44:26,976 - INFO - Epoch 96/100
2023-12-10 14:44:26,976 - INFO - Train Loss: 2.12  -   Train Acc: 59.05%
2023-12-10 14:44:29,574 - INFO - Val Loss: 2.21  -  Val Acc: 49.91%
2023-12-10 14:45:44,186 - INFO - ========================================
2023-12-10 14:45:44,186 - INFO - Epoch 97/100
2023-12-10 14:45:44,186 - INFO - Train Loss: 2.27  -   Train Acc: 54.97%
2023-12-10 14:45:46,813 - INFO - Val Loss: 2.22  -  Val Acc: 49.31%
2023-12-10 14:47:01,794 - INFO - ========================================
2023-12-10 14:47:01,795 - INFO - Epoch 98/100
2023-12-10 14:47:01,795 - INFO - Train Loss: 1.98  -   Train Acc: 62.09%
2023-12-10 14:47:04,656 - INFO - Val Loss: 2.29  -  Val Acc: 49.13%
2023-12-10 14:48:17,369 - INFO - ========================================
2023-12-10 14:48:17,369 - INFO - Epoch 99/100
2023-12-10 14:48:17,369 - INFO - Train Loss: 2.00  -   Train Acc: 61.76%
2023-12-10 14:48:20,017 - INFO - Val Loss: 2.20  -  Val Acc: 49.76%
2023-12-10 14:49:33,000 - INFO - ========================================
2023-12-10 14:49:33,001 - INFO - Epoch 100/100
2023-12-10 14:49:33,001 - INFO - Train Loss: 2.09  -   Train Acc: 59.62%
2023-12-10 14:49:35,570 - INFO - Val Loss: 2.22  -  Val Acc: 49.74%
2023-12-10 14:49:35,571 - INFO - ========================================
2023-12-10 14:49:35,571 - INFO - Training Completed! 😀
