2023-12-11 02:47:12,719 - INFO - 🚀 Training MobileNetV3 - Omni Dimensional Dynamic Convolution 🚀
2023-12-11 02:47:29,590 - INFO - 🚀 Training MobileNetV3 - Omni Dimensional Dynamic Convolution 🚀
2023-12-11 02:47:41,408 - INFO - 🚀 Training MobileNetV3 - Omni Dimensional Dynamic Convolution 🚀
2023-12-11 02:47:49,475 - INFO - 🚀 Training MobileNetV3 - Omni Dimensional Dynamic Convolution 🚀
2023-12-11 02:48:53,189 - INFO - 🚀 Training MobileNetV3 - Omni Dimensional Dynamic Convolution 🚀
2023-12-11 02:49:59,760 - INFO - ========================================
2023-12-11 02:49:59,760 - INFO - Epoch 1/100
2023-12-11 02:49:59,760 - INFO - Train Loss: 6.02  -   Train Acc: 0.66%
2023-12-11 02:50:02,442 - INFO - Val Loss: 2811080.51  -  Val Acc: 0.73%
2023-12-11 02:50:42,592 - INFO - 🚀 Training MobileNetV3 - Omni Dimensional Dynamic Convolution 🚀
2023-12-11 02:51:48,964 - INFO - ========================================
2023-12-11 02:51:48,964 - INFO - Epoch 1/100
2023-12-11 02:51:48,964 - INFO - Train Loss: 4.99  -   Train Acc: 2.98%
2023-12-11 02:51:51,589 - INFO - Val Loss: 4.58  -  Val Acc: 6.25%
2023-12-11 02:52:57,922 - INFO - ========================================
2023-12-11 02:52:57,922 - INFO - Epoch 2/100
2023-12-11 02:52:57,922 - INFO - Train Loss: 4.41  -   Train Acc: 9.54%
2023-12-11 02:53:00,590 - INFO - Val Loss: 3.82  -  Val Acc: 15.36%
2023-12-11 02:54:06,634 - INFO - ========================================
2023-12-11 02:54:06,634 - INFO - Epoch 3/100
2023-12-11 02:54:06,634 - INFO - Train Loss: 4.10  -   Train Acc: 14.49%
2023-12-11 02:54:09,301 - INFO - Val Loss: 3.61  -  Val Acc: 19.04%
2023-12-11 02:55:16,601 - INFO - ========================================
2023-12-11 02:55:16,601 - INFO - Epoch 4/100
2023-12-11 02:55:16,601 - INFO - Train Loss: 3.86  -   Train Acc: 18.74%
2023-12-11 02:55:19,291 - INFO - Val Loss: 3.27  -  Val Acc: 24.00%
2023-12-11 02:56:25,558 - INFO - ========================================
2023-12-11 02:56:25,558 - INFO - Epoch 5/100
2023-12-11 02:56:25,559 - INFO - Train Loss: 3.75  -   Train Acc: 21.50%
2023-12-11 02:56:28,212 - INFO - Val Loss: 3.12  -  Val Acc: 27.93%
2023-12-11 02:57:34,926 - INFO - ========================================
2023-12-11 02:57:34,926 - INFO - Epoch 6/100
2023-12-11 02:57:34,926 - INFO - Train Loss: 3.61  -   Train Acc: 24.05%
2023-12-11 02:57:37,571 - INFO - Val Loss: 2.89  -  Val Acc: 32.22%
2023-12-11 02:58:44,072 - INFO - ========================================
2023-12-11 02:58:44,072 - INFO - Epoch 7/100
2023-12-11 02:58:44,072 - INFO - Train Loss: 3.50  -   Train Acc: 26.21%
2023-12-11 02:58:46,722 - INFO - Val Loss: 2.82  -  Val Acc: 34.36%
2023-12-11 02:59:53,141 - INFO - ========================================
2023-12-11 02:59:53,141 - INFO - Epoch 8/100
2023-12-11 02:59:53,141 - INFO - Train Loss: 3.38  -   Train Acc: 28.55%
2023-12-11 02:59:55,786 - INFO - Val Loss: 2.67  -  Val Acc: 37.14%
2023-12-11 03:01:03,222 - INFO - ========================================
2023-12-11 03:01:03,223 - INFO - Epoch 9/100
2023-12-11 03:01:03,223 - INFO - Train Loss: 3.29  -   Train Acc: 30.59%
2023-12-11 03:01:05,903 - INFO - Val Loss: 2.61  -  Val Acc: 39.03%
2023-12-11 03:02:12,414 - INFO - ========================================
2023-12-11 03:02:12,414 - INFO - Epoch 10/100
2023-12-11 03:02:12,414 - INFO - Train Loss: 3.20  -   Train Acc: 32.22%
2023-12-11 03:02:15,076 - INFO - Val Loss: 2.52  -  Val Acc: 40.04%
2023-12-11 03:03:21,276 - INFO - ========================================
2023-12-11 03:03:21,276 - INFO - Epoch 11/100
2023-12-11 03:03:21,276 - INFO - Train Loss: 3.20  -   Train Acc: 32.92%
2023-12-11 03:03:23,994 - INFO - Val Loss: 2.47  -  Val Acc: 42.47%
2023-12-11 03:04:31,202 - INFO - ========================================
2023-12-11 03:04:31,202 - INFO - Epoch 12/100
2023-12-11 03:04:31,202 - INFO - Train Loss: 3.09  -   Train Acc: 34.69%
2023-12-11 03:04:33,882 - INFO - Val Loss: 2.43  -  Val Acc: 42.62%
2023-12-11 03:05:40,759 - INFO - ========================================
2023-12-11 03:05:40,759 - INFO - Epoch 13/100
2023-12-11 03:05:40,759 - INFO - Train Loss: 3.10  -   Train Acc: 35.02%
2023-12-11 03:05:43,437 - INFO - Val Loss: 2.33  -  Val Acc: 44.58%
2023-12-11 03:06:49,559 - INFO - ========================================
2023-12-11 03:06:49,559 - INFO - Epoch 14/100
2023-12-11 03:06:49,559 - INFO - Train Loss: 3.00  -   Train Acc: 37.00%
2023-12-11 03:06:52,157 - INFO - Val Loss: 2.33  -  Val Acc: 44.75%
2023-12-11 03:07:58,555 - INFO - ========================================
2023-12-11 03:07:58,555 - INFO - Epoch 15/100
2023-12-11 03:07:58,555 - INFO - Train Loss: 3.00  -   Train Acc: 37.22%
2023-12-11 03:08:01,158 - INFO - Val Loss: 2.30  -  Val Acc: 45.08%
2023-12-11 03:09:07,957 - INFO - ========================================
2023-12-11 03:09:07,957 - INFO - Epoch 16/100
2023-12-11 03:09:07,957 - INFO - Train Loss: 2.92  -   Train Acc: 38.69%
2023-12-11 03:09:10,605 - INFO - Val Loss: 2.25  -  Val Acc: 46.74%
2023-12-11 03:10:17,432 - INFO - ========================================
2023-12-11 03:10:17,432 - INFO - Epoch 17/100
2023-12-11 03:10:17,432 - INFO - Train Loss: 2.89  -   Train Acc: 39.48%
2023-12-11 03:10:20,082 - INFO - Val Loss: 2.19  -  Val Acc: 47.79%
2023-12-11 03:11:26,513 - INFO - ========================================
2023-12-11 03:11:26,513 - INFO - Epoch 18/100
2023-12-11 03:11:26,513 - INFO - Train Loss: 2.85  -   Train Acc: 40.67%
2023-12-11 03:11:29,121 - INFO - Val Loss: 2.15  -  Val Acc: 48.93%
2023-12-11 03:12:35,413 - INFO - ========================================
2023-12-11 03:12:35,413 - INFO - Epoch 19/100
2023-12-11 03:12:35,413 - INFO - Train Loss: 2.80  -   Train Acc: 41.39%
2023-12-11 03:12:38,059 - INFO - Val Loss: 2.12  -  Val Acc: 49.12%
2023-12-11 03:13:46,482 - INFO - ========================================
2023-12-11 03:13:46,482 - INFO - Epoch 20/100
2023-12-11 03:13:46,482 - INFO - Train Loss: 2.79  -   Train Acc: 41.76%
2023-12-11 03:13:49,132 - INFO - Val Loss: 2.18  -  Val Acc: 48.10%
2023-12-11 03:14:56,725 - INFO - ========================================
2023-12-11 03:14:56,725 - INFO - Epoch 21/100
2023-12-11 03:14:56,725 - INFO - Train Loss: 2.74  -   Train Acc: 43.04%
2023-12-11 03:14:59,513 - INFO - Val Loss: 2.18  -  Val Acc: 48.51%
2023-12-11 03:16:06,912 - INFO - ========================================
2023-12-11 03:16:06,912 - INFO - Epoch 22/100
2023-12-11 03:16:06,912 - INFO - Train Loss: 2.76  -   Train Acc: 42.81%
2023-12-11 03:16:09,580 - INFO - Val Loss: 2.06  -  Val Acc: 51.02%
2023-12-11 03:17:16,948 - INFO - ========================================
2023-12-11 03:17:16,948 - INFO - Epoch 23/100
2023-12-11 03:17:16,949 - INFO - Train Loss: 2.69  -   Train Acc: 44.08%
2023-12-11 03:17:19,665 - INFO - Val Loss: 2.12  -  Val Acc: 50.05%
2023-12-11 03:18:26,965 - INFO - ========================================
2023-12-11 03:18:26,965 - INFO - Epoch 24/100
2023-12-11 03:18:26,966 - INFO - Train Loss: 2.68  -   Train Acc: 44.89%
2023-12-11 03:18:29,610 - INFO - Val Loss: 2.06  -  Val Acc: 51.15%
2023-12-11 03:19:36,546 - INFO - ========================================
2023-12-11 03:19:36,546 - INFO - Epoch 25/100
2023-12-11 03:19:36,546 - INFO - Train Loss: 2.62  -   Train Acc: 45.69%
2023-12-11 03:19:39,170 - INFO - Val Loss: 2.15  -  Val Acc: 49.54%
2023-12-11 03:20:45,165 - INFO - ========================================
2023-12-11 03:20:45,165 - INFO - Epoch 26/100
2023-12-11 03:20:45,165 - INFO - Train Loss: 2.63  -   Train Acc: 45.81%
2023-12-11 03:20:47,891 - INFO - Val Loss: 2.06  -  Val Acc: 50.65%
2023-12-11 03:21:54,619 - INFO - ========================================
2023-12-11 03:21:54,619 - INFO - Epoch 27/100
2023-12-11 03:21:54,619 - INFO - Train Loss: 2.56  -   Train Acc: 47.37%
2023-12-11 03:21:57,262 - INFO - Val Loss: 2.05  -  Val Acc: 51.00%
2023-12-11 03:23:03,178 - INFO - ========================================
2023-12-11 03:23:03,179 - INFO - Epoch 28/100
2023-12-11 03:23:03,179 - INFO - Train Loss: 2.55  -   Train Acc: 47.91%
2023-12-11 03:23:05,886 - INFO - Val Loss: 1.99  -  Val Acc: 52.37%
2023-12-11 03:24:11,864 - INFO - ========================================
2023-12-11 03:24:11,864 - INFO - Epoch 29/100
2023-12-11 03:24:11,864 - INFO - Train Loss: 2.52  -   Train Acc: 48.37%
2023-12-11 03:24:14,563 - INFO - Val Loss: 2.00  -  Val Acc: 53.03%
2023-12-11 03:25:20,422 - INFO - ========================================
2023-12-11 03:25:20,423 - INFO - Epoch 30/100
2023-12-11 03:25:20,423 - INFO - Train Loss: 2.45  -   Train Acc: 50.16%
2023-12-11 03:25:23,080 - INFO - Val Loss: 1.96  -  Val Acc: 53.69%
2023-12-11 03:26:29,556 - INFO - ========================================
2023-12-11 03:26:29,557 - INFO - Epoch 31/100
2023-12-11 03:26:29,557 - INFO - Train Loss: 2.39  -   Train Acc: 51.27%
2023-12-11 03:26:32,209 - INFO - Val Loss: 2.04  -  Val Acc: 52.13%
2023-12-11 03:27:40,017 - INFO - ========================================
2023-12-11 03:27:40,017 - INFO - Epoch 32/100
2023-12-11 03:27:40,017 - INFO - Train Loss: 2.43  -   Train Acc: 50.57%
2023-12-11 03:27:42,718 - INFO - Val Loss: 1.95  -  Val Acc: 53.56%
2023-12-11 03:28:49,020 - INFO - ========================================
2023-12-11 03:28:49,020 - INFO - Epoch 33/100
2023-12-11 03:28:49,020 - INFO - Train Loss: 2.35  -   Train Acc: 52.40%
2023-12-11 03:28:51,652 - INFO - Val Loss: 1.92  -  Val Acc: 53.99%
2023-12-11 03:29:58,187 - INFO - ========================================
2023-12-11 03:29:58,188 - INFO - Epoch 34/100
2023-12-11 03:29:58,188 - INFO - Train Loss: 2.38  -   Train Acc: 52.09%
2023-12-11 03:30:00,917 - INFO - Val Loss: 1.96  -  Val Acc: 53.38%
2023-12-11 03:31:07,410 - INFO - ========================================
2023-12-11 03:31:07,410 - INFO - Epoch 35/100
2023-12-11 03:31:07,410 - INFO - Train Loss: 2.31  -   Train Acc: 53.93%
2023-12-11 03:31:10,089 - INFO - Val Loss: 2.02  -  Val Acc: 52.74%
2023-12-11 03:32:17,124 - INFO - ========================================
2023-12-11 03:32:17,125 - INFO - Epoch 36/100
2023-12-11 03:32:17,125 - INFO - Train Loss: 2.29  -   Train Acc: 53.93%
2023-12-11 03:32:19,809 - INFO - Val Loss: 1.97  -  Val Acc: 53.99%
2023-12-11 03:33:26,475 - INFO - ========================================
2023-12-11 03:33:26,475 - INFO - Epoch 37/100
2023-12-11 03:33:26,476 - INFO - Train Loss: 2.27  -   Train Acc: 54.73%
2023-12-11 03:33:29,100 - INFO - Val Loss: 1.99  -  Val Acc: 52.84%
2023-12-11 03:34:34,577 - INFO - ========================================
2023-12-11 03:34:34,577 - INFO - Epoch 38/100
2023-12-11 03:34:34,577 - INFO - Train Loss: 2.20  -   Train Acc: 56.58%
2023-12-11 03:34:37,244 - INFO - Val Loss: 1.92  -  Val Acc: 54.34%
2023-12-11 03:35:43,126 - INFO - ========================================
2023-12-11 03:35:43,126 - INFO - Epoch 39/100
2023-12-11 03:35:43,127 - INFO - Train Loss: 2.33  -   Train Acc: 54.38%
2023-12-11 03:35:45,786 - INFO - Val Loss: 1.87  -  Val Acc: 55.40%
2023-12-11 03:36:51,596 - INFO - ========================================
2023-12-11 03:36:51,597 - INFO - Epoch 40/100
2023-12-11 03:36:51,597 - INFO - Train Loss: 2.20  -   Train Acc: 56.78%
2023-12-11 03:36:54,268 - INFO - Val Loss: 1.92  -  Val Acc: 54.84%
2023-12-11 03:37:59,925 - INFO - ========================================
2023-12-11 03:37:59,926 - INFO - Epoch 41/100
2023-12-11 03:37:59,926 - INFO - Train Loss: 2.14  -   Train Acc: 58.18%
2023-12-11 03:38:02,629 - INFO - Val Loss: 1.89  -  Val Acc: 55.62%
2023-12-11 03:39:07,902 - INFO - ========================================
2023-12-11 03:39:07,902 - INFO - Epoch 42/100
2023-12-11 03:39:07,902 - INFO - Train Loss: 2.19  -   Train Acc: 57.51%
2023-12-11 03:39:10,533 - INFO - Val Loss: 1.94  -  Val Acc: 54.52%
2023-12-11 03:40:17,349 - INFO - ========================================
2023-12-11 03:40:17,349 - INFO - Epoch 43/100
2023-12-11 03:40:17,349 - INFO - Train Loss: 2.16  -   Train Acc: 57.99%
2023-12-11 03:40:20,057 - INFO - Val Loss: 1.94  -  Val Acc: 54.37%
2023-12-11 03:41:26,509 - INFO - ========================================
2023-12-11 03:41:26,510 - INFO - Epoch 44/100
2023-12-11 03:41:26,510 - INFO - Train Loss: 2.14  -   Train Acc: 58.57%
2023-12-11 03:41:29,135 - INFO - Val Loss: 1.90  -  Val Acc: 55.03%
2023-12-11 03:42:34,480 - INFO - ========================================
2023-12-11 03:42:34,480 - INFO - Epoch 45/100
2023-12-11 03:42:34,480 - INFO - Train Loss: 2.11  -   Train Acc: 59.68%
2023-12-11 03:42:37,123 - INFO - Val Loss: 2.00  -  Val Acc: 53.81%
2023-12-11 03:43:43,348 - INFO - ========================================
2023-12-11 03:43:43,348 - INFO - Epoch 46/100
2023-12-11 03:43:43,349 - INFO - Train Loss: 2.03  -   Train Acc: 61.20%
2023-12-11 03:43:45,968 - INFO - Val Loss: 2.08  -  Val Acc: 51.54%
2023-12-11 03:44:52,492 - INFO - ========================================
2023-12-11 03:44:52,492 - INFO - Epoch 47/100
2023-12-11 03:44:52,493 - INFO - Train Loss: 2.05  -   Train Acc: 60.92%
2023-12-11 03:44:55,116 - INFO - Val Loss: 1.93  -  Val Acc: 55.56%
2023-12-11 03:46:02,363 - INFO - ========================================
2023-12-11 03:46:02,363 - INFO - Epoch 48/100
2023-12-11 03:46:02,363 - INFO - Train Loss: 2.01  -   Train Acc: 62.19%
2023-12-11 03:46:05,010 - INFO - Val Loss: 1.98  -  Val Acc: 54.31%
2023-12-11 03:47:10,907 - INFO - ========================================
2023-12-11 03:47:10,907 - INFO - Epoch 49/100
2023-12-11 03:47:10,908 - INFO - Train Loss: 2.01  -   Train Acc: 62.39%
2023-12-11 03:47:13,544 - INFO - Val Loss: 1.98  -  Val Acc: 54.31%
2023-12-11 03:48:19,454 - INFO - ========================================
2023-12-11 03:48:19,454 - INFO - Epoch 50/100
2023-12-11 03:48:19,454 - INFO - Train Loss: 2.00  -   Train Acc: 62.59%
2023-12-11 03:48:22,151 - INFO - Val Loss: 1.93  -  Val Acc: 55.22%
2023-12-11 03:49:27,665 - INFO - ========================================
2023-12-11 03:49:27,666 - INFO - Epoch 51/100
2023-12-11 03:49:27,666 - INFO - Train Loss: 1.97  -   Train Acc: 63.48%
2023-12-11 03:49:30,326 - INFO - Val Loss: 1.96  -  Val Acc: 54.71%
2023-12-11 03:50:36,980 - INFO - ========================================
2023-12-11 03:50:36,980 - INFO - Epoch 52/100
2023-12-11 03:50:36,980 - INFO - Train Loss: 2.03  -   Train Acc: 62.75%
2023-12-11 03:50:39,664 - INFO - Val Loss: 1.97  -  Val Acc: 54.63%
2023-12-11 03:51:45,903 - INFO - ========================================
2023-12-11 03:51:45,903 - INFO - Epoch 53/100
2023-12-11 03:51:45,903 - INFO - Train Loss: 1.90  -   Train Acc: 65.39%
2023-12-11 03:51:48,595 - INFO - Val Loss: 1.88  -  Val Acc: 56.09%
2023-12-11 03:52:55,071 - INFO - ========================================
2023-12-11 03:52:55,072 - INFO - Epoch 54/100
2023-12-11 03:52:55,072 - INFO - Train Loss: 1.85  -   Train Acc: 66.61%
2023-12-11 03:52:57,803 - INFO - Val Loss: 1.91  -  Val Acc: 55.80%
2023-12-11 03:54:04,084 - INFO - ========================================
2023-12-11 03:54:04,084 - INFO - Epoch 55/100
2023-12-11 03:54:04,084 - INFO - Train Loss: 1.85  -   Train Acc: 67.04%
2023-12-11 03:54:06,758 - INFO - Val Loss: 1.91  -  Val Acc: 55.91%
2023-12-11 03:55:12,866 - INFO - ========================================
2023-12-11 03:55:12,866 - INFO - Epoch 56/100
2023-12-11 03:55:12,866 - INFO - Train Loss: 1.89  -   Train Acc: 66.26%
2023-12-11 03:55:15,519 - INFO - Val Loss: 1.92  -  Val Acc: 55.75%
2023-12-11 03:56:21,001 - INFO - ========================================
2023-12-11 03:56:21,001 - INFO - Epoch 57/100
2023-12-11 03:56:21,001 - INFO - Train Loss: 1.87  -   Train Acc: 66.88%
2023-12-11 03:56:23,639 - INFO - Val Loss: 1.95  -  Val Acc: 55.04%
2023-12-11 03:57:30,907 - INFO - ========================================
2023-12-11 03:57:30,907 - INFO - Epoch 58/100
2023-12-11 03:57:30,907 - INFO - Train Loss: 1.81  -   Train Acc: 68.14%
2023-12-11 03:57:33,594 - INFO - Val Loss: 1.93  -  Val Acc: 55.82%
2023-12-11 03:58:39,334 - INFO - ========================================
2023-12-11 03:58:39,335 - INFO - Epoch 59/100
2023-12-11 03:58:39,335 - INFO - Train Loss: 1.82  -   Train Acc: 68.22%
2023-12-11 03:58:42,054 - INFO - Val Loss: 1.91  -  Val Acc: 55.80%
2023-12-11 03:59:47,758 - INFO - ========================================
2023-12-11 03:59:47,758 - INFO - Epoch 60/100
2023-12-11 03:59:47,758 - INFO - Train Loss: 1.77  -   Train Acc: 68.97%
2023-12-11 03:59:50,406 - INFO - Val Loss: 1.91  -  Val Acc: 56.42%
2023-12-11 04:00:58,058 - INFO - ========================================
2023-12-11 04:00:58,058 - INFO - Epoch 61/100
2023-12-11 04:00:58,059 - INFO - Train Loss: 1.77  -   Train Acc: 69.38%
2023-12-11 04:01:00,712 - INFO - Val Loss: 1.96  -  Val Acc: 55.39%
2023-12-11 04:02:06,790 - INFO - ========================================
2023-12-11 04:02:06,791 - INFO - Epoch 62/100
2023-12-11 04:02:06,791 - INFO - Train Loss: 1.73  -   Train Acc: 70.55%
2023-12-11 04:02:09,502 - INFO - Val Loss: 1.98  -  Val Acc: 54.98%
2023-12-11 04:03:15,654 - INFO - ========================================
2023-12-11 04:03:15,655 - INFO - Epoch 63/100
2023-12-11 04:03:15,655 - INFO - Train Loss: 1.76  -   Train Acc: 69.92%
2023-12-11 04:03:18,351 - INFO - Val Loss: 1.96  -  Val Acc: 55.66%
2023-12-11 04:04:24,582 - INFO - ========================================
2023-12-11 04:04:24,582 - INFO - Epoch 64/100
2023-12-11 04:04:24,582 - INFO - Train Loss: 1.76  -   Train Acc: 70.21%
2023-12-11 04:04:27,226 - INFO - Val Loss: 1.92  -  Val Acc: 56.12%
2023-12-11 04:05:32,800 - INFO - ========================================
2023-12-11 04:05:32,800 - INFO - Epoch 65/100
2023-12-11 04:05:32,800 - INFO - Train Loss: 1.71  -   Train Acc: 71.20%
2023-12-11 04:05:35,435 - INFO - Val Loss: 1.96  -  Val Acc: 55.38%
2023-12-11 04:06:41,769 - INFO - ========================================
2023-12-11 04:06:41,769 - INFO - Epoch 66/100
2023-12-11 04:06:41,769 - INFO - Train Loss: 1.77  -   Train Acc: 70.20%
2023-12-11 04:06:44,381 - INFO - Val Loss: 1.94  -  Val Acc: 56.02%
2023-12-11 04:07:50,149 - INFO - ========================================
2023-12-11 04:07:50,149 - INFO - Epoch 67/100
2023-12-11 04:07:50,150 - INFO - Train Loss: 1.65  -   Train Acc: 72.54%
2023-12-11 04:07:52,852 - INFO - Val Loss: 1.93  -  Val Acc: 56.22%
2023-12-11 04:08:58,505 - INFO - ========================================
2023-12-11 04:08:58,505 - INFO - Epoch 68/100
2023-12-11 04:08:58,505 - INFO - Train Loss: 1.77  -   Train Acc: 70.36%
2023-12-11 04:09:01,144 - INFO - Val Loss: 1.93  -  Val Acc: 56.10%
2023-12-11 04:10:07,130 - INFO - ========================================
2023-12-11 04:10:07,131 - INFO - Epoch 69/100
2023-12-11 04:10:07,131 - INFO - Train Loss: 1.65  -   Train Acc: 73.21%
2023-12-11 04:10:09,941 - INFO - Val Loss: 1.95  -  Val Acc: 56.06%
2023-12-11 04:11:14,967 - INFO - ========================================
2023-12-11 04:11:14,967 - INFO - Epoch 70/100
2023-12-11 04:11:14,967 - INFO - Train Loss: 1.78  -   Train Acc: 70.20%
2023-12-11 04:11:17,637 - INFO - Val Loss: 1.89  -  Val Acc: 57.05%
2023-12-11 04:12:23,890 - INFO - ========================================
2023-12-11 04:12:23,890 - INFO - Epoch 71/100
2023-12-11 04:12:23,890 - INFO - Train Loss: 1.66  -   Train Acc: 72.92%
2023-12-11 04:12:26,537 - INFO - Val Loss: 1.90  -  Val Acc: 56.94%
2023-12-11 04:13:32,221 - INFO - ========================================
2023-12-11 04:13:32,221 - INFO - Epoch 72/100
2023-12-11 04:13:32,221 - INFO - Train Loss: 1.62  -   Train Acc: 73.85%
2023-12-11 04:13:34,900 - INFO - Val Loss: 1.89  -  Val Acc: 57.13%
2023-12-11 04:14:40,681 - INFO - ========================================
2023-12-11 04:14:40,681 - INFO - Epoch 73/100
2023-12-11 04:14:40,681 - INFO - Train Loss: 1.63  -   Train Acc: 73.59%
2023-12-11 04:14:43,322 - INFO - Val Loss: 1.97  -  Val Acc: 55.72%
2023-12-11 04:15:49,113 - INFO - ========================================
2023-12-11 04:15:49,113 - INFO - Epoch 74/100
2023-12-11 04:15:49,113 - INFO - Train Loss: 1.61  -   Train Acc: 74.34%
2023-12-11 04:15:51,866 - INFO - Val Loss: 1.91  -  Val Acc: 57.18%
2023-12-11 04:16:58,428 - INFO - ========================================
2023-12-11 04:16:58,428 - INFO - Epoch 75/100
2023-12-11 04:16:58,428 - INFO - Train Loss: 1.63  -   Train Acc: 73.61%
2023-12-11 04:17:01,146 - INFO - Val Loss: 1.90  -  Val Acc: 57.13%
2023-12-11 04:18:08,518 - INFO - ========================================
2023-12-11 04:18:08,518 - INFO - Epoch 76/100
2023-12-11 04:18:08,518 - INFO - Train Loss: 1.65  -   Train Acc: 73.52%
2023-12-11 04:18:11,202 - INFO - Val Loss: 1.89  -  Val Acc: 57.27%
2023-12-11 04:19:18,203 - INFO - ========================================
2023-12-11 04:19:18,203 - INFO - Epoch 77/100
2023-12-11 04:19:18,203 - INFO - Train Loss: 1.64  -   Train Acc: 73.28%
2023-12-11 04:19:20,889 - INFO - Val Loss: 1.90  -  Val Acc: 56.89%
2023-12-11 04:20:26,366 - INFO - ========================================
2023-12-11 04:20:26,366 - INFO - Epoch 78/100
2023-12-11 04:20:26,366 - INFO - Train Loss: 1.54  -   Train Acc: 75.61%
2023-12-11 04:20:28,980 - INFO - Val Loss: 1.87  -  Val Acc: 57.79%
2023-12-11 04:21:34,464 - INFO - ========================================
2023-12-11 04:21:34,464 - INFO - Epoch 79/100
2023-12-11 04:21:34,464 - INFO - Train Loss: 1.62  -   Train Acc: 73.86%
2023-12-11 04:21:37,098 - INFO - Val Loss: 1.92  -  Val Acc: 56.97%
2023-12-11 04:22:43,136 - INFO - ========================================
2023-12-11 04:22:43,136 - INFO - Epoch 80/100
2023-12-11 04:22:43,136 - INFO - Train Loss: 1.64  -   Train Acc: 73.89%
2023-12-11 04:22:45,765 - INFO - Val Loss: 1.90  -  Val Acc: 56.97%
2023-12-11 04:23:51,634 - INFO - ========================================
2023-12-11 04:23:51,634 - INFO - Epoch 81/100
2023-12-11 04:23:51,634 - INFO - Train Loss: 1.62  -   Train Acc: 74.10%
2023-12-11 04:23:54,271 - INFO - Val Loss: 1.89  -  Val Acc: 57.18%
2023-12-11 04:25:00,240 - INFO - ========================================
2023-12-11 04:25:00,240 - INFO - Epoch 82/100
2023-12-11 04:25:00,240 - INFO - Train Loss: 1.56  -   Train Acc: 75.18%
2023-12-11 04:25:02,942 - INFO - Val Loss: 1.87  -  Val Acc: 57.33%
2023-12-11 04:26:09,314 - INFO - ========================================
2023-12-11 04:26:09,315 - INFO - Epoch 83/100
2023-12-11 04:26:09,315 - INFO - Train Loss: 1.67  -   Train Acc: 73.24%
2023-12-11 04:26:11,972 - INFO - Val Loss: 1.89  -  Val Acc: 57.59%
2023-12-11 04:27:18,313 - INFO - ========================================
2023-12-11 04:27:18,314 - INFO - Epoch 84/100
2023-12-11 04:27:18,314 - INFO - Train Loss: 1.52  -   Train Acc: 76.47%
2023-12-11 04:27:20,956 - INFO - Val Loss: 1.88  -  Val Acc: 57.64%
2023-12-11 04:28:26,605 - INFO - ========================================
2023-12-11 04:28:26,605 - INFO - Epoch 85/100
2023-12-11 04:28:26,605 - INFO - Train Loss: 1.58  -   Train Acc: 74.77%
2023-12-11 04:28:29,344 - INFO - Val Loss: 1.89  -  Val Acc: 57.29%
2023-12-11 04:29:35,898 - INFO - ========================================
2023-12-11 04:29:35,899 - INFO - Epoch 86/100
2023-12-11 04:29:35,899 - INFO - Train Loss: 1.58  -   Train Acc: 75.16%
2023-12-11 04:29:38,626 - INFO - Val Loss: 1.98  -  Val Acc: 56.52%
2023-12-11 04:30:44,697 - INFO - ========================================
2023-12-11 04:30:44,697 - INFO - Epoch 87/100
2023-12-11 04:30:44,697 - INFO - Train Loss: 1.51  -   Train Acc: 76.46%
2023-12-11 04:30:47,417 - INFO - Val Loss: 1.89  -  Val Acc: 57.64%
2023-12-11 04:31:52,899 - INFO - ========================================
2023-12-11 04:31:52,899 - INFO - Epoch 88/100
2023-12-11 04:31:52,899 - INFO - Train Loss: 1.54  -   Train Acc: 75.91%
2023-12-11 04:31:55,594 - INFO - Val Loss: 1.91  -  Val Acc: 57.25%
2023-12-11 04:33:02,017 - INFO - ========================================
2023-12-11 04:33:02,017 - INFO - Epoch 89/100
2023-12-11 04:33:02,018 - INFO - Train Loss: 1.52  -   Train Acc: 76.61%
2023-12-11 04:33:04,635 - INFO - Val Loss: 1.87  -  Val Acc: 57.85%
2023-12-11 04:34:10,270 - INFO - ========================================
2023-12-11 04:34:10,270 - INFO - Epoch 90/100
2023-12-11 04:34:10,270 - INFO - Train Loss: 1.59  -   Train Acc: 75.01%
2023-12-11 04:34:12,883 - INFO - Val Loss: 1.91  -  Val Acc: 57.53%
2023-12-11 04:35:18,752 - INFO - ========================================
2023-12-11 04:35:18,752 - INFO - Epoch 91/100
2023-12-11 04:35:18,752 - INFO - Train Loss: 1.62  -   Train Acc: 74.11%
2023-12-11 04:35:21,388 - INFO - Val Loss: 1.87  -  Val Acc: 57.95%
2023-12-11 04:36:26,922 - INFO - ========================================
2023-12-11 04:36:26,922 - INFO - Epoch 92/100
2023-12-11 04:36:26,922 - INFO - Train Loss: 1.55  -   Train Acc: 75.75%
2023-12-11 04:36:29,631 - INFO - Val Loss: 1.89  -  Val Acc: 57.72%
2023-12-11 04:37:36,079 - INFO - ========================================
2023-12-11 04:37:36,079 - INFO - Epoch 93/100
2023-12-11 04:37:36,080 - INFO - Train Loss: 1.58  -   Train Acc: 74.97%
2023-12-11 04:37:38,702 - INFO - Val Loss: 1.86  -  Val Acc: 57.61%
2023-12-11 04:38:44,308 - INFO - ========================================
2023-12-11 04:38:44,308 - INFO - Epoch 94/100
2023-12-11 04:38:44,308 - INFO - Train Loss: 1.51  -   Train Acc: 76.43%
2023-12-11 04:38:46,993 - INFO - Val Loss: 1.88  -  Val Acc: 57.81%
2023-12-11 04:39:53,003 - INFO - ========================================
2023-12-11 04:39:53,003 - INFO - Epoch 95/100
2023-12-11 04:39:53,003 - INFO - Train Loss: 1.61  -   Train Acc: 74.33%
2023-12-11 04:39:55,715 - INFO - Val Loss: 1.87  -  Val Acc: 57.90%
2023-12-11 04:41:01,889 - INFO - ========================================
2023-12-11 04:41:01,889 - INFO - Epoch 96/100
2023-12-11 04:41:01,889 - INFO - Train Loss: 1.55  -   Train Acc: 75.95%
2023-12-11 04:41:04,554 - INFO - Val Loss: 1.93  -  Val Acc: 57.23%
2023-12-11 04:42:10,210 - INFO - ========================================
2023-12-11 04:42:10,210 - INFO - Epoch 97/100
2023-12-11 04:42:10,210 - INFO - Train Loss: 1.53  -   Train Acc: 76.06%
2023-12-11 04:42:12,809 - INFO - Val Loss: 1.88  -  Val Acc: 57.62%
2023-12-11 04:43:18,040 - INFO - ========================================
2023-12-11 04:43:18,040 - INFO - Epoch 98/100
2023-12-11 04:43:18,040 - INFO - Train Loss: 1.57  -   Train Acc: 75.40%
2023-12-11 04:43:20,773 - INFO - Val Loss: 1.90  -  Val Acc: 57.52%
2023-12-11 04:44:26,816 - INFO - ========================================
2023-12-11 04:44:26,816 - INFO - Epoch 99/100
2023-12-11 04:44:26,816 - INFO - Train Loss: 1.69  -   Train Acc: 73.31%
2023-12-11 04:44:29,459 - INFO - Val Loss: 1.89  -  Val Acc: 57.54%
2023-12-11 04:45:35,210 - INFO - ========================================
2023-12-11 04:45:35,210 - INFO - Epoch 100/100
2023-12-11 04:45:35,210 - INFO - Train Loss: 1.58  -   Train Acc: 74.95%
2023-12-11 04:45:37,857 - INFO - Val Loss: 1.86  -  Val Acc: 57.85%
2023-12-11 04:45:37,857 - INFO - ========================================
2023-12-11 04:45:37,857 - INFO - Training Completed! 😀
