2023-12-11 05:18:47,774 - INFO - 🚀 Training MobileNetV3 - Convolution 🚀
2023-12-11 05:19:20,821 - INFO - ========================================
2023-12-11 05:19:20,821 - INFO - Epoch 1/100
2023-12-11 05:19:20,821 - INFO - Train Loss: 4.92  -   Train Acc: 3.57%
2023-12-11 05:19:24,425 - INFO - Val Loss: 4.35  -  Val Acc: 7.95%
2023-12-11 05:19:57,335 - INFO - ========================================
2023-12-11 05:19:57,336 - INFO - Epoch 2/100
2023-12-11 05:19:57,336 - INFO - Train Loss: 4.38  -   Train Acc: 9.93%
2023-12-11 05:20:00,960 - INFO - Val Loss: 3.83  -  Val Acc: 14.75%
2023-12-11 05:20:33,319 - INFO - ========================================
2023-12-11 05:20:33,319 - INFO - Epoch 3/100
2023-12-11 05:20:33,319 - INFO - Train Loss: 4.07  -   Train Acc: 14.80%
2023-12-11 05:20:36,930 - INFO - Val Loss: 3.47  -  Val Acc: 21.78%
2023-12-11 05:21:09,453 - INFO - ========================================
2023-12-11 05:21:09,454 - INFO - Epoch 4/100
2023-12-11 05:21:09,454 - INFO - Train Loss: 3.88  -   Train Acc: 18.56%
2023-12-11 05:21:13,166 - INFO - Val Loss: 3.27  -  Val Acc: 24.73%
2023-12-11 05:21:45,839 - INFO - ========================================
2023-12-11 05:21:45,839 - INFO - Epoch 5/100
2023-12-11 05:21:45,839 - INFO - Train Loss: 3.75  -   Train Acc: 21.01%
2023-12-11 05:21:49,495 - INFO - Val Loss: 3.07  -  Val Acc: 28.23%
2023-12-11 05:22:22,001 - INFO - ========================================
2023-12-11 05:22:22,002 - INFO - Epoch 6/100
2023-12-11 05:22:22,002 - INFO - Train Loss: 3.61  -   Train Acc: 23.89%
2023-12-11 05:22:25,607 - INFO - Val Loss: 3.01  -  Val Acc: 30.83%
2023-12-11 05:22:58,119 - INFO - ========================================
2023-12-11 05:22:58,120 - INFO - Epoch 7/100
2023-12-11 05:22:58,120 - INFO - Train Loss: 3.55  -   Train Acc: 25.64%
2023-12-11 05:23:01,761 - INFO - Val Loss: 2.79  -  Val Acc: 34.79%
2023-12-11 05:23:34,050 - INFO - ========================================
2023-12-11 05:23:34,051 - INFO - Epoch 8/100
2023-12-11 05:23:34,051 - INFO - Train Loss: 3.44  -   Train Acc: 27.85%
2023-12-11 05:23:37,692 - INFO - Val Loss: 2.70  -  Val Acc: 35.98%
2023-12-11 05:24:09,877 - INFO - ========================================
2023-12-11 05:24:09,877 - INFO - Epoch 9/100
2023-12-11 05:24:09,877 - INFO - Train Loss: 3.35  -   Train Acc: 29.43%
2023-12-11 05:24:13,539 - INFO - Val Loss: 2.67  -  Val Acc: 37.08%
2023-12-11 05:24:45,611 - INFO - ========================================
2023-12-11 05:24:45,612 - INFO - Epoch 10/100
2023-12-11 05:24:45,612 - INFO - Train Loss: 3.27  -   Train Acc: 31.09%
2023-12-11 05:24:49,256 - INFO - Val Loss: 2.51  -  Val Acc: 40.19%
2023-12-11 05:25:21,672 - INFO - ========================================
2023-12-11 05:25:21,673 - INFO - Epoch 11/100
2023-12-11 05:25:21,673 - INFO - Train Loss: 3.24  -   Train Acc: 32.07%
2023-12-11 05:25:25,444 - INFO - Val Loss: 2.52  -  Val Acc: 40.33%
2023-12-11 05:25:57,995 - INFO - ========================================
2023-12-11 05:25:57,996 - INFO - Epoch 12/100
2023-12-11 05:25:57,996 - INFO - Train Loss: 3.15  -   Train Acc: 33.90%
2023-12-11 05:26:01,677 - INFO - Val Loss: 2.41  -  Val Acc: 42.87%
2023-12-11 05:26:34,560 - INFO - ========================================
2023-12-11 05:26:34,561 - INFO - Epoch 13/100
2023-12-11 05:26:34,561 - INFO - Train Loss: 3.13  -   Train Acc: 34.27%
2023-12-11 05:26:38,209 - INFO - Val Loss: 2.36  -  Val Acc: 44.10%
2023-12-11 05:27:10,677 - INFO - ========================================
2023-12-11 05:27:10,678 - INFO - Epoch 14/100
2023-12-11 05:27:10,678 - INFO - Train Loss: 3.05  -   Train Acc: 35.89%
2023-12-11 05:27:14,318 - INFO - Val Loss: 2.30  -  Val Acc: 45.27%
2023-12-11 05:27:46,741 - INFO - ========================================
2023-12-11 05:27:46,741 - INFO - Epoch 15/100
2023-12-11 05:27:46,741 - INFO - Train Loss: 3.02  -   Train Acc: 36.76%
2023-12-11 05:27:50,469 - INFO - Val Loss: 2.32  -  Val Acc: 45.24%
2023-12-11 05:28:23,307 - INFO - ========================================
2023-12-11 05:28:23,307 - INFO - Epoch 16/100
2023-12-11 05:28:23,307 - INFO - Train Loss: 2.93  -   Train Acc: 38.24%
2023-12-11 05:28:27,062 - INFO - Val Loss: 2.35  -  Val Acc: 45.02%
2023-12-11 05:28:59,526 - INFO - ========================================
2023-12-11 05:28:59,526 - INFO - Epoch 17/100
2023-12-11 05:28:59,526 - INFO - Train Loss: 2.94  -   Train Acc: 38.77%
2023-12-11 05:29:03,192 - INFO - Val Loss: 2.22  -  Val Acc: 46.94%
2023-12-11 05:29:35,893 - INFO - ========================================
2023-12-11 05:29:35,894 - INFO - Epoch 18/100
2023-12-11 05:29:35,894 - INFO - Train Loss: 2.87  -   Train Acc: 39.93%
2023-12-11 05:29:39,691 - INFO - Val Loss: 2.24  -  Val Acc: 47.51%
2023-12-11 05:30:12,155 - INFO - ========================================
2023-12-11 05:30:12,155 - INFO - Epoch 19/100
2023-12-11 05:30:12,155 - INFO - Train Loss: 2.85  -   Train Acc: 40.36%
2023-12-11 05:30:15,857 - INFO - Val Loss: 2.22  -  Val Acc: 47.50%
2023-12-11 05:30:49,027 - INFO - ========================================
2023-12-11 05:30:49,027 - INFO - Epoch 20/100
2023-12-11 05:30:49,027 - INFO - Train Loss: 2.81  -   Train Acc: 41.51%
2023-12-11 05:30:52,742 - INFO - Val Loss: 2.16  -  Val Acc: 48.48%
2023-12-11 05:31:25,847 - INFO - ========================================
2023-12-11 05:31:25,847 - INFO - Epoch 21/100
2023-12-11 05:31:25,847 - INFO - Train Loss: 2.75  -   Train Acc: 42.54%
2023-12-11 05:31:29,497 - INFO - Val Loss: 2.12  -  Val Acc: 49.15%
2023-12-11 05:32:02,077 - INFO - ========================================
2023-12-11 05:32:02,078 - INFO - Epoch 22/100
2023-12-11 05:32:02,078 - INFO - Train Loss: 2.76  -   Train Acc: 42.52%
2023-12-11 05:32:05,737 - INFO - Val Loss: 2.13  -  Val Acc: 50.69%
2023-12-11 05:32:39,132 - INFO - ========================================
2023-12-11 05:32:39,133 - INFO - Epoch 23/100
2023-12-11 05:32:39,133 - INFO - Train Loss: 2.70  -   Train Acc: 43.70%
2023-12-11 05:32:42,811 - INFO - Val Loss: 2.09  -  Val Acc: 51.18%
2023-12-11 05:33:15,794 - INFO - ========================================
2023-12-11 05:33:15,794 - INFO - Epoch 24/100
2023-12-11 05:33:15,794 - INFO - Train Loss: 2.74  -   Train Acc: 43.51%
2023-12-11 05:33:19,532 - INFO - Val Loss: 2.08  -  Val Acc: 50.03%
2023-12-11 05:33:52,551 - INFO - ========================================
2023-12-11 05:33:52,551 - INFO - Epoch 25/100
2023-12-11 05:33:52,551 - INFO - Train Loss: 2.74  -   Train Acc: 43.74%
2023-12-11 05:33:56,246 - INFO - Val Loss: 2.08  -  Val Acc: 50.77%
2023-12-11 05:34:28,600 - INFO - ========================================
2023-12-11 05:34:28,600 - INFO - Epoch 26/100
2023-12-11 05:34:28,600 - INFO - Train Loss: 2.66  -   Train Acc: 44.95%
2023-12-11 05:34:32,233 - INFO - Val Loss: 2.01  -  Val Acc: 51.86%
2023-12-11 05:35:05,167 - INFO - ========================================
2023-12-11 05:35:05,167 - INFO - Epoch 27/100
2023-12-11 05:35:05,167 - INFO - Train Loss: 2.63  -   Train Acc: 45.59%
2023-12-11 05:35:08,869 - INFO - Val Loss: 2.04  -  Val Acc: 51.35%
2023-12-11 05:35:41,376 - INFO - ========================================
2023-12-11 05:35:41,377 - INFO - Epoch 28/100
2023-12-11 05:35:41,377 - INFO - Train Loss: 2.60  -   Train Acc: 46.66%
2023-12-11 05:35:45,340 - INFO - Val Loss: 2.02  -  Val Acc: 52.57%
2023-12-11 05:36:18,132 - INFO - ========================================
2023-12-11 05:36:18,132 - INFO - Epoch 29/100
2023-12-11 05:36:18,132 - INFO - Train Loss: 2.56  -   Train Acc: 47.10%
2023-12-11 05:36:21,925 - INFO - Val Loss: 2.00  -  Val Acc: 52.39%
2023-12-11 05:36:55,330 - INFO - ========================================
2023-12-11 05:36:55,331 - INFO - Epoch 30/100
2023-12-11 05:36:55,331 - INFO - Train Loss: 2.57  -   Train Acc: 47.14%
2023-12-11 05:36:59,053 - INFO - Val Loss: 2.00  -  Val Acc: 52.54%
2023-12-11 05:37:31,828 - INFO - ========================================
2023-12-11 05:37:31,829 - INFO - Epoch 31/100
2023-12-11 05:37:31,829 - INFO - Train Loss: 2.52  -   Train Acc: 47.91%
2023-12-11 05:37:35,524 - INFO - Val Loss: 1.97  -  Val Acc: 52.89%
2023-12-11 05:38:08,493 - INFO - ========================================
2023-12-11 05:38:08,493 - INFO - Epoch 32/100
2023-12-11 05:38:08,493 - INFO - Train Loss: 2.46  -   Train Acc: 49.53%
2023-12-11 05:38:12,196 - INFO - Val Loss: 1.97  -  Val Acc: 53.13%
2023-12-11 05:38:45,463 - INFO - ========================================
2023-12-11 05:38:45,463 - INFO - Epoch 33/100
2023-12-11 05:38:45,463 - INFO - Train Loss: 2.47  -   Train Acc: 49.36%
2023-12-11 05:38:49,175 - INFO - Val Loss: 1.93  -  Val Acc: 53.81%
2023-12-11 05:39:22,005 - INFO - ========================================
2023-12-11 05:39:22,005 - INFO - Epoch 34/100
2023-12-11 05:39:22,005 - INFO - Train Loss: 2.45  -   Train Acc: 50.14%
2023-12-11 05:39:25,758 - INFO - Val Loss: 1.94  -  Val Acc: 54.16%
2023-12-11 05:39:59,013 - INFO - ========================================
2023-12-11 05:39:59,014 - INFO - Epoch 35/100
2023-12-11 05:39:59,014 - INFO - Train Loss: 2.44  -   Train Acc: 50.18%
2023-12-11 05:40:02,801 - INFO - Val Loss: 1.91  -  Val Acc: 54.75%
2023-12-11 05:40:35,710 - INFO - ========================================
2023-12-11 05:40:35,711 - INFO - Epoch 36/100
2023-12-11 05:40:35,711 - INFO - Train Loss: 2.41  -   Train Acc: 50.91%
2023-12-11 05:40:39,486 - INFO - Val Loss: 1.88  -  Val Acc: 55.30%
2023-12-11 05:41:12,477 - INFO - ========================================
2023-12-11 05:41:12,478 - INFO - Epoch 37/100
2023-12-11 05:41:12,478 - INFO - Train Loss: 2.40  -   Train Acc: 51.15%
2023-12-11 05:41:16,283 - INFO - Val Loss: 1.85  -  Val Acc: 55.74%
2023-12-11 05:41:49,730 - INFO - ========================================
2023-12-11 05:41:49,730 - INFO - Epoch 38/100
2023-12-11 05:41:49,731 - INFO - Train Loss: 2.36  -   Train Acc: 52.20%
2023-12-11 05:41:53,404 - INFO - Val Loss: 1.83  -  Val Acc: 55.79%
2023-12-11 05:42:26,242 - INFO - ========================================
2023-12-11 05:42:26,242 - INFO - Epoch 39/100
2023-12-11 05:42:26,242 - INFO - Train Loss: 2.38  -   Train Acc: 52.01%
2023-12-11 05:42:30,266 - INFO - Val Loss: 1.94  -  Val Acc: 54.38%
2023-12-11 05:43:03,982 - INFO - ========================================
2023-12-11 05:43:03,983 - INFO - Epoch 40/100
2023-12-11 05:43:03,983 - INFO - Train Loss: 2.29  -   Train Acc: 53.60%
2023-12-11 05:43:07,660 - INFO - Val Loss: 1.84  -  Val Acc: 55.82%
2023-12-11 05:43:40,823 - INFO - ========================================
2023-12-11 05:43:40,823 - INFO - Epoch 41/100
2023-12-11 05:43:40,823 - INFO - Train Loss: 2.26  -   Train Acc: 54.51%
2023-12-11 05:43:44,631 - INFO - Val Loss: 1.90  -  Val Acc: 54.80%
2023-12-11 05:44:17,799 - INFO - ========================================
2023-12-11 05:44:17,799 - INFO - Epoch 42/100
2023-12-11 05:44:17,799 - INFO - Train Loss: 2.30  -   Train Acc: 53.84%
2023-12-11 05:44:21,519 - INFO - Val Loss: 1.88  -  Val Acc: 55.08%
2023-12-11 05:44:54,809 - INFO - ========================================
2023-12-11 05:44:54,809 - INFO - Epoch 43/100
2023-12-11 05:44:54,809 - INFO - Train Loss: 2.30  -   Train Acc: 54.19%
2023-12-11 05:44:58,521 - INFO - Val Loss: 1.83  -  Val Acc: 56.79%
2023-12-11 05:45:32,121 - INFO - ========================================
2023-12-11 05:45:32,122 - INFO - Epoch 44/100
2023-12-11 05:45:32,122 - INFO - Train Loss: 2.29  -   Train Acc: 54.44%
2023-12-11 05:45:35,776 - INFO - Val Loss: 1.91  -  Val Acc: 55.27%
2023-12-11 05:46:09,265 - INFO - ========================================
2023-12-11 05:46:09,266 - INFO - Epoch 45/100
2023-12-11 05:46:09,266 - INFO - Train Loss: 2.28  -   Train Acc: 54.67%
2023-12-11 05:46:13,034 - INFO - Val Loss: 1.93  -  Val Acc: 55.75%
2023-12-11 05:46:45,932 - INFO - ========================================
2023-12-11 05:46:45,932 - INFO - Epoch 46/100
2023-12-11 05:46:45,933 - INFO - Train Loss: 2.15  -   Train Acc: 56.60%
2023-12-11 05:46:49,619 - INFO - Val Loss: 1.84  -  Val Acc: 56.54%
2023-12-11 05:47:22,278 - INFO - ========================================
2023-12-11 05:47:22,279 - INFO - Epoch 47/100
2023-12-11 05:47:22,279 - INFO - Train Loss: 2.20  -   Train Acc: 56.30%
2023-12-11 05:47:26,110 - INFO - Val Loss: 1.83  -  Val Acc: 56.99%
2023-12-11 05:47:59,519 - INFO - ========================================
2023-12-11 05:47:59,520 - INFO - Epoch 48/100
2023-12-11 05:47:59,520 - INFO - Train Loss: 2.19  -   Train Acc: 56.60%
2023-12-11 05:48:03,293 - INFO - Val Loss: 1.88  -  Val Acc: 56.28%
2023-12-11 05:48:36,636 - INFO - ========================================
2023-12-11 05:48:36,636 - INFO - Epoch 49/100
2023-12-11 05:48:36,636 - INFO - Train Loss: 2.25  -   Train Acc: 56.07%
2023-12-11 05:48:40,343 - INFO - Val Loss: 1.85  -  Val Acc: 56.50%
2023-12-11 05:49:13,665 - INFO - ========================================
2023-12-11 05:49:13,665 - INFO - Epoch 50/100
2023-12-11 05:49:13,665 - INFO - Train Loss: 2.15  -   Train Acc: 57.76%
2023-12-11 05:49:17,328 - INFO - Val Loss: 1.85  -  Val Acc: 56.35%
2023-12-11 05:49:50,249 - INFO - ========================================
2023-12-11 05:49:50,249 - INFO - Epoch 51/100
2023-12-11 05:49:50,249 - INFO - Train Loss: 2.20  -   Train Acc: 56.97%
2023-12-11 05:49:53,972 - INFO - Val Loss: 1.83  -  Val Acc: 56.50%
2023-12-11 05:50:26,814 - INFO - ========================================
2023-12-11 05:50:26,815 - INFO - Epoch 52/100
2023-12-11 05:50:26,815 - INFO - Train Loss: 2.06  -   Train Acc: 59.95%
2023-12-11 05:50:30,562 - INFO - Val Loss: 1.83  -  Val Acc: 57.11%
2023-12-11 05:51:03,701 - INFO - ========================================
2023-12-11 05:51:03,702 - INFO - Epoch 53/100
2023-12-11 05:51:03,702 - INFO - Train Loss: 2.15  -   Train Acc: 58.28%
2023-12-11 05:51:07,546 - INFO - Val Loss: 1.89  -  Val Acc: 56.03%
2023-12-11 05:51:40,545 - INFO - ========================================
2023-12-11 05:51:40,545 - INFO - Epoch 54/100
2023-12-11 05:51:40,545 - INFO - Train Loss: 2.12  -   Train Acc: 59.22%
2023-12-11 05:51:44,236 - INFO - Val Loss: 1.84  -  Val Acc: 57.09%
2023-12-11 05:52:17,913 - INFO - ========================================
2023-12-11 05:52:17,913 - INFO - Epoch 55/100
2023-12-11 05:52:17,913 - INFO - Train Loss: 2.05  -   Train Acc: 60.25%
2023-12-11 05:52:21,658 - INFO - Val Loss: 1.81  -  Val Acc: 57.77%
2023-12-11 05:52:55,263 - INFO - ========================================
2023-12-11 05:52:55,264 - INFO - Epoch 56/100
2023-12-11 05:52:55,264 - INFO - Train Loss: 2.11  -   Train Acc: 59.65%
2023-12-11 05:52:59,121 - INFO - Val Loss: 1.79  -  Val Acc: 57.72%
2023-12-11 05:53:32,094 - INFO - ========================================
2023-12-11 05:53:32,094 - INFO - Epoch 57/100
2023-12-11 05:53:32,094 - INFO - Train Loss: 2.06  -   Train Acc: 60.53%
2023-12-11 05:53:35,811 - INFO - Val Loss: 1.83  -  Val Acc: 57.34%
2023-12-11 05:54:09,112 - INFO - ========================================
2023-12-11 05:54:09,113 - INFO - Epoch 58/100
2023-12-11 05:54:09,113 - INFO - Train Loss: 2.05  -   Train Acc: 61.10%
2023-12-11 05:54:12,776 - INFO - Val Loss: 1.84  -  Val Acc: 57.11%
2023-12-11 05:54:46,121 - INFO - ========================================
2023-12-11 05:54:46,121 - INFO - Epoch 59/100
2023-12-11 05:54:46,121 - INFO - Train Loss: 2.01  -   Train Acc: 62.00%
2023-12-11 05:54:49,867 - INFO - Val Loss: 1.84  -  Val Acc: 57.56%
2023-12-11 05:55:23,411 - INFO - ========================================
2023-12-11 05:55:23,412 - INFO - Epoch 60/100
2023-12-11 05:55:23,412 - INFO - Train Loss: 1.92  -   Train Acc: 63.52%
2023-12-11 05:55:27,097 - INFO - Val Loss: 1.81  -  Val Acc: 57.76%
2023-12-11 05:56:00,094 - INFO - ========================================
2023-12-11 05:56:00,095 - INFO - Epoch 61/100
2023-12-11 05:56:00,095 - INFO - Train Loss: 1.98  -   Train Acc: 62.56%
2023-12-11 05:56:03,868 - INFO - Val Loss: 1.84  -  Val Acc: 57.69%
2023-12-11 05:56:37,271 - INFO - ========================================
2023-12-11 05:56:37,271 - INFO - Epoch 62/100
2023-12-11 05:56:37,271 - INFO - Train Loss: 1.98  -   Train Acc: 62.71%
2023-12-11 05:56:40,949 - INFO - Val Loss: 1.77  -  Val Acc: 58.00%
2023-12-11 05:57:14,289 - INFO - ========================================
2023-12-11 05:57:14,290 - INFO - Epoch 63/100
2023-12-11 05:57:14,290 - INFO - Train Loss: 1.93  -   Train Acc: 63.89%
2023-12-11 05:57:18,050 - INFO - Val Loss: 1.80  -  Val Acc: 58.08%
2023-12-11 05:57:52,227 - INFO - ========================================
2023-12-11 05:57:52,227 - INFO - Epoch 64/100
2023-12-11 05:57:52,228 - INFO - Train Loss: 1.97  -   Train Acc: 63.07%
2023-12-11 05:57:56,132 - INFO - Val Loss: 1.77  -  Val Acc: 58.21%
2023-12-11 05:58:29,330 - INFO - ========================================
2023-12-11 05:58:29,331 - INFO - Epoch 65/100
2023-12-11 05:58:29,331 - INFO - Train Loss: 1.91  -   Train Acc: 64.36%
2023-12-11 05:58:33,192 - INFO - Val Loss: 1.87  -  Val Acc: 56.81%
2023-12-11 05:59:06,188 - INFO - ========================================
2023-12-11 05:59:06,189 - INFO - Epoch 66/100
2023-12-11 05:59:06,189 - INFO - Train Loss: 1.81  -   Train Acc: 66.30%
2023-12-11 05:59:09,860 - INFO - Val Loss: 1.81  -  Val Acc: 57.43%
2023-12-11 05:59:42,922 - INFO - ========================================
2023-12-11 05:59:42,922 - INFO - Epoch 67/100
2023-12-11 05:59:42,922 - INFO - Train Loss: 1.91  -   Train Acc: 64.73%
2023-12-11 05:59:46,722 - INFO - Val Loss: 1.80  -  Val Acc: 57.86%
2023-12-11 06:00:19,923 - INFO - ========================================
2023-12-11 06:00:19,924 - INFO - Epoch 68/100
2023-12-11 06:00:19,924 - INFO - Train Loss: 1.86  -   Train Acc: 65.75%
2023-12-11 06:00:24,003 - INFO - Val Loss: 1.78  -  Val Acc: 58.51%
2023-12-11 06:00:56,843 - INFO - ========================================
2023-12-11 06:00:56,843 - INFO - Epoch 69/100
2023-12-11 06:00:56,843 - INFO - Train Loss: 1.93  -   Train Acc: 64.27%
2023-12-11 06:01:00,499 - INFO - Val Loss: 1.78  -  Val Acc: 58.62%
2023-12-11 06:01:34,052 - INFO - ========================================
2023-12-11 06:01:34,052 - INFO - Epoch 70/100
2023-12-11 06:01:34,052 - INFO - Train Loss: 1.89  -   Train Acc: 65.59%
2023-12-11 06:01:37,953 - INFO - Val Loss: 1.81  -  Val Acc: 58.15%
2023-12-11 06:02:11,903 - INFO - ========================================
2023-12-11 06:02:11,903 - INFO - Epoch 71/100
2023-12-11 06:02:11,903 - INFO - Train Loss: 1.94  -   Train Acc: 64.80%
2023-12-11 06:02:15,638 - INFO - Val Loss: 1.78  -  Val Acc: 58.88%
2023-12-11 06:02:49,691 - INFO - ========================================
2023-12-11 06:02:49,692 - INFO - Epoch 72/100
2023-12-11 06:02:49,692 - INFO - Train Loss: 1.89  -   Train Acc: 65.77%
2023-12-11 06:02:53,390 - INFO - Val Loss: 1.79  -  Val Acc: 58.76%
2023-12-11 06:03:26,037 - INFO - ========================================
2023-12-11 06:03:26,037 - INFO - Epoch 73/100
2023-12-11 06:03:26,038 - INFO - Train Loss: 1.84  -   Train Acc: 67.07%
2023-12-11 06:03:29,733 - INFO - Val Loss: 1.79  -  Val Acc: 58.17%
2023-12-11 06:04:03,062 - INFO - ========================================
2023-12-11 06:04:03,063 - INFO - Epoch 74/100
2023-12-11 06:04:03,063 - INFO - Train Loss: 1.88  -   Train Acc: 66.46%
2023-12-11 06:04:06,736 - INFO - Val Loss: 1.78  -  Val Acc: 58.68%
2023-12-11 06:04:39,297 - INFO - ========================================
2023-12-11 06:04:39,297 - INFO - Epoch 75/100
2023-12-11 06:04:39,297 - INFO - Train Loss: 1.80  -   Train Acc: 67.78%
2023-12-11 06:04:42,971 - INFO - Val Loss: 1.81  -  Val Acc: 58.23%
2023-12-11 06:05:15,943 - INFO - ========================================
2023-12-11 06:05:15,943 - INFO - Epoch 76/100
2023-12-11 06:05:15,944 - INFO - Train Loss: 1.78  -   Train Acc: 68.63%
2023-12-11 06:05:19,705 - INFO - Val Loss: 1.83  -  Val Acc: 58.31%
2023-12-11 06:05:52,858 - INFO - ========================================
2023-12-11 06:05:52,858 - INFO - Epoch 77/100
2023-12-11 06:05:52,858 - INFO - Train Loss: 1.85  -   Train Acc: 67.13%
2023-12-11 06:05:56,524 - INFO - Val Loss: 1.78  -  Val Acc: 59.06%
2023-12-11 06:06:30,358 - INFO - ========================================
2023-12-11 06:06:30,359 - INFO - Epoch 78/100
2023-12-11 06:06:30,359 - INFO - Train Loss: 1.75  -   Train Acc: 69.04%
2023-12-11 06:06:34,176 - INFO - Val Loss: 1.75  -  Val Acc: 58.79%
2023-12-11 06:07:06,786 - INFO - ========================================
2023-12-11 06:07:06,786 - INFO - Epoch 79/100
2023-12-11 06:07:06,786 - INFO - Train Loss: 1.74  -   Train Acc: 69.35%
2023-12-11 06:07:10,457 - INFO - Val Loss: 1.80  -  Val Acc: 58.65%
2023-12-11 06:07:42,827 - INFO - ========================================
2023-12-11 06:07:42,828 - INFO - Epoch 80/100
2023-12-11 06:07:42,828 - INFO - Train Loss: 1.80  -   Train Acc: 68.26%
2023-12-11 06:07:46,671 - INFO - Val Loss: 1.77  -  Val Acc: 59.00%
2023-12-11 06:08:19,498 - INFO - ========================================
2023-12-11 06:08:19,498 - INFO - Epoch 81/100
2023-12-11 06:08:19,499 - INFO - Train Loss: 1.77  -   Train Acc: 69.53%
2023-12-11 06:08:23,321 - INFO - Val Loss: 1.78  -  Val Acc: 58.82%
2023-12-11 06:08:56,344 - INFO - ========================================
2023-12-11 06:08:56,345 - INFO - Epoch 82/100
2023-12-11 06:08:56,345 - INFO - Train Loss: 1.79  -   Train Acc: 69.03%
2023-12-11 06:09:00,412 - INFO - Val Loss: 1.77  -  Val Acc: 59.12%
2023-12-11 06:09:33,862 - INFO - ========================================
2023-12-11 06:09:33,863 - INFO - Epoch 83/100
2023-12-11 06:09:33,863 - INFO - Train Loss: 1.83  -   Train Acc: 67.84%
2023-12-11 06:09:37,865 - INFO - Val Loss: 1.78  -  Val Acc: 59.02%
2023-12-11 06:10:11,000 - INFO - ========================================
2023-12-11 06:10:11,000 - INFO - Epoch 84/100
2023-12-11 06:10:11,000 - INFO - Train Loss: 1.76  -   Train Acc: 69.17%
2023-12-11 06:10:14,769 - INFO - Val Loss: 1.78  -  Val Acc: 58.63%
2023-12-11 06:10:47,118 - INFO - ========================================
2023-12-11 06:10:47,118 - INFO - Epoch 85/100
2023-12-11 06:10:47,118 - INFO - Train Loss: 1.73  -   Train Acc: 69.94%
2023-12-11 06:10:50,774 - INFO - Val Loss: 1.75  -  Val Acc: 59.19%
2023-12-11 06:11:23,871 - INFO - ========================================
2023-12-11 06:11:23,871 - INFO - Epoch 86/100
2023-12-11 06:11:23,871 - INFO - Train Loss: 1.75  -   Train Acc: 69.40%
2023-12-11 06:11:27,647 - INFO - Val Loss: 1.75  -  Val Acc: 59.05%
2023-12-11 06:12:01,750 - INFO - ========================================
2023-12-11 06:12:01,750 - INFO - Epoch 87/100
2023-12-11 06:12:01,750 - INFO - Train Loss: 1.80  -   Train Acc: 69.11%
2023-12-11 06:12:05,552 - INFO - Val Loss: 1.79  -  Val Acc: 58.47%
2023-12-11 06:12:38,801 - INFO - ========================================
2023-12-11 06:12:38,801 - INFO - Epoch 88/100
2023-12-11 06:12:38,801 - INFO - Train Loss: 1.76  -   Train Acc: 69.67%
2023-12-11 06:12:42,479 - INFO - Val Loss: 1.83  -  Val Acc: 58.31%
2023-12-11 06:13:15,418 - INFO - ========================================
2023-12-11 06:13:15,418 - INFO - Epoch 89/100
2023-12-11 06:13:15,419 - INFO - Train Loss: 1.68  -   Train Acc: 71.48%
2023-12-11 06:13:19,169 - INFO - Val Loss: 1.74  -  Val Acc: 59.46%
2023-12-11 06:13:52,543 - INFO - ========================================
2023-12-11 06:13:52,544 - INFO - Epoch 90/100
2023-12-11 06:13:52,544 - INFO - Train Loss: 1.69  -   Train Acc: 70.83%
2023-12-11 06:13:56,265 - INFO - Val Loss: 1.79  -  Val Acc: 58.79%
2023-12-11 06:14:29,634 - INFO - ========================================
2023-12-11 06:14:29,634 - INFO - Epoch 91/100
2023-12-11 06:14:29,634 - INFO - Train Loss: 1.73  -   Train Acc: 70.56%
2023-12-11 06:14:33,469 - INFO - Val Loss: 1.77  -  Val Acc: 59.17%
2023-12-11 06:15:06,339 - INFO - ========================================
2023-12-11 06:15:06,340 - INFO - Epoch 92/100
2023-12-11 06:15:06,340 - INFO - Train Loss: 1.74  -   Train Acc: 70.64%
2023-12-11 06:15:10,125 - INFO - Val Loss: 1.82  -  Val Acc: 58.44%
2023-12-11 06:15:43,370 - INFO - ========================================
2023-12-11 06:15:43,371 - INFO - Epoch 93/100
2023-12-11 06:15:43,371 - INFO - Train Loss: 1.75  -   Train Acc: 69.85%
2023-12-11 06:15:47,100 - INFO - Val Loss: 1.76  -  Val Acc: 59.23%
2023-12-11 06:16:21,135 - INFO - ========================================
2023-12-11 06:16:21,135 - INFO - Epoch 94/100
2023-12-11 06:16:21,135 - INFO - Train Loss: 1.84  -   Train Acc: 68.57%
2023-12-11 06:16:24,953 - INFO - Val Loss: 1.76  -  Val Acc: 59.24%
2023-12-11 06:16:57,990 - INFO - ========================================
2023-12-11 06:16:57,991 - INFO - Epoch 95/100
2023-12-11 06:16:57,991 - INFO - Train Loss: 1.78  -   Train Acc: 69.56%
2023-12-11 06:17:01,752 - INFO - Val Loss: 1.82  -  Val Acc: 58.57%
2023-12-11 06:17:34,940 - INFO - ========================================
2023-12-11 06:17:34,940 - INFO - Epoch 96/100
2023-12-11 06:17:34,940 - INFO - Train Loss: 1.72  -   Train Acc: 70.58%
2023-12-11 06:17:38,694 - INFO - Val Loss: 1.77  -  Val Acc: 59.02%
2023-12-11 06:18:11,595 - INFO - ========================================
2023-12-11 06:18:11,595 - INFO - Epoch 97/100
2023-12-11 06:18:11,595 - INFO - Train Loss: 1.70  -   Train Acc: 71.28%
2023-12-11 06:18:15,273 - INFO - Val Loss: 1.77  -  Val Acc: 59.33%
2023-12-11 06:18:48,184 - INFO - ========================================
2023-12-11 06:18:48,185 - INFO - Epoch 98/100
2023-12-11 06:18:48,185 - INFO - Train Loss: 1.68  -   Train Acc: 71.47%
2023-12-11 06:18:51,878 - INFO - Val Loss: 1.76  -  Val Acc: 59.35%
2023-12-11 06:19:24,691 - INFO - ========================================
2023-12-11 06:19:24,691 - INFO - Epoch 99/100
2023-12-11 06:19:24,691 - INFO - Train Loss: 1.67  -   Train Acc: 71.58%
2023-12-11 06:19:28,399 - INFO - Val Loss: 1.75  -  Val Acc: 59.43%
2023-12-11 06:20:01,740 - INFO - ========================================
2023-12-11 06:20:01,741 - INFO - Epoch 100/100
2023-12-11 06:20:01,741 - INFO - Train Loss: 1.67  -   Train Acc: 71.71%
2023-12-11 06:20:05,817 - INFO - Val Loss: 1.76  -  Val Acc: 59.62%
2023-12-11 06:20:05,819 - INFO - ========================================
2023-12-11 06:20:05,819 - INFO - Training Completed! 😀
