2023-12-18 03:26:49,872 - INFO - 🚀 Training MobileNetV3 - Omni Dimensional Dynamic Convolution 🚀
2023-12-18 03:28:03,192 - INFO - ========================================
2023-12-18 03:28:03,192 - INFO - [1;34mEpoch 1/100[0m
2023-12-18 03:28:03,192 - INFO - Train Loss: 4.04  -   Train Acc: 8.65%
2023-12-18 03:28:06,989 - INFO - Val Loss: 3.44  -  Val Acc: 16.88%
2023-12-18 03:29:20,706 - INFO - ========================================
2023-12-18 03:29:20,706 - INFO - [1;34mEpoch 2/100[0m
2023-12-18 03:29:20,706 - INFO - Train Loss: 3.63  -   Train Acc: 16.24%
2023-12-18 03:29:24,496 - INFO - Val Loss: 2.97  -  Val Acc: 25.72%
2023-12-18 03:30:37,167 - INFO - ========================================
2023-12-18 03:30:37,168 - INFO - [1;34mEpoch 3/100[0m
2023-12-18 03:30:37,168 - INFO - Train Loss: 3.33  -   Train Acc: 22.08%
2023-12-18 03:30:40,903 - INFO - Val Loss: 2.62  -  Val Acc: 33.48%
2023-12-18 03:31:54,301 - INFO - ========================================
2023-12-18 03:31:54,301 - INFO - [1;34mEpoch 4/100[0m
2023-12-18 03:31:54,301 - INFO - Train Loss: 3.15  -   Train Acc: 26.26%
2023-12-18 03:31:58,072 - INFO - Val Loss: 2.43  -  Val Acc: 38.43%
2023-12-18 03:33:10,830 - INFO - ========================================
2023-12-18 03:33:10,830 - INFO - [1;34mEpoch 5/100[0m
2023-12-18 03:33:10,830 - INFO - Train Loss: 2.81  -   Train Acc: 33.96%
2023-12-18 03:33:14,627 - INFO - Val Loss: 2.20  -  Val Acc: 43.18%
2023-12-18 03:34:27,603 - INFO - ========================================
2023-12-18 03:34:27,603 - INFO - [1;34mEpoch 6/100[0m
2023-12-18 03:34:27,603 - INFO - Train Loss: 2.64  -   Train Acc: 38.44%
2023-12-18 03:34:31,436 - INFO - Val Loss: 2.06  -  Val Acc: 46.14%
2023-12-18 03:35:43,964 - INFO - ========================================
2023-12-18 03:35:43,964 - INFO - [1;34mEpoch 7/100[0m
2023-12-18 03:35:43,964 - INFO - Train Loss: 2.61  -   Train Acc: 39.66%
2023-12-18 03:35:47,760 - INFO - Val Loss: 1.99  -  Val Acc: 47.90%
2023-12-18 03:37:00,936 - INFO - ========================================
2023-12-18 03:37:00,937 - INFO - [1;34mEpoch 8/100[0m
2023-12-18 03:37:00,937 - INFO - Train Loss: 2.43  -   Train Acc: 44.12%
2023-12-18 03:37:04,701 - INFO - Val Loss: 1.86  -  Val Acc: 49.94%
2023-12-18 03:38:17,973 - INFO - ========================================
2023-12-18 03:38:17,974 - INFO - [1;34mEpoch 9/100[0m
2023-12-18 03:38:17,974 - INFO - Train Loss: 2.39  -   Train Acc: 46.01%
2023-12-18 03:38:21,772 - INFO - Val Loss: 1.75  -  Val Acc: 52.75%
2023-12-18 03:39:34,552 - INFO - ========================================
2023-12-18 03:39:34,552 - INFO - [1;34mEpoch 10/100[0m
2023-12-18 03:39:34,552 - INFO - Train Loss: 2.24  -   Train Acc: 49.67%
2023-12-18 03:39:38,348 - INFO - Val Loss: 1.71  -  Val Acc: 54.29%
2023-12-18 03:40:51,667 - INFO - ========================================
2023-12-18 03:40:51,667 - INFO - [1;34mEpoch 11/100[0m
2023-12-18 03:40:51,667 - INFO - Train Loss: 2.05  -   Train Acc: 54.29%
2023-12-18 03:40:55,461 - INFO - Val Loss: 1.64  -  Val Acc: 55.69%
2023-12-18 03:42:08,392 - INFO - ========================================
2023-12-18 03:42:08,392 - INFO - [1;34mEpoch 12/100[0m
2023-12-18 03:42:08,392 - INFO - Train Loss: 2.09  -   Train Acc: 54.24%
2023-12-18 03:42:12,179 - INFO - Val Loss: 1.66  -  Val Acc: 55.70%
2023-12-18 03:43:24,662 - INFO - ========================================
2023-12-18 03:43:24,662 - INFO - [1;34mEpoch 13/100[0m
2023-12-18 03:43:24,662 - INFO - Train Loss: 2.04  -   Train Acc: 55.45%
2023-12-18 03:43:28,432 - INFO - Val Loss: 1.59  -  Val Acc: 57.54%
2023-12-18 03:44:41,790 - INFO - ========================================
2023-12-18 03:44:41,790 - INFO - [1;34mEpoch 14/100[0m
2023-12-18 03:44:41,790 - INFO - Train Loss: 1.92  -   Train Acc: 58.75%
2023-12-18 03:44:45,596 - INFO - Val Loss: 1.67  -  Val Acc: 55.67%
2023-12-18 03:45:58,034 - INFO - ========================================
2023-12-18 03:45:58,034 - INFO - [1;34mEpoch 15/100[0m
2023-12-18 03:45:58,034 - INFO - Train Loss: 1.86  -   Train Acc: 60.52%
2023-12-18 03:46:01,843 - INFO - Val Loss: 1.57  -  Val Acc: 57.94%
2023-12-18 03:47:14,882 - INFO - ========================================
2023-12-18 03:47:14,882 - INFO - [1;34mEpoch 16/100[0m
2023-12-18 03:47:14,882 - INFO - Train Loss: 1.75  -   Train Acc: 64.17%
2023-12-18 03:47:18,721 - INFO - Val Loss: 1.67  -  Val Acc: 56.33%
2023-12-18 03:48:31,484 - INFO - ========================================
2023-12-18 03:48:31,485 - INFO - [1;34mEpoch 17/100[0m
2023-12-18 03:48:31,485 - INFO - Train Loss: 1.74  -   Train Acc: 64.49%
2023-12-18 03:48:35,302 - INFO - Val Loss: 1.89  -  Val Acc: 52.87%
2023-12-18 03:49:48,430 - INFO - ========================================
2023-12-18 03:49:48,430 - INFO - [1;34mEpoch 18/100[0m
2023-12-18 03:49:48,430 - INFO - Train Loss: 1.78  -   Train Acc: 63.56%
2023-12-18 03:49:52,204 - INFO - Val Loss: 1.54  -  Val Acc: 59.16%
2023-12-18 03:51:05,296 - INFO - ========================================
2023-12-18 03:51:05,296 - INFO - [1;34mEpoch 19/100[0m
2023-12-18 03:51:05,296 - INFO - Train Loss: 1.59  -   Train Acc: 69.22%
2023-12-18 03:51:09,077 - INFO - Val Loss: 1.55  -  Val Acc: 59.18%
2023-12-18 03:52:22,500 - INFO - ========================================
2023-12-18 03:52:22,500 - INFO - [1;34mEpoch 20/100[0m
2023-12-18 03:52:22,500 - INFO - Train Loss: 1.57  -   Train Acc: 69.93%
2023-12-18 03:52:26,300 - INFO - Val Loss: 1.54  -  Val Acc: 59.62%
2023-12-18 03:53:39,586 - INFO - ========================================
2023-12-18 03:53:39,586 - INFO - [1;34mEpoch 21/100[0m
2023-12-18 03:53:39,586 - INFO - Train Loss: 1.50  -   Train Acc: 71.70%
2023-12-18 03:53:43,348 - INFO - Val Loss: 1.60  -  Val Acc: 58.82%
2023-12-18 03:54:56,404 - INFO - ========================================
2023-12-18 03:54:56,405 - INFO - [1;34mEpoch 22/100[0m
2023-12-18 03:54:56,405 - INFO - Train Loss: 1.52  -   Train Acc: 71.72%
2023-12-18 03:55:00,193 - INFO - Val Loss: 1.64  -  Val Acc: 58.65%
2023-12-18 03:56:12,827 - INFO - ========================================
2023-12-18 03:56:12,827 - INFO - [1;34mEpoch 23/100[0m
2023-12-18 03:56:12,827 - INFO - Train Loss: 1.54  -   Train Acc: 71.08%
2023-12-18 03:56:16,628 - INFO - Val Loss: 1.57  -  Val Acc: 60.26%
2023-12-18 03:57:29,681 - INFO - ========================================
2023-12-18 03:57:29,681 - INFO - [1;34mEpoch 24/100[0m
2023-12-18 03:57:29,681 - INFO - Train Loss: 1.45  -   Train Acc: 73.57%
2023-12-18 03:57:33,457 - INFO - Val Loss: 1.57  -  Val Acc: 59.78%
2023-12-18 03:58:47,169 - INFO - ========================================
2023-12-18 03:58:47,169 - INFO - [1;34mEpoch 25/100[0m
2023-12-18 03:58:47,169 - INFO - Train Loss: 1.39  -   Train Acc: 74.68%
2023-12-18 03:58:50,946 - INFO - Val Loss: 1.58  -  Val Acc: 59.72%
2023-12-18 04:00:04,631 - INFO - ========================================
2023-12-18 04:00:04,631 - INFO - [1;34mEpoch 26/100[0m
2023-12-18 04:00:04,631 - INFO - Train Loss: 1.42  -   Train Acc: 74.31%
2023-12-18 04:00:08,461 - INFO - Val Loss: 1.59  -  Val Acc: 60.03%
2023-12-18 04:01:21,552 - INFO - ========================================
2023-12-18 04:01:21,553 - INFO - [1;34mEpoch 27/100[0m
2023-12-18 04:01:21,553 - INFO - Train Loss: 1.45  -   Train Acc: 74.15%
2023-12-18 04:01:25,389 - INFO - Val Loss: 1.60  -  Val Acc: 60.00%
2023-12-18 04:02:38,249 - INFO - ========================================
2023-12-18 04:02:38,249 - INFO - [1;34mEpoch 28/100[0m
2023-12-18 04:02:38,249 - INFO - Train Loss: 1.36  -   Train Acc: 75.95%
2023-12-18 04:02:42,055 - INFO - Val Loss: 1.58  -  Val Acc: 60.33%
2023-12-18 04:03:55,493 - INFO - ========================================
2023-12-18 04:03:55,493 - INFO - [1;34mEpoch 29/100[0m
2023-12-18 04:03:55,493 - INFO - Train Loss: 1.46  -   Train Acc: 73.44%
2023-12-18 04:03:59,297 - INFO - Val Loss: 1.63  -  Val Acc: 59.31%
2023-12-18 04:05:12,834 - INFO - ========================================
2023-12-18 04:05:12,834 - INFO - [1;34mEpoch 30/100[0m
2023-12-18 04:05:12,834 - INFO - Train Loss: 1.41  -   Train Acc: 74.65%
2023-12-18 04:05:16,637 - INFO - Val Loss: 1.73  -  Val Acc: 57.30%
2023-12-18 04:06:29,641 - INFO - ========================================
2023-12-18 04:06:29,641 - INFO - [1;34mEpoch 31/100[0m
2023-12-18 04:06:29,642 - INFO - Train Loss: 1.41  -   Train Acc: 74.14%
2023-12-18 04:06:33,462 - INFO - Val Loss: 1.65  -  Val Acc: 59.23%
2023-12-18 04:07:46,540 - INFO - ========================================
2023-12-18 04:07:46,540 - INFO - [1;34mEpoch 32/100[0m
2023-12-18 04:07:46,540 - INFO - Train Loss: 1.45  -   Train Acc: 74.19%
2023-12-18 04:07:50,337 - INFO - Val Loss: 1.61  -  Val Acc: 60.14%
2023-12-18 04:09:03,635 - INFO - ========================================
2023-12-18 04:09:03,636 - INFO - [1;34mEpoch 33/100[0m
2023-12-18 04:09:03,636 - INFO - Train Loss: 1.28  -   Train Acc: 77.50%
2023-12-18 04:09:07,402 - INFO - Val Loss: 1.60  -  Val Acc: 60.34%
2023-12-18 04:10:20,787 - INFO - ========================================
2023-12-18 04:10:20,788 - INFO - [1;34mEpoch 34/100[0m
2023-12-18 04:10:20,788 - INFO - Train Loss: 1.42  -   Train Acc: 74.77%
2023-12-18 04:10:24,536 - INFO - Val Loss: 1.62  -  Val Acc: 60.08%
2023-12-18 04:11:37,509 - INFO - ========================================
2023-12-18 04:11:37,509 - INFO - [1;34mEpoch 35/100[0m
2023-12-18 04:11:37,509 - INFO - Train Loss: 1.32  -   Train Acc: 76.84%
2023-12-18 04:11:41,311 - INFO - Val Loss: 1.65  -  Val Acc: 59.31%
2023-12-18 04:12:52,909 - INFO - ========================================
2023-12-18 04:12:52,909 - INFO - [1;34mEpoch 36/100[0m
2023-12-18 04:12:52,909 - INFO - Train Loss: 1.30  -   Train Acc: 77.35%
2023-12-18 04:12:56,685 - INFO - Val Loss: 1.59  -  Val Acc: 60.52%
2023-12-18 04:14:09,730 - INFO - ========================================
2023-12-18 04:14:09,730 - INFO - [1;34mEpoch 37/100[0m
2023-12-18 04:14:09,730 - INFO - Train Loss: 1.28  -   Train Acc: 77.48%
2023-12-18 04:14:13,508 - INFO - Val Loss: 1.60  -  Val Acc: 60.10%
2023-12-18 04:15:27,111 - INFO - ========================================
2023-12-18 04:15:27,111 - INFO - [1;34mEpoch 38/100[0m
2023-12-18 04:15:27,111 - INFO - Train Loss: 1.40  -   Train Acc: 75.33%
2023-12-18 04:15:30,911 - INFO - Val Loss: 1.62  -  Val Acc: 60.59%
2023-12-18 04:16:43,810 - INFO - ========================================
2023-12-18 04:16:43,810 - INFO - [1;34mEpoch 39/100[0m
2023-12-18 04:16:43,810 - INFO - Train Loss: 1.39  -   Train Acc: 75.35%
2023-12-18 04:16:47,608 - INFO - Val Loss: 1.65  -  Val Acc: 59.48%
2023-12-18 04:18:00,506 - INFO - ========================================
2023-12-18 04:18:00,506 - INFO - [1;34mEpoch 40/100[0m
2023-12-18 04:18:00,506 - INFO - Train Loss: 1.25  -   Train Acc: 78.26%
2023-12-18 04:18:04,274 - INFO - Val Loss: 1.60  -  Val Acc: 60.93%
2023-12-18 04:19:17,819 - INFO - ========================================
2023-12-18 04:19:17,820 - INFO - [1;34mEpoch 41/100[0m
2023-12-18 04:19:17,820 - INFO - Train Loss: 1.30  -   Train Acc: 77.16%
2023-12-18 04:19:21,587 - INFO - Val Loss: 1.63  -  Val Acc: 59.90%
2023-12-18 04:20:35,230 - INFO - ========================================
2023-12-18 04:20:35,231 - INFO - [1;34mEpoch 42/100[0m
2023-12-18 04:20:35,231 - INFO - Train Loss: 1.42  -   Train Acc: 74.94%
2023-12-18 04:20:39,016 - INFO - Val Loss: 1.62  -  Val Acc: 60.31%
2023-12-18 04:21:52,289 - INFO - ========================================
2023-12-18 04:21:52,290 - INFO - [1;34mEpoch 43/100[0m
2023-12-18 04:21:52,290 - INFO - Train Loss: 1.37  -   Train Acc: 75.32%
2023-12-18 04:21:56,061 - INFO - Val Loss: 1.61  -  Val Acc: 60.28%
2023-12-18 04:23:08,813 - INFO - ========================================
2023-12-18 04:23:08,813 - INFO - [1;34mEpoch 44/100[0m
2023-12-18 04:23:08,813 - INFO - Train Loss: 1.35  -   Train Acc: 76.21%
2023-12-18 04:23:12,595 - INFO - Val Loss: 1.61  -  Val Acc: 61.15%
2023-12-18 04:24:25,334 - INFO - ========================================
2023-12-18 04:24:25,334 - INFO - [1;34mEpoch 45/100[0m
2023-12-18 04:24:25,334 - INFO - Train Loss: 1.24  -   Train Acc: 78.40%
2023-12-18 04:24:29,136 - INFO - Val Loss: 1.54  -  Val Acc: 61.99%
2023-12-18 04:25:41,259 - INFO - ========================================
2023-12-18 04:25:41,259 - INFO - [1;34mEpoch 46/100[0m
2023-12-18 04:25:41,259 - INFO - Train Loss: 1.31  -   Train Acc: 76.98%
2023-12-18 04:25:45,063 - INFO - Val Loss: 1.57  -  Val Acc: 61.33%
2023-12-18 04:26:58,327 - INFO - ========================================
2023-12-18 04:26:58,327 - INFO - [1;34mEpoch 47/100[0m
2023-12-18 04:26:58,328 - INFO - Train Loss: 1.35  -   Train Acc: 76.26%
2023-12-18 04:27:02,097 - INFO - Val Loss: 1.67  -  Val Acc: 59.86%
2023-12-18 04:28:15,199 - INFO - ========================================
2023-12-18 04:28:15,199 - INFO - [1;34mEpoch 48/100[0m
2023-12-18 04:28:15,199 - INFO - Train Loss: 1.27  -   Train Acc: 77.88%
2023-12-18 04:28:18,993 - INFO - Val Loss: 1.61  -  Val Acc: 60.54%
2023-12-18 04:29:32,038 - INFO - ========================================
2023-12-18 04:29:32,038 - INFO - [1;34mEpoch 49/100[0m
2023-12-18 04:29:32,038 - INFO - Train Loss: 1.23  -   Train Acc: 78.95%
2023-12-18 04:29:35,837 - INFO - Val Loss: 1.54  -  Val Acc: 62.08%
2023-12-18 04:30:48,563 - INFO - ========================================
2023-12-18 04:30:48,563 - INFO - [1;34mEpoch 50/100[0m
2023-12-18 04:30:48,563 - INFO - Train Loss: 1.21  -   Train Acc: 79.34%
2023-12-18 04:30:52,336 - INFO - Val Loss: 1.65  -  Val Acc: 60.26%
2023-12-18 04:32:04,654 - INFO - ========================================
2023-12-18 04:32:04,654 - INFO - [1;34mEpoch 51/100[0m
2023-12-18 04:32:04,654 - INFO - Train Loss: 1.35  -   Train Acc: 76.32%
2023-12-18 04:32:08,462 - INFO - Val Loss: 1.65  -  Val Acc: 60.18%
2023-12-18 04:33:21,106 - INFO - ========================================
2023-12-18 04:33:21,106 - INFO - [1;34mEpoch 52/100[0m
2023-12-18 04:33:21,106 - INFO - Train Loss: 1.24  -   Train Acc: 78.33%
2023-12-18 04:33:24,910 - INFO - Val Loss: 1.53  -  Val Acc: 62.30%
2023-12-18 04:34:37,932 - INFO - ========================================
2023-12-18 04:34:37,932 - INFO - [1;34mEpoch 53/100[0m
2023-12-18 04:34:37,932 - INFO - Train Loss: 1.21  -   Train Acc: 79.56%
2023-12-18 04:34:41,727 - INFO - Val Loss: 1.58  -  Val Acc: 61.49%
2023-12-18 04:35:54,959 - INFO - ========================================
2023-12-18 04:35:54,959 - INFO - [1;34mEpoch 54/100[0m
2023-12-18 04:35:54,959 - INFO - Train Loss: 1.34  -   Train Acc: 76.63%
2023-12-18 04:35:58,788 - INFO - Val Loss: 1.55  -  Val Acc: 61.83%
2023-12-18 04:37:11,678 - INFO - ========================================
2023-12-18 04:37:11,679 - INFO - [1;34mEpoch 55/100[0m
2023-12-18 04:37:11,679 - INFO - Train Loss: 1.21  -   Train Acc: 79.81%
2023-12-18 04:37:15,497 - INFO - Val Loss: 1.58  -  Val Acc: 61.87%
2023-12-18 04:38:28,571 - INFO - ========================================
2023-12-18 04:38:28,571 - INFO - [1;34mEpoch 56/100[0m
2023-12-18 04:38:28,571 - INFO - Train Loss: 1.24  -   Train Acc: 78.10%
2023-12-18 04:38:32,376 - INFO - Val Loss: 1.54  -  Val Acc: 62.68%
2023-12-18 04:39:45,572 - INFO - ========================================
2023-12-18 04:39:45,572 - INFO - [1;34mEpoch 57/100[0m
2023-12-18 04:39:45,572 - INFO - Train Loss: 1.25  -   Train Acc: 78.35%
2023-12-18 04:39:49,366 - INFO - Val Loss: 1.54  -  Val Acc: 62.82%
2023-12-18 04:41:02,366 - INFO - ========================================
2023-12-18 04:41:02,366 - INFO - [1;34mEpoch 58/100[0m
2023-12-18 04:41:02,366 - INFO - Train Loss: 1.29  -   Train Acc: 77.46%
2023-12-18 04:41:06,168 - INFO - Val Loss: 1.54  -  Val Acc: 62.25%
2023-12-18 04:42:19,358 - INFO - ========================================
2023-12-18 04:42:19,358 - INFO - [1;34mEpoch 59/100[0m
2023-12-18 04:42:19,358 - INFO - Train Loss: 1.20  -   Train Acc: 79.23%
2023-12-18 04:42:23,140 - INFO - Val Loss: 1.54  -  Val Acc: 62.65%
2023-12-18 04:43:36,593 - INFO - ========================================
2023-12-18 04:43:36,593 - INFO - [1;34mEpoch 60/100[0m
2023-12-18 04:43:36,593 - INFO - Train Loss: 1.22  -   Train Acc: 78.93%
2023-12-18 04:43:40,387 - INFO - Val Loss: 1.55  -  Val Acc: 62.68%
2023-12-18 04:44:53,784 - INFO - ========================================
2023-12-18 04:44:53,784 - INFO - [1;34mEpoch 61/100[0m
2023-12-18 04:44:53,784 - INFO - Train Loss: 1.24  -   Train Acc: 77.97%
2023-12-18 04:44:57,578 - INFO - Val Loss: 1.58  -  Val Acc: 62.06%
2023-12-18 04:46:10,621 - INFO - ========================================
2023-12-18 04:46:10,621 - INFO - [1;34mEpoch 62/100[0m
2023-12-18 04:46:10,621 - INFO - Train Loss: 1.21  -   Train Acc: 78.97%
2023-12-18 04:46:14,457 - INFO - Val Loss: 1.60  -  Val Acc: 61.71%
2023-12-18 04:47:27,162 - INFO - ========================================
2023-12-18 04:47:27,163 - INFO - [1;34mEpoch 63/100[0m
2023-12-18 04:47:27,163 - INFO - Train Loss: 1.18  -   Train Acc: 79.97%
2023-12-18 04:47:30,989 - INFO - Val Loss: 1.53  -  Val Acc: 62.98%
2023-12-18 04:48:43,711 - INFO - ========================================
2023-12-18 04:48:43,711 - INFO - [1;34mEpoch 64/100[0m
2023-12-18 04:48:43,711 - INFO - Train Loss: 1.18  -   Train Acc: 79.57%
2023-12-18 04:48:47,483 - INFO - Val Loss: 1.57  -  Val Acc: 62.09%
2023-12-18 04:50:00,395 - INFO - ========================================
2023-12-18 04:50:00,395 - INFO - [1;34mEpoch 65/100[0m
2023-12-18 04:50:00,395 - INFO - Train Loss: 1.16  -   Train Acc: 79.94%
2023-12-18 04:50:04,211 - INFO - Val Loss: 1.51  -  Val Acc: 63.10%
2023-12-18 04:51:17,016 - INFO - ========================================
2023-12-18 04:51:17,017 - INFO - [1;34mEpoch 66/100[0m
2023-12-18 04:51:17,017 - INFO - Train Loss: 1.24  -   Train Acc: 78.05%
2023-12-18 04:51:20,790 - INFO - Val Loss: 1.59  -  Val Acc: 62.52%
2023-12-18 04:52:33,635 - INFO - ========================================
2023-12-18 04:52:33,635 - INFO - [1;34mEpoch 67/100[0m
2023-12-18 04:52:33,635 - INFO - Train Loss: 1.28  -   Train Acc: 77.58%
2023-12-18 04:52:37,414 - INFO - Val Loss: 1.56  -  Val Acc: 62.44%
2023-12-18 04:53:49,175 - INFO - ========================================
2023-12-18 04:53:49,176 - INFO - [1;34mEpoch 68/100[0m
2023-12-18 04:53:49,176 - INFO - Train Loss: 1.23  -   Train Acc: 78.49%
2023-12-18 04:53:52,969 - INFO - Val Loss: 1.52  -  Val Acc: 62.48%
2023-12-18 04:55:05,853 - INFO - ========================================
2023-12-18 04:55:05,853 - INFO - [1;34mEpoch 69/100[0m
2023-12-18 04:55:05,853 - INFO - Train Loss: 1.21  -   Train Acc: 79.15%
2023-12-18 04:55:09,653 - INFO - Val Loss: 1.54  -  Val Acc: 62.91%
2023-12-18 04:56:22,500 - INFO - ========================================
2023-12-18 04:56:22,500 - INFO - [1;34mEpoch 70/100[0m
2023-12-18 04:56:22,501 - INFO - Train Loss: 1.21  -   Train Acc: 79.07%
2023-12-18 04:56:26,300 - INFO - Val Loss: 1.53  -  Val Acc: 63.04%
2023-12-18 04:57:39,193 - INFO - ========================================
2023-12-18 04:57:39,193 - INFO - [1;34mEpoch 71/100[0m
2023-12-18 04:57:39,193 - INFO - Train Loss: 1.08  -   Train Acc: 81.58%
2023-12-18 04:57:42,981 - INFO - Val Loss: 1.53  -  Val Acc: 64.06%
2023-12-18 04:58:56,065 - INFO - ========================================
2023-12-18 04:58:56,066 - INFO - [1;34mEpoch 72/100[0m
2023-12-18 04:58:56,066 - INFO - Train Loss: 1.21  -   Train Acc: 78.75%
2023-12-18 04:58:59,879 - INFO - Val Loss: 1.55  -  Val Acc: 62.46%
2023-12-18 05:00:12,818 - INFO - ========================================
2023-12-18 05:00:12,818 - INFO - [1;34mEpoch 73/100[0m
2023-12-18 05:00:12,818 - INFO - Train Loss: 1.25  -   Train Acc: 78.18%
2023-12-18 05:00:16,634 - INFO - Val Loss: 1.57  -  Val Acc: 62.03%
2023-12-18 05:01:29,982 - INFO - ========================================
2023-12-18 05:01:29,982 - INFO - [1;34mEpoch 74/100[0m
2023-12-18 05:01:29,982 - INFO - Train Loss: 1.17  -   Train Acc: 79.29%
2023-12-18 05:01:33,793 - INFO - Val Loss: 1.51  -  Val Acc: 62.91%
2023-12-18 05:02:47,358 - INFO - ========================================
2023-12-18 05:02:47,358 - INFO - [1;34mEpoch 75/100[0m
2023-12-18 05:02:47,358 - INFO - Train Loss: 1.25  -   Train Acc: 78.46%
2023-12-18 05:02:51,172 - INFO - Val Loss: 1.56  -  Val Acc: 62.17%
2023-12-18 05:04:04,405 - INFO - ========================================
2023-12-18 05:04:04,405 - INFO - [1;34mEpoch 76/100[0m
2023-12-18 05:04:04,405 - INFO - Train Loss: 1.24  -   Train Acc: 78.64%
2023-12-18 05:04:08,223 - INFO - Val Loss: 1.53  -  Val Acc: 63.68%
2023-12-18 05:05:21,055 - INFO - ========================================
2023-12-18 05:05:21,055 - INFO - [1;34mEpoch 77/100[0m
2023-12-18 05:05:21,056 - INFO - Train Loss: 1.26  -   Train Acc: 77.67%
2023-12-18 05:05:24,862 - INFO - Val Loss: 1.53  -  Val Acc: 62.89%
2023-12-18 05:06:38,698 - INFO - ========================================
2023-12-18 05:06:38,699 - INFO - [1;34mEpoch 78/100[0m
2023-12-18 05:06:38,699 - INFO - Train Loss: 1.20  -   Train Acc: 79.15%
2023-12-18 05:06:42,511 - INFO - Val Loss: 1.51  -  Val Acc: 63.99%
2023-12-18 05:07:55,273 - INFO - ========================================
2023-12-18 05:07:55,273 - INFO - [1;34mEpoch 79/100[0m
2023-12-18 05:07:55,273 - INFO - Train Loss: 1.21  -   Train Acc: 78.97%
2023-12-18 05:07:59,070 - INFO - Val Loss: 1.52  -  Val Acc: 63.82%
2023-12-18 05:09:12,385 - INFO - ========================================
2023-12-18 05:09:12,385 - INFO - [1;34mEpoch 80/100[0m
2023-12-18 05:09:12,385 - INFO - Train Loss: 1.14  -   Train Acc: 80.16%
2023-12-18 05:09:16,169 - INFO - Val Loss: 1.49  -  Val Acc: 63.83%
2023-12-18 05:10:29,695 - INFO - ========================================
2023-12-18 05:10:29,695 - INFO - [1;34mEpoch 81/100[0m
2023-12-18 05:10:29,695 - INFO - Train Loss: 1.16  -   Train Acc: 80.03%
2023-12-18 05:10:33,520 - INFO - Val Loss: 1.56  -  Val Acc: 63.25%
2023-12-18 05:11:46,381 - INFO - ========================================
2023-12-18 05:11:46,381 - INFO - [1;34mEpoch 82/100[0m
2023-12-18 05:11:46,381 - INFO - Train Loss: 1.08  -   Train Acc: 81.25%
2023-12-18 05:11:50,166 - INFO - Val Loss: 1.50  -  Val Acc: 64.07%
2023-12-18 05:13:03,313 - INFO - ========================================
2023-12-18 05:13:03,313 - INFO - [1;34mEpoch 83/100[0m
2023-12-18 05:13:03,313 - INFO - Train Loss: 1.26  -   Train Acc: 77.24%
2023-12-18 05:13:07,077 - INFO - Val Loss: 1.48  -  Val Acc: 64.58%
2023-12-18 05:14:20,190 - INFO - ========================================
2023-12-18 05:14:20,190 - INFO - [1;34mEpoch 84/100[0m
2023-12-18 05:14:20,190 - INFO - Train Loss: 1.17  -   Train Acc: 79.91%
2023-12-18 05:14:23,984 - INFO - Val Loss: 1.54  -  Val Acc: 63.59%
2023-12-18 05:15:36,601 - INFO - ========================================
2023-12-18 05:15:36,602 - INFO - [1;34mEpoch 85/100[0m
2023-12-18 05:15:36,602 - INFO - Train Loss: 1.23  -   Train Acc: 78.39%
2023-12-18 05:15:40,397 - INFO - Val Loss: 1.50  -  Val Acc: 63.98%
2023-12-18 05:16:52,416 - INFO - ========================================
2023-12-18 05:16:52,416 - INFO - [1;34mEpoch 86/100[0m
2023-12-18 05:16:52,416 - INFO - Train Loss: 1.14  -   Train Acc: 80.28%
2023-12-18 05:16:56,194 - INFO - Val Loss: 1.49  -  Val Acc: 64.59%
2023-12-18 05:18:09,471 - INFO - ========================================
2023-12-18 05:18:09,471 - INFO - [1;34mEpoch 87/100[0m
2023-12-18 05:18:09,471 - INFO - Train Loss: 1.23  -   Train Acc: 78.13%
2023-12-18 05:18:13,244 - INFO - Val Loss: 1.49  -  Val Acc: 64.47%
2023-12-18 05:19:26,005 - INFO - ========================================
2023-12-18 05:19:26,006 - INFO - [1;34mEpoch 88/100[0m
2023-12-18 05:19:26,006 - INFO - Train Loss: 1.12  -   Train Acc: 80.27%
2023-12-18 05:19:29,818 - INFO - Val Loss: 1.52  -  Val Acc: 63.91%
2023-12-18 05:20:42,117 - INFO - ========================================
2023-12-18 05:20:42,117 - INFO - [1;34mEpoch 89/100[0m
2023-12-18 05:20:42,117 - INFO - Train Loss: 1.22  -   Train Acc: 78.55%
2023-12-18 05:20:45,905 - INFO - Val Loss: 1.51  -  Val Acc: 64.29%
2023-12-18 05:21:58,624 - INFO - ========================================
2023-12-18 05:21:58,624 - INFO - [1;34mEpoch 90/100[0m
2023-12-18 05:21:58,624 - INFO - Train Loss: 1.20  -   Train Acc: 79.22%
2023-12-18 05:22:02,444 - INFO - Val Loss: 1.52  -  Val Acc: 63.80%
2023-12-18 05:23:15,345 - INFO - ========================================
2023-12-18 05:23:15,345 - INFO - [1;34mEpoch 91/100[0m
2023-12-18 05:23:15,346 - INFO - Train Loss: 1.17  -   Train Acc: 79.56%
2023-12-18 05:23:19,135 - INFO - Val Loss: 1.49  -  Val Acc: 64.15%
2023-12-18 05:24:31,314 - INFO - ========================================
2023-12-18 05:24:31,315 - INFO - [1;34mEpoch 92/100[0m
2023-12-18 05:24:31,315 - INFO - Train Loss: 1.24  -   Train Acc: 78.01%
2023-12-18 05:24:35,098 - INFO - Val Loss: 1.53  -  Val Acc: 63.31%
2023-12-18 05:25:48,350 - INFO - ========================================
2023-12-18 05:25:48,350 - INFO - [1;34mEpoch 93/100[0m
2023-12-18 05:25:48,350 - INFO - Train Loss: 1.19  -   Train Acc: 78.61%
2023-12-18 05:25:52,138 - INFO - Val Loss: 1.53  -  Val Acc: 63.56%
2023-12-18 05:27:05,114 - INFO - ========================================
2023-12-18 05:27:05,114 - INFO - [1;34mEpoch 94/100[0m
2023-12-18 05:27:05,114 - INFO - Train Loss: 1.13  -   Train Acc: 80.41%
2023-12-18 05:27:08,913 - INFO - Val Loss: 1.49  -  Val Acc: 64.53%
2023-12-18 05:28:22,207 - INFO - ========================================
2023-12-18 05:28:22,207 - INFO - [1;34mEpoch 95/100[0m
2023-12-18 05:28:22,207 - INFO - Train Loss: 1.08  -   Train Acc: 81.40%
2023-12-18 05:28:26,024 - INFO - Val Loss: 1.47  -  Val Acc: 64.68%
2023-12-18 05:29:38,795 - INFO - ========================================
2023-12-18 05:29:38,796 - INFO - [1;34mEpoch 96/100[0m
2023-12-18 05:29:38,796 - INFO - Train Loss: 1.11  -   Train Acc: 80.93%
2023-12-18 05:29:42,594 - INFO - Val Loss: 1.48  -  Val Acc: 65.00%
2023-12-18 05:30:55,691 - INFO - ========================================
2023-12-18 05:30:55,692 - INFO - [1;34mEpoch 97/100[0m
2023-12-18 05:30:55,692 - INFO - Train Loss: 1.20  -   Train Acc: 78.54%
2023-12-18 05:30:59,477 - INFO - Val Loss: 1.49  -  Val Acc: 64.09%
2023-12-18 05:32:12,544 - INFO - ========================================
2023-12-18 05:32:12,545 - INFO - [1;34mEpoch 98/100[0m
2023-12-18 05:32:12,545 - INFO - Train Loss: 1.14  -   Train Acc: 80.06%
2023-12-18 05:32:16,337 - INFO - Val Loss: 1.52  -  Val Acc: 64.47%
2023-12-18 05:33:28,991 - INFO - ========================================
2023-12-18 05:33:28,991 - INFO - [1;34mEpoch 99/100[0m
2023-12-18 05:33:28,991 - INFO - Train Loss: 1.20  -   Train Acc: 79.03%
2023-12-18 05:33:32,809 - INFO - Val Loss: 1.50  -  Val Acc: 64.68%
2023-12-18 05:34:45,800 - INFO - ========================================
2023-12-18 05:34:45,800 - INFO - [1;34mEpoch 100/100[0m
2023-12-18 05:34:45,800 - INFO - Train Loss: 1.22  -   Train Acc: 78.67%
2023-12-18 05:34:49,594 - INFO - Val Loss: 1.51  -  Val Acc: 64.36%
2023-12-18 05:34:49,595 - INFO - ========================================
2023-12-18 05:34:49,595 - INFO - Training Completed! 😀
2023-12-18 05:45:41,605 - INFO - generated new fontManager
