2023-12-10 03:03:04,234 - INFO - 🚀 Training MobileNetV3 - Omni Dimensional Dynamic Convolution 🚀
2023-12-10 03:03:30,738 - INFO - ========================================
2023-12-10 03:03:30,738 - INFO - [1;34mEpoch 1/100[0m
2023-12-10 03:03:30,738 - INFO - Train Loss: 4.05  -   Train Acc: 8.23%
2023-12-10 03:03:34,168 - INFO - Val Loss: 3.58  -  Val Acc: 13.55%
2023-12-10 03:03:59,584 - INFO - ========================================
2023-12-10 03:03:59,584 - INFO - [1;34mEpoch 2/100[0m
2023-12-10 03:03:59,584 - INFO - Train Loss: 3.50  -   Train Acc: 17.97%
2023-12-10 03:04:02,954 - INFO - Val Loss: 2.97  -  Val Acc: 24.68%
2023-12-10 03:04:28,590 - INFO - ========================================
2023-12-10 03:04:28,591 - INFO - [1;34mEpoch 3/100[0m
2023-12-10 03:04:28,591 - INFO - Train Loss: 3.26  -   Train Acc: 23.82%
2023-12-10 03:04:31,949 - INFO - Val Loss: 2.68  -  Val Acc: 31.10%
2023-12-10 03:04:57,742 - INFO - ========================================
2023-12-10 03:04:57,743 - INFO - [1;34mEpoch 4/100[0m
2023-12-10 03:04:57,743 - INFO - Train Loss: 2.97  -   Train Acc: 30.26%
2023-12-10 03:05:01,116 - INFO - Val Loss: 2.45  -  Val Acc: 36.98%
2023-12-10 03:05:26,657 - INFO - ========================================
2023-12-10 03:05:26,657 - INFO - [1;34mEpoch 5/100[0m
2023-12-10 03:05:26,657 - INFO - Train Loss: 2.77  -   Train Acc: 35.20%
2023-12-10 03:05:30,038 - INFO - Val Loss: 2.20  -  Val Acc: 42.97%
2023-12-10 03:05:55,599 - INFO - ========================================
2023-12-10 03:05:55,600 - INFO - [1;34mEpoch 6/100[0m
2023-12-10 03:05:55,600 - INFO - Train Loss: 2.62  -   Train Acc: 38.88%
2023-12-10 03:05:58,973 - INFO - Val Loss: 2.04  -  Val Acc: 45.79%
2023-12-10 03:06:24,450 - INFO - ========================================
2023-12-10 03:06:24,451 - INFO - [1;34mEpoch 7/100[0m
2023-12-10 03:06:24,451 - INFO - Train Loss: 2.58  -   Train Acc: 40.17%
2023-12-10 03:06:27,882 - INFO - Val Loss: 2.00  -  Val Acc: 47.56%
2023-12-10 03:06:53,618 - INFO - ========================================
2023-12-10 03:06:53,619 - INFO - [1;34mEpoch 8/100[0m
2023-12-10 03:06:53,619 - INFO - Train Loss: 2.43  -   Train Acc: 43.93%
2023-12-10 03:06:56,977 - INFO - Val Loss: 1.92  -  Val Acc: 50.12%
2023-12-10 03:07:22,704 - INFO - ========================================
2023-12-10 03:07:22,704 - INFO - [1;34mEpoch 9/100[0m
2023-12-10 03:07:22,704 - INFO - Train Loss: 2.30  -   Train Acc: 46.88%
2023-12-10 03:07:26,053 - INFO - Val Loss: 1.78  -  Val Acc: 52.23%
2023-12-10 03:07:51,955 - INFO - ========================================
2023-12-10 03:07:51,955 - INFO - [1;34mEpoch 10/100[0m
2023-12-10 03:07:51,955 - INFO - Train Loss: 2.25  -   Train Acc: 48.97%
2023-12-10 03:07:55,313 - INFO - Val Loss: 1.80  -  Val Acc: 52.25%
2023-12-10 03:08:21,071 - INFO - ========================================
2023-12-10 03:08:21,071 - INFO - [1;34mEpoch 11/100[0m
2023-12-10 03:08:21,071 - INFO - Train Loss: 2.27  -   Train Acc: 48.69%
2023-12-10 03:08:24,472 - INFO - Val Loss: 1.76  -  Val Acc: 53.46%
2023-12-10 03:08:50,309 - INFO - ========================================
2023-12-10 03:08:50,310 - INFO - [1;34mEpoch 12/100[0m
2023-12-10 03:08:50,310 - INFO - Train Loss: 2.13  -   Train Acc: 52.23%
2023-12-10 03:08:53,671 - INFO - Val Loss: 1.76  -  Val Acc: 53.72%
2023-12-10 03:09:19,231 - INFO - ========================================
2023-12-10 03:09:19,231 - INFO - [1;34mEpoch 13/100[0m
2023-12-10 03:09:19,231 - INFO - Train Loss: 2.11  -   Train Acc: 53.49%
2023-12-10 03:09:22,628 - INFO - Val Loss: 1.71  -  Val Acc: 55.53%
2023-12-10 03:09:48,300 - INFO - ========================================
2023-12-10 03:09:48,300 - INFO - [1;34mEpoch 14/100[0m
2023-12-10 03:09:48,300 - INFO - Train Loss: 1.96  -   Train Acc: 56.59%
2023-12-10 03:09:51,663 - INFO - Val Loss: 1.69  -  Val Acc: 55.69%
2023-12-10 03:10:17,347 - INFO - ========================================
2023-12-10 03:10:17,347 - INFO - [1;34mEpoch 15/100[0m
2023-12-10 03:10:17,347 - INFO - Train Loss: 1.98  -   Train Acc: 57.25%
2023-12-10 03:10:20,723 - INFO - Val Loss: 1.65  -  Val Acc: 56.14%
2023-12-10 03:10:46,113 - INFO - ========================================
2023-12-10 03:10:46,113 - INFO - [1;34mEpoch 16/100[0m
2023-12-10 03:10:46,113 - INFO - Train Loss: 1.93  -   Train Acc: 58.49%
2023-12-10 03:10:49,812 - INFO - Val Loss: 1.66  -  Val Acc: 56.45%
2023-12-10 03:11:15,534 - INFO - ========================================
2023-12-10 03:11:15,535 - INFO - [1;34mEpoch 17/100[0m
2023-12-10 03:11:15,535 - INFO - Train Loss: 1.88  -   Train Acc: 59.87%
2023-12-10 03:11:18,918 - INFO - Val Loss: 1.61  -  Val Acc: 56.91%
2023-12-10 03:11:44,802 - INFO - ========================================
2023-12-10 03:11:44,802 - INFO - [1;34mEpoch 18/100[0m
2023-12-10 03:11:44,802 - INFO - Train Loss: 1.88  -   Train Acc: 60.50%
2023-12-10 03:11:48,557 - INFO - Val Loss: 1.59  -  Val Acc: 57.95%
2023-12-10 03:12:14,100 - INFO - ========================================
2023-12-10 03:12:14,100 - INFO - [1;34mEpoch 19/100[0m
2023-12-10 03:12:14,100 - INFO - Train Loss: 1.87  -   Train Acc: 60.91%
2023-12-10 03:12:17,589 - INFO - Val Loss: 1.69  -  Val Acc: 57.30%
2023-12-10 03:12:43,288 - INFO - ========================================
2023-12-10 03:12:43,289 - INFO - [1;34mEpoch 20/100[0m
2023-12-10 03:12:43,289 - INFO - Train Loss: 1.78  -   Train Acc: 62.98%
2023-12-10 03:12:46,694 - INFO - Val Loss: 1.63  -  Val Acc: 58.63%
2023-12-10 03:13:12,034 - INFO - ========================================
2023-12-10 03:13:12,034 - INFO - [1;34mEpoch 21/100[0m
2023-12-10 03:13:12,034 - INFO - Train Loss: 1.69  -   Train Acc: 65.66%
2023-12-10 03:13:15,381 - INFO - Val Loss: 1.59  -  Val Acc: 58.87%
2023-12-10 03:13:40,874 - INFO - ========================================
2023-12-10 03:13:40,874 - INFO - [1;34mEpoch 22/100[0m
2023-12-10 03:13:40,874 - INFO - Train Loss: 1.59  -   Train Acc: 68.00%
2023-12-10 03:13:44,247 - INFO - Val Loss: 1.60  -  Val Acc: 58.44%
2023-12-10 03:14:09,569 - INFO - ========================================
2023-12-10 03:14:09,569 - INFO - [1;34mEpoch 23/100[0m
2023-12-10 03:14:09,569 - INFO - Train Loss: 1.72  -   Train Acc: 65.23%
2023-12-10 03:14:12,941 - INFO - Val Loss: 1.63  -  Val Acc: 59.25%
2023-12-10 03:14:38,726 - INFO - ========================================
2023-12-10 03:14:38,726 - INFO - [1;34mEpoch 24/100[0m
2023-12-10 03:14:38,726 - INFO - Train Loss: 1.79  -   Train Acc: 64.72%
2023-12-10 03:14:42,132 - INFO - Val Loss: 1.58  -  Val Acc: 59.43%
2023-12-10 03:15:07,826 - INFO - ========================================
2023-12-10 03:15:07,826 - INFO - [1;34mEpoch 25/100[0m
2023-12-10 03:15:07,826 - INFO - Train Loss: 1.67  -   Train Acc: 67.48%
2023-12-10 03:15:11,189 - INFO - Val Loss: 1.60  -  Val Acc: 59.25%
2023-12-10 03:15:36,917 - INFO - ========================================
2023-12-10 03:15:36,917 - INFO - [1;34mEpoch 26/100[0m
2023-12-10 03:15:36,917 - INFO - Train Loss: 1.66  -   Train Acc: 67.34%
2023-12-10 03:15:40,280 - INFO - Val Loss: 1.63  -  Val Acc: 58.78%
2023-12-10 03:16:05,895 - INFO - ========================================
2023-12-10 03:16:05,895 - INFO - [1;34mEpoch 27/100[0m
2023-12-10 03:16:05,895 - INFO - Train Loss: 1.52  -   Train Acc: 70.67%
2023-12-10 03:16:09,283 - INFO - Val Loss: 1.67  -  Val Acc: 58.25%
2023-12-10 03:16:34,954 - INFO - ========================================
2023-12-10 03:16:34,955 - INFO - [1;34mEpoch 28/100[0m
2023-12-10 03:16:34,955 - INFO - Train Loss: 1.54  -   Train Acc: 70.66%
2023-12-10 03:16:38,365 - INFO - Val Loss: 1.61  -  Val Acc: 59.27%
2023-12-10 03:17:03,941 - INFO - ========================================
2023-12-10 03:17:03,942 - INFO - [1;34mEpoch 29/100[0m
2023-12-10 03:17:03,942 - INFO - Train Loss: 1.38  -   Train Acc: 74.08%
2023-12-10 03:17:07,352 - INFO - Val Loss: 1.63  -  Val Acc: 59.44%
2023-12-10 03:17:32,997 - INFO - ========================================
2023-12-10 03:17:32,997 - INFO - [1;34mEpoch 30/100[0m
2023-12-10 03:17:32,997 - INFO - Train Loss: 1.54  -   Train Acc: 71.24%
2023-12-10 03:17:36,365 - INFO - Val Loss: 1.66  -  Val Acc: 58.18%
2023-12-10 03:18:01,594 - INFO - ========================================
2023-12-10 03:18:01,594 - INFO - [1;34mEpoch 31/100[0m
2023-12-10 03:18:01,594 - INFO - Train Loss: 1.31  -   Train Acc: 75.89%
2023-12-10 03:18:04,955 - INFO - Val Loss: 1.62  -  Val Acc: 59.52%
2023-12-10 03:18:30,427 - INFO - ========================================
2023-12-10 03:18:30,427 - INFO - [1;34mEpoch 32/100[0m
2023-12-10 03:18:30,427 - INFO - Train Loss: 1.42  -   Train Acc: 73.85%
2023-12-10 03:18:33,804 - INFO - Val Loss: 1.60  -  Val Acc: 59.93%
2023-12-10 03:18:59,393 - INFO - ========================================
2023-12-10 03:18:59,393 - INFO - [1;34mEpoch 33/100[0m
2023-12-10 03:18:59,393 - INFO - Train Loss: 1.52  -   Train Acc: 71.64%
2023-12-10 03:19:02,772 - INFO - Val Loss: 1.62  -  Val Acc: 59.63%
2023-12-10 03:19:28,160 - INFO - ========================================
2023-12-10 03:19:28,160 - INFO - [1;34mEpoch 34/100[0m
2023-12-10 03:19:28,160 - INFO - Train Loss: 1.33  -   Train Acc: 75.60%
2023-12-10 03:19:31,506 - INFO - Val Loss: 1.66  -  Val Acc: 59.66%
2023-12-10 03:19:57,149 - INFO - ========================================
2023-12-10 03:19:57,149 - INFO - [1;34mEpoch 35/100[0m
2023-12-10 03:19:57,149 - INFO - Train Loss: 1.44  -   Train Acc: 73.10%
2023-12-10 03:20:00,519 - INFO - Val Loss: 1.59  -  Val Acc: 60.83%
2023-12-10 03:20:26,495 - INFO - ========================================
2023-12-10 03:20:26,495 - INFO - [1;34mEpoch 36/100[0m
2023-12-10 03:20:26,495 - INFO - Train Loss: 1.36  -   Train Acc: 75.96%
2023-12-10 03:20:30,204 - INFO - Val Loss: 1.66  -  Val Acc: 59.57%
2023-12-10 03:20:55,742 - INFO - ========================================
2023-12-10 03:20:55,743 - INFO - [1;34mEpoch 37/100[0m
2023-12-10 03:20:55,743 - INFO - Train Loss: 1.47  -   Train Acc: 73.08%
2023-12-10 03:20:59,121 - INFO - Val Loss: 1.59  -  Val Acc: 60.10%
2023-12-10 03:21:24,931 - INFO - ========================================
2023-12-10 03:21:24,932 - INFO - [1;34mEpoch 38/100[0m
2023-12-10 03:21:24,932 - INFO - Train Loss: 1.49  -   Train Acc: 72.53%
2023-12-10 03:21:28,297 - INFO - Val Loss: 1.63  -  Val Acc: 59.53%
2023-12-10 03:21:53,513 - INFO - ========================================
2023-12-10 03:21:53,514 - INFO - [1;34mEpoch 39/100[0m
2023-12-10 03:21:53,514 - INFO - Train Loss: 1.34  -   Train Acc: 75.52%
2023-12-10 03:21:56,900 - INFO - Val Loss: 1.60  -  Val Acc: 59.91%
2023-12-10 03:22:22,402 - INFO - ========================================
2023-12-10 03:22:22,403 - INFO - [1;34mEpoch 40/100[0m
2023-12-10 03:22:22,403 - INFO - Train Loss: 1.52  -   Train Acc: 71.88%
2023-12-10 03:22:25,768 - INFO - Val Loss: 1.67  -  Val Acc: 58.89%
2023-12-10 03:22:51,466 - INFO - ========================================
2023-12-10 03:22:51,466 - INFO - [1;34mEpoch 41/100[0m
2023-12-10 03:22:51,466 - INFO - Train Loss: 1.38  -   Train Acc: 75.43%
2023-12-10 03:22:54,852 - INFO - Val Loss: 1.63  -  Val Acc: 59.58%
2023-12-10 03:23:20,780 - INFO - ========================================
2023-12-10 03:23:20,780 - INFO - [1;34mEpoch 42/100[0m
2023-12-10 03:23:20,780 - INFO - Train Loss: 1.44  -   Train Acc: 73.22%
2023-12-10 03:23:24,159 - INFO - Val Loss: 1.64  -  Val Acc: 59.87%
2023-12-10 03:23:49,764 - INFO - ========================================
2023-12-10 03:23:49,764 - INFO - [1;34mEpoch 43/100[0m
2023-12-10 03:23:49,764 - INFO - Train Loss: 1.58  -   Train Acc: 70.46%
2023-12-10 03:23:53,123 - INFO - Val Loss: 1.65  -  Val Acc: 59.82%
2023-12-10 03:24:18,896 - INFO - ========================================
2023-12-10 03:24:18,897 - INFO - [1;34mEpoch 44/100[0m
2023-12-10 03:24:18,897 - INFO - Train Loss: 1.51  -   Train Acc: 72.48%
2023-12-10 03:24:22,275 - INFO - Val Loss: 1.73  -  Val Acc: 58.63%
2023-12-10 03:24:47,937 - INFO - ========================================
2023-12-10 03:24:47,937 - INFO - [1;34mEpoch 45/100[0m
2023-12-10 03:24:47,937 - INFO - Train Loss: 1.55  -   Train Acc: 71.55%
2023-12-10 03:24:51,325 - INFO - Val Loss: 1.62  -  Val Acc: 59.99%
2023-12-10 03:25:16,992 - INFO - ========================================
2023-12-10 03:25:16,992 - INFO - [1;34mEpoch 46/100[0m
2023-12-10 03:25:16,993 - INFO - Train Loss: 1.34  -   Train Acc: 76.53%
2023-12-10 03:25:20,367 - INFO - Val Loss: 1.58  -  Val Acc: 61.05%
2023-12-10 03:25:45,819 - INFO - ========================================
2023-12-10 03:25:45,819 - INFO - [1;34mEpoch 47/100[0m
2023-12-10 03:25:45,819 - INFO - Train Loss: 1.39  -   Train Acc: 75.20%
2023-12-10 03:25:49,193 - INFO - Val Loss: 1.62  -  Val Acc: 60.44%
2023-12-10 03:26:14,755 - INFO - ========================================
2023-12-10 03:26:14,756 - INFO - [1;34mEpoch 48/100[0m
2023-12-10 03:26:14,756 - INFO - Train Loss: 1.46  -   Train Acc: 73.18%
2023-12-10 03:26:18,143 - INFO - Val Loss: 1.58  -  Val Acc: 60.92%
2023-12-10 03:26:43,858 - INFO - ========================================
2023-12-10 03:26:43,858 - INFO - [1;34mEpoch 49/100[0m
2023-12-10 03:26:43,858 - INFO - Train Loss: 1.43  -   Train Acc: 74.39%
2023-12-10 03:26:47,278 - INFO - Val Loss: 1.61  -  Val Acc: 60.97%
2023-12-10 03:27:13,006 - INFO - ========================================
2023-12-10 03:27:13,007 - INFO - [1;34mEpoch 50/100[0m
2023-12-10 03:27:13,007 - INFO - Train Loss: 1.33  -   Train Acc: 75.92%
2023-12-10 03:27:16,372 - INFO - Val Loss: 1.59  -  Val Acc: 60.91%
2023-12-10 03:27:41,456 - INFO - ========================================
2023-12-10 03:27:41,456 - INFO - [1;34mEpoch 51/100[0m
2023-12-10 03:27:41,456 - INFO - Train Loss: 1.31  -   Train Acc: 76.69%
2023-12-10 03:27:44,837 - INFO - Val Loss: 1.60  -  Val Acc: 59.98%
2023-12-10 03:28:10,216 - INFO - ========================================
2023-12-10 03:28:10,216 - INFO - [1;34mEpoch 52/100[0m
2023-12-10 03:28:10,216 - INFO - Train Loss: 1.29  -   Train Acc: 77.01%
2023-12-10 03:28:13,597 - INFO - Val Loss: 1.59  -  Val Acc: 60.69%
2023-12-10 03:28:39,245 - INFO - ========================================
2023-12-10 03:28:39,245 - INFO - [1;34mEpoch 53/100[0m
2023-12-10 03:28:39,245 - INFO - Train Loss: 1.45  -   Train Acc: 73.45%
2023-12-10 03:28:42,604 - INFO - Val Loss: 1.63  -  Val Acc: 60.75%
2023-12-10 03:29:08,026 - INFO - ========================================
2023-12-10 03:29:08,026 - INFO - [1;34mEpoch 54/100[0m
2023-12-10 03:29:08,026 - INFO - Train Loss: 1.29  -   Train Acc: 77.10%
2023-12-10 03:29:11,386 - INFO - Val Loss: 1.65  -  Val Acc: 60.41%
2023-12-10 03:29:37,072 - INFO - ========================================
2023-12-10 03:29:37,072 - INFO - [1;34mEpoch 55/100[0m
2023-12-10 03:29:37,072 - INFO - Train Loss: 1.33  -   Train Acc: 75.93%
2023-12-10 03:29:40,444 - INFO - Val Loss: 1.62  -  Val Acc: 60.97%
2023-12-10 03:30:05,807 - INFO - ========================================
2023-12-10 03:30:05,808 - INFO - [1;34mEpoch 56/100[0m
2023-12-10 03:30:05,808 - INFO - Train Loss: 1.22  -   Train Acc: 78.72%
2023-12-10 03:30:09,191 - INFO - Val Loss: 1.59  -  Val Acc: 61.63%
2023-12-10 03:30:34,910 - INFO - ========================================
2023-12-10 03:30:34,910 - INFO - [1;34mEpoch 57/100[0m
2023-12-10 03:30:34,910 - INFO - Train Loss: 1.22  -   Train Acc: 78.99%
2023-12-10 03:30:38,310 - INFO - Val Loss: 1.62  -  Val Acc: 60.55%
2023-12-10 03:31:03,921 - INFO - ========================================
2023-12-10 03:31:03,921 - INFO - [1;34mEpoch 58/100[0m
2023-12-10 03:31:03,921 - INFO - Train Loss: 1.33  -   Train Acc: 76.64%
2023-12-10 03:31:07,326 - INFO - Val Loss: 1.62  -  Val Acc: 60.92%
2023-12-10 03:31:33,365 - INFO - ========================================
2023-12-10 03:31:33,366 - INFO - [1;34mEpoch 59/100[0m
2023-12-10 03:31:33,366 - INFO - Train Loss: 1.24  -   Train Acc: 78.10%
2023-12-10 03:31:36,757 - INFO - Val Loss: 1.63  -  Val Acc: 60.37%
2023-12-10 03:32:02,743 - INFO - ========================================
2023-12-10 03:32:02,743 - INFO - [1;34mEpoch 60/100[0m
2023-12-10 03:32:02,743 - INFO - Train Loss: 1.36  -   Train Acc: 75.86%
2023-12-10 03:32:06,163 - INFO - Val Loss: 1.61  -  Val Acc: 61.27%
2023-12-10 03:32:31,892 - INFO - ========================================
2023-12-10 03:32:31,892 - INFO - [1;34mEpoch 61/100[0m
2023-12-10 03:32:31,892 - INFO - Train Loss: 1.26  -   Train Acc: 77.49%
2023-12-10 03:32:35,259 - INFO - Val Loss: 1.59  -  Val Acc: 61.56%
2023-12-10 03:33:00,883 - INFO - ========================================
2023-12-10 03:33:00,883 - INFO - [1;34mEpoch 62/100[0m
2023-12-10 03:33:00,883 - INFO - Train Loss: 1.19  -   Train Acc: 79.60%
2023-12-10 03:33:04,256 - INFO - Val Loss: 1.65  -  Val Acc: 60.52%
2023-12-10 03:33:29,685 - INFO - ========================================
2023-12-10 03:33:29,685 - INFO - [1;34mEpoch 63/100[0m
2023-12-10 03:33:29,685 - INFO - Train Loss: 1.35  -   Train Acc: 76.20%
2023-12-10 03:33:33,066 - INFO - Val Loss: 1.64  -  Val Acc: 60.77%
2023-12-10 03:33:58,856 - INFO - ========================================
2023-12-10 03:33:58,856 - INFO - [1;34mEpoch 64/100[0m
2023-12-10 03:33:58,856 - INFO - Train Loss: 1.46  -   Train Acc: 72.86%
2023-12-10 03:34:02,254 - INFO - Val Loss: 1.59  -  Val Acc: 61.00%
2023-12-10 03:34:28,001 - INFO - ========================================
2023-12-10 03:34:28,001 - INFO - [1;34mEpoch 65/100[0m
2023-12-10 03:34:28,001 - INFO - Train Loss: 1.29  -   Train Acc: 77.69%
2023-12-10 03:34:31,490 - INFO - Val Loss: 1.59  -  Val Acc: 61.68%
2023-12-10 03:34:57,217 - INFO - ========================================
2023-12-10 03:34:57,217 - INFO - [1;34mEpoch 66/100[0m
2023-12-10 03:34:57,217 - INFO - Train Loss: 1.31  -   Train Acc: 77.30%
2023-12-10 03:35:00,921 - INFO - Val Loss: 1.61  -  Val Acc: 61.24%
2023-12-10 03:35:26,804 - INFO - ========================================
2023-12-10 03:35:26,804 - INFO - [1;34mEpoch 67/100[0m
2023-12-10 03:35:26,804 - INFO - Train Loss: 1.30  -   Train Acc: 76.93%
2023-12-10 03:35:30,175 - INFO - Val Loss: 1.57  -  Val Acc: 61.39%
2023-12-10 03:35:55,726 - INFO - ========================================
2023-12-10 03:35:55,726 - INFO - [1;34mEpoch 68/100[0m
2023-12-10 03:35:55,726 - INFO - Train Loss: 1.26  -   Train Acc: 77.24%
2023-12-10 03:35:59,119 - INFO - Val Loss: 1.55  -  Val Acc: 62.39%
2023-12-10 03:36:24,589 - INFO - ========================================
2023-12-10 03:36:24,589 - INFO - [1;34mEpoch 69/100[0m
2023-12-10 03:36:24,589 - INFO - Train Loss: 1.19  -   Train Acc: 79.90%
2023-12-10 03:36:28,184 - INFO - Val Loss: 1.62  -  Val Acc: 61.22%
2023-12-10 03:36:53,456 - INFO - ========================================
2023-12-10 03:36:53,457 - INFO - [1;34mEpoch 70/100[0m
2023-12-10 03:36:53,457 - INFO - Train Loss: 1.34  -   Train Acc: 77.02%
2023-12-10 03:36:56,811 - INFO - Val Loss: 1.54  -  Val Acc: 61.93%
2023-12-10 03:37:22,083 - INFO - ========================================
2023-12-10 03:37:22,084 - INFO - [1;34mEpoch 71/100[0m
2023-12-10 03:37:22,084 - INFO - Train Loss: 1.31  -   Train Acc: 76.70%
2023-12-10 03:37:25,443 - INFO - Val Loss: 1.59  -  Val Acc: 61.79%
2023-12-10 03:37:51,232 - INFO - ========================================
2023-12-10 03:37:51,232 - INFO - [1;34mEpoch 72/100[0m
2023-12-10 03:37:51,232 - INFO - Train Loss: 1.41  -   Train Acc: 74.04%
2023-12-10 03:37:54,599 - INFO - Val Loss: 1.53  -  Val Acc: 62.31%
2023-12-10 03:38:19,937 - INFO - ========================================
2023-12-10 03:38:19,937 - INFO - [1;34mEpoch 73/100[0m
2023-12-10 03:38:19,937 - INFO - Train Loss: 1.28  -   Train Acc: 77.30%
2023-12-10 03:38:23,307 - INFO - Val Loss: 1.59  -  Val Acc: 61.16%
2023-12-10 03:38:48,636 - INFO - ========================================
2023-12-10 03:38:48,636 - INFO - [1;34mEpoch 74/100[0m
2023-12-10 03:38:48,636 - INFO - Train Loss: 1.23  -   Train Acc: 78.84%
2023-12-10 03:38:51,993 - INFO - Val Loss: 1.56  -  Val Acc: 62.00%
2023-12-10 03:39:17,603 - INFO - ========================================
2023-12-10 03:39:17,603 - INFO - [1;34mEpoch 75/100[0m
2023-12-10 03:39:17,603 - INFO - Train Loss: 1.30  -   Train Acc: 77.83%
2023-12-10 03:39:21,306 - INFO - Val Loss: 1.53  -  Val Acc: 62.84%
2023-12-10 03:39:47,156 - INFO - ========================================
2023-12-10 03:39:47,156 - INFO - [1;34mEpoch 76/100[0m
2023-12-10 03:39:47,156 - INFO - Train Loss: 1.22  -   Train Acc: 78.56%
2023-12-10 03:39:50,548 - INFO - Val Loss: 1.57  -  Val Acc: 62.39%
2023-12-10 03:40:16,213 - INFO - ========================================
2023-12-10 03:40:16,214 - INFO - [1;34mEpoch 77/100[0m
2023-12-10 03:40:16,214 - INFO - Train Loss: 1.32  -   Train Acc: 76.38%
2023-12-10 03:40:19,608 - INFO - Val Loss: 1.57  -  Val Acc: 62.55%
2023-12-10 03:40:45,683 - INFO - ========================================
2023-12-10 03:40:45,683 - INFO - [1;34mEpoch 78/100[0m
2023-12-10 03:40:45,683 - INFO - Train Loss: 1.26  -   Train Acc: 77.74%
2023-12-10 03:40:49,049 - INFO - Val Loss: 1.59  -  Val Acc: 61.27%
2023-12-10 03:41:14,524 - INFO - ========================================
2023-12-10 03:41:14,525 - INFO - [1;34mEpoch 79/100[0m
2023-12-10 03:41:14,525 - INFO - Train Loss: 1.28  -   Train Acc: 77.56%
2023-12-10 03:41:17,917 - INFO - Val Loss: 1.64  -  Val Acc: 61.07%
2023-12-10 03:41:43,400 - INFO - ========================================
2023-12-10 03:41:43,400 - INFO - [1;34mEpoch 80/100[0m
2023-12-10 03:41:43,401 - INFO - Train Loss: 1.37  -   Train Acc: 75.36%
2023-12-10 03:41:46,783 - INFO - Val Loss: 1.53  -  Val Acc: 62.59%
2023-12-10 03:42:12,244 - INFO - ========================================
2023-12-10 03:42:12,245 - INFO - [1;34mEpoch 81/100[0m
2023-12-10 03:42:12,245 - INFO - Train Loss: 1.32  -   Train Acc: 76.77%
2023-12-10 03:42:15,629 - INFO - Val Loss: 1.54  -  Val Acc: 62.21%
2023-12-10 03:42:41,129 - INFO - ========================================
2023-12-10 03:42:41,129 - INFO - [1;34mEpoch 82/100[0m
2023-12-10 03:42:41,129 - INFO - Train Loss: 1.25  -   Train Acc: 78.85%
2023-12-10 03:42:44,704 - INFO - Val Loss: 1.54  -  Val Acc: 62.88%
2023-12-10 03:43:10,461 - INFO - ========================================
2023-12-10 03:43:10,462 - INFO - [1;34mEpoch 83/100[0m
2023-12-10 03:43:10,462 - INFO - Train Loss: 1.29  -   Train Acc: 77.11%
2023-12-10 03:43:13,837 - INFO - Val Loss: 1.56  -  Val Acc: 62.69%
2023-12-10 03:43:39,582 - INFO - ========================================
2023-12-10 03:43:39,582 - INFO - [1;34mEpoch 84/100[0m
2023-12-10 03:43:39,582 - INFO - Train Loss: 1.32  -   Train Acc: 77.09%
2023-12-10 03:43:42,956 - INFO - Val Loss: 1.54  -  Val Acc: 62.86%
2023-12-10 03:44:08,572 - INFO - ========================================
2023-12-10 03:44:08,572 - INFO - [1;34mEpoch 85/100[0m
2023-12-10 03:44:08,572 - INFO - Train Loss: 1.35  -   Train Acc: 75.61%
2023-12-10 03:44:11,936 - INFO - Val Loss: 1.57  -  Val Acc: 62.05%
2023-12-10 03:44:37,385 - INFO - ========================================
2023-12-10 03:44:37,386 - INFO - [1;34mEpoch 86/100[0m
2023-12-10 03:44:37,386 - INFO - Train Loss: 1.43  -   Train Acc: 74.14%
2023-12-10 03:44:40,990 - INFO - Val Loss: 1.59  -  Val Acc: 62.21%
2023-12-10 03:45:06,559 - INFO - ========================================
2023-12-10 03:45:06,559 - INFO - [1;34mEpoch 87/100[0m
2023-12-10 03:45:06,560 - INFO - Train Loss: 1.27  -   Train Acc: 77.62%
2023-12-10 03:45:10,229 - INFO - Val Loss: 1.51  -  Val Acc: 63.59%
2023-12-10 03:45:35,812 - INFO - ========================================
2023-12-10 03:45:35,813 - INFO - [1;34mEpoch 88/100[0m
2023-12-10 03:45:35,813 - INFO - Train Loss: 1.32  -   Train Acc: 76.23%
2023-12-10 03:45:39,197 - INFO - Val Loss: 1.55  -  Val Acc: 62.83%
2023-12-10 03:46:04,863 - INFO - ========================================
2023-12-10 03:46:04,863 - INFO - [1;34mEpoch 89/100[0m
2023-12-10 03:46:04,863 - INFO - Train Loss: 1.37  -   Train Acc: 75.42%
2023-12-10 03:46:08,253 - INFO - Val Loss: 1.58  -  Val Acc: 62.27%
2023-12-10 03:46:33,724 - INFO - ========================================
2023-12-10 03:46:33,724 - INFO - [1;34mEpoch 90/100[0m
2023-12-10 03:46:33,724 - INFO - Train Loss: 1.21  -   Train Acc: 79.05%
2023-12-10 03:46:37,111 - INFO - Val Loss: 1.55  -  Val Acc: 62.82%
2023-12-10 03:47:02,775 - INFO - ========================================
2023-12-10 03:47:02,776 - INFO - [1;34mEpoch 91/100[0m
2023-12-10 03:47:02,776 - INFO - Train Loss: 1.38  -   Train Acc: 75.15%
2023-12-10 03:47:06,158 - INFO - Val Loss: 1.55  -  Val Acc: 62.54%
2023-12-10 03:47:31,533 - INFO - ========================================
2023-12-10 03:47:31,533 - INFO - [1;34mEpoch 92/100[0m
2023-12-10 03:47:31,533 - INFO - Train Loss: 1.36  -   Train Acc: 75.66%
2023-12-10 03:47:34,930 - INFO - Val Loss: 1.55  -  Val Acc: 61.92%
2023-12-10 03:48:00,797 - INFO - ========================================
2023-12-10 03:48:00,797 - INFO - [1;34mEpoch 93/100[0m
2023-12-10 03:48:00,797 - INFO - Train Loss: 1.28  -   Train Acc: 76.90%
2023-12-10 03:48:04,161 - INFO - Val Loss: 1.52  -  Val Acc: 62.85%
2023-12-10 03:48:30,114 - INFO - ========================================
2023-12-10 03:48:30,115 - INFO - [1;34mEpoch 94/100[0m
2023-12-10 03:48:30,115 - INFO - Train Loss: 1.28  -   Train Acc: 77.10%
2023-12-10 03:48:33,677 - INFO - Val Loss: 1.55  -  Val Acc: 62.78%
2023-12-10 03:48:59,115 - INFO - ========================================
2023-12-10 03:48:59,116 - INFO - [1;34mEpoch 95/100[0m
2023-12-10 03:48:59,116 - INFO - Train Loss: 1.06  -   Train Acc: 82.40%
2023-12-10 03:49:02,520 - INFO - Val Loss: 1.55  -  Val Acc: 62.79%
2023-12-10 03:49:28,187 - INFO - ========================================
2023-12-10 03:49:28,187 - INFO - [1;34mEpoch 96/100[0m
2023-12-10 03:49:28,187 - INFO - Train Loss: 1.21  -   Train Acc: 79.43%
2023-12-10 03:49:31,548 - INFO - Val Loss: 1.54  -  Val Acc: 63.33%
2023-12-10 03:49:56,915 - INFO - ========================================
2023-12-10 03:49:56,915 - INFO - [1;34mEpoch 97/100[0m
2023-12-10 03:49:56,915 - INFO - Train Loss: 1.26  -   Train Acc: 77.81%
2023-12-10 03:50:00,250 - INFO - Val Loss: 1.52  -  Val Acc: 62.72%
2023-12-10 03:50:25,831 - INFO - ========================================
2023-12-10 03:50:25,832 - INFO - [1;34mEpoch 98/100[0m
2023-12-10 03:50:25,832 - INFO - Train Loss: 1.22  -   Train Acc: 78.28%
2023-12-10 03:50:29,213 - INFO - Val Loss: 1.52  -  Val Acc: 63.79%
2023-12-10 03:50:54,955 - INFO - ========================================
2023-12-10 03:50:54,955 - INFO - [1;34mEpoch 99/100[0m
2023-12-10 03:50:54,955 - INFO - Train Loss: 1.22  -   Train Acc: 78.75%
2023-12-10 03:50:58,526 - INFO - Val Loss: 1.54  -  Val Acc: 63.19%
2023-12-10 03:51:24,156 - INFO - ========================================
2023-12-10 03:51:24,156 - INFO - [1;34mEpoch 100/100[0m
2023-12-10 03:51:24,156 - INFO - Train Loss: 1.07  -   Train Acc: 82.03%
2023-12-10 03:51:27,524 - INFO - Val Loss: 1.54  -  Val Acc: 63.10%
2023-12-10 03:51:27,525 - INFO - ========================================
2023-12-10 03:51:27,525 - INFO - Training Completed! 😀
2023-12-10 03:51:33,043 - INFO - generated new fontManager
