2023-12-10 04:38:57,184 - INFO - 🚀 Training MobileNetV3 - Omni Dimensional Dynamic Convolution 🚀
2023-12-10 04:39:43,537 - INFO - ========================================
2023-12-10 04:39:43,537 - INFO - [1;34mEpoch 1/100[0m
2023-12-10 04:39:43,537 - INFO - Train Loss: 1.72  -   Train Acc: 39.22%
2023-12-10 04:39:47,912 - INFO - Val Loss: 1.30  -  Val Acc: 55.86%
2023-12-10 04:40:33,039 - INFO - ========================================
2023-12-10 04:40:33,039 - INFO - [1;34mEpoch 2/100[0m
2023-12-10 04:40:33,039 - INFO - Train Loss: 1.41  -   Train Acc: 54.37%
2023-12-10 04:40:37,353 - INFO - Val Loss: 1.07  -  Val Acc: 63.94%
2023-12-10 04:41:22,525 - INFO - ========================================
2023-12-10 04:41:22,526 - INFO - [1;34mEpoch 3/100[0m
2023-12-10 04:41:22,526 - INFO - Train Loss: 1.24  -   Train Acc: 61.17%
2023-12-10 04:41:26,813 - INFO - Val Loss: 0.83  -  Val Acc: 72.00%
2023-12-10 04:42:12,000 - INFO - ========================================
2023-12-10 04:42:12,000 - INFO - [1;34mEpoch 4/100[0m
2023-12-10 04:42:12,000 - INFO - Train Loss: 1.21  -   Train Acc: 63.11%
2023-12-10 04:42:16,352 - INFO - Val Loss: 0.78  -  Val Acc: 76.53%
2023-12-10 04:43:01,631 - INFO - ========================================
2023-12-10 04:43:01,631 - INFO - [1;34mEpoch 5/100[0m
2023-12-10 04:43:01,631 - INFO - Train Loss: 1.13  -   Train Acc: 66.12%
2023-12-10 04:43:05,940 - INFO - Val Loss: 0.76  -  Val Acc: 77.72%
2023-12-10 04:43:51,315 - INFO - ========================================
2023-12-10 04:43:51,315 - INFO - [1;34mEpoch 6/100[0m
2023-12-10 04:43:51,315 - INFO - Train Loss: 1.04  -   Train Acc: 69.74%
2023-12-10 04:43:55,642 - INFO - Val Loss: 0.71  -  Val Acc: 78.10%
2023-12-10 04:44:41,040 - INFO - ========================================
2023-12-10 04:44:41,040 - INFO - [1;34mEpoch 7/100[0m
2023-12-10 04:44:41,040 - INFO - Train Loss: 0.99  -   Train Acc: 71.76%
2023-12-10 04:44:45,314 - INFO - Val Loss: 0.68  -  Val Acc: 78.71%
2023-12-10 04:45:30,635 - INFO - ========================================
2023-12-10 04:45:30,636 - INFO - [1;34mEpoch 8/100[0m
2023-12-10 04:45:30,636 - INFO - Train Loss: 0.99  -   Train Acc: 71.83%
2023-12-10 04:45:34,963 - INFO - Val Loss: 0.61  -  Val Acc: 82.41%
2023-12-10 04:46:20,272 - INFO - ========================================
2023-12-10 04:46:20,273 - INFO - [1;34mEpoch 9/100[0m
2023-12-10 04:46:20,273 - INFO - Train Loss: 1.01  -   Train Acc: 70.70%
2023-12-10 04:46:24,587 - INFO - Val Loss: 0.63  -  Val Acc: 82.32%
2023-12-10 04:47:09,909 - INFO - ========================================
2023-12-10 04:47:09,909 - INFO - [1;34mEpoch 10/100[0m
2023-12-10 04:47:09,909 - INFO - Train Loss: 0.91  -   Train Acc: 74.28%
2023-12-10 04:47:14,217 - INFO - Val Loss: 0.60  -  Val Acc: 82.30%
2023-12-10 04:47:59,418 - INFO - ========================================
2023-12-10 04:47:59,419 - INFO - [1;34mEpoch 11/100[0m
2023-12-10 04:47:59,419 - INFO - Train Loss: 0.95  -   Train Acc: 73.03%
2023-12-10 04:48:03,755 - INFO - Val Loss: 0.62  -  Val Acc: 82.98%
2023-12-10 04:48:49,044 - INFO - ========================================
2023-12-10 04:48:49,044 - INFO - [1;34mEpoch 12/100[0m
2023-12-10 04:48:49,044 - INFO - Train Loss: 0.94  -   Train Acc: 72.94%
2023-12-10 04:48:53,346 - INFO - Val Loss: 0.54  -  Val Acc: 84.37%
2023-12-10 04:49:38,553 - INFO - ========================================
2023-12-10 04:49:38,554 - INFO - [1;34mEpoch 13/100[0m
2023-12-10 04:49:38,554 - INFO - Train Loss: 0.88  -   Train Acc: 74.87%
2023-12-10 04:49:42,896 - INFO - Val Loss: 0.55  -  Val Acc: 84.14%
2023-12-10 04:50:28,243 - INFO - ========================================
2023-12-10 04:50:28,243 - INFO - [1;34mEpoch 14/100[0m
2023-12-10 04:50:28,243 - INFO - Train Loss: 0.78  -   Train Acc: 78.54%
2023-12-10 04:50:32,580 - INFO - Val Loss: 0.55  -  Val Acc: 83.93%
2023-12-10 04:51:17,840 - INFO - ========================================
2023-12-10 04:51:17,840 - INFO - [1;34mEpoch 15/100[0m
2023-12-10 04:51:17,840 - INFO - Train Loss: 0.81  -   Train Acc: 77.81%
2023-12-10 04:51:22,168 - INFO - Val Loss: 0.58  -  Val Acc: 83.77%
2023-12-10 04:52:07,508 - INFO - ========================================
2023-12-10 04:52:07,508 - INFO - [1;34mEpoch 16/100[0m
2023-12-10 04:52:07,508 - INFO - Train Loss: 0.81  -   Train Acc: 77.45%
2023-12-10 04:52:11,885 - INFO - Val Loss: 0.59  -  Val Acc: 83.77%
2023-12-10 04:52:57,180 - INFO - ========================================
2023-12-10 04:52:57,180 - INFO - [1;34mEpoch 17/100[0m
2023-12-10 04:52:57,180 - INFO - Train Loss: 0.81  -   Train Acc: 77.35%
2023-12-10 04:53:01,510 - INFO - Val Loss: 0.48  -  Val Acc: 84.91%
2023-12-10 04:53:46,781 - INFO - ========================================
2023-12-10 04:53:46,782 - INFO - [1;34mEpoch 18/100[0m
2023-12-10 04:53:46,782 - INFO - Train Loss: 0.77  -   Train Acc: 78.87%
2023-12-10 04:53:51,124 - INFO - Val Loss: 0.49  -  Val Acc: 85.23%
2023-12-10 04:54:36,368 - INFO - ========================================
2023-12-10 04:54:36,368 - INFO - [1;34mEpoch 19/100[0m
2023-12-10 04:54:36,368 - INFO - Train Loss: 0.87  -   Train Acc: 76.14%
2023-12-10 04:54:40,688 - INFO - Val Loss: 0.47  -  Val Acc: 86.14%
2023-12-10 04:55:25,965 - INFO - ========================================
2023-12-10 04:55:25,965 - INFO - [1;34mEpoch 20/100[0m
2023-12-10 04:55:25,965 - INFO - Train Loss: 0.74  -   Train Acc: 79.59%
2023-12-10 04:55:30,300 - INFO - Val Loss: 0.53  -  Val Acc: 85.23%
2023-12-10 04:56:15,647 - INFO - ========================================
2023-12-10 04:56:15,647 - INFO - [1;34mEpoch 21/100[0m
2023-12-10 04:56:15,647 - INFO - Train Loss: 0.79  -   Train Acc: 77.97%
2023-12-10 04:56:19,943 - INFO - Val Loss: 0.48  -  Val Acc: 85.79%
2023-12-10 04:57:05,224 - INFO - ========================================
2023-12-10 04:57:05,225 - INFO - [1;34mEpoch 22/100[0m
2023-12-10 04:57:05,225 - INFO - Train Loss: 0.78  -   Train Acc: 79.01%
2023-12-10 04:57:09,509 - INFO - Val Loss: 0.51  -  Val Acc: 85.61%
2023-12-10 04:57:54,696 - INFO - ========================================
2023-12-10 04:57:54,697 - INFO - [1;34mEpoch 23/100[0m
2023-12-10 04:57:54,697 - INFO - Train Loss: 0.71  -   Train Acc: 80.94%
2023-12-10 04:57:59,068 - INFO - Val Loss: 0.49  -  Val Acc: 85.85%
2023-12-10 04:58:44,356 - INFO - ========================================
2023-12-10 04:58:44,357 - INFO - [1;34mEpoch 24/100[0m
2023-12-10 04:58:44,357 - INFO - Train Loss: 0.74  -   Train Acc: 79.84%
2023-12-10 04:58:48,726 - INFO - Val Loss: 0.48  -  Val Acc: 85.82%
2023-12-10 04:59:34,000 - INFO - ========================================
2023-12-10 04:59:34,000 - INFO - [1;34mEpoch 25/100[0m
2023-12-10 04:59:34,000 - INFO - Train Loss: 0.76  -   Train Acc: 79.63%
2023-12-10 04:59:38,421 - INFO - Val Loss: 0.47  -  Val Acc: 86.42%
2023-12-10 05:00:23,703 - INFO - ========================================
2023-12-10 05:00:23,704 - INFO - [1;34mEpoch 26/100[0m
2023-12-10 05:00:23,704 - INFO - Train Loss: 0.75  -   Train Acc: 79.82%
2023-12-10 05:00:28,039 - INFO - Val Loss: 0.52  -  Val Acc: 85.97%
2023-12-10 05:01:13,469 - INFO - ========================================
2023-12-10 05:01:13,469 - INFO - [1;34mEpoch 27/100[0m
2023-12-10 05:01:13,469 - INFO - Train Loss: 0.75  -   Train Acc: 79.79%
2023-12-10 05:01:17,838 - INFO - Val Loss: 0.49  -  Val Acc: 85.90%
2023-12-10 05:02:03,106 - INFO - ========================================
2023-12-10 05:02:03,106 - INFO - [1;34mEpoch 28/100[0m
2023-12-10 05:02:03,106 - INFO - Train Loss: 0.82  -   Train Acc: 77.55%
2023-12-10 05:02:07,416 - INFO - Val Loss: 0.54  -  Val Acc: 85.00%
2023-12-10 05:02:52,866 - INFO - ========================================
2023-12-10 05:02:52,866 - INFO - [1;34mEpoch 29/100[0m
2023-12-10 05:02:52,866 - INFO - Train Loss: 0.77  -   Train Acc: 79.38%
2023-12-10 05:02:57,194 - INFO - Val Loss: 0.57  -  Val Acc: 85.20%
2023-12-10 05:03:42,550 - INFO - ========================================
2023-12-10 05:03:42,551 - INFO - [1;34mEpoch 30/100[0m
2023-12-10 05:03:42,551 - INFO - Train Loss: 0.71  -   Train Acc: 81.12%
2023-12-10 05:03:46,891 - INFO - Val Loss: 0.47  -  Val Acc: 86.88%
2023-12-10 05:04:32,223 - INFO - ========================================
2023-12-10 05:04:32,223 - INFO - [1;34mEpoch 31/100[0m
2023-12-10 05:04:32,223 - INFO - Train Loss: 0.76  -   Train Acc: 79.47%
2023-12-10 05:04:36,569 - INFO - Val Loss: 0.49  -  Val Acc: 86.52%
2023-12-10 05:05:21,876 - INFO - ========================================
2023-12-10 05:05:21,876 - INFO - [1;34mEpoch 32/100[0m
2023-12-10 05:05:21,876 - INFO - Train Loss: 0.70  -   Train Acc: 81.45%
2023-12-10 05:05:26,242 - INFO - Val Loss: 0.47  -  Val Acc: 86.58%
2023-12-10 05:06:11,631 - INFO - ========================================
2023-12-10 05:06:11,631 - INFO - [1;34mEpoch 33/100[0m
2023-12-10 05:06:11,631 - INFO - Train Loss: 0.72  -   Train Acc: 80.55%
2023-12-10 05:06:16,107 - INFO - Val Loss: 0.49  -  Val Acc: 86.79%
2023-12-10 05:07:01,463 - INFO - ========================================
2023-12-10 05:07:01,463 - INFO - [1;34mEpoch 34/100[0m
2023-12-10 05:07:01,463 - INFO - Train Loss: 0.67  -   Train Acc: 82.13%
2023-12-10 05:07:05,822 - INFO - Val Loss: 0.48  -  Val Acc: 86.04%
2023-12-10 05:07:50,993 - INFO - ========================================
2023-12-10 05:07:50,993 - INFO - [1;34mEpoch 35/100[0m
2023-12-10 05:07:50,993 - INFO - Train Loss: 0.65  -   Train Acc: 82.97%
2023-12-10 05:07:55,380 - INFO - Val Loss: 0.47  -  Val Acc: 86.64%
2023-12-10 05:08:40,713 - INFO - ========================================
2023-12-10 05:08:40,713 - INFO - [1;34mEpoch 36/100[0m
2023-12-10 05:08:40,713 - INFO - Train Loss: 0.70  -   Train Acc: 81.08%
2023-12-10 05:08:45,055 - INFO - Val Loss: 0.50  -  Val Acc: 86.13%
2023-12-10 05:09:30,395 - INFO - ========================================
2023-12-10 05:09:30,395 - INFO - [1;34mEpoch 37/100[0m
2023-12-10 05:09:30,395 - INFO - Train Loss: 0.69  -   Train Acc: 81.47%
2023-12-10 05:09:34,789 - INFO - Val Loss: 0.46  -  Val Acc: 86.90%
2023-12-10 05:10:20,185 - INFO - ========================================
2023-12-10 05:10:20,186 - INFO - [1;34mEpoch 38/100[0m
2023-12-10 05:10:20,186 - INFO - Train Loss: 0.64  -   Train Acc: 82.72%
2023-12-10 05:10:24,518 - INFO - Val Loss: 0.47  -  Val Acc: 86.40%
2023-12-10 05:11:09,829 - INFO - ========================================
2023-12-10 05:11:09,829 - INFO - [1;34mEpoch 39/100[0m
2023-12-10 05:11:09,829 - INFO - Train Loss: 0.71  -   Train Acc: 80.78%
2023-12-10 05:11:14,188 - INFO - Val Loss: 0.46  -  Val Acc: 86.70%
2023-12-10 05:11:59,490 - INFO - ========================================
2023-12-10 05:11:59,490 - INFO - [1;34mEpoch 40/100[0m
2023-12-10 05:11:59,490 - INFO - Train Loss: 0.73  -   Train Acc: 79.91%
2023-12-10 05:12:03,937 - INFO - Val Loss: 0.47  -  Val Acc: 87.07%
2023-12-10 05:12:49,342 - INFO - ========================================
2023-12-10 05:12:49,343 - INFO - [1;34mEpoch 41/100[0m
2023-12-10 05:12:49,343 - INFO - Train Loss: 0.69  -   Train Acc: 81.47%
2023-12-10 05:12:53,713 - INFO - Val Loss: 0.47  -  Val Acc: 87.62%
2023-12-10 05:13:39,116 - INFO - ========================================
2023-12-10 05:13:39,117 - INFO - [1;34mEpoch 42/100[0m
2023-12-10 05:13:39,117 - INFO - Train Loss: 0.74  -   Train Acc: 79.51%
2023-12-10 05:13:43,493 - INFO - Val Loss: 0.47  -  Val Acc: 87.03%
2023-12-10 05:14:28,845 - INFO - ========================================
2023-12-10 05:14:28,845 - INFO - [1;34mEpoch 43/100[0m
2023-12-10 05:14:28,845 - INFO - Train Loss: 0.70  -   Train Acc: 80.88%
2023-12-10 05:14:33,201 - INFO - Val Loss: 0.46  -  Val Acc: 86.97%
2023-12-10 05:15:18,559 - INFO - ========================================
2023-12-10 05:15:18,559 - INFO - [1;34mEpoch 44/100[0m
2023-12-10 05:15:18,559 - INFO - Train Loss: 0.68  -   Train Acc: 81.72%
2023-12-10 05:15:22,911 - INFO - Val Loss: 0.46  -  Val Acc: 86.92%
2023-12-10 05:16:08,304 - INFO - ========================================
2023-12-10 05:16:08,304 - INFO - [1;34mEpoch 45/100[0m
2023-12-10 05:16:08,304 - INFO - Train Loss: 0.70  -   Train Acc: 80.92%
2023-12-10 05:16:12,634 - INFO - Val Loss: 0.44  -  Val Acc: 86.98%
2023-12-10 05:16:58,008 - INFO - ========================================
2023-12-10 05:16:58,008 - INFO - [1;34mEpoch 46/100[0m
2023-12-10 05:16:58,008 - INFO - Train Loss: 0.69  -   Train Acc: 81.39%
2023-12-10 05:17:02,450 - INFO - Val Loss: 0.47  -  Val Acc: 86.18%
2023-12-10 05:17:47,832 - INFO - ========================================
2023-12-10 05:17:47,832 - INFO - [1;34mEpoch 47/100[0m
2023-12-10 05:17:47,832 - INFO - Train Loss: 0.72  -   Train Acc: 80.59%
2023-12-10 05:17:52,220 - INFO - Val Loss: 0.46  -  Val Acc: 86.75%
2023-12-10 05:18:37,645 - INFO - ========================================
2023-12-10 05:18:37,645 - INFO - [1;34mEpoch 48/100[0m
2023-12-10 05:18:37,645 - INFO - Train Loss: 0.73  -   Train Acc: 79.89%
2023-12-10 05:18:42,011 - INFO - Val Loss: 0.53  -  Val Acc: 85.80%
2023-12-10 05:19:27,444 - INFO - ========================================
2023-12-10 05:19:27,444 - INFO - [1;34mEpoch 49/100[0m
2023-12-10 05:19:27,444 - INFO - Train Loss: 0.70  -   Train Acc: 81.15%
2023-12-10 05:19:31,806 - INFO - Val Loss: 0.53  -  Val Acc: 85.19%
2023-12-10 05:20:17,382 - INFO - ========================================
2023-12-10 05:20:17,382 - INFO - [1;34mEpoch 50/100[0m
2023-12-10 05:20:17,382 - INFO - Train Loss: 0.69  -   Train Acc: 81.01%
2023-12-10 05:20:21,899 - INFO - Val Loss: 0.57  -  Val Acc: 83.42%
2023-12-10 05:21:07,774 - INFO - ========================================
2023-12-10 05:21:07,775 - INFO - [1;34mEpoch 51/100[0m
2023-12-10 05:21:07,775 - INFO - Train Loss: 0.67  -   Train Acc: 81.89%
2023-12-10 05:21:12,290 - INFO - Val Loss: 0.46  -  Val Acc: 87.21%
2023-12-10 05:21:58,106 - INFO - ========================================
2023-12-10 05:21:58,106 - INFO - [1;34mEpoch 52/100[0m
2023-12-10 05:21:58,106 - INFO - Train Loss: 0.73  -   Train Acc: 79.77%
2023-12-10 05:22:02,704 - INFO - Val Loss: 0.47  -  Val Acc: 86.85%
2023-12-10 05:22:48,393 - INFO - ========================================
2023-12-10 05:22:48,394 - INFO - [1;34mEpoch 53/100[0m
2023-12-10 05:22:48,394 - INFO - Train Loss: 0.62  -   Train Acc: 83.79%
2023-12-10 05:22:52,942 - INFO - Val Loss: 0.47  -  Val Acc: 86.64%
2023-12-10 05:23:38,893 - INFO - ========================================
2023-12-10 05:23:38,894 - INFO - [1;34mEpoch 54/100[0m
2023-12-10 05:23:38,894 - INFO - Train Loss: 0.72  -   Train Acc: 80.86%
2023-12-10 05:23:43,505 - INFO - Val Loss: 0.46  -  Val Acc: 86.94%
2023-12-10 05:24:29,285 - INFO - ========================================
2023-12-10 05:24:29,285 - INFO - [1;34mEpoch 55/100[0m
2023-12-10 05:24:29,285 - INFO - Train Loss: 0.68  -   Train Acc: 81.82%
2023-12-10 05:24:33,919 - INFO - Val Loss: 0.46  -  Val Acc: 87.64%
2023-12-10 05:25:19,718 - INFO - ========================================
2023-12-10 05:25:19,718 - INFO - [1;34mEpoch 56/100[0m
2023-12-10 05:25:19,719 - INFO - Train Loss: 0.65  -   Train Acc: 82.62%
2023-12-10 05:25:24,180 - INFO - Val Loss: 0.43  -  Val Acc: 87.85%
2023-12-10 05:26:09,990 - INFO - ========================================
2023-12-10 05:26:09,990 - INFO - [1;34mEpoch 57/100[0m
2023-12-10 05:26:09,990 - INFO - Train Loss: 0.64  -   Train Acc: 82.35%
2023-12-10 05:26:14,566 - INFO - Val Loss: 0.43  -  Val Acc: 88.35%
2023-12-10 05:27:00,368 - INFO - ========================================
2023-12-10 05:27:00,368 - INFO - [1;34mEpoch 58/100[0m
2023-12-10 05:27:00,368 - INFO - Train Loss: 0.64  -   Train Acc: 82.72%
2023-12-10 05:27:04,895 - INFO - Val Loss: 0.42  -  Val Acc: 88.51%
2023-12-10 05:27:50,833 - INFO - ========================================
2023-12-10 05:27:50,834 - INFO - [1;34mEpoch 59/100[0m
2023-12-10 05:27:50,834 - INFO - Train Loss: 0.64  -   Train Acc: 82.79%
2023-12-10 05:27:55,417 - INFO - Val Loss: 0.43  -  Val Acc: 88.15%
2023-12-10 05:28:41,243 - INFO - ========================================
2023-12-10 05:28:41,243 - INFO - [1;34mEpoch 60/100[0m
2023-12-10 05:28:41,244 - INFO - Train Loss: 0.67  -   Train Acc: 82.21%
2023-12-10 05:28:45,762 - INFO - Val Loss: 0.49  -  Val Acc: 86.24%
2023-12-10 05:29:31,524 - INFO - ========================================
2023-12-10 05:29:31,524 - INFO - [1;34mEpoch 61/100[0m
2023-12-10 05:29:31,524 - INFO - Train Loss: 0.73  -   Train Acc: 79.97%
2023-12-10 05:29:35,998 - INFO - Val Loss: 0.46  -  Val Acc: 87.77%
2023-12-10 05:30:21,745 - INFO - ========================================
2023-12-10 05:30:21,746 - INFO - [1;34mEpoch 62/100[0m
2023-12-10 05:30:21,746 - INFO - Train Loss: 0.69  -   Train Acc: 81.32%
2023-12-10 05:30:26,262 - INFO - Val Loss: 0.45  -  Val Acc: 87.15%
2023-12-10 05:31:11,919 - INFO - ========================================
2023-12-10 05:31:11,920 - INFO - [1;34mEpoch 63/100[0m
2023-12-10 05:31:11,920 - INFO - Train Loss: 0.61  -   Train Acc: 83.63%
2023-12-10 05:31:16,494 - INFO - Val Loss: 0.44  -  Val Acc: 87.55%
2023-12-10 05:32:02,215 - INFO - ========================================
2023-12-10 05:32:02,215 - INFO - [1;34mEpoch 64/100[0m
2023-12-10 05:32:02,215 - INFO - Train Loss: 0.68  -   Train Acc: 81.17%
2023-12-10 05:32:06,739 - INFO - Val Loss: 0.46  -  Val Acc: 87.87%
2023-12-10 05:32:52,450 - INFO - ========================================
2023-12-10 05:32:52,451 - INFO - [1;34mEpoch 65/100[0m
2023-12-10 05:32:52,451 - INFO - Train Loss: 0.67  -   Train Acc: 81.88%
2023-12-10 05:32:56,973 - INFO - Val Loss: 0.45  -  Val Acc: 87.89%
2023-12-10 05:33:42,637 - INFO - ========================================
2023-12-10 05:33:42,638 - INFO - [1;34mEpoch 66/100[0m
2023-12-10 05:33:42,638 - INFO - Train Loss: 0.69  -   Train Acc: 81.01%
2023-12-10 05:33:47,187 - INFO - Val Loss: 0.43  -  Val Acc: 88.11%
2023-12-10 05:34:33,009 - INFO - ========================================
2023-12-10 05:34:33,009 - INFO - [1;34mEpoch 67/100[0m
2023-12-10 05:34:33,009 - INFO - Train Loss: 0.72  -   Train Acc: 80.14%
2023-12-10 05:34:37,454 - INFO - Val Loss: 0.41  -  Val Acc: 88.29%
2023-12-10 05:35:23,060 - INFO - ========================================
2023-12-10 05:35:23,060 - INFO - [1;34mEpoch 68/100[0m
2023-12-10 05:35:23,060 - INFO - Train Loss: 0.64  -   Train Acc: 83.30%
2023-12-10 05:35:27,585 - INFO - Val Loss: 0.45  -  Val Acc: 87.74%
2023-12-10 05:36:13,434 - INFO - ========================================
2023-12-10 05:36:13,434 - INFO - [1;34mEpoch 69/100[0m
2023-12-10 05:36:13,434 - INFO - Train Loss: 0.67  -   Train Acc: 82.02%
2023-12-10 05:36:17,983 - INFO - Val Loss: 0.43  -  Val Acc: 87.95%
2023-12-10 05:37:03,757 - INFO - ========================================
2023-12-10 05:37:03,757 - INFO - [1;34mEpoch 70/100[0m
2023-12-10 05:37:03,757 - INFO - Train Loss: 0.67  -   Train Acc: 81.62%
2023-12-10 05:37:08,288 - INFO - Val Loss: 0.44  -  Val Acc: 88.24%
2023-12-10 05:37:54,131 - INFO - ========================================
2023-12-10 05:37:54,132 - INFO - [1;34mEpoch 71/100[0m
2023-12-10 05:37:54,132 - INFO - Train Loss: 0.60  -   Train Acc: 84.31%
2023-12-10 05:37:58,685 - INFO - Val Loss: 0.45  -  Val Acc: 87.64%
2023-12-10 05:38:44,482 - INFO - ========================================
2023-12-10 05:38:44,482 - INFO - [1;34mEpoch 72/100[0m
2023-12-10 05:38:44,482 - INFO - Train Loss: 0.71  -   Train Acc: 80.65%
2023-12-10 05:38:48,999 - INFO - Val Loss: 0.42  -  Val Acc: 88.95%
2023-12-10 05:39:34,800 - INFO - ========================================
2023-12-10 05:39:34,801 - INFO - [1;34mEpoch 73/100[0m
2023-12-10 05:39:34,801 - INFO - Train Loss: 0.64  -   Train Acc: 82.28%
2023-12-10 05:39:39,410 - INFO - Val Loss: 0.42  -  Val Acc: 88.18%
2023-12-10 05:40:25,335 - INFO - ========================================
2023-12-10 05:40:25,335 - INFO - [1;34mEpoch 74/100[0m
2023-12-10 05:40:25,335 - INFO - Train Loss: 0.65  -   Train Acc: 82.64%
2023-12-10 05:40:29,936 - INFO - Val Loss: 0.41  -  Val Acc: 88.76%
2023-12-10 05:41:15,775 - INFO - ========================================
2023-12-10 05:41:15,775 - INFO - [1;34mEpoch 75/100[0m
2023-12-10 05:41:15,775 - INFO - Train Loss: 0.64  -   Train Acc: 82.37%
2023-12-10 05:41:20,275 - INFO - Val Loss: 0.43  -  Val Acc: 88.50%
2023-12-10 05:42:06,056 - INFO - ========================================
2023-12-10 05:42:06,057 - INFO - [1;34mEpoch 76/100[0m
2023-12-10 05:42:06,057 - INFO - Train Loss: 0.60  -   Train Acc: 84.29%
2023-12-10 05:42:10,644 - INFO - Val Loss: 0.44  -  Val Acc: 87.35%
2023-12-10 05:42:56,629 - INFO - ========================================
2023-12-10 05:42:56,629 - INFO - [1;34mEpoch 77/100[0m
2023-12-10 05:42:56,629 - INFO - Train Loss: 0.69  -   Train Acc: 81.28%
2023-12-10 05:43:01,192 - INFO - Val Loss: 0.45  -  Val Acc: 88.06%
2023-12-10 05:43:47,082 - INFO - ========================================
2023-12-10 05:43:47,082 - INFO - [1;34mEpoch 78/100[0m
2023-12-10 05:43:47,082 - INFO - Train Loss: 0.67  -   Train Acc: 82.01%
2023-12-10 05:43:51,599 - INFO - Val Loss: 0.41  -  Val Acc: 88.68%
2023-12-10 05:44:37,427 - INFO - ========================================
2023-12-10 05:44:37,428 - INFO - [1;34mEpoch 79/100[0m
2023-12-10 05:44:37,428 - INFO - Train Loss: 0.60  -   Train Acc: 84.13%
2023-12-10 05:44:42,020 - INFO - Val Loss: 0.43  -  Val Acc: 88.19%
2023-12-10 05:45:27,924 - INFO - ========================================
2023-12-10 05:45:27,924 - INFO - [1;34mEpoch 80/100[0m
2023-12-10 05:45:27,924 - INFO - Train Loss: 0.65  -   Train Acc: 81.90%
2023-12-10 05:45:32,420 - INFO - Val Loss: 0.44  -  Val Acc: 87.72%
2023-12-10 05:46:18,419 - INFO - ========================================
2023-12-10 05:46:18,419 - INFO - [1;34mEpoch 81/100[0m
2023-12-10 05:46:18,419 - INFO - Train Loss: 0.68  -   Train Acc: 81.12%
2023-12-10 05:46:23,019 - INFO - Val Loss: 0.42  -  Val Acc: 88.63%
2023-12-10 05:47:09,064 - INFO - ========================================
2023-12-10 05:47:09,064 - INFO - [1;34mEpoch 82/100[0m
2023-12-10 05:47:09,064 - INFO - Train Loss: 0.62  -   Train Acc: 83.43%
2023-12-10 05:47:13,634 - INFO - Val Loss: 0.43  -  Val Acc: 88.40%
2023-12-10 05:47:59,694 - INFO - ========================================
2023-12-10 05:47:59,694 - INFO - [1;34mEpoch 83/100[0m
2023-12-10 05:47:59,694 - INFO - Train Loss: 0.70  -   Train Acc: 80.58%
2023-12-10 05:48:04,379 - INFO - Val Loss: 0.46  -  Val Acc: 87.78%
2023-12-10 05:48:50,494 - INFO - ========================================
2023-12-10 05:48:50,494 - INFO - [1;34mEpoch 84/100[0m
2023-12-10 05:48:50,494 - INFO - Train Loss: 0.68  -   Train Acc: 81.40%
2023-12-10 05:48:55,192 - INFO - Val Loss: 0.44  -  Val Acc: 88.18%
2023-12-10 05:49:41,226 - INFO - ========================================
2023-12-10 05:49:41,226 - INFO - [1;34mEpoch 85/100[0m
2023-12-10 05:49:41,226 - INFO - Train Loss: 0.67  -   Train Acc: 81.65%
2023-12-10 05:49:45,819 - INFO - Val Loss: 0.44  -  Val Acc: 87.92%
2023-12-10 05:50:31,680 - INFO - ========================================
2023-12-10 05:50:31,680 - INFO - [1;34mEpoch 86/100[0m
2023-12-10 05:50:31,680 - INFO - Train Loss: 0.66  -   Train Acc: 81.86%
2023-12-10 05:50:36,237 - INFO - Val Loss: 0.43  -  Val Acc: 88.18%
2023-12-10 05:51:22,168 - INFO - ========================================
2023-12-10 05:51:22,168 - INFO - [1;34mEpoch 87/100[0m
2023-12-10 05:51:22,168 - INFO - Train Loss: 0.64  -   Train Acc: 83.30%
2023-12-10 05:51:26,792 - INFO - Val Loss: 0.44  -  Val Acc: 88.26%
2023-12-10 05:52:12,814 - INFO - ========================================
2023-12-10 05:52:12,814 - INFO - [1;34mEpoch 88/100[0m
2023-12-10 05:52:12,814 - INFO - Train Loss: 0.65  -   Train Acc: 82.83%
2023-12-10 05:52:17,411 - INFO - Val Loss: 0.43  -  Val Acc: 88.72%
2023-12-10 05:53:03,309 - INFO - ========================================
2023-12-10 05:53:03,309 - INFO - [1;34mEpoch 89/100[0m
2023-12-10 05:53:03,309 - INFO - Train Loss: 0.62  -   Train Acc: 83.48%
2023-12-10 05:53:07,876 - INFO - Val Loss: 0.45  -  Val Acc: 88.12%
2023-12-10 05:53:53,870 - INFO - ========================================
2023-12-10 05:53:53,870 - INFO - [1;34mEpoch 90/100[0m
2023-12-10 05:53:53,870 - INFO - Train Loss: 0.71  -   Train Acc: 80.44%
2023-12-10 05:53:58,426 - INFO - Val Loss: 0.45  -  Val Acc: 88.06%
2023-12-10 05:54:44,132 - INFO - ========================================
2023-12-10 05:54:44,132 - INFO - [1;34mEpoch 91/100[0m
2023-12-10 05:54:44,132 - INFO - Train Loss: 0.62  -   Train Acc: 83.21%
2023-12-10 05:54:48,653 - INFO - Val Loss: 0.42  -  Val Acc: 88.82%
2023-12-10 05:55:34,359 - INFO - ========================================
2023-12-10 05:55:34,359 - INFO - [1;34mEpoch 92/100[0m
2023-12-10 05:55:34,359 - INFO - Train Loss: 0.60  -   Train Acc: 83.68%
2023-12-10 05:55:38,840 - INFO - Val Loss: 0.42  -  Val Acc: 88.39%
2023-12-10 05:56:24,578 - INFO - ========================================
2023-12-10 05:56:24,578 - INFO - [1;34mEpoch 93/100[0m
2023-12-10 05:56:24,578 - INFO - Train Loss: 0.69  -   Train Acc: 80.93%
2023-12-10 05:56:29,175 - INFO - Val Loss: 0.45  -  Val Acc: 87.89%
2023-12-10 05:57:14,942 - INFO - ========================================
2023-12-10 05:57:14,942 - INFO - [1;34mEpoch 94/100[0m
2023-12-10 05:57:14,942 - INFO - Train Loss: 0.69  -   Train Acc: 80.80%
2023-12-10 05:57:19,487 - INFO - Val Loss: 0.43  -  Val Acc: 88.49%
2023-12-10 05:58:05,176 - INFO - ========================================
2023-12-10 05:58:05,177 - INFO - [1;34mEpoch 95/100[0m
2023-12-10 05:58:05,177 - INFO - Train Loss: 0.64  -   Train Acc: 82.55%
2023-12-10 05:58:09,719 - INFO - Val Loss: 0.41  -  Val Acc: 88.58%
2023-12-10 05:58:55,448 - INFO - ========================================
2023-12-10 05:58:55,449 - INFO - [1;34mEpoch 96/100[0m
2023-12-10 05:58:55,449 - INFO - Train Loss: 0.63  -   Train Acc: 82.63%
2023-12-10 05:58:59,996 - INFO - Val Loss: 0.42  -  Val Acc: 88.47%
2023-12-10 05:59:45,937 - INFO - ========================================
2023-12-10 05:59:45,937 - INFO - [1;34mEpoch 97/100[0m
2023-12-10 05:59:45,937 - INFO - Train Loss: 0.63  -   Train Acc: 83.14%
2023-12-10 05:59:50,471 - INFO - Val Loss: 0.42  -  Val Acc: 88.26%
2023-12-10 06:00:36,334 - INFO - ========================================
2023-12-10 06:00:36,335 - INFO - [1;34mEpoch 98/100[0m
2023-12-10 06:00:36,335 - INFO - Train Loss: 0.63  -   Train Acc: 82.76%
2023-12-10 06:00:40,890 - INFO - Val Loss: 0.43  -  Val Acc: 88.44%
2023-12-10 06:01:26,556 - INFO - ========================================
2023-12-10 06:01:26,556 - INFO - [1;34mEpoch 99/100[0m
2023-12-10 06:01:26,556 - INFO - Train Loss: 0.62  -   Train Acc: 83.34%
2023-12-10 06:01:31,064 - INFO - Val Loss: 0.46  -  Val Acc: 88.38%
2023-12-10 06:02:16,609 - INFO - ========================================
2023-12-10 06:02:16,609 - INFO - [1;34mEpoch 100/100[0m
2023-12-10 06:02:16,609 - INFO - Train Loss: 0.61  -   Train Acc: 84.15%
2023-12-10 06:02:21,173 - INFO - Val Loss: 0.43  -  Val Acc: 88.47%
2023-12-10 06:02:21,174 - INFO - ========================================
2023-12-10 06:02:21,174 - INFO - Training Completed! 😀
