2023-12-10 03:10:59,436 - INFO - 🚀 Training MobileNetV3 - Omni Dimensional Dynamic Convolution 🚀
2023-12-10 03:11:45,826 - INFO - ========================================
2023-12-10 03:11:45,826 - INFO - [1;34mEpoch 1/100[0m
2023-12-10 03:11:45,826 - INFO - Train Loss: 4.10  -   Train Acc: 7.34%
2023-12-10 03:11:50,134 - INFO - Val Loss: 3.64  -  Val Acc: 13.38%
2023-12-10 03:12:34,832 - INFO - ========================================
2023-12-10 03:12:34,832 - INFO - [1;34mEpoch 2/100[0m
2023-12-10 03:12:34,832 - INFO - Train Loss: 3.56  -   Train Acc: 17.21%
2023-12-10 03:12:39,059 - INFO - Val Loss: 2.99  -  Val Acc: 25.43%
2023-12-10 03:13:23,879 - INFO - ========================================
2023-12-10 03:13:23,879 - INFO - [1;34mEpoch 3/100[0m
2023-12-10 03:13:23,879 - INFO - Train Loss: 3.24  -   Train Acc: 24.00%
2023-12-10 03:13:28,093 - INFO - Val Loss: 2.70  -  Val Acc: 32.14%
2023-12-10 03:14:12,866 - INFO - ========================================
2023-12-10 03:14:12,867 - INFO - [1;34mEpoch 4/100[0m
2023-12-10 03:14:12,867 - INFO - Train Loss: 2.99  -   Train Acc: 29.85%
2023-12-10 03:14:17,076 - INFO - Val Loss: 2.42  -  Val Acc: 36.67%
2023-12-10 03:15:01,886 - INFO - ========================================
2023-12-10 03:15:01,886 - INFO - [1;34mEpoch 5/100[0m
2023-12-10 03:15:01,886 - INFO - Train Loss: 2.81  -   Train Acc: 34.42%
2023-12-10 03:15:06,112 - INFO - Val Loss: 2.28  -  Val Acc: 41.29%
2023-12-10 03:15:50,939 - INFO - ========================================
2023-12-10 03:15:50,940 - INFO - [1;34mEpoch 6/100[0m
2023-12-10 03:15:50,940 - INFO - Train Loss: 2.67  -   Train Acc: 37.98%
2023-12-10 03:15:55,204 - INFO - Val Loss: 2.09  -  Val Acc: 43.82%
2023-12-10 03:16:40,194 - INFO - ========================================
2023-12-10 03:16:40,194 - INFO - [1;34mEpoch 7/100[0m
2023-12-10 03:16:40,194 - INFO - Train Loss: 2.59  -   Train Acc: 40.19%
2023-12-10 03:16:44,517 - INFO - Val Loss: 2.01  -  Val Acc: 47.11%
2023-12-10 03:17:29,448 - INFO - ========================================
2023-12-10 03:17:29,448 - INFO - [1;34mEpoch 8/100[0m
2023-12-10 03:17:29,448 - INFO - Train Loss: 2.43  -   Train Acc: 43.67%
2023-12-10 03:17:33,662 - INFO - Val Loss: 1.83  -  Val Acc: 51.16%
2023-12-10 03:18:18,533 - INFO - ========================================
2023-12-10 03:18:18,533 - INFO - [1;34mEpoch 9/100[0m
2023-12-10 03:18:18,533 - INFO - Train Loss: 2.33  -   Train Acc: 46.67%
2023-12-10 03:18:22,818 - INFO - Val Loss: 1.86  -  Val Acc: 50.32%
2023-12-10 03:19:07,757 - INFO - ========================================
2023-12-10 03:19:07,758 - INFO - [1;34mEpoch 10/100[0m
2023-12-10 03:19:07,758 - INFO - Train Loss: 2.38  -   Train Acc: 46.27%
2023-12-10 03:19:11,978 - INFO - Val Loss: 1.75  -  Val Acc: 52.80%
2023-12-10 03:19:56,840 - INFO - ========================================
2023-12-10 03:19:56,840 - INFO - [1;34mEpoch 11/100[0m
2023-12-10 03:19:56,840 - INFO - Train Loss: 2.29  -   Train Acc: 48.63%
2023-12-10 03:20:01,062 - INFO - Val Loss: 1.67  -  Val Acc: 54.86%
2023-12-10 03:20:45,881 - INFO - ========================================
2023-12-10 03:20:45,882 - INFO - [1;34mEpoch 12/100[0m
2023-12-10 03:20:45,882 - INFO - Train Loss: 2.19  -   Train Acc: 50.83%
2023-12-10 03:20:50,093 - INFO - Val Loss: 1.67  -  Val Acc: 55.52%
2023-12-10 03:21:35,009 - INFO - ========================================
2023-12-10 03:21:35,009 - INFO - [1;34mEpoch 13/100[0m
2023-12-10 03:21:35,009 - INFO - Train Loss: 2.03  -   Train Acc: 54.41%
2023-12-10 03:21:39,308 - INFO - Val Loss: 1.58  -  Val Acc: 56.32%
2023-12-10 03:22:24,210 - INFO - ========================================
2023-12-10 03:22:24,210 - INFO - [1;34mEpoch 14/100[0m
2023-12-10 03:22:24,210 - INFO - Train Loss: 2.00  -   Train Acc: 55.70%
2023-12-10 03:22:28,485 - INFO - Val Loss: 1.69  -  Val Acc: 55.82%
2023-12-10 03:23:13,426 - INFO - ========================================
2023-12-10 03:23:13,427 - INFO - [1;34mEpoch 15/100[0m
2023-12-10 03:23:13,427 - INFO - Train Loss: 1.95  -   Train Acc: 56.84%
2023-12-10 03:23:17,635 - INFO - Val Loss: 1.62  -  Val Acc: 57.79%
2023-12-10 03:24:02,590 - INFO - ========================================
2023-12-10 03:24:02,590 - INFO - [1;34mEpoch 16/100[0m
2023-12-10 03:24:02,590 - INFO - Train Loss: 1.92  -   Train Acc: 57.82%
2023-12-10 03:24:06,920 - INFO - Val Loss: 1.61  -  Val Acc: 57.64%
2023-12-10 03:24:51,900 - INFO - ========================================
2023-12-10 03:24:51,900 - INFO - [1;34mEpoch 17/100[0m
2023-12-10 03:24:51,900 - INFO - Train Loss: 1.82  -   Train Acc: 61.31%
2023-12-10 03:24:56,147 - INFO - Val Loss: 1.59  -  Val Acc: 57.74%
2023-12-10 03:25:41,144 - INFO - ========================================
2023-12-10 03:25:41,144 - INFO - [1;34mEpoch 18/100[0m
2023-12-10 03:25:41,144 - INFO - Train Loss: 1.68  -   Train Acc: 64.65%
2023-12-10 03:25:45,367 - INFO - Val Loss: 1.63  -  Val Acc: 56.75%
2023-12-10 03:26:30,330 - INFO - ========================================
2023-12-10 03:26:30,330 - INFO - [1;34mEpoch 19/100[0m
2023-12-10 03:26:30,330 - INFO - Train Loss: 1.79  -   Train Acc: 62.30%
2023-12-10 03:26:34,554 - INFO - Val Loss: 1.64  -  Val Acc: 57.47%
2023-12-10 03:27:19,495 - INFO - ========================================
2023-12-10 03:27:19,495 - INFO - [1;34mEpoch 20/100[0m
2023-12-10 03:27:19,495 - INFO - Train Loss: 1.74  -   Train Acc: 63.76%
2023-12-10 03:27:23,825 - INFO - Val Loss: 1.56  -  Val Acc: 58.95%
2023-12-10 03:28:08,907 - INFO - ========================================
2023-12-10 03:28:08,907 - INFO - [1;34mEpoch 21/100[0m
2023-12-10 03:28:08,907 - INFO - Train Loss: 1.74  -   Train Acc: 63.95%
2023-12-10 03:28:13,200 - INFO - Val Loss: 1.57  -  Val Acc: 59.60%
2023-12-10 03:28:58,245 - INFO - ========================================
2023-12-10 03:28:58,245 - INFO - [1;34mEpoch 22/100[0m
2023-12-10 03:28:58,245 - INFO - Train Loss: 1.54  -   Train Acc: 67.93%
2023-12-10 03:29:02,478 - INFO - Val Loss: 1.57  -  Val Acc: 59.81%
2023-12-10 03:29:47,449 - INFO - ========================================
2023-12-10 03:29:47,449 - INFO - [1;34mEpoch 23/100[0m
2023-12-10 03:29:47,449 - INFO - Train Loss: 1.56  -   Train Acc: 68.62%
2023-12-10 03:29:51,687 - INFO - Val Loss: 1.54  -  Val Acc: 59.36%
2023-12-10 03:30:36,748 - INFO - ========================================
2023-12-10 03:30:36,748 - INFO - [1;34mEpoch 24/100[0m
2023-12-10 03:30:36,748 - INFO - Train Loss: 1.62  -   Train Acc: 68.05%
2023-12-10 03:30:40,995 - INFO - Val Loss: 1.55  -  Val Acc: 60.27%
2023-12-10 03:31:26,071 - INFO - ========================================
2023-12-10 03:31:26,071 - INFO - [1;34mEpoch 25/100[0m
2023-12-10 03:31:26,071 - INFO - Train Loss: 1.51  -   Train Acc: 70.00%
2023-12-10 03:31:30,325 - INFO - Val Loss: 1.56  -  Val Acc: 60.49%
2023-12-10 03:32:15,335 - INFO - ========================================
2023-12-10 03:32:15,335 - INFO - [1;34mEpoch 26/100[0m
2023-12-10 03:32:15,335 - INFO - Train Loss: 1.62  -   Train Acc: 68.21%
2023-12-10 03:32:19,602 - INFO - Val Loss: 1.63  -  Val Acc: 59.28%
2023-12-10 03:33:04,658 - INFO - ========================================
2023-12-10 03:33:04,659 - INFO - [1;34mEpoch 27/100[0m
2023-12-10 03:33:04,659 - INFO - Train Loss: 1.55  -   Train Acc: 69.67%
2023-12-10 03:33:08,895 - INFO - Val Loss: 1.57  -  Val Acc: 60.33%
2023-12-10 03:33:53,986 - INFO - ========================================
2023-12-10 03:33:53,986 - INFO - [1;34mEpoch 28/100[0m
2023-12-10 03:33:53,986 - INFO - Train Loss: 1.48  -   Train Acc: 71.60%
2023-12-10 03:33:58,212 - INFO - Val Loss: 1.66  -  Val Acc: 59.04%
2023-12-10 03:34:43,365 - INFO - ========================================
2023-12-10 03:34:43,365 - INFO - [1;34mEpoch 29/100[0m
2023-12-10 03:34:43,365 - INFO - Train Loss: 1.51  -   Train Acc: 71.30%
2023-12-10 03:34:47,571 - INFO - Val Loss: 1.57  -  Val Acc: 60.38%
2023-12-10 03:35:32,730 - INFO - ========================================
2023-12-10 03:35:32,730 - INFO - [1;34mEpoch 30/100[0m
2023-12-10 03:35:32,730 - INFO - Train Loss: 1.49  -   Train Acc: 72.03%
2023-12-10 03:35:37,000 - INFO - Val Loss: 1.56  -  Val Acc: 60.81%
2023-12-10 03:36:22,149 - INFO - ========================================
2023-12-10 03:36:22,149 - INFO - [1;34mEpoch 31/100[0m
2023-12-10 03:36:22,149 - INFO - Train Loss: 1.53  -   Train Acc: 71.39%
2023-12-10 03:36:26,390 - INFO - Val Loss: 1.52  -  Val Acc: 61.58%
2023-12-10 03:37:11,392 - INFO - ========================================
2023-12-10 03:37:11,392 - INFO - [1;34mEpoch 32/100[0m
2023-12-10 03:37:11,392 - INFO - Train Loss: 1.40  -   Train Acc: 73.49%
2023-12-10 03:37:15,707 - INFO - Val Loss: 1.56  -  Val Acc: 60.89%
2023-12-10 03:38:00,752 - INFO - ========================================
2023-12-10 03:38:00,752 - INFO - [1;34mEpoch 33/100[0m
2023-12-10 03:38:00,752 - INFO - Train Loss: 1.54  -   Train Acc: 71.12%
2023-12-10 03:38:04,979 - INFO - Val Loss: 1.61  -  Val Acc: 60.64%
2023-12-10 03:38:49,994 - INFO - ========================================
2023-12-10 03:38:49,994 - INFO - [1;34mEpoch 34/100[0m
2023-12-10 03:38:49,994 - INFO - Train Loss: 1.49  -   Train Acc: 71.59%
2023-12-10 03:38:54,275 - INFO - Val Loss: 1.60  -  Val Acc: 60.81%
2023-12-10 03:39:39,323 - INFO - ========================================
2023-12-10 03:39:39,323 - INFO - [1;34mEpoch 35/100[0m
2023-12-10 03:39:39,323 - INFO - Train Loss: 1.23  -   Train Acc: 77.14%
2023-12-10 03:39:43,563 - INFO - Val Loss: 1.57  -  Val Acc: 60.76%
2023-12-10 03:40:28,647 - INFO - ========================================
2023-12-10 03:40:28,647 - INFO - [1;34mEpoch 36/100[0m
2023-12-10 03:40:28,647 - INFO - Train Loss: 1.38  -   Train Acc: 74.67%
2023-12-10 03:40:32,919 - INFO - Val Loss: 1.57  -  Val Acc: 60.87%
2023-12-10 03:41:17,917 - INFO - ========================================
2023-12-10 03:41:17,917 - INFO - [1;34mEpoch 37/100[0m
2023-12-10 03:41:17,917 - INFO - Train Loss: 1.41  -   Train Acc: 74.41%
2023-12-10 03:41:22,183 - INFO - Val Loss: 1.60  -  Val Acc: 61.06%
2023-12-10 03:42:07,413 - INFO - ========================================
2023-12-10 03:42:07,413 - INFO - [1;34mEpoch 38/100[0m
2023-12-10 03:42:07,413 - INFO - Train Loss: 1.30  -   Train Acc: 76.45%
2023-12-10 03:42:11,722 - INFO - Val Loss: 1.58  -  Val Acc: 60.73%
2023-12-10 03:42:56,818 - INFO - ========================================
2023-12-10 03:42:56,818 - INFO - [1;34mEpoch 39/100[0m
2023-12-10 03:42:56,818 - INFO - Train Loss: 1.21  -   Train Acc: 79.00%
2023-12-10 03:43:01,136 - INFO - Val Loss: 1.59  -  Val Acc: 61.01%
2023-12-10 03:43:46,252 - INFO - ========================================
2023-12-10 03:43:46,252 - INFO - [1;34mEpoch 40/100[0m
2023-12-10 03:43:46,252 - INFO - Train Loss: 1.33  -   Train Acc: 76.24%
2023-12-10 03:43:50,515 - INFO - Val Loss: 1.57  -  Val Acc: 61.62%
2023-12-10 03:44:35,704 - INFO - ========================================
2023-12-10 03:44:35,704 - INFO - [1;34mEpoch 41/100[0m
2023-12-10 03:44:35,704 - INFO - Train Loss: 1.38  -   Train Acc: 74.11%
2023-12-10 03:44:39,949 - INFO - Val Loss: 1.57  -  Val Acc: 62.19%
2023-12-10 03:45:25,221 - INFO - ========================================
2023-12-10 03:45:25,221 - INFO - [1;34mEpoch 42/100[0m
2023-12-10 03:45:25,221 - INFO - Train Loss: 1.34  -   Train Acc: 75.22%
2023-12-10 03:45:29,529 - INFO - Val Loss: 1.59  -  Val Acc: 61.23%
2023-12-10 03:46:14,771 - INFO - ========================================
2023-12-10 03:46:14,771 - INFO - [1;34mEpoch 43/100[0m
2023-12-10 03:46:14,771 - INFO - Train Loss: 1.36  -   Train Acc: 75.04%
2023-12-10 03:46:19,036 - INFO - Val Loss: 1.58  -  Val Acc: 61.40%
2023-12-10 03:47:04,228 - INFO - ========================================
2023-12-10 03:47:04,229 - INFO - [1;34mEpoch 44/100[0m
2023-12-10 03:47:04,229 - INFO - Train Loss: 1.35  -   Train Acc: 75.17%
2023-12-10 03:47:08,484 - INFO - Val Loss: 1.58  -  Val Acc: 61.75%
2023-12-10 03:47:53,606 - INFO - ========================================
2023-12-10 03:47:53,607 - INFO - [1;34mEpoch 45/100[0m
2023-12-10 03:47:53,607 - INFO - Train Loss: 1.27  -   Train Acc: 77.48%
2023-12-10 03:47:57,921 - INFO - Val Loss: 1.66  -  Val Acc: 60.00%
2023-12-10 03:48:43,136 - INFO - ========================================
2023-12-10 03:48:43,136 - INFO - [1;34mEpoch 46/100[0m
2023-12-10 03:48:43,136 - INFO - Train Loss: 1.41  -   Train Acc: 74.18%
2023-12-10 03:48:47,420 - INFO - Val Loss: 1.63  -  Val Acc: 61.20%
2023-12-10 03:49:32,636 - INFO - ========================================
2023-12-10 03:49:32,636 - INFO - [1;34mEpoch 47/100[0m
2023-12-10 03:49:32,636 - INFO - Train Loss: 1.23  -   Train Acc: 77.61%
2023-12-10 03:49:36,949 - INFO - Val Loss: 1.62  -  Val Acc: 60.87%
2023-12-10 03:50:22,178 - INFO - ========================================
2023-12-10 03:50:22,178 - INFO - [1;34mEpoch 48/100[0m
2023-12-10 03:50:22,178 - INFO - Train Loss: 1.45  -   Train Acc: 73.52%
2023-12-10 03:50:26,484 - INFO - Val Loss: 1.70  -  Val Acc: 59.37%
2023-12-10 03:51:11,773 - INFO - ========================================
2023-12-10 03:51:11,773 - INFO - [1;34mEpoch 49/100[0m
2023-12-10 03:51:11,774 - INFO - Train Loss: 1.39  -   Train Acc: 73.89%
2023-12-10 03:51:16,123 - INFO - Val Loss: 1.68  -  Val Acc: 59.30%
2023-12-10 03:52:01,483 - INFO - ========================================
2023-12-10 03:52:01,484 - INFO - [1;34mEpoch 50/100[0m
2023-12-10 03:52:01,484 - INFO - Train Loss: 1.46  -   Train Acc: 72.02%
2023-12-10 03:52:05,873 - INFO - Val Loss: 1.75  -  Val Acc: 58.37%
2023-12-10 03:52:50,928 - INFO - ========================================
2023-12-10 03:52:50,929 - INFO - [1;34mEpoch 51/100[0m
2023-12-10 03:52:50,929 - INFO - Train Loss: 1.28  -   Train Acc: 76.08%
2023-12-10 03:52:55,278 - INFO - Val Loss: 1.62  -  Val Acc: 61.28%
2023-12-10 03:53:40,358 - INFO - ========================================
2023-12-10 03:53:40,358 - INFO - [1;34mEpoch 52/100[0m
2023-12-10 03:53:40,358 - INFO - Train Loss: 1.33  -   Train Acc: 76.09%
2023-12-10 03:53:44,700 - INFO - Val Loss: 1.56  -  Val Acc: 61.49%
2023-12-10 03:54:29,839 - INFO - ========================================
2023-12-10 03:54:29,839 - INFO - [1;34mEpoch 53/100[0m
2023-12-10 03:54:29,839 - INFO - Train Loss: 1.26  -   Train Acc: 77.81%
2023-12-10 03:54:34,287 - INFO - Val Loss: 1.54  -  Val Acc: 62.04%
2023-12-10 03:55:19,398 - INFO - ========================================
2023-12-10 03:55:19,398 - INFO - [1;34mEpoch 54/100[0m
2023-12-10 03:55:19,398 - INFO - Train Loss: 1.34  -   Train Acc: 75.28%
2023-12-10 03:55:23,852 - INFO - Val Loss: 1.58  -  Val Acc: 61.63%
2023-12-10 03:56:09,108 - INFO - ========================================
2023-12-10 03:56:09,108 - INFO - [1;34mEpoch 55/100[0m
2023-12-10 03:56:09,108 - INFO - Train Loss: 1.43  -   Train Acc: 74.08%
2023-12-10 03:56:13,508 - INFO - Val Loss: 1.55  -  Val Acc: 62.68%
2023-12-10 03:56:58,924 - INFO - ========================================
2023-12-10 03:56:58,924 - INFO - [1;34mEpoch 56/100[0m
2023-12-10 03:56:58,924 - INFO - Train Loss: 1.28  -   Train Acc: 77.16%
2023-12-10 03:57:03,306 - INFO - Val Loss: 1.58  -  Val Acc: 61.84%
2023-12-10 03:57:48,563 - INFO - ========================================
2023-12-10 03:57:48,564 - INFO - [1;34mEpoch 57/100[0m
2023-12-10 03:57:48,564 - INFO - Train Loss: 1.30  -   Train Acc: 77.01%
2023-12-10 03:57:52,956 - INFO - Val Loss: 1.56  -  Val Acc: 62.89%
2023-12-10 03:58:38,130 - INFO - ========================================
2023-12-10 03:58:38,130 - INFO - [1;34mEpoch 58/100[0m
2023-12-10 03:58:38,130 - INFO - Train Loss: 1.21  -   Train Acc: 78.48%
2023-12-10 03:58:42,501 - INFO - Val Loss: 1.57  -  Val Acc: 63.19%
2023-12-10 03:59:27,748 - INFO - ========================================
2023-12-10 03:59:27,749 - INFO - [1;34mEpoch 59/100[0m
2023-12-10 03:59:27,749 - INFO - Train Loss: 1.40  -   Train Acc: 73.70%
2023-12-10 03:59:32,180 - INFO - Val Loss: 1.56  -  Val Acc: 62.82%
2023-12-10 04:00:17,342 - INFO - ========================================
2023-12-10 04:00:17,342 - INFO - [1;34mEpoch 60/100[0m
2023-12-10 04:00:17,342 - INFO - Train Loss: 1.40  -   Train Acc: 74.06%
2023-12-10 04:00:21,697 - INFO - Val Loss: 1.58  -  Val Acc: 62.36%
2023-12-10 04:01:06,979 - INFO - ========================================
2023-12-10 04:01:06,979 - INFO - [1;34mEpoch 61/100[0m
2023-12-10 04:01:06,979 - INFO - Train Loss: 1.28  -   Train Acc: 77.44%
2023-12-10 04:01:11,353 - INFO - Val Loss: 1.52  -  Val Acc: 63.48%
2023-12-10 04:01:56,550 - INFO - ========================================
2023-12-10 04:01:56,550 - INFO - [1;34mEpoch 62/100[0m
2023-12-10 04:01:56,550 - INFO - Train Loss: 1.38  -   Train Acc: 75.78%
2023-12-10 04:02:00,989 - INFO - Val Loss: 1.53  -  Val Acc: 63.24%
2023-12-10 04:02:46,168 - INFO - ========================================
2023-12-10 04:02:46,168 - INFO - [1;34mEpoch 63/100[0m
2023-12-10 04:02:46,168 - INFO - Train Loss: 1.25  -   Train Acc: 77.67%
2023-12-10 04:02:50,563 - INFO - Val Loss: 1.58  -  Val Acc: 61.74%
2023-12-10 04:03:35,772 - INFO - ========================================
2023-12-10 04:03:35,772 - INFO - [1;34mEpoch 64/100[0m
2023-12-10 04:03:35,772 - INFO - Train Loss: 1.25  -   Train Acc: 78.24%
2023-12-10 04:03:40,161 - INFO - Val Loss: 1.55  -  Val Acc: 62.55%
2023-12-10 04:04:25,438 - INFO - ========================================
2023-12-10 04:04:25,439 - INFO - [1;34mEpoch 65/100[0m
2023-12-10 04:04:25,439 - INFO - Train Loss: 1.31  -   Train Acc: 76.74%
2023-12-10 04:04:29,782 - INFO - Val Loss: 1.55  -  Val Acc: 62.59%
2023-12-10 04:05:14,878 - INFO - ========================================
2023-12-10 04:05:14,878 - INFO - [1;34mEpoch 66/100[0m
2023-12-10 04:05:14,878 - INFO - Train Loss: 1.23  -   Train Acc: 78.49%
2023-12-10 04:05:19,284 - INFO - Val Loss: 1.54  -  Val Acc: 63.08%
2023-12-10 04:06:04,424 - INFO - ========================================
2023-12-10 04:06:04,424 - INFO - [1;34mEpoch 67/100[0m
2023-12-10 04:06:04,424 - INFO - Train Loss: 1.26  -   Train Acc: 77.59%
2023-12-10 04:06:08,816 - INFO - Val Loss: 1.55  -  Val Acc: 62.26%
2023-12-10 04:06:53,935 - INFO - ========================================
2023-12-10 04:06:53,935 - INFO - [1;34mEpoch 68/100[0m
2023-12-10 04:06:53,935 - INFO - Train Loss: 1.28  -   Train Acc: 76.71%
2023-12-10 04:06:58,280 - INFO - Val Loss: 1.56  -  Val Acc: 63.07%
2023-12-10 04:07:43,596 - INFO - ========================================
2023-12-10 04:07:43,596 - INFO - [1;34mEpoch 69/100[0m
2023-12-10 04:07:43,596 - INFO - Train Loss: 1.38  -   Train Acc: 74.29%
2023-12-10 04:07:48,039 - INFO - Val Loss: 1.56  -  Val Acc: 62.90%
2023-12-10 04:08:33,137 - INFO - ========================================
2023-12-10 04:08:33,137 - INFO - [1;34mEpoch 70/100[0m
2023-12-10 04:08:33,137 - INFO - Train Loss: 1.17  -   Train Acc: 79.28%
2023-12-10 04:08:37,621 - INFO - Val Loss: 1.53  -  Val Acc: 63.58%
2023-12-10 04:09:22,760 - INFO - ========================================
2023-12-10 04:09:22,761 - INFO - [1;34mEpoch 71/100[0m
2023-12-10 04:09:22,761 - INFO - Train Loss: 1.26  -   Train Acc: 78.01%
2023-12-10 04:09:27,124 - INFO - Val Loss: 1.51  -  Val Acc: 63.71%
2023-12-10 04:10:12,244 - INFO - ========================================
2023-12-10 04:10:12,244 - INFO - [1;34mEpoch 72/100[0m
2023-12-10 04:10:12,244 - INFO - Train Loss: 1.34  -   Train Acc: 75.90%
2023-12-10 04:10:16,598 - INFO - Val Loss: 1.55  -  Val Acc: 62.67%
2023-12-10 04:11:01,728 - INFO - ========================================
2023-12-10 04:11:01,728 - INFO - [1;34mEpoch 73/100[0m
2023-12-10 04:11:01,728 - INFO - Train Loss: 1.39  -   Train Acc: 74.75%
2023-12-10 04:11:06,190 - INFO - Val Loss: 1.57  -  Val Acc: 62.99%
2023-12-10 04:11:51,458 - INFO - ========================================
2023-12-10 04:11:51,459 - INFO - [1;34mEpoch 74/100[0m
2023-12-10 04:11:51,459 - INFO - Train Loss: 1.23  -   Train Acc: 78.34%
2023-12-10 04:11:55,814 - INFO - Val Loss: 1.55  -  Val Acc: 63.39%
2023-12-10 04:12:40,990 - INFO - ========================================
2023-12-10 04:12:40,990 - INFO - [1;34mEpoch 75/100[0m
2023-12-10 04:12:40,991 - INFO - Train Loss: 1.33  -   Train Acc: 75.77%
2023-12-10 04:12:45,345 - INFO - Val Loss: 1.51  -  Val Acc: 63.85%
2023-12-10 04:13:30,661 - INFO - ========================================
2023-12-10 04:13:30,662 - INFO - [1;34mEpoch 76/100[0m
2023-12-10 04:13:30,662 - INFO - Train Loss: 1.30  -   Train Acc: 76.41%
2023-12-10 04:13:35,017 - INFO - Val Loss: 1.48  -  Val Acc: 63.78%
2023-12-10 04:14:20,336 - INFO - ========================================
2023-12-10 04:14:20,336 - INFO - [1;34mEpoch 77/100[0m
2023-12-10 04:14:20,336 - INFO - Train Loss: 1.41  -   Train Acc: 73.14%
2023-12-10 04:14:24,698 - INFO - Val Loss: 1.53  -  Val Acc: 63.78%
2023-12-10 04:15:10,159 - INFO - ========================================
2023-12-10 04:15:10,159 - INFO - [1;34mEpoch 78/100[0m
2023-12-10 04:15:10,159 - INFO - Train Loss: 1.32  -   Train Acc: 76.03%
2023-12-10 04:15:14,622 - INFO - Val Loss: 1.51  -  Val Acc: 63.40%
2023-12-10 04:16:00,042 - INFO - ========================================
2023-12-10 04:16:00,043 - INFO - [1;34mEpoch 79/100[0m
2023-12-10 04:16:00,043 - INFO - Train Loss: 1.18  -   Train Acc: 79.28%
2023-12-10 04:16:04,496 - INFO - Val Loss: 1.50  -  Val Acc: 63.47%
2023-12-10 04:16:50,047 - INFO - ========================================
2023-12-10 04:16:50,047 - INFO - [1;34mEpoch 80/100[0m
2023-12-10 04:16:50,048 - INFO - Train Loss: 1.20  -   Train Acc: 78.82%
2023-12-10 04:16:54,509 - INFO - Val Loss: 1.53  -  Val Acc: 63.62%
2023-12-10 04:17:39,788 - INFO - ========================================
2023-12-10 04:17:39,788 - INFO - [1;34mEpoch 81/100[0m
2023-12-10 04:17:39,788 - INFO - Train Loss: 1.24  -   Train Acc: 78.43%
2023-12-10 04:17:44,244 - INFO - Val Loss: 1.51  -  Val Acc: 64.22%
2023-12-10 04:18:29,652 - INFO - ========================================
2023-12-10 04:18:29,652 - INFO - [1;34mEpoch 82/100[0m
2023-12-10 04:18:29,653 - INFO - Train Loss: 1.38  -   Train Acc: 74.27%
2023-12-10 04:18:34,112 - INFO - Val Loss: 1.56  -  Val Acc: 62.57%
2023-12-10 04:19:19,538 - INFO - ========================================
2023-12-10 04:19:19,538 - INFO - [1;34mEpoch 83/100[0m
2023-12-10 04:19:19,539 - INFO - Train Loss: 1.40  -   Train Acc: 73.87%
2023-12-10 04:19:23,943 - INFO - Val Loss: 1.53  -  Val Acc: 63.55%
2023-12-10 04:20:09,323 - INFO - ========================================
2023-12-10 04:20:09,323 - INFO - [1;34mEpoch 84/100[0m
2023-12-10 04:20:09,323 - INFO - Train Loss: 1.12  -   Train Acc: 80.38%
2023-12-10 04:20:13,767 - INFO - Val Loss: 1.55  -  Val Acc: 63.61%
2023-12-10 04:20:59,218 - INFO - ========================================
2023-12-10 04:20:59,219 - INFO - [1;34mEpoch 85/100[0m
2023-12-10 04:20:59,219 - INFO - Train Loss: 1.24  -   Train Acc: 77.83%
2023-12-10 04:21:03,674 - INFO - Val Loss: 1.54  -  Val Acc: 63.40%
2023-12-10 04:21:48,969 - INFO - ========================================
2023-12-10 04:21:48,969 - INFO - [1;34mEpoch 86/100[0m
2023-12-10 04:21:48,969 - INFO - Train Loss: 1.13  -   Train Acc: 80.34%
2023-12-10 04:21:53,338 - INFO - Val Loss: 1.50  -  Val Acc: 64.43%
2023-12-10 04:22:38,690 - INFO - ========================================
2023-12-10 04:22:38,690 - INFO - [1;34mEpoch 87/100[0m
2023-12-10 04:22:38,690 - INFO - Train Loss: 1.26  -   Train Acc: 77.14%
2023-12-10 04:22:43,121 - INFO - Val Loss: 1.48  -  Val Acc: 64.86%
2023-12-10 04:23:28,535 - INFO - ========================================
2023-12-10 04:23:28,535 - INFO - [1;34mEpoch 88/100[0m
2023-12-10 04:23:28,535 - INFO - Train Loss: 1.23  -   Train Acc: 77.84%
2023-12-10 04:23:32,923 - INFO - Val Loss: 1.56  -  Val Acc: 62.93%
2023-12-10 04:24:18,110 - INFO - ========================================
2023-12-10 04:24:18,110 - INFO - [1;34mEpoch 89/100[0m
2023-12-10 04:24:18,110 - INFO - Train Loss: 1.26  -   Train Acc: 77.73%
2023-12-10 04:24:22,506 - INFO - Val Loss: 1.52  -  Val Acc: 63.59%
2023-12-10 04:25:07,774 - INFO - ========================================
2023-12-10 04:25:07,774 - INFO - [1;34mEpoch 90/100[0m
2023-12-10 04:25:07,774 - INFO - Train Loss: 1.19  -   Train Acc: 78.96%
2023-12-10 04:25:12,171 - INFO - Val Loss: 1.53  -  Val Acc: 63.40%
2023-12-10 04:25:57,263 - INFO - ========================================
2023-12-10 04:25:57,264 - INFO - [1;34mEpoch 91/100[0m
2023-12-10 04:25:57,264 - INFO - Train Loss: 1.20  -   Train Acc: 78.34%
2023-12-10 04:26:01,684 - INFO - Val Loss: 1.51  -  Val Acc: 63.57%
2023-12-10 04:26:46,875 - INFO - ========================================
2023-12-10 04:26:46,875 - INFO - [1;34mEpoch 92/100[0m
2023-12-10 04:26:46,875 - INFO - Train Loss: 1.11  -   Train Acc: 80.27%
2023-12-10 04:26:51,210 - INFO - Val Loss: 1.52  -  Val Acc: 63.56%
2023-12-10 04:27:36,608 - INFO - ========================================
2023-12-10 04:27:36,609 - INFO - [1;34mEpoch 93/100[0m
2023-12-10 04:27:36,609 - INFO - Train Loss: 1.18  -   Train Acc: 78.31%
2023-12-10 04:27:40,981 - INFO - Val Loss: 1.50  -  Val Acc: 64.07%
2023-12-10 04:28:25,975 - INFO - ========================================
2023-12-10 04:28:25,975 - INFO - [1;34mEpoch 94/100[0m
2023-12-10 04:28:25,975 - INFO - Train Loss: 1.44  -   Train Acc: 73.19%
2023-12-10 04:28:30,378 - INFO - Val Loss: 1.51  -  Val Acc: 63.88%
2023-12-10 04:29:15,455 - INFO - ========================================
2023-12-10 04:29:15,456 - INFO - [1;34mEpoch 95/100[0m
2023-12-10 04:29:15,456 - INFO - Train Loss: 1.05  -   Train Acc: 81.77%
2023-12-10 04:29:19,864 - INFO - Val Loss: 1.49  -  Val Acc: 64.41%
2023-12-10 04:30:05,019 - INFO - ========================================
2023-12-10 04:30:05,019 - INFO - [1;34mEpoch 96/100[0m
2023-12-10 04:30:05,019 - INFO - Train Loss: 1.24  -   Train Acc: 77.75%
2023-12-10 04:30:09,437 - INFO - Val Loss: 1.51  -  Val Acc: 63.63%
2023-12-10 04:30:54,656 - INFO - ========================================
2023-12-10 04:30:54,656 - INFO - [1;34mEpoch 97/100[0m
2023-12-10 04:30:54,656 - INFO - Train Loss: 1.13  -   Train Acc: 79.80%
2023-12-10 04:30:59,003 - INFO - Val Loss: 1.53  -  Val Acc: 63.78%
2023-12-10 04:31:44,407 - INFO - ========================================
2023-12-10 04:31:44,407 - INFO - [1;34mEpoch 98/100[0m
2023-12-10 04:31:44,407 - INFO - Train Loss: 1.15  -   Train Acc: 80.02%
2023-12-10 04:31:48,774 - INFO - Val Loss: 1.53  -  Val Acc: 64.02%
2023-12-10 04:32:34,031 - INFO - ========================================
2023-12-10 04:32:34,031 - INFO - [1;34mEpoch 99/100[0m
2023-12-10 04:32:34,031 - INFO - Train Loss: 1.22  -   Train Acc: 78.42%
2023-12-10 04:32:38,474 - INFO - Val Loss: 1.51  -  Val Acc: 63.95%
2023-12-10 04:33:23,629 - INFO - ========================================
2023-12-10 04:33:23,629 - INFO - [1;34mEpoch 100/100[0m
2023-12-10 04:33:23,629 - INFO - Train Loss: 1.30  -   Train Acc: 76.38%
2023-12-10 04:33:27,980 - INFO - Val Loss: 1.49  -  Val Acc: 64.43%
2023-12-10 04:33:27,981 - INFO - ========================================
2023-12-10 04:33:27,981 - INFO - Training Completed! 😀
2023-12-10 04:33:42,432 - INFO - generated new fontManager
