2023-12-17 10:59:40,155 - INFO - 🚀 Training MobileNetV3 - Omni Dimensional Dynamic Convolution 🚀
2023-12-17 11:02:04,381 - INFO - 🚀 Training MobileNetV3 - Omni Dimensional Dynamic Convolution 🚀
2023-12-17 11:02:58,308 - INFO - 🚀 Training MobileNetV3 - Omni Dimensional Dynamic Convolution 🚀
2023-12-17 11:04:11,301 - INFO - ========================================
2023-12-17 11:04:11,301 - INFO - [1;34mEpoch 1/100[0m
2023-12-17 11:04:11,301 - INFO - Train Loss: 2.10  -   Train Acc: 24.31%
2023-12-17 11:04:14,944 - INFO - Val Loss: 1.87  -  Val Acc: 27.22%
2023-12-17 11:05:27,153 - INFO - ========================================
2023-12-17 11:05:27,153 - INFO - [1;34mEpoch 2/100[0m
2023-12-17 11:05:27,153 - INFO - Train Loss: nan  -   Train Acc: 10.03%
2023-12-17 11:05:30,787 - INFO - Val Loss: nan  -  Val Acc: 10.00%
2023-12-17 11:06:43,303 - INFO - ========================================
2023-12-17 11:06:43,303 - INFO - [1;34mEpoch 3/100[0m
2023-12-17 11:06:43,303 - INFO - Train Loss: nan  -   Train Acc: 10.00%
2023-12-17 11:06:46,946 - INFO - Val Loss: nan  -  Val Acc: 10.00%
2023-12-17 11:07:59,715 - INFO - ========================================
2023-12-17 11:07:59,715 - INFO - [1;34mEpoch 4/100[0m
2023-12-17 11:07:59,715 - INFO - Train Loss: nan  -   Train Acc: 10.00%
2023-12-17 11:08:03,345 - INFO - Val Loss: nan  -  Val Acc: 10.00%
2023-12-17 11:09:15,451 - INFO - ========================================
2023-12-17 11:09:15,452 - INFO - [1;34mEpoch 5/100[0m
2023-12-17 11:09:15,452 - INFO - Train Loss: nan  -   Train Acc: 10.00%
2023-12-17 11:09:19,088 - INFO - Val Loss: nan  -  Val Acc: 10.00%
2023-12-17 11:10:50,046 - INFO - 🚀 Training MobileNetV3 - Omni Dimensional Dynamic Convolution 🚀
2023-12-17 11:12:03,936 - INFO - ========================================
2023-12-17 11:12:03,936 - INFO - [1;34mEpoch 1/100[0m
2023-12-17 11:12:03,936 - INFO - Train Loss: 1.75  -   Train Acc: 37.47%
2023-12-17 11:12:07,568 - INFO - Val Loss: 1.27  -  Val Acc: 54.38%
2023-12-17 11:13:19,952 - INFO - ========================================
2023-12-17 11:13:19,952 - INFO - [1;34mEpoch 2/100[0m
2023-12-17 11:13:19,952 - INFO - Train Loss: nan  -   Train Acc: 10.16%
2023-12-17 11:13:23,575 - INFO - Val Loss: nan  -  Val Acc: 10.00%
2023-12-17 11:14:36,608 - INFO - ========================================
2023-12-17 11:14:36,608 - INFO - [1;34mEpoch 3/100[0m
2023-12-17 11:14:36,608 - INFO - Train Loss: nan  -   Train Acc: 10.00%
2023-12-17 11:14:40,227 - INFO - Val Loss: nan  -  Val Acc: 10.00%
2023-12-17 11:15:53,003 - INFO - ========================================
2023-12-17 11:15:53,004 - INFO - [1;34mEpoch 4/100[0m
2023-12-17 11:15:53,004 - INFO - Train Loss: nan  -   Train Acc: 10.00%
2023-12-17 11:15:56,631 - INFO - Val Loss: nan  -  Val Acc: 10.00%
2023-12-17 11:17:09,392 - INFO - ========================================
2023-12-17 11:17:09,392 - INFO - [1;34mEpoch 5/100[0m
2023-12-17 11:17:09,392 - INFO - Train Loss: nan  -   Train Acc: 10.00%
2023-12-17 11:17:13,082 - INFO - Val Loss: nan  -  Val Acc: 10.00%
2023-12-17 11:18:25,991 - INFO - ========================================
2023-12-17 11:18:25,992 - INFO - [1;34mEpoch 6/100[0m
2023-12-17 11:18:25,992 - INFO - Train Loss: nan  -   Train Acc: 10.00%
2023-12-17 11:18:29,617 - INFO - Val Loss: nan  -  Val Acc: 10.00%
2023-12-17 11:19:42,378 - INFO - ========================================
2023-12-17 11:19:42,378 - INFO - [1;34mEpoch 7/100[0m
2023-12-17 11:19:42,378 - INFO - Train Loss: nan  -   Train Acc: 10.00%
2023-12-17 11:19:45,998 - INFO - Val Loss: nan  -  Val Acc: 10.00%
2023-12-17 11:20:58,910 - INFO - ========================================
2023-12-17 11:20:58,911 - INFO - [1;34mEpoch 8/100[0m
2023-12-17 11:20:58,911 - INFO - Train Loss: nan  -   Train Acc: 10.00%
2023-12-17 11:21:02,546 - INFO - Val Loss: nan  -  Val Acc: 10.00%
2023-12-17 11:22:07,447 - INFO - 🚀 Training MobileNetV3 - Omni Dimensional Dynamic Convolution 🚀
2023-12-17 11:23:21,116 - INFO - ========================================
2023-12-17 11:23:21,116 - INFO - [1;34mEpoch 1/100[0m
2023-12-17 11:23:21,117 - INFO - Train Loss: 1.71  -   Train Acc: 39.28%
2023-12-17 11:27:23,577 - INFO - 🚀 Training MobileNetV3 - Omni Dimensional Dynamic Convolution 🚀
2023-12-17 11:28:37,445 - INFO - ========================================
2023-12-17 11:28:37,445 - INFO - [1;34mEpoch 1/100[0m
2023-12-17 11:28:37,445 - INFO - Train Loss: 1.46  -   Train Acc: 52.02%
2023-12-17 11:28:41,320 - INFO - Val Loss: 1.09  -  Val Acc: 63.71%
2023-12-17 11:29:55,042 - INFO - ========================================
2023-12-17 11:29:55,043 - INFO - [1;34mEpoch 2/100[0m
2023-12-17 11:29:55,043 - INFO - Train Loss: 1.32  -   Train Acc: 57.64%
2023-12-17 11:29:58,909 - INFO - Val Loss: 0.89  -  Val Acc: 69.73%
2023-12-17 11:31:12,702 - INFO - ========================================
2023-12-17 11:31:12,703 - INFO - [1;34mEpoch 3/100[0m
2023-12-17 11:31:12,703 - INFO - Train Loss: 1.23  -   Train Acc: 61.94%
2023-12-17 11:31:16,534 - INFO - Val Loss: 0.82  -  Val Acc: 75.61%
2023-12-17 11:31:42,215 - INFO - 🚀 Training MobileNetV3 - Omni Dimensional Dynamic Convolution 🚀
2023-12-17 11:32:14,416 - INFO - 🚀 Training MobileNetV3 - Omni Dimensional Dynamic Convolution 🚀
2023-12-17 11:33:28,853 - INFO - ========================================
2023-12-17 11:33:28,854 - INFO - [1;34mEpoch 1/100[0m
2023-12-17 11:33:28,854 - INFO - Train Loss: 1.75  -   Train Acc: 37.80%
2023-12-17 11:33:32,513 - INFO - Val Loss: 1.33  -  Val Acc: 52.13%
2023-12-17 11:34:10,252 - INFO - 🚀 Training MobileNetV3 - Omni Dimensional Dynamic Convolution 🚀
2023-12-17 11:35:23,542 - INFO - ========================================
2023-12-17 11:35:23,543 - INFO - [1;34mEpoch 1/100[0m
2023-12-17 11:35:23,543 - INFO - Train Loss: 1.76  -   Train Acc: 38.12%
2023-12-17 11:35:27,353 - INFO - Val Loss: 1.54  -  Val Acc: 42.60%
2023-12-17 11:36:08,465 - INFO - 🚀 Training MobileNetV3 - Omni Dimensional Dynamic Convolution 🚀
2023-12-17 11:37:22,351 - INFO - ========================================
2023-12-17 11:37:22,351 - INFO - [1;34mEpoch 1/100[0m
2023-12-17 11:37:22,351 - INFO - Train Loss: 1.79  -   Train Acc: 35.58%
2023-12-17 11:37:26,185 - INFO - Val Loss: 1.25  -  Val Acc: 55.73%
2023-12-17 11:38:40,575 - INFO - ========================================
2023-12-17 11:38:40,575 - INFO - [1;34mEpoch 2/100[0m
2023-12-17 11:38:40,575 - INFO - Train Loss: 1.47  -   Train Acc: 50.87%
2023-12-17 11:38:44,388 - INFO - Val Loss: 1.03  -  Val Acc: 64.76%
2023-12-17 11:39:58,188 - INFO - ========================================
2023-12-17 11:39:58,188 - INFO - [1;34mEpoch 3/100[0m
2023-12-17 11:39:58,188 - INFO - Train Loss: 1.32  -   Train Acc: 58.17%
2023-12-17 11:40:01,987 - INFO - Val Loss: 0.86  -  Val Acc: 71.18%
2023-12-17 11:41:15,806 - INFO - ========================================
2023-12-17 11:41:15,806 - INFO - [1;34mEpoch 4/100[0m
2023-12-17 11:41:15,806 - INFO - Train Loss: 1.20  -   Train Acc: 62.84%
2023-12-17 11:41:19,619 - INFO - Val Loss: 0.78  -  Val Acc: 74.39%
2023-12-17 11:42:33,825 - INFO - ========================================
2023-12-17 11:42:33,825 - INFO - [1;34mEpoch 5/100[0m
2023-12-17 11:42:33,825 - INFO - Train Loss: 1.21  -   Train Acc: 63.30%
2023-12-17 11:42:37,669 - INFO - Val Loss: 0.75  -  Val Acc: 76.33%
2023-12-17 11:43:51,197 - INFO - ========================================
2023-12-17 11:43:51,197 - INFO - [1;34mEpoch 6/100[0m
2023-12-17 11:43:51,197 - INFO - Train Loss: 1.07  -   Train Acc: 68.59%
2023-12-17 11:43:54,997 - INFO - Val Loss: 0.62  -  Val Acc: 80.79%
2023-12-17 11:45:08,434 - INFO - ========================================
2023-12-17 11:45:08,434 - INFO - [1;34mEpoch 7/100[0m
2023-12-17 11:45:08,434 - INFO - Train Loss: 1.00  -   Train Acc: 71.26%
2023-12-17 11:45:12,265 - INFO - Val Loss: 0.60  -  Val Acc: 81.49%
2023-12-17 11:46:26,417 - INFO - ========================================
2023-12-17 11:46:26,417 - INFO - [1;34mEpoch 8/100[0m
2023-12-17 11:46:26,417 - INFO - Train Loss: 0.97  -   Train Acc: 72.13%
2023-12-17 11:46:30,238 - INFO - Val Loss: 0.59  -  Val Acc: 82.88%
2023-12-17 11:47:44,316 - INFO - ========================================
2023-12-17 11:47:44,317 - INFO - [1;34mEpoch 9/100[0m
2023-12-17 11:47:44,317 - INFO - Train Loss: 0.97  -   Train Acc: 72.45%
2023-12-17 11:47:48,150 - INFO - Val Loss: 0.55  -  Val Acc: 82.21%
2023-12-17 11:49:02,483 - INFO - ========================================
2023-12-17 11:49:02,483 - INFO - [1;34mEpoch 10/100[0m
2023-12-17 11:49:02,483 - INFO - Train Loss: 0.96  -   Train Acc: 73.10%
2023-12-17 11:49:06,307 - INFO - Val Loss: 0.54  -  Val Acc: 83.02%
2023-12-17 11:50:19,859 - INFO - ========================================
2023-12-17 11:50:19,860 - INFO - [1;34mEpoch 11/100[0m
2023-12-17 11:50:19,860 - INFO - Train Loss: 0.88  -   Train Acc: 75.44%
2023-12-17 11:50:23,686 - INFO - Val Loss: 0.50  -  Val Acc: 84.53%
2023-12-17 11:51:37,606 - INFO - ========================================
2023-12-17 11:51:37,606 - INFO - [1;34mEpoch 12/100[0m
2023-12-17 11:51:37,606 - INFO - Train Loss: 0.82  -   Train Acc: 77.89%
2023-12-17 11:51:41,461 - INFO - Val Loss: 0.50  -  Val Acc: 84.24%
2023-12-17 11:52:55,650 - INFO - ========================================
2023-12-17 11:52:55,651 - INFO - [1;34mEpoch 13/100[0m
2023-12-17 11:52:55,651 - INFO - Train Loss: 0.81  -   Train Acc: 77.90%
2023-12-17 11:52:59,461 - INFO - Val Loss: 0.59  -  Val Acc: 82.32%
2023-12-17 11:54:13,578 - INFO - ========================================
2023-12-17 11:54:13,578 - INFO - [1;34mEpoch 14/100[0m
2023-12-17 11:54:13,578 - INFO - Train Loss: 0.83  -   Train Acc: 77.73%
2023-12-17 11:54:17,399 - INFO - Val Loss: 0.48  -  Val Acc: 84.75%
2023-12-17 11:55:32,180 - INFO - ========================================
2023-12-17 11:55:32,181 - INFO - [1;34mEpoch 15/100[0m
2023-12-17 11:55:32,181 - INFO - Train Loss: 0.83  -   Train Acc: 77.37%
2023-12-17 11:55:36,032 - INFO - Val Loss: 0.47  -  Val Acc: 85.34%
2023-12-17 11:56:49,762 - INFO - ========================================
2023-12-17 11:56:49,762 - INFO - [1;34mEpoch 16/100[0m
2023-12-17 11:56:49,762 - INFO - Train Loss: 0.76  -   Train Acc: 79.97%
2023-12-17 11:56:53,584 - INFO - Val Loss: 0.49  -  Val Acc: 85.30%
2023-12-17 11:58:07,218 - INFO - ========================================
2023-12-17 11:58:07,218 - INFO - [1;34mEpoch 17/100[0m
2023-12-17 11:58:07,218 - INFO - Train Loss: 0.75  -   Train Acc: 80.08%
2023-12-17 11:58:11,019 - INFO - Val Loss: 0.54  -  Val Acc: 85.38%
2023-12-17 11:59:25,235 - INFO - ========================================
2023-12-17 11:59:25,235 - INFO - [1;34mEpoch 18/100[0m
2023-12-17 11:59:25,235 - INFO - Train Loss: 0.75  -   Train Acc: 80.15%
2023-12-17 11:59:29,060 - INFO - Val Loss: 0.54  -  Val Acc: 84.19%
2023-12-17 12:00:42,934 - INFO - ========================================
2023-12-17 12:00:42,935 - INFO - [1;34mEpoch 19/100[0m
2023-12-17 12:00:42,935 - INFO - Train Loss: 0.70  -   Train Acc: 81.80%
2023-12-17 12:00:46,746 - INFO - Val Loss: 0.49  -  Val Acc: 85.60%
2023-12-17 12:02:00,456 - INFO - ========================================
2023-12-17 12:02:00,457 - INFO - [1;34mEpoch 20/100[0m
2023-12-17 12:02:00,457 - INFO - Train Loss: 0.70  -   Train Acc: 81.74%
2023-12-17 12:02:04,320 - INFO - Val Loss: 0.49  -  Val Acc: 85.89%
2023-12-17 12:03:18,169 - INFO - ========================================
2023-12-17 12:03:18,169 - INFO - [1;34mEpoch 21/100[0m
2023-12-17 12:03:18,169 - INFO - Train Loss: 0.69  -   Train Acc: 82.10%
2023-12-17 12:03:22,024 - INFO - Val Loss: 0.49  -  Val Acc: 85.91%
2023-12-17 12:04:36,358 - INFO - ========================================
2023-12-17 12:04:36,358 - INFO - [1;34mEpoch 22/100[0m
2023-12-17 12:04:36,358 - INFO - Train Loss: 0.68  -   Train Acc: 82.46%
2023-12-17 12:04:40,208 - INFO - Val Loss: 0.58  -  Val Acc: 83.94%
2023-12-17 12:05:54,324 - INFO - ========================================
2023-12-17 12:05:54,324 - INFO - [1;34mEpoch 23/100[0m
2023-12-17 12:05:54,324 - INFO - Train Loss: 0.79  -   Train Acc: 79.11%
2023-12-17 12:05:58,184 - INFO - Val Loss: 0.49  -  Val Acc: 85.18%
2023-12-17 12:07:12,133 - INFO - ========================================
2023-12-17 12:07:12,133 - INFO - [1;34mEpoch 24/100[0m
2023-12-17 12:07:12,133 - INFO - Train Loss: 0.70  -   Train Acc: 81.89%
2023-12-17 12:07:15,962 - INFO - Val Loss: 0.45  -  Val Acc: 86.98%
2023-12-17 12:08:29,590 - INFO - ========================================
2023-12-17 12:08:29,590 - INFO - [1;34mEpoch 25/100[0m
2023-12-17 12:08:29,590 - INFO - Train Loss: 0.62  -   Train Acc: 84.18%
2023-12-17 12:08:33,418 - INFO - Val Loss: 0.47  -  Val Acc: 86.67%
2023-12-17 12:09:47,433 - INFO - ========================================
2023-12-17 12:09:47,434 - INFO - [1;34mEpoch 26/100[0m
2023-12-17 12:09:47,434 - INFO - Train Loss: 0.64  -   Train Acc: 83.53%
2023-12-17 12:09:51,237 - INFO - Val Loss: 0.48  -  Val Acc: 86.20%
2023-12-17 12:11:04,536 - INFO - ========================================
2023-12-17 12:11:04,536 - INFO - [1;34mEpoch 27/100[0m
2023-12-17 12:11:04,536 - INFO - Train Loss: 0.72  -   Train Acc: 80.80%
2023-12-17 12:11:08,386 - INFO - Val Loss: 0.47  -  Val Acc: 87.06%
2023-12-17 12:12:22,149 - INFO - ========================================
2023-12-17 12:12:22,150 - INFO - [1;34mEpoch 28/100[0m
2023-12-17 12:12:22,150 - INFO - Train Loss: 0.69  -   Train Acc: 82.21%
2023-12-17 12:12:25,938 - INFO - Val Loss: 0.49  -  Val Acc: 86.31%
2023-12-17 12:13:40,350 - INFO - ========================================
2023-12-17 12:13:40,350 - INFO - [1;34mEpoch 29/100[0m
2023-12-17 12:13:40,351 - INFO - Train Loss: 0.70  -   Train Acc: 81.32%
2023-12-17 12:13:44,190 - INFO - Val Loss: 0.45  -  Val Acc: 87.17%
2023-12-17 12:14:58,209 - INFO - ========================================
2023-12-17 12:14:58,209 - INFO - [1;34mEpoch 30/100[0m
2023-12-17 12:14:58,209 - INFO - Train Loss: 0.74  -   Train Acc: 80.64%
2023-12-17 12:15:02,041 - INFO - Val Loss: 0.56  -  Val Acc: 83.69%
2023-12-17 12:16:16,167 - INFO - ========================================
2023-12-17 12:16:16,168 - INFO - [1;34mEpoch 31/100[0m
2023-12-17 12:16:16,168 - INFO - Train Loss: 0.76  -   Train Acc: 79.08%
2023-12-17 12:16:19,995 - INFO - Val Loss: 0.46  -  Val Acc: 87.05%
2023-12-17 12:17:33,780 - INFO - ========================================
2023-12-17 12:17:33,781 - INFO - [1;34mEpoch 32/100[0m
2023-12-17 12:17:33,781 - INFO - Train Loss: 0.68  -   Train Acc: 82.34%
2023-12-17 12:17:37,576 - INFO - Val Loss: 0.50  -  Val Acc: 86.01%
2023-12-17 12:18:51,818 - INFO - ========================================
2023-12-17 12:18:51,819 - INFO - [1;34mEpoch 33/100[0m
2023-12-17 12:18:51,819 - INFO - Train Loss: 0.67  -   Train Acc: 82.49%
2023-12-17 12:18:55,605 - INFO - Val Loss: 0.48  -  Val Acc: 86.80%
2023-12-17 12:20:09,446 - INFO - ========================================
2023-12-17 12:20:09,446 - INFO - [1;34mEpoch 34/100[0m
2023-12-17 12:20:09,446 - INFO - Train Loss: 0.65  -   Train Acc: 83.15%
2023-12-17 12:20:13,293 - INFO - Val Loss: 0.45  -  Val Acc: 87.59%
2023-12-17 12:21:27,139 - INFO - ========================================
2023-12-17 12:21:27,139 - INFO - [1;34mEpoch 35/100[0m
2023-12-17 12:21:27,139 - INFO - Train Loss: 0.72  -   Train Acc: 80.60%
2023-12-17 12:21:30,950 - INFO - Val Loss: 0.46  -  Val Acc: 87.16%
2023-12-17 12:22:45,318 - INFO - ========================================
2023-12-17 12:22:45,319 - INFO - [1;34mEpoch 36/100[0m
2023-12-17 12:22:45,319 - INFO - Train Loss: 0.67  -   Train Acc: 82.26%
2023-12-17 12:22:49,124 - INFO - Val Loss: 0.44  -  Val Acc: 87.96%
2023-12-17 12:24:02,557 - INFO - ========================================
2023-12-17 12:24:02,557 - INFO - [1;34mEpoch 37/100[0m
2023-12-17 12:24:02,557 - INFO - Train Loss: 0.65  -   Train Acc: 82.59%
2023-12-17 12:24:06,381 - INFO - Val Loss: 0.45  -  Val Acc: 87.66%
2023-12-17 12:25:20,646 - INFO - ========================================
2023-12-17 12:25:20,646 - INFO - [1;34mEpoch 38/100[0m
2023-12-17 12:25:20,646 - INFO - Train Loss: 0.63  -   Train Acc: 83.46%
2023-12-17 12:25:24,459 - INFO - Val Loss: 0.46  -  Val Acc: 87.59%
2023-12-17 12:26:38,456 - INFO - ========================================
2023-12-17 12:26:38,457 - INFO - [1;34mEpoch 39/100[0m
2023-12-17 12:26:38,457 - INFO - Train Loss: 0.70  -   Train Acc: 81.01%
2023-12-17 12:26:42,280 - INFO - Val Loss: 0.49  -  Val Acc: 86.44%
2023-12-17 12:27:56,438 - INFO - ========================================
2023-12-17 12:27:56,438 - INFO - [1;34mEpoch 40/100[0m
2023-12-17 12:27:56,438 - INFO - Train Loss: 0.71  -   Train Acc: 80.72%
2023-12-17 12:28:00,286 - INFO - Val Loss: 0.47  -  Val Acc: 87.53%
2023-12-17 12:29:14,072 - INFO - ========================================
2023-12-17 12:29:14,072 - INFO - [1;34mEpoch 41/100[0m
2023-12-17 12:29:14,072 - INFO - Train Loss: 0.63  -   Train Acc: 83.51%
2023-12-17 12:29:17,878 - INFO - Val Loss: 0.44  -  Val Acc: 87.85%
2023-12-17 12:30:31,870 - INFO - ========================================
2023-12-17 12:30:31,870 - INFO - [1;34mEpoch 42/100[0m
2023-12-17 12:30:31,870 - INFO - Train Loss: 0.63  -   Train Acc: 83.67%
2023-12-17 12:30:35,713 - INFO - Val Loss: 0.44  -  Val Acc: 87.91%
2023-12-17 12:31:49,804 - INFO - ========================================
2023-12-17 12:31:49,804 - INFO - [1;34mEpoch 43/100[0m
2023-12-17 12:31:49,804 - INFO - Train Loss: 0.64  -   Train Acc: 83.20%
2023-12-17 12:31:53,612 - INFO - Val Loss: 0.46  -  Val Acc: 88.00%
2023-12-17 12:33:07,553 - INFO - ========================================
2023-12-17 12:33:07,553 - INFO - [1;34mEpoch 44/100[0m
2023-12-17 12:33:07,553 - INFO - Train Loss: 0.68  -   Train Acc: 81.93%
2023-12-17 12:33:11,372 - INFO - Val Loss: 0.51  -  Val Acc: 86.70%
2023-12-17 12:34:25,463 - INFO - ========================================
2023-12-17 12:34:25,463 - INFO - [1;34mEpoch 45/100[0m
2023-12-17 12:34:25,463 - INFO - Train Loss: 0.66  -   Train Acc: 82.64%
2023-12-17 12:34:29,285 - INFO - Val Loss: 0.44  -  Val Acc: 88.56%
2023-12-17 12:35:43,346 - INFO - ========================================
2023-12-17 12:35:43,347 - INFO - [1;34mEpoch 46/100[0m
2023-12-17 12:35:43,347 - INFO - Train Loss: 0.68  -   Train Acc: 81.86%
2023-12-17 12:35:47,172 - INFO - Val Loss: 0.48  -  Val Acc: 86.87%
2023-12-17 12:37:01,319 - INFO - ========================================
2023-12-17 12:37:01,319 - INFO - [1;34mEpoch 47/100[0m
2023-12-17 12:37:01,319 - INFO - Train Loss: 0.67  -   Train Acc: 82.12%
2023-12-17 12:37:05,139 - INFO - Val Loss: 0.47  -  Val Acc: 88.02%
2023-12-17 12:38:19,058 - INFO - ========================================
2023-12-17 12:38:19,058 - INFO - [1;34mEpoch 48/100[0m
2023-12-17 12:38:19,058 - INFO - Train Loss: 0.66  -   Train Acc: 82.54%
2023-12-17 12:38:22,876 - INFO - Val Loss: 0.42  -  Val Acc: 88.71%
2023-12-17 12:39:36,803 - INFO - ========================================
2023-12-17 12:39:36,804 - INFO - [1;34mEpoch 49/100[0m
2023-12-17 12:39:36,804 - INFO - Train Loss: 0.69  -   Train Acc: 81.29%
2023-12-17 12:39:40,602 - INFO - Val Loss: 0.44  -  Val Acc: 88.84%
2023-12-17 12:40:55,021 - INFO - ========================================
2023-12-17 12:40:55,021 - INFO - [1;34mEpoch 50/100[0m
2023-12-17 12:40:55,021 - INFO - Train Loss: 0.61  -   Train Acc: 84.16%
2023-12-17 12:40:58,859 - INFO - Val Loss: 0.46  -  Val Acc: 88.67%
2023-12-17 12:42:12,658 - INFO - ========================================
2023-12-17 12:42:12,659 - INFO - [1;34mEpoch 51/100[0m
2023-12-17 12:42:12,659 - INFO - Train Loss: 0.63  -   Train Acc: 83.55%
2023-12-17 12:42:16,438 - INFO - Val Loss: 0.45  -  Val Acc: 88.21%
2023-12-17 12:43:31,006 - INFO - ========================================
2023-12-17 12:43:31,006 - INFO - [1;34mEpoch 52/100[0m
2023-12-17 12:43:31,006 - INFO - Train Loss: 0.63  -   Train Acc: 83.19%
2023-12-17 12:43:34,836 - INFO - Val Loss: 0.42  -  Val Acc: 88.82%
2023-12-17 12:44:48,691 - INFO - ========================================
2023-12-17 12:44:48,691 - INFO - [1;34mEpoch 53/100[0m
2023-12-17 12:44:48,691 - INFO - Train Loss: 0.64  -   Train Acc: 83.34%
2023-12-17 12:44:52,511 - INFO - Val Loss: 0.45  -  Val Acc: 88.02%
2023-12-17 12:46:06,328 - INFO - ========================================
2023-12-17 12:46:06,328 - INFO - [1;34mEpoch 54/100[0m
2023-12-17 12:46:06,328 - INFO - Train Loss: 0.63  -   Train Acc: 83.24%
2023-12-17 12:46:10,110 - INFO - Val Loss: 0.43  -  Val Acc: 88.54%
2023-12-17 12:47:23,943 - INFO - ========================================
2023-12-17 12:47:23,944 - INFO - [1;34mEpoch 55/100[0m
2023-12-17 12:47:23,944 - INFO - Train Loss: 0.61  -   Train Acc: 83.91%
2023-12-17 12:47:27,783 - INFO - Val Loss: 0.45  -  Val Acc: 87.82%
2023-12-17 12:48:41,795 - INFO - ========================================
2023-12-17 12:48:41,795 - INFO - [1;34mEpoch 56/100[0m
2023-12-17 12:48:41,795 - INFO - Train Loss: 0.63  -   Train Acc: 82.98%
2023-12-17 12:48:45,611 - INFO - Val Loss: 0.46  -  Val Acc: 88.33%
2023-12-17 12:49:59,459 - INFO - ========================================
2023-12-17 12:49:59,459 - INFO - [1;34mEpoch 57/100[0m
2023-12-17 12:49:59,459 - INFO - Train Loss: 0.65  -   Train Acc: 82.23%
2023-12-17 12:50:03,296 - INFO - Val Loss: 0.48  -  Val Acc: 87.61%
2023-12-17 12:51:16,996 - INFO - ========================================
2023-12-17 12:51:16,997 - INFO - [1;34mEpoch 58/100[0m
2023-12-17 12:51:16,997 - INFO - Train Loss: 0.66  -   Train Acc: 82.51%
2023-12-17 12:51:20,817 - INFO - Val Loss: 0.45  -  Val Acc: 88.17%
2023-12-17 12:52:34,596 - INFO - ========================================
2023-12-17 12:52:34,596 - INFO - [1;34mEpoch 59/100[0m
2023-12-17 12:52:34,596 - INFO - Train Loss: 0.63  -   Train Acc: 83.36%
2023-12-17 12:52:38,407 - INFO - Val Loss: 0.43  -  Val Acc: 88.84%
2023-12-17 12:53:51,625 - INFO - ========================================
2023-12-17 12:53:51,625 - INFO - [1;34mEpoch 60/100[0m
2023-12-17 12:53:51,625 - INFO - Train Loss: 0.63  -   Train Acc: 83.49%
2023-12-17 12:53:55,427 - INFO - Val Loss: 0.46  -  Val Acc: 88.38%
2023-12-17 12:55:09,185 - INFO - ========================================
2023-12-17 12:55:09,185 - INFO - [1;34mEpoch 61/100[0m
2023-12-17 12:55:09,185 - INFO - Train Loss: 0.61  -   Train Acc: 83.74%
2023-12-17 12:55:13,023 - INFO - Val Loss: 0.45  -  Val Acc: 88.08%
2023-12-17 12:56:26,162 - INFO - ========================================
2023-12-17 12:56:26,162 - INFO - [1;34mEpoch 62/100[0m
2023-12-17 12:56:26,162 - INFO - Train Loss: 0.60  -   Train Acc: 84.21%
2023-12-17 12:56:30,013 - INFO - Val Loss: 0.42  -  Val Acc: 88.87%
2023-12-17 12:57:43,225 - INFO - ========================================
2023-12-17 12:57:43,225 - INFO - [1;34mEpoch 63/100[0m
2023-12-17 12:57:43,225 - INFO - Train Loss: 0.65  -   Train Acc: 82.05%
2023-12-17 12:57:47,027 - INFO - Val Loss: 0.45  -  Val Acc: 88.57%
2023-12-17 12:59:00,823 - INFO - ========================================
2023-12-17 12:59:00,824 - INFO - [1;34mEpoch 64/100[0m
2023-12-17 12:59:00,824 - INFO - Train Loss: 0.61  -   Train Acc: 83.97%
2023-12-17 12:59:04,669 - INFO - Val Loss: 0.45  -  Val Acc: 88.31%
2023-12-17 13:00:18,670 - INFO - ========================================
2023-12-17 13:00:18,671 - INFO - [1;34mEpoch 65/100[0m
2023-12-17 13:00:18,671 - INFO - Train Loss: 0.61  -   Train Acc: 83.43%
2023-12-17 13:00:22,500 - INFO - Val Loss: 0.45  -  Val Acc: 88.56%
2023-12-17 13:01:35,066 - INFO - ========================================
2023-12-17 13:01:35,066 - INFO - [1;34mEpoch 66/100[0m
2023-12-17 13:01:35,066 - INFO - Train Loss: 0.62  -   Train Acc: 83.37%
2023-12-17 13:01:38,909 - INFO - Val Loss: 0.43  -  Val Acc: 88.99%
2023-12-17 13:02:52,700 - INFO - ========================================
2023-12-17 13:02:52,700 - INFO - [1;34mEpoch 67/100[0m
2023-12-17 13:02:52,700 - INFO - Train Loss: 0.59  -   Train Acc: 84.02%
2023-12-17 13:02:56,540 - INFO - Val Loss: 0.41  -  Val Acc: 89.29%
2023-12-17 13:04:10,311 - INFO - ========================================
2023-12-17 13:04:10,311 - INFO - [1;34mEpoch 68/100[0m
2023-12-17 13:04:10,311 - INFO - Train Loss: 0.64  -   Train Acc: 82.96%
2023-12-17 13:04:14,130 - INFO - Val Loss: 0.43  -  Val Acc: 89.24%
2023-12-17 13:05:27,913 - INFO - ========================================
2023-12-17 13:05:27,913 - INFO - [1;34mEpoch 69/100[0m
2023-12-17 13:05:27,913 - INFO - Train Loss: 0.64  -   Train Acc: 83.06%
2023-12-17 13:05:31,722 - INFO - Val Loss: 0.44  -  Val Acc: 87.90%
2023-12-17 13:06:45,983 - INFO - ========================================
2023-12-17 13:06:45,983 - INFO - [1;34mEpoch 70/100[0m
2023-12-17 13:06:45,983 - INFO - Train Loss: 0.66  -   Train Acc: 82.68%
2023-12-17 13:06:49,789 - INFO - Val Loss: 0.47  -  Val Acc: 86.26%
2023-12-17 13:08:03,730 - INFO - ========================================
2023-12-17 13:08:03,730 - INFO - [1;34mEpoch 71/100[0m
2023-12-17 13:08:03,730 - INFO - Train Loss: 0.66  -   Train Acc: 82.96%
2023-12-17 13:08:07,549 - INFO - Val Loss: 0.44  -  Val Acc: 88.38%
2023-12-17 13:09:21,446 - INFO - ========================================
2023-12-17 13:09:21,446 - INFO - [1;34mEpoch 72/100[0m
2023-12-17 13:09:21,446 - INFO - Train Loss: 0.61  -   Train Acc: 83.71%
2023-12-17 13:09:25,267 - INFO - Val Loss: 0.40  -  Val Acc: 89.37%
2023-12-17 13:10:39,102 - INFO - ========================================
2023-12-17 13:10:39,103 - INFO - [1;34mEpoch 73/100[0m
2023-12-17 13:10:39,103 - INFO - Train Loss: 0.65  -   Train Acc: 82.52%
2023-12-17 13:10:42,913 - INFO - Val Loss: 0.42  -  Val Acc: 89.28%
2023-12-17 13:11:56,718 - INFO - ========================================
2023-12-17 13:11:56,718 - INFO - [1;34mEpoch 74/100[0m
2023-12-17 13:11:56,718 - INFO - Train Loss: 0.60  -   Train Acc: 83.83%
2023-12-17 13:12:00,538 - INFO - Val Loss: 0.42  -  Val Acc: 89.25%
2023-12-17 13:13:14,221 - INFO - ========================================
2023-12-17 13:13:14,221 - INFO - [1;34mEpoch 75/100[0m
2023-12-17 13:13:14,221 - INFO - Train Loss: 0.60  -   Train Acc: 83.99%
2023-12-17 13:13:18,076 - INFO - Val Loss: 0.41  -  Val Acc: 89.73%
2023-12-17 13:14:32,082 - INFO - ========================================
2023-12-17 13:14:32,082 - INFO - [1;34mEpoch 76/100[0m
2023-12-17 13:14:32,082 - INFO - Train Loss: 0.63  -   Train Acc: 82.90%
2023-12-17 13:14:35,935 - INFO - Val Loss: 0.42  -  Val Acc: 89.31%
2023-12-17 13:15:49,871 - INFO - ========================================
2023-12-17 13:15:49,871 - INFO - [1;34mEpoch 77/100[0m
2023-12-17 13:15:49,871 - INFO - Train Loss: 0.60  -   Train Acc: 83.93%
2023-12-17 13:15:53,685 - INFO - Val Loss: 0.44  -  Val Acc: 89.35%
2023-12-17 13:17:07,609 - INFO - ========================================
2023-12-17 13:17:07,609 - INFO - [1;34mEpoch 78/100[0m
2023-12-17 13:17:07,610 - INFO - Train Loss: 0.61  -   Train Acc: 83.53%
2023-12-17 13:17:11,404 - INFO - Val Loss: 0.44  -  Val Acc: 88.86%
2023-12-17 13:18:25,831 - INFO - ========================================
2023-12-17 13:18:25,832 - INFO - [1;34mEpoch 79/100[0m
2023-12-17 13:18:25,832 - INFO - Train Loss: 0.59  -   Train Acc: 84.32%
2023-12-17 13:18:29,633 - INFO - Val Loss: 0.42  -  Val Acc: 89.63%
2023-12-17 13:19:43,722 - INFO - ========================================
2023-12-17 13:19:43,722 - INFO - [1;34mEpoch 80/100[0m
2023-12-17 13:19:43,722 - INFO - Train Loss: 0.59  -   Train Acc: 83.83%
2023-12-17 13:19:47,546 - INFO - Val Loss: 0.42  -  Val Acc: 89.50%
2023-12-17 13:21:01,851 - INFO - ========================================
2023-12-17 13:21:01,852 - INFO - [1;34mEpoch 81/100[0m
2023-12-17 13:21:01,852 - INFO - Train Loss: 0.66  -   Train Acc: 81.24%
2023-12-17 13:21:05,731 - INFO - Val Loss: 0.39  -  Val Acc: 89.66%
2023-12-17 13:22:19,605 - INFO - ========================================
2023-12-17 13:22:19,606 - INFO - [1;34mEpoch 82/100[0m
2023-12-17 13:22:19,606 - INFO - Train Loss: 0.61  -   Train Acc: 83.20%
2023-12-17 13:22:23,433 - INFO - Val Loss: 0.42  -  Val Acc: 89.31%
2023-12-17 13:23:37,332 - INFO - ========================================
2023-12-17 13:23:37,332 - INFO - [1;34mEpoch 83/100[0m
2023-12-17 13:23:37,332 - INFO - Train Loss: 0.59  -   Train Acc: 84.08%
2023-12-17 13:23:41,161 - INFO - Val Loss: 0.43  -  Val Acc: 89.57%
2023-12-17 13:24:54,473 - INFO - ========================================
2023-12-17 13:24:54,474 - INFO - [1;34mEpoch 84/100[0m
2023-12-17 13:24:54,474 - INFO - Train Loss: 0.62  -   Train Acc: 83.52%
2023-12-17 13:24:58,305 - INFO - Val Loss: 0.44  -  Val Acc: 89.07%
2023-12-17 13:26:12,145 - INFO - ========================================
2023-12-17 13:26:12,146 - INFO - [1;34mEpoch 85/100[0m
2023-12-17 13:26:12,146 - INFO - Train Loss: 0.62  -   Train Acc: 82.85%
2023-12-17 13:26:15,989 - INFO - Val Loss: 0.44  -  Val Acc: 88.34%
2023-12-17 13:27:29,984 - INFO - ========================================
2023-12-17 13:27:29,984 - INFO - [1;34mEpoch 86/100[0m
2023-12-17 13:27:29,984 - INFO - Train Loss: 0.66  -   Train Acc: 81.86%
2023-12-17 13:27:33,812 - INFO - Val Loss: 0.40  -  Val Acc: 89.75%
2023-12-17 13:28:47,645 - INFO - ========================================
2023-12-17 13:28:47,645 - INFO - [1;34mEpoch 87/100[0m
2023-12-17 13:28:47,645 - INFO - Train Loss: 0.61  -   Train Acc: 83.31%
2023-12-17 13:28:51,466 - INFO - Val Loss: 0.45  -  Val Acc: 88.96%
2023-12-17 13:30:05,214 - INFO - ========================================
2023-12-17 13:30:05,215 - INFO - [1;34mEpoch 88/100[0m
2023-12-17 13:30:05,215 - INFO - Train Loss: 0.60  -   Train Acc: 83.89%
2023-12-17 13:30:09,097 - INFO - Val Loss: 0.42  -  Val Acc: 89.07%
2023-12-17 13:31:22,780 - INFO - ========================================
2023-12-17 13:31:22,781 - INFO - [1;34mEpoch 89/100[0m
2023-12-17 13:31:22,781 - INFO - Train Loss: 0.60  -   Train Acc: 83.67%
2023-12-17 13:31:26,644 - INFO - Val Loss: 0.41  -  Val Acc: 89.76%
2023-12-17 13:32:40,162 - INFO - ========================================
2023-12-17 13:32:40,162 - INFO - [1;34mEpoch 90/100[0m
2023-12-17 13:32:40,162 - INFO - Train Loss: 0.60  -   Train Acc: 83.96%
2023-12-17 13:32:43,971 - INFO - Val Loss: 0.42  -  Val Acc: 89.31%
2023-12-17 13:33:57,597 - INFO - ========================================
2023-12-17 13:33:57,598 - INFO - [1;34mEpoch 91/100[0m
2023-12-17 13:33:57,598 - INFO - Train Loss: 0.58  -   Train Acc: 84.54%
2023-12-17 13:34:01,405 - INFO - Val Loss: 0.40  -  Val Acc: 89.60%
2023-12-17 13:35:15,068 - INFO - ========================================
2023-12-17 13:35:15,068 - INFO - [1;34mEpoch 92/100[0m
2023-12-17 13:35:15,068 - INFO - Train Loss: 0.64  -   Train Acc: 82.32%
2023-12-17 13:35:18,878 - INFO - Val Loss: 0.40  -  Val Acc: 89.89%
2023-12-17 13:36:32,463 - INFO - ========================================
2023-12-17 13:36:32,463 - INFO - [1;34mEpoch 93/100[0m
2023-12-17 13:36:32,463 - INFO - Train Loss: 0.61  -   Train Acc: 83.39%
2023-12-17 13:36:36,295 - INFO - Val Loss: 0.41  -  Val Acc: 89.62%
2023-12-17 13:37:50,657 - INFO - ========================================
2023-12-17 13:37:50,657 - INFO - [1;34mEpoch 94/100[0m
2023-12-17 13:37:50,658 - INFO - Train Loss: 0.64  -   Train Acc: 82.11%
2023-12-17 13:37:54,495 - INFO - Val Loss: 0.42  -  Val Acc: 89.84%
2023-12-17 13:39:07,925 - INFO - ========================================
2023-12-17 13:39:07,925 - INFO - [1;34mEpoch 95/100[0m
2023-12-17 13:39:07,925 - INFO - Train Loss: 0.59  -   Train Acc: 83.96%
2023-12-17 13:39:11,755 - INFO - Val Loss: 0.43  -  Val Acc: 89.18%
2023-12-17 13:40:25,868 - INFO - ========================================
2023-12-17 13:40:25,868 - INFO - [1;34mEpoch 96/100[0m
2023-12-17 13:40:25,868 - INFO - Train Loss: 0.60  -   Train Acc: 83.87%
2023-12-17 13:40:29,694 - INFO - Val Loss: 0.40  -  Val Acc: 89.74%
2023-12-17 13:41:43,241 - INFO - ========================================
2023-12-17 13:41:43,241 - INFO - [1;34mEpoch 97/100[0m
2023-12-17 13:41:43,241 - INFO - Train Loss: 0.54  -   Train Acc: 85.72%
2023-12-17 13:41:47,079 - INFO - Val Loss: 0.43  -  Val Acc: 89.72%
2023-12-17 13:43:01,144 - INFO - ========================================
2023-12-17 13:43:01,144 - INFO - [1;34mEpoch 98/100[0m
2023-12-17 13:43:01,144 - INFO - Train Loss: 0.57  -   Train Acc: 84.29%
2023-12-17 13:43:04,946 - INFO - Val Loss: 0.41  -  Val Acc: 89.82%
2023-12-17 13:44:18,150 - INFO - ========================================
2023-12-17 13:44:18,151 - INFO - [1;34mEpoch 99/100[0m
2023-12-17 13:44:18,151 - INFO - Train Loss: 0.60  -   Train Acc: 83.29%
2023-12-17 13:44:22,001 - INFO - Val Loss: 0.43  -  Val Acc: 89.67%
2023-12-17 13:45:36,201 - INFO - ========================================
2023-12-17 13:45:36,202 - INFO - [1;34mEpoch 100/100[0m
2023-12-17 13:45:36,202 - INFO - Train Loss: 0.61  -   Train Acc: 83.47%
2023-12-17 13:45:40,039 - INFO - Val Loss: 0.40  -  Val Acc: 90.17%
2023-12-17 13:45:40,040 - INFO - ========================================
2023-12-17 13:45:40,040 - INFO - Training Completed! 😀
2023-12-17 13:46:54,317 - INFO - generated new fontManager
