2023-12-18 08:34:39,354 - INFO - 🚀 Training MobileNetV3 - Omni Dimensional Dynamic Convolution 🚀
2023-12-18 08:35:22,158 - INFO - 🚀 Training MobileNetV3 - Omni Dimensional Dynamic Convolution 🚀
2023-12-18 08:35:58,840 - INFO - 🚀 Training MobileNetV3 - Omni Dimensional Dynamic Convolution 🚀
2023-12-18 08:44:06,043 - INFO - ========================================
2023-12-18 08:44:06,044 - INFO - [1;34mEpoch 1/100[0m
2023-12-18 08:44:06,044 - INFO - Train Loss: 1.74  -   Train Acc: 38.26%
2023-12-18 08:44:13,811 - INFO - Val Loss: 1.22  -  Val Acc: 55.73%
2023-12-18 08:52:26,023 - INFO - ========================================
2023-12-18 08:52:26,024 - INFO - [1;34mEpoch 2/100[0m
2023-12-18 08:52:26,024 - INFO - Train Loss: 1.43  -   Train Acc: 53.20%
2023-12-18 08:52:33,972 - INFO - Val Loss: 0.96  -  Val Acc: 69.17%
2023-12-18 08:59:11,893 - INFO - 🚀 Training MobileNetV3 - Omni Dimensional Dynamic Convolution 🚀
2023-12-18 09:07:18,727 - INFO - ========================================
2023-12-18 09:07:18,727 - INFO - [1;34mEpoch 1/5[0m
2023-12-18 09:07:18,727 - INFO - Train Loss: 1.70  -   Train Acc: 40.36%
2023-12-18 09:07:26,244 - INFO - Val Loss: 1.32  -  Val Acc: 56.03%
2023-12-18 09:15:39,198 - INFO - ========================================
2023-12-18 09:15:39,198 - INFO - [1;34mEpoch 2/5[0m
2023-12-18 09:15:39,198 - INFO - Train Loss: 1.37  -   Train Acc: 55.67%
2023-12-18 09:15:47,128 - INFO - Val Loss: 0.94  -  Val Acc: 68.74%
2023-12-18 09:24:02,430 - INFO - ========================================
2023-12-18 09:24:02,430 - INFO - [1;34mEpoch 3/5[0m
2023-12-18 09:24:02,430 - INFO - Train Loss: 1.24  -   Train Acc: 61.74%
2023-12-18 09:24:09,903 - INFO - Val Loss: 0.74  -  Val Acc: 77.06%
2023-12-18 09:32:23,992 - INFO - ========================================
2023-12-18 09:32:23,992 - INFO - [1;34mEpoch 4/5[0m
2023-12-18 09:32:23,992 - INFO - Train Loss: 1.15  -   Train Acc: 65.46%
2023-12-18 09:32:31,372 - INFO - Val Loss: 0.66  -  Val Acc: 78.95%
2023-12-18 09:40:46,333 - INFO - ========================================
2023-12-18 09:40:46,334 - INFO - [1;34mEpoch 5/5[0m
2023-12-18 09:40:46,334 - INFO - Train Loss: 1.08  -   Train Acc: 68.37%
2023-12-18 09:40:53,972 - INFO - Val Loss: 0.62  -  Val Acc: 81.18%
2023-12-18 09:40:53,973 - INFO - ========================================
2023-12-18 09:40:53,973 - INFO - Training Completed! 😀
2023-12-18 09:43:28,091 - INFO - 🚀 Training MobileNetV3 - Omni Dimensional Dynamic Convolution 🚀
2023-12-18 09:51:30,270 - INFO - ========================================
2023-12-18 09:51:30,270 - INFO - [1;34mEpoch 1/5[0m
2023-12-18 09:51:30,270 - INFO - Train Loss: 1.00  -   Train Acc: 70.98%
2023-12-18 09:51:38,241 - INFO - Val Loss: 0.59  -  Val Acc: 81.13%
2023-12-18 09:59:51,798 - INFO - ========================================
2023-12-18 09:59:51,798 - INFO - [1;34mEpoch 2/5[0m
2023-12-18 09:59:51,799 - INFO - Train Loss: 0.95  -   Train Acc: 72.60%
2023-12-18 09:59:59,394 - INFO - Val Loss: 0.49  -  Val Acc: 84.77%
2023-12-18 10:08:13,753 - INFO - ========================================
2023-12-18 10:08:13,753 - INFO - [1;34mEpoch 3/5[0m
2023-12-18 10:08:13,753 - INFO - Train Loss: 0.92  -   Train Acc: 73.91%
2023-12-18 10:08:21,302 - INFO - Val Loss: 0.49  -  Val Acc: 84.15%
2023-12-18 10:16:35,112 - INFO - ========================================
2023-12-18 10:16:35,113 - INFO - [1;34mEpoch 4/5[0m
2023-12-18 10:16:35,113 - INFO - Train Loss: 0.92  -   Train Acc: 73.78%
2023-12-18 10:16:43,035 - INFO - Val Loss: 0.46  -  Val Acc: 84.96%
2023-12-18 10:24:57,773 - INFO - ========================================
2023-12-18 10:24:57,774 - INFO - [1;34mEpoch 5/5[0m
2023-12-18 10:24:57,774 - INFO - Train Loss: 0.88  -   Train Acc: 75.52%
2023-12-18 10:25:05,732 - INFO - Val Loss: 0.49  -  Val Acc: 85.00%
2023-12-18 10:25:05,734 - INFO - ========================================
2023-12-18 10:25:05,734 - INFO - Training Completed! 😀
2023-12-18 10:33:49,915 - INFO - 🚀 Training MobileNetV3 - Omni Dimensional Dynamic Convolution 🚀
2023-12-18 10:41:53,441 - INFO - ========================================
2023-12-18 10:41:53,441 - INFO - [1;34mEpoch 1/10[0m
2023-12-18 10:41:53,441 - INFO - Train Loss: 0.89  -   Train Acc: 75.04%
2023-12-18 10:42:00,937 - INFO - Val Loss: 0.58  -  Val Acc: 83.33%
2023-12-18 10:50:17,270 - INFO - ========================================
2023-12-18 10:50:17,271 - INFO - [1;34mEpoch 2/10[0m
2023-12-18 10:50:17,271 - INFO - Train Loss: 0.86  -   Train Acc: 76.03%
2023-12-18 10:50:24,999 - INFO - Val Loss: 0.55  -  Val Acc: 82.63%
2023-12-18 10:58:39,450 - INFO - ========================================
2023-12-18 10:58:39,450 - INFO - [1;34mEpoch 3/10[0m
2023-12-18 10:58:39,450 - INFO - Train Loss: 0.85  -   Train Acc: 76.37%
2023-12-18 10:58:46,932 - INFO - Val Loss: 0.45  -  Val Acc: 85.67%
2023-12-18 11:07:01,285 - INFO - ========================================
2023-12-18 11:07:01,285 - INFO - [1;34mEpoch 4/10[0m
2023-12-18 11:07:01,285 - INFO - Train Loss: 0.77  -   Train Acc: 79.35%
2023-12-18 11:07:08,908 - INFO - Val Loss: 0.45  -  Val Acc: 86.27%
2023-12-18 11:15:23,867 - INFO - ========================================
2023-12-18 11:15:23,867 - INFO - [1;34mEpoch 5/10[0m
2023-12-18 11:15:23,867 - INFO - Train Loss: 0.74  -   Train Acc: 80.18%
2023-12-18 11:15:31,639 - INFO - Val Loss: 0.42  -  Val Acc: 87.30%
2023-12-18 11:23:42,776 - INFO - ========================================
2023-12-18 11:23:42,776 - INFO - [1;34mEpoch 6/10[0m
2023-12-18 11:23:42,776 - INFO - Train Loss: 0.73  -   Train Acc: 80.49%
2023-12-18 11:23:50,345 - INFO - Val Loss: 0.43  -  Val Acc: 87.40%
2023-12-18 11:32:03,138 - INFO - ========================================
2023-12-18 11:32:03,139 - INFO - [1;34mEpoch 7/10[0m
2023-12-18 11:32:03,139 - INFO - Train Loss: 0.75  -   Train Acc: 79.85%
2023-12-18 11:32:10,658 - INFO - Val Loss: 0.43  -  Val Acc: 87.45%
2023-12-18 11:40:22,709 - INFO - ========================================
2023-12-18 11:40:22,709 - INFO - [1;34mEpoch 8/10[0m
2023-12-18 11:40:22,709 - INFO - Train Loss: 0.76  -   Train Acc: 79.51%
2023-12-18 11:40:30,310 - INFO - Val Loss: 0.56  -  Val Acc: 83.47%
2023-12-18 11:48:44,280 - INFO - ========================================
2023-12-18 11:48:44,280 - INFO - [1;34mEpoch 9/10[0m
2023-12-18 11:48:44,281 - INFO - Train Loss: 0.76  -   Train Acc: 79.45%
2023-12-18 11:48:52,131 - INFO - Val Loss: 0.41  -  Val Acc: 88.23%
2023-12-18 11:57:04,782 - INFO - ========================================
2023-12-18 11:57:04,782 - INFO - [1;34mEpoch 10/10[0m
2023-12-18 11:57:04,782 - INFO - Train Loss: 0.73  -   Train Acc: 80.57%
2023-12-18 11:57:12,275 - INFO - Val Loss: 0.45  -  Val Acc: 86.84%
2023-12-18 11:57:12,276 - INFO - ========================================
2023-12-18 11:57:12,276 - INFO - Training Completed! 😀
                                    Temperature 39.7 (Epoch 20/100)
