2024-01-31 14:54:51,312 - INFO - ========================================
2024-01-31 14:54:51,312 - INFO - Epoch 1/30
2024-01-31 14:54:51,312 - INFO - Train Loss: 1.51
2024-01-31 14:54:51,312 - INFO - Train Acc: 43.28
2024-01-31 14:54:57,400 - INFO - Val Loss: 1.28
2024-01-31 14:54:57,401 - INFO - Val Acc: 53.54
2024-01-31 14:56:15,910 - INFO - ========================================
2024-01-31 14:56:15,911 - INFO - Epoch 2/30
2024-01-31 14:56:15,911 - INFO - Train Loss: 0.97
2024-01-31 14:56:15,911 - INFO - Train Acc: 65.48
2024-01-31 14:56:21,899 - INFO - Val Loss: 1.07
2024-01-31 14:56:21,899 - INFO - Val Acc: 63.77
2024-01-31 14:57:40,502 - INFO - ========================================
2024-01-31 14:57:40,502 - INFO - Epoch 3/30
2024-01-31 14:57:40,502 - INFO - Train Loss: 0.74
2024-01-31 14:57:40,502 - INFO - Train Acc: 74.19
2024-01-31 14:57:46,590 - INFO - Val Loss: 0.78
2024-01-31 14:57:46,591 - INFO - Val Acc: 73.65
2024-01-31 14:59:05,206 - INFO - ========================================
2024-01-31 14:59:05,207 - INFO - Epoch 4/30
2024-01-31 14:59:05,207 - INFO - Train Loss: 0.60
2024-01-31 14:59:05,207 - INFO - Train Acc: 79.36
2024-01-31 14:59:11,254 - INFO - Val Loss: 0.62
2024-01-31 14:59:11,254 - INFO - Val Acc: 78.37
2024-01-31 15:00:30,000 - INFO - ========================================
2024-01-31 15:00:30,000 - INFO - Epoch 5/30
2024-01-31 15:00:30,000 - INFO - Train Loss: 0.52
2024-01-31 15:00:30,000 - INFO - Train Acc: 82.06
2024-01-31 15:00:36,451 - INFO - Val Loss: 0.56
2024-01-31 15:00:36,452 - INFO - Val Acc: 81.23
2024-01-31 15:01:55,100 - INFO - ========================================
2024-01-31 15:01:55,100 - INFO - Epoch 6/30
2024-01-31 15:01:55,100 - INFO - Train Loss: 0.87
2024-01-31 15:01:55,100 - INFO - Train Acc: 70.22
2024-01-31 15:02:01,149 - INFO - Val Loss: 1.03
2024-01-31 15:02:01,149 - INFO - Val Acc: 64.73
2024-01-31 15:03:20,221 - INFO - ========================================
2024-01-31 15:03:20,222 - INFO - Epoch 7/30
2024-01-31 15:03:20,222 - INFO - Train Loss: 0.70
2024-01-31 15:03:20,222 - INFO - Train Acc: 76.00
2024-01-31 15:03:26,251 - INFO - Val Loss: 0.65
2024-01-31 15:03:26,251 - INFO - Val Acc: 78.17
2024-01-31 15:04:44,803 - INFO - ========================================
2024-01-31 15:04:44,803 - INFO - Epoch 8/30
2024-01-31 15:04:44,803 - INFO - Train Loss: 0.57
2024-01-31 15:04:44,803 - INFO - Train Acc: 80.40
2024-01-31 15:04:50,854 - INFO - Val Loss: 0.96
2024-01-31 15:04:50,855 - INFO - Val Acc: 76.08
2024-01-31 15:06:10,006 - INFO - ========================================
2024-01-31 15:06:10,006 - INFO - Epoch 9/30
2024-01-31 15:06:10,006 - INFO - Train Loss: 0.70
2024-01-31 15:06:10,006 - INFO - Train Acc: 76.07
2024-01-31 15:06:16,094 - INFO - Val Loss: 1.41
2024-01-31 15:06:16,095 - INFO - Val Acc: 50.93
2024-01-31 15:07:35,016 - INFO - ========================================
2024-01-31 15:07:35,017 - INFO - Epoch 10/30
2024-01-31 15:07:35,017 - INFO - Train Loss: 0.82
2024-01-31 15:07:35,017 - INFO - Train Acc: 71.69
2024-01-31 15:07:41,205 - INFO - Val Loss: 0.70
2024-01-31 15:07:41,205 - INFO - Val Acc: 76.33
2024-01-31 15:08:59,938 - INFO - ========================================
2024-01-31 15:08:59,938 - INFO - Epoch 11/30
2024-01-31 15:08:59,938 - INFO - Train Loss: 0.68
2024-01-31 15:08:59,938 - INFO - Train Acc: 76.58
2024-01-31 15:09:06,158 - INFO - Val Loss: 0.62
2024-01-31 15:09:06,158 - INFO - Val Acc: 78.73
2024-01-31 15:10:25,004 - INFO - ========================================
2024-01-31 15:10:25,004 - INFO - Epoch 12/30
2024-01-31 15:10:25,004 - INFO - Train Loss: 0.59
2024-01-31 15:10:25,005 - INFO - Train Acc: 79.56
2024-01-31 15:10:31,070 - INFO - Val Loss: 0.72
2024-01-31 15:10:31,070 - INFO - Val Acc: 75.27
2024-01-31 15:11:49,791 - INFO - ========================================
2024-01-31 15:11:49,791 - INFO - Epoch 13/30
2024-01-31 15:11:49,791 - INFO - Train Loss: 0.49
2024-01-31 15:11:49,791 - INFO - Train Acc: 83.09
2024-01-31 15:11:55,912 - INFO - Val Loss: 0.64
2024-01-31 15:11:55,912 - INFO - Val Acc: 78.73
2024-01-31 15:13:14,409 - INFO - ========================================
2024-01-31 15:13:14,410 - INFO - Epoch 14/30
2024-01-31 15:13:14,410 - INFO - Train Loss: 0.41
2024-01-31 15:13:14,410 - INFO - Train Acc: 85.97
2024-01-31 15:13:20,547 - INFO - Val Loss: 0.55
2024-01-31 15:13:20,548 - INFO - Val Acc: 81.56
2024-01-31 15:14:39,108 - INFO - ========================================
2024-01-31 15:14:39,109 - INFO - Epoch 15/30
2024-01-31 15:14:39,109 - INFO - Train Loss: 0.36
2024-01-31 15:14:39,109 - INFO - Train Acc: 87.53
2024-01-31 15:14:45,371 - INFO - Val Loss: 0.79
2024-01-31 15:14:45,372 - INFO - Val Acc: 76.52
2024-01-31 15:16:04,369 - INFO - ========================================
2024-01-31 15:16:04,370 - INFO - Epoch 16/30
2024-01-31 15:16:04,370 - INFO - Train Loss: 0.32
2024-01-31 15:16:04,370 - INFO - Train Acc: 88.96
2024-01-31 15:16:10,594 - INFO - Val Loss: 0.83
2024-01-31 15:16:10,594 - INFO - Val Acc: 79.26
2024-01-31 15:17:29,302 - INFO - ========================================
2024-01-31 15:17:29,302 - INFO - Epoch 17/30
2024-01-31 15:17:29,302 - INFO - Train Loss: 0.28
2024-01-31 15:17:29,302 - INFO - Train Acc: 90.08
2024-01-31 15:17:35,386 - INFO - Val Loss: 0.53
2024-01-31 15:17:35,387 - INFO - Val Acc: 82.78
2024-01-31 15:18:54,399 - INFO - ========================================
2024-01-31 15:18:54,400 - INFO - Epoch 18/30
2024-01-31 15:18:54,400 - INFO - Train Loss: 0.24
2024-01-31 15:18:54,400 - INFO - Train Acc: 91.38
2024-01-31 15:19:00,487 - INFO - Val Loss: 0.56
2024-01-31 15:19:00,487 - INFO - Val Acc: 83.13
2024-01-31 15:20:19,088 - INFO - ========================================
2024-01-31 15:20:19,088 - INFO - Epoch 19/30
2024-01-31 15:20:19,088 - INFO - Train Loss: 0.22
2024-01-31 15:20:19,088 - INFO - Train Acc: 92.12
2024-01-31 15:20:25,238 - INFO - Val Loss: 0.66
2024-01-31 15:20:25,238 - INFO - Val Acc: 80.46
2024-01-31 15:21:43,814 - INFO - ========================================
2024-01-31 15:21:43,815 - INFO - Epoch 20/30
2024-01-31 15:21:43,815 - INFO - Train Loss: 0.20
2024-01-31 15:21:43,815 - INFO - Train Acc: 93.11
2024-01-31 15:21:49,895 - INFO - Val Loss: 0.55
2024-01-31 15:21:49,896 - INFO - Val Acc: 83.43
2024-01-31 15:23:08,522 - INFO - ========================================
2024-01-31 15:23:08,523 - INFO - Epoch 21/30
2024-01-31 15:23:08,523 - INFO - Train Loss: 0.17
2024-01-31 15:23:08,523 - INFO - Train Acc: 93.86
2024-01-31 15:23:14,664 - INFO - Val Loss: 0.60
2024-01-31 15:23:14,664 - INFO - Val Acc: 83.22
2024-01-31 15:24:33,306 - INFO - ========================================
2024-01-31 15:24:33,307 - INFO - Epoch 22/30
2024-01-31 15:24:33,307 - INFO - Train Loss: 0.16
2024-01-31 15:24:33,307 - INFO - Train Acc: 94.30
2024-01-31 15:24:39,391 - INFO - Val Loss: 0.70
2024-01-31 15:24:39,391 - INFO - Val Acc: 81.05
2024-01-31 15:25:57,993 - INFO - ========================================
2024-01-31 15:25:57,993 - INFO - Epoch 23/30
2024-01-31 15:25:57,994 - INFO - Train Loss: 0.14
2024-01-31 15:25:57,994 - INFO - Train Acc: 95.00
2024-01-31 15:26:04,175 - INFO - Val Loss: 0.61
2024-01-31 15:26:04,175 - INFO - Val Acc: 83.13
2024-01-31 15:27:23,119 - INFO - ========================================
2024-01-31 15:27:23,119 - INFO - Epoch 24/30
2024-01-31 15:27:23,119 - INFO - Train Loss: 0.12
2024-01-31 15:27:23,120 - INFO - Train Acc: 95.69
2024-01-31 15:27:29,257 - INFO - Val Loss: 0.67
2024-01-31 15:27:29,257 - INFO - Val Acc: 83.08
2024-01-31 15:28:48,039 - INFO - ========================================
2024-01-31 15:28:48,040 - INFO - Epoch 25/30
2024-01-31 15:28:48,040 - INFO - Train Loss: 0.11
2024-01-31 15:28:48,040 - INFO - Train Acc: 96.08
2024-01-31 15:28:54,148 - INFO - Val Loss: 0.61
2024-01-31 15:28:54,149 - INFO - Val Acc: 84.26
2024-01-31 15:30:12,908 - INFO - ========================================
2024-01-31 15:30:12,908 - INFO - Epoch 26/30
2024-01-31 15:30:12,908 - INFO - Train Loss: 0.10
2024-01-31 15:30:12,909 - INFO - Train Acc: 96.49
2024-01-31 15:30:19,046 - INFO - Val Loss: 0.70
2024-01-31 15:30:19,046 - INFO - Val Acc: 82.45
2024-01-31 15:31:37,897 - INFO - ========================================
2024-01-31 15:31:37,898 - INFO - Epoch 27/30
2024-01-31 15:31:37,898 - INFO - Train Loss: 0.09
2024-01-31 15:31:37,898 - INFO - Train Acc: 96.92
2024-01-31 15:31:44,150 - INFO - Val Loss: 0.64
2024-01-31 15:31:44,151 - INFO - Val Acc: 84.01
2024-01-31 15:33:03,322 - INFO - ========================================
2024-01-31 15:33:03,322 - INFO - Epoch 28/30
2024-01-31 15:33:03,322 - INFO - Train Loss: 0.08
2024-01-31 15:33:03,322 - INFO - Train Acc: 97.37
2024-01-31 15:33:09,476 - INFO - Val Loss: 0.71
2024-01-31 15:33:09,476 - INFO - Val Acc: 83.61
2024-01-31 15:34:28,414 - INFO - ========================================
2024-01-31 15:34:28,414 - INFO - Epoch 29/30
2024-01-31 15:34:28,414 - INFO - Train Loss: 0.08
2024-01-31 15:34:28,414 - INFO - Train Acc: 97.30
2024-01-31 15:34:34,553 - INFO - Val Loss: 0.75
2024-01-31 15:34:34,554 - INFO - Val Acc: 82.54
2024-01-31 15:35:53,603 - INFO - ========================================
2024-01-31 15:35:53,604 - INFO - Epoch 30/30
2024-01-31 15:35:53,604 - INFO - Train Loss: 0.08
2024-01-31 15:35:53,604 - INFO - Train Acc: 97.13
2024-01-31 15:35:59,734 - INFO - Val Loss: 0.72
2024-01-31 15:35:59,734 - INFO - Val Acc: 83.57
2024-01-31 15:39:02,173 - INFO - ================Running Again with Kernel Num = 2===================

2024-01-31 16:04:16,908 - INFO - ========================================
2024-01-31 16:04:16,908 - INFO - Epoch 1/40
2024-01-31 16:04:16,908 - INFO - Train Loss: 1.55
2024-01-31 16:04:16,908 - INFO - Train Acc: 41.32
2024-01-31 16:04:23,169 - INFO - Val Loss: 1.33
2024-01-31 16:04:23,170 - INFO - Val Acc: 52.19
2024-01-31 16:05:42,124 - INFO - ========================================
2024-01-31 16:05:42,125 - INFO - Epoch 2/40
2024-01-31 16:05:42,125 - INFO - Train Loss: 1.04
2024-01-31 16:05:42,125 - INFO - Train Acc: 62.57
2024-01-31 16:05:48,332 - INFO - Val Loss: 0.97
2024-01-31 16:05:48,332 - INFO - Val Acc: 65.46
2024-01-31 16:07:07,273 - INFO - ========================================
2024-01-31 16:07:07,274 - INFO - Epoch 3/40
2024-01-31 16:07:07,274 - INFO - Train Loss: 0.82
2024-01-31 16:07:07,274 - INFO - Train Acc: 71.15
2024-01-31 16:07:13,685 - INFO - Val Loss: 0.86
2024-01-31 16:07:13,686 - INFO - Val Acc: 70.75
2024-01-31 16:08:32,731 - INFO - ========================================
2024-01-31 16:08:32,732 - INFO - Epoch 4/40
2024-01-31 16:08:32,732 - INFO - Train Loss: 0.66
2024-01-31 16:08:32,732 - INFO - Train Acc: 76.83
2024-01-31 16:08:38,903 - INFO - Val Loss: 0.73
2024-01-31 16:08:38,903 - INFO - Val Acc: 74.80
2024-01-31 16:09:57,910 - INFO - ========================================
2024-01-31 16:09:57,910 - INFO - Epoch 5/40
2024-01-31 16:09:57,910 - INFO - Train Loss: 0.55
2024-01-31 16:09:57,910 - INFO - Train Acc: 80.97
2024-01-31 16:10:04,050 - INFO - Val Loss: 0.66
2024-01-31 16:10:04,051 - INFO - Val Acc: 77.83
2024-01-31 16:11:22,917 - INFO - ========================================
2024-01-31 16:11:22,918 - INFO - Epoch 6/40
2024-01-31 16:11:22,918 - INFO - Train Loss: 0.47
2024-01-31 16:11:22,918 - INFO - Train Acc: 83.54
2024-01-31 16:11:29,093 - INFO - Val Loss: 0.56
2024-01-31 16:11:29,093 - INFO - Val Acc: 80.69
2024-01-31 16:12:48,427 - INFO - ========================================
2024-01-31 16:12:48,427 - INFO - Epoch 7/40
2024-01-31 16:12:48,427 - INFO - Train Loss: 0.42
2024-01-31 16:12:48,427 - INFO - Train Acc: 85.52
2024-01-31 16:12:54,597 - INFO - Val Loss: 0.51
2024-01-31 16:12:54,598 - INFO - Val Acc: 82.52
2024-01-31 16:14:14,034 - INFO - ========================================
2024-01-31 16:14:14,034 - INFO - Epoch 8/40
2024-01-31 16:14:14,034 - INFO - Train Loss: 0.37
2024-01-31 16:14:14,034 - INFO - Train Acc: 87.27
2024-01-31 16:14:20,197 - INFO - Val Loss: 0.51
2024-01-31 16:14:20,197 - INFO - Val Acc: 83.00
2024-01-31 16:15:39,924 - INFO - ========================================
2024-01-31 16:15:39,925 - INFO - Epoch 9/40
2024-01-31 16:15:39,925 - INFO - Train Loss: 0.34
2024-01-31 16:15:39,925 - INFO - Train Acc: 88.19
2024-01-31 16:15:46,095 - INFO - Val Loss: 0.51
2024-01-31 16:15:46,095 - INFO - Val Acc: 82.70
2024-01-31 16:17:06,028 - INFO - ========================================
2024-01-31 16:17:06,028 - INFO - Epoch 10/40
2024-01-31 16:17:06,028 - INFO - Train Loss: 0.30
2024-01-31 16:17:06,028 - INFO - Train Acc: 89.45
2024-01-31 16:17:12,270 - INFO - Val Loss: 0.53
2024-01-31 16:17:12,271 - INFO - Val Acc: 82.88
2024-01-31 16:18:31,583 - INFO - ========================================
2024-01-31 16:18:31,583 - INFO - Epoch 11/40
2024-01-31 16:18:31,583 - INFO - Train Loss: 0.28
2024-01-31 16:18:31,583 - INFO - Train Acc: 90.14
2024-01-31 16:18:37,726 - INFO - Val Loss: 0.50
2024-01-31 16:18:37,727 - INFO - Val Acc: 84.31
2024-01-31 16:19:57,222 - INFO - ========================================
2024-01-31 16:19:57,222 - INFO - Epoch 12/40
2024-01-31 16:19:57,222 - INFO - Train Loss: 0.25
2024-01-31 16:19:57,222 - INFO - Train Acc: 91.11
2024-01-31 16:20:03,394 - INFO - Val Loss: 0.51
2024-01-31 16:20:03,395 - INFO - Val Acc: 84.22
2024-01-31 16:21:22,927 - INFO - ========================================
2024-01-31 16:21:22,928 - INFO - Epoch 13/40
2024-01-31 16:21:22,928 - INFO - Train Loss: 0.23
2024-01-31 16:21:22,928 - INFO - Train Acc: 91.67
2024-01-31 16:21:29,175 - INFO - Val Loss: 0.50
2024-01-31 16:21:29,176 - INFO - Val Acc: 83.95
2024-01-31 16:22:48,921 - INFO - ========================================
2024-01-31 16:22:48,921 - INFO - Epoch 14/40
2024-01-31 16:22:48,921 - INFO - Train Loss: 0.21
2024-01-31 16:22:48,921 - INFO - Train Acc: 92.45
2024-01-31 16:22:55,137 - INFO - Val Loss: 0.50
2024-01-31 16:22:55,138 - INFO - Val Acc: 84.49
2024-01-31 16:24:14,551 - INFO - ========================================
2024-01-31 16:24:14,551 - INFO - Epoch 15/40
2024-01-31 16:24:14,551 - INFO - Train Loss: 0.19
2024-01-31 16:24:14,551 - INFO - Train Acc: 93.19
2024-01-31 16:24:20,887 - INFO - Val Loss: 0.47
2024-01-31 16:24:20,887 - INFO - Val Acc: 85.83
2024-01-31 16:25:40,337 - INFO - ========================================
2024-01-31 16:25:40,337 - INFO - Epoch 16/40
2024-01-31 16:25:40,337 - INFO - Train Loss: 0.16
2024-01-31 16:25:40,337 - INFO - Train Acc: 94.14
2024-01-31 16:25:46,562 - INFO - Val Loss: 0.48
2024-01-31 16:25:46,562 - INFO - Val Acc: 85.67
2024-01-31 16:27:05,936 - INFO - ========================================
2024-01-31 16:27:05,936 - INFO - Epoch 17/40
2024-01-31 16:27:05,936 - INFO - Train Loss: 0.15
2024-01-31 16:27:05,937 - INFO - Train Acc: 94.55
2024-01-31 16:27:12,102 - INFO - Val Loss: 0.50
2024-01-31 16:27:12,102 - INFO - Val Acc: 85.16
2024-01-31 16:28:31,971 - INFO - ========================================
2024-01-31 16:28:31,971 - INFO - Epoch 18/40
2024-01-31 16:28:31,971 - INFO - Train Loss: 0.13
2024-01-31 16:28:31,971 - INFO - Train Acc: 95.18
2024-01-31 16:28:38,142 - INFO - Val Loss: 0.51
2024-01-31 16:28:38,143 - INFO - Val Acc: 86.07
2024-01-31 16:29:57,950 - INFO - ========================================
2024-01-31 16:29:57,950 - INFO - Epoch 19/40
2024-01-31 16:29:57,951 - INFO - Train Loss: 0.12
2024-01-31 16:29:57,951 - INFO - Train Acc: 95.78
2024-01-31 16:30:04,227 - INFO - Val Loss: 0.54
2024-01-31 16:30:04,227 - INFO - Val Acc: 85.56
2024-01-31 16:31:23,924 - INFO - ========================================
2024-01-31 16:31:23,925 - INFO - Epoch 20/40
2024-01-31 16:31:23,925 - INFO - Train Loss: 0.11
2024-01-31 16:31:23,925 - INFO - Train Acc: 96.27
2024-01-31 16:31:30,254 - INFO - Val Loss: 0.56
2024-01-31 16:31:30,254 - INFO - Val Acc: 85.38
2024-01-31 16:32:49,656 - INFO - ========================================
2024-01-31 16:32:49,657 - INFO - Epoch 21/40
2024-01-31 16:32:49,657 - INFO - Train Loss: 0.10
2024-01-31 16:32:49,657 - INFO - Train Acc: 96.63
2024-01-31 16:32:55,926 - INFO - Val Loss: 0.60
2024-01-31 16:32:55,926 - INFO - Val Acc: 85.07
2024-01-31 16:34:15,441 - INFO - ========================================
2024-01-31 16:34:15,441 - INFO - Epoch 22/40
2024-01-31 16:34:15,441 - INFO - Train Loss: 0.09
2024-01-31 16:34:15,441 - INFO - Train Acc: 96.84
2024-01-31 16:34:21,646 - INFO - Val Loss: 0.53
2024-01-31 16:34:21,647 - INFO - Val Acc: 86.24
2024-01-31 16:35:41,937 - INFO - ========================================
2024-01-31 16:35:41,938 - INFO - Epoch 23/40
2024-01-31 16:35:41,938 - INFO - Train Loss: 0.09
2024-01-31 16:35:41,938 - INFO - Train Acc: 96.96
2024-01-31 16:35:48,222 - INFO - Val Loss: 0.54
2024-01-31 16:35:48,222 - INFO - Val Acc: 86.62
2024-01-31 16:37:08,265 - INFO - ========================================
2024-01-31 16:37:08,265 - INFO - Epoch 24/40
2024-01-31 16:37:08,265 - INFO - Train Loss: 0.07
2024-01-31 16:37:08,265 - INFO - Train Acc: 97.48
2024-01-31 16:37:14,488 - INFO - Val Loss: 0.54
2024-01-31 16:37:14,489 - INFO - Val Acc: 86.66
2024-01-31 16:38:34,526 - INFO - ========================================
2024-01-31 16:38:34,526 - INFO - Epoch 25/40
2024-01-31 16:38:34,526 - INFO - Train Loss: 0.07
2024-01-31 16:38:34,527 - INFO - Train Acc: 97.70
2024-01-31 16:38:40,794 - INFO - Val Loss: 0.59
2024-01-31 16:38:40,795 - INFO - Val Acc: 86.35
2024-01-31 16:40:00,626 - INFO - ========================================
2024-01-31 16:40:00,627 - INFO - Epoch 26/40
2024-01-31 16:40:00,627 - INFO - Train Loss: 0.06
2024-01-31 16:40:00,627 - INFO - Train Acc: 97.75
2024-01-31 16:40:07,263 - INFO - Val Loss: 0.63
2024-01-31 16:40:07,264 - INFO - Val Acc: 85.83
2024-01-31 16:41:26,739 - INFO - ========================================
2024-01-31 16:41:26,739 - INFO - Epoch 27/40
2024-01-31 16:41:26,739 - INFO - Train Loss: 0.06
2024-01-31 16:41:26,739 - INFO - Train Acc: 98.02
2024-01-31 16:41:33,072 - INFO - Val Loss: 0.61
2024-01-31 16:41:33,072 - INFO - Val Acc: 86.45
2024-01-31 16:42:52,332 - INFO - ========================================
2024-01-31 16:42:52,332 - INFO - Epoch 28/40
2024-01-31 16:42:52,332 - INFO - Train Loss: 0.05
2024-01-31 16:42:52,332 - INFO - Train Acc: 98.18
2024-01-31 16:42:58,502 - INFO - Val Loss: 0.56
2024-01-31 16:42:58,502 - INFO - Val Acc: 87.51
2024-01-31 16:44:18,218 - INFO - ========================================
2024-01-31 16:44:18,218 - INFO - Epoch 29/40
2024-01-31 16:44:18,218 - INFO - Train Loss: 0.05
2024-01-31 16:44:18,218 - INFO - Train Acc: 98.38
2024-01-31 16:44:24,402 - INFO - Val Loss: 0.58
2024-01-31 16:44:24,403 - INFO - Val Acc: 87.02
2024-01-31 16:45:44,025 - INFO - ========================================
2024-01-31 16:45:44,025 - INFO - Epoch 30/40
2024-01-31 16:45:44,025 - INFO - Train Loss: 0.04
2024-01-31 16:45:44,026 - INFO - Train Acc: 98.48
2024-01-31 16:45:50,204 - INFO - Val Loss: 0.60
2024-01-31 16:45:50,205 - INFO - Val Acc: 87.07
2024-01-31 16:47:08,914 - INFO - ========================================
2024-01-31 16:47:08,915 - INFO - Epoch 31/40
2024-01-31 16:47:08,915 - INFO - Train Loss: 0.03
2024-01-31 16:47:08,915 - INFO - Train Acc: 98.99
2024-01-31 16:47:15,095 - INFO - Val Loss: 0.59
2024-01-31 16:47:15,096 - INFO - Val Acc: 87.46
2024-01-31 16:48:34,119 - INFO - ========================================
2024-01-31 16:48:34,119 - INFO - Epoch 32/40
2024-01-31 16:48:34,119 - INFO - Train Loss: 0.03
2024-01-31 16:48:34,119 - INFO - Train Acc: 98.84
2024-01-31 16:48:40,328 - INFO - Val Loss: 0.58
2024-01-31 16:48:40,328 - INFO - Val Acc: 87.45
2024-01-31 16:49:59,133 - INFO - ========================================
2024-01-31 16:49:59,134 - INFO - Epoch 33/40
2024-01-31 16:49:59,134 - INFO - Train Loss: 0.02
2024-01-31 16:49:59,134 - INFO - Train Acc: 99.16
2024-01-31 16:50:05,352 - INFO - Val Loss: 0.63
2024-01-31 16:50:05,352 - INFO - Val Acc: 87.45
2024-01-31 16:51:24,422 - INFO - ========================================
2024-01-31 16:51:24,422 - INFO - Epoch 34/40
2024-01-31 16:51:24,422 - INFO - Train Loss: 0.02
2024-01-31 16:51:24,422 - INFO - Train Acc: 99.31
2024-01-31 16:51:30,607 - INFO - Val Loss: 0.64
2024-01-31 16:51:30,608 - INFO - Val Acc: 87.51
2024-01-31 16:52:49,834 - INFO - ========================================
2024-01-31 16:52:49,835 - INFO - Epoch 35/40
2024-01-31 16:52:49,835 - INFO - Train Loss: 0.03
2024-01-31 16:52:49,835 - INFO - Train Acc: 99.13
2024-01-31 16:52:56,157 - INFO - Val Loss: 0.60
2024-01-31 16:52:56,158 - INFO - Val Acc: 88.02
2024-01-31 16:54:16,025 - INFO - ========================================
2024-01-31 16:54:16,025 - INFO - Epoch 36/40
2024-01-31 16:54:16,026 - INFO - Train Loss: 0.03
2024-01-31 16:54:16,026 - INFO - Train Acc: 98.96
2024-01-31 16:54:22,315 - INFO - Val Loss: 0.62
2024-01-31 16:54:22,315 - INFO - Val Acc: 87.41
2024-01-31 16:55:41,956 - INFO - ========================================
2024-01-31 16:55:41,956 - INFO - Epoch 37/40
2024-01-31 16:55:41,956 - INFO - Train Loss: 0.03
2024-01-31 16:55:41,956 - INFO - Train Acc: 98.99
2024-01-31 16:55:48,269 - INFO - Val Loss: 0.65
2024-01-31 16:55:48,270 - INFO - Val Acc: 87.10
2024-01-31 16:57:07,651 - INFO - ========================================
2024-01-31 16:57:07,652 - INFO - Epoch 38/40
2024-01-31 16:57:07,652 - INFO - Train Loss: 0.02
2024-01-31 16:57:07,652 - INFO - Train Acc: 99.40
2024-01-31 16:57:13,908 - INFO - Val Loss: 0.60
2024-01-31 16:57:13,909 - INFO - Val Acc: 88.15
2024-01-31 16:58:33,339 - INFO - ========================================
2024-01-31 16:58:33,340 - INFO - Epoch 39/40
2024-01-31 16:58:33,340 - INFO - Train Loss: 0.01
2024-01-31 16:58:33,340 - INFO - Train Acc: 99.68
2024-01-31 16:58:39,621 - INFO - Val Loss: 0.62
2024-01-31 16:58:39,621 - INFO - Val Acc: 88.23
2024-01-31 16:59:58,466 - INFO - ========================================
2024-01-31 16:59:58,466 - INFO - Epoch 40/40
2024-01-31 16:59:58,467 - INFO - Train Loss: 0.01
2024-01-31 16:59:58,467 - INFO - Train Acc: 99.79
2024-01-31 17:00:04,730 - INFO - Val Loss: 0.62
2024-01-31 17:00:04,730 - INFO - Val Acc: 88.75
2024-02-01 03:53:24,633 - INFO - ======================= Testing with MixUp 50 epochs ======================
2024-02-01 03:55:24,179 - INFO - ========================================
2024-02-01 03:55:24,180 - INFO - Epoch 1/50
2024-02-01 03:55:24,180 - INFO - Train Loss: 1.76
2024-02-01 03:55:24,180 - INFO - Train Acc: 37.52%
2024-02-01 03:55:30,569 - INFO - Val Loss: 1.53
2024-02-01 03:55:30,570 - INFO - Val Acc: 46.05%
2024-02-01 03:56:51,108 - INFO - ========================================
2024-02-01 03:56:51,109 - INFO - Epoch 2/50
2024-02-01 03:56:51,109 - INFO - Train Loss: 1.44
2024-02-01 03:56:51,109 - INFO - Train Acc: 53.02%
2024-02-01 03:56:57,604 - INFO - Val Loss: 1.05
2024-02-01 03:56:57,604 - INFO - Val Acc: 64.17%
2024-02-01 03:58:17,913 - INFO - ========================================
2024-02-01 03:58:17,914 - INFO - Epoch 3/50
2024-02-01 03:58:17,914 - INFO - Train Loss: 1.28
2024-02-01 03:58:17,914 - INFO - Train Acc: 60.07%
2024-02-01 03:58:24,397 - INFO - Val Loss: 0.87
2024-02-01 03:58:24,398 - INFO - Val Acc: 71.73%
2024-02-01 03:59:44,617 - INFO - ========================================
2024-02-01 03:59:44,617 - INFO - Epoch 4/50
2024-02-01 03:59:44,617 - INFO - Train Loss: 1.18
2024-02-01 03:59:44,617 - INFO - Train Acc: 64.18%
2024-02-01 03:59:51,257 - INFO - Val Loss: 0.71
2024-02-01 03:59:51,258 - INFO - Val Acc: 77.40%
2024-02-01 04:01:11,822 - INFO - ========================================
2024-02-01 04:01:11,823 - INFO - Epoch 5/50
2024-02-01 04:01:11,823 - INFO - Train Loss: 1.13
2024-02-01 04:01:11,823 - INFO - Train Acc: 66.27%
2024-02-01 04:01:18,277 - INFO - Val Loss: 0.66
2024-02-01 04:01:18,278 - INFO - Val Acc: 79.84%
2024-02-01 04:02:38,790 - INFO - ========================================
2024-02-01 04:02:38,790 - INFO - Epoch 6/50
2024-02-01 04:02:38,790 - INFO - Train Loss: 1.07
2024-02-01 04:02:38,790 - INFO - Train Acc: 68.83%
2024-02-01 04:02:45,499 - INFO - Val Loss: 0.68
2024-02-01 04:02:45,499 - INFO - Val Acc: 78.49%
2024-02-01 04:04:05,834 - INFO - ========================================
2024-02-01 04:04:05,835 - INFO - Epoch 7/50
2024-02-01 04:04:05,835 - INFO - Train Loss: 1.02
2024-02-01 04:04:05,835 - INFO - Train Acc: 70.82%
2024-02-01 04:04:12,465 - INFO - Val Loss: 0.62
2024-02-01 04:04:12,465 - INFO - Val Acc: 81.82%
2024-02-01 04:05:32,925 - INFO - ========================================
2024-02-01 04:05:32,925 - INFO - Epoch 8/50
2024-02-01 04:05:32,925 - INFO - Train Loss: 0.98
2024-02-01 04:05:32,925 - INFO - Train Acc: 72.19%
2024-02-01 04:05:39,376 - INFO - Val Loss: 0.54
2024-02-01 04:05:39,376 - INFO - Val Acc: 83.59%
2024-02-01 04:06:59,829 - INFO - ========================================
2024-02-01 04:06:59,830 - INFO - Epoch 9/50
2024-02-01 04:06:59,830 - INFO - Train Loss: 0.95
2024-02-01 04:06:59,830 - INFO - Train Acc: 73.48%
2024-02-01 04:07:06,250 - INFO - Val Loss: 0.50
2024-02-01 04:07:06,250 - INFO - Val Acc: 84.20%
2024-02-01 04:08:26,774 - INFO - ========================================
2024-02-01 04:08:26,775 - INFO - Epoch 10/50
2024-02-01 04:08:26,775 - INFO - Train Loss: 0.96
2024-02-01 04:08:26,775 - INFO - Train Acc: 73.35%
2024-02-01 04:08:33,239 - INFO - Val Loss: 0.60
2024-02-01 04:08:33,240 - INFO - Val Acc: 83.43%
2024-02-01 04:09:53,274 - INFO - ========================================
2024-02-01 04:09:53,275 - INFO - Epoch 11/50
2024-02-01 04:09:53,275 - INFO - Train Loss: 0.91
2024-02-01 04:09:53,275 - INFO - Train Acc: 74.52%
2024-02-01 04:09:59,857 - INFO - Val Loss: 0.51
2024-02-01 04:09:59,857 - INFO - Val Acc: 84.60%
2024-02-01 04:11:20,482 - INFO - ========================================
2024-02-01 04:11:20,483 - INFO - Epoch 12/50
2024-02-01 04:11:20,483 - INFO - Train Loss: 0.89
2024-02-01 04:11:20,483 - INFO - Train Acc: 75.62%
2024-02-01 04:11:26,770 - INFO - Val Loss: 0.52
2024-02-01 04:11:26,771 - INFO - Val Acc: 84.88%
2024-02-01 04:12:47,199 - INFO - ========================================
2024-02-01 04:12:47,199 - INFO - Epoch 13/50
2024-02-01 04:12:47,199 - INFO - Train Loss: 0.90
2024-02-01 04:12:47,199 - INFO - Train Acc: 74.88%
2024-02-01 04:12:53,663 - INFO - Val Loss: 0.48
2024-02-01 04:12:53,663 - INFO - Val Acc: 85.07%
2024-02-01 04:14:14,160 - INFO - ========================================
2024-02-01 04:14:14,161 - INFO - Epoch 14/50
2024-02-01 04:14:14,161 - INFO - Train Loss: 0.87
2024-02-01 04:14:14,161 - INFO - Train Acc: 76.15%
2024-02-01 04:14:20,573 - INFO - Val Loss: 0.49
2024-02-01 04:14:20,574 - INFO - Val Acc: 86.22%
2024-02-01 04:15:41,007 - INFO - ========================================
2024-02-01 04:15:41,007 - INFO - Epoch 15/50
2024-02-01 04:15:41,007 - INFO - Train Loss: 0.88
2024-02-01 04:15:41,007 - INFO - Train Acc: 75.33%
2024-02-01 04:15:47,501 - INFO - Val Loss: 0.46
2024-02-01 04:15:47,501 - INFO - Val Acc: 86.24%
2024-02-01 04:17:07,849 - INFO - ========================================
2024-02-01 04:17:07,849 - INFO - Epoch 16/50
2024-02-01 04:17:07,850 - INFO - Train Loss: 0.84
2024-02-01 04:17:07,850 - INFO - Train Acc: 77.47%
2024-02-01 04:17:14,258 - INFO - Val Loss: 0.47
2024-02-01 04:17:14,259 - INFO - Val Acc: 86.86%
2024-02-01 04:18:34,491 - INFO - ========================================
2024-02-01 04:18:34,492 - INFO - Epoch 17/50
2024-02-01 04:18:34,492 - INFO - Train Loss: 0.82
2024-02-01 04:18:34,492 - INFO - Train Acc: 77.98%
2024-02-01 04:18:41,138 - INFO - Val Loss: 0.41
2024-02-01 04:18:41,139 - INFO - Val Acc: 87.23%
2024-02-01 04:20:01,309 - INFO - ========================================
2024-02-01 04:20:01,309 - INFO - Epoch 18/50
2024-02-01 04:20:01,309 - INFO - Train Loss: 0.86
2024-02-01 04:20:01,309 - INFO - Train Acc: 77.04%
2024-02-01 04:20:07,650 - INFO - Val Loss: 0.46
2024-02-01 04:20:07,650 - INFO - Val Acc: 88.11%
2024-02-01 04:21:28,125 - INFO - ========================================
2024-02-01 04:21:28,125 - INFO - Epoch 19/50
2024-02-01 04:21:28,125 - INFO - Train Loss: 0.81
2024-02-01 04:21:28,125 - INFO - Train Acc: 78.45%
2024-02-01 04:21:34,653 - INFO - Val Loss: 0.41
2024-02-01 04:21:34,653 - INFO - Val Acc: 87.52%
2024-02-01 04:22:55,297 - INFO - ========================================
2024-02-01 04:22:55,297 - INFO - Epoch 20/50
2024-02-01 04:22:55,297 - INFO - Train Loss: 0.77
2024-02-01 04:22:55,297 - INFO - Train Acc: 79.51%
2024-02-01 04:23:01,613 - INFO - Val Loss: 0.43
2024-02-01 04:23:01,614 - INFO - Val Acc: 87.71%
2024-02-01 04:24:21,743 - INFO - ========================================
2024-02-01 04:24:21,743 - INFO - Epoch 21/50
2024-02-01 04:24:21,743 - INFO - Train Loss: 0.77
2024-02-01 04:24:21,743 - INFO - Train Acc: 79.63%
2024-02-01 04:24:28,127 - INFO - Val Loss: 0.46
2024-02-01 04:24:28,128 - INFO - Val Acc: 87.32%
2024-02-01 04:25:48,519 - INFO - ========================================
2024-02-01 04:25:48,520 - INFO - Epoch 22/50
2024-02-01 04:25:48,520 - INFO - Train Loss: 0.77
2024-02-01 04:25:48,520 - INFO - Train Acc: 79.60%
2024-02-01 04:25:55,042 - INFO - Val Loss: 0.42
2024-02-01 04:25:55,043 - INFO - Val Acc: 88.25%
2024-02-01 04:27:15,290 - INFO - ========================================
2024-02-01 04:27:15,290 - INFO - Epoch 23/50
2024-02-01 04:27:15,290 - INFO - Train Loss: 0.81
2024-02-01 04:27:15,290 - INFO - Train Acc: 78.11%
2024-02-01 04:27:21,721 - INFO - Val Loss: 0.44
2024-02-01 04:27:21,721 - INFO - Val Acc: 87.96%
2024-02-01 04:28:42,171 - INFO - ========================================
2024-02-01 04:28:42,172 - INFO - Epoch 24/50
2024-02-01 04:28:42,172 - INFO - Train Loss: 0.73
2024-02-01 04:28:42,172 - INFO - Train Acc: 81.08%
2024-02-01 04:28:48,630 - INFO - Val Loss: 0.43
2024-02-01 04:28:48,630 - INFO - Val Acc: 88.10%
2024-02-01 04:30:09,089 - INFO - ========================================
2024-02-01 04:30:09,090 - INFO - Epoch 25/50
2024-02-01 04:30:09,090 - INFO - Train Loss: 0.73
2024-02-01 04:30:09,090 - INFO - Train Acc: 80.49%
2024-02-01 04:30:15,540 - INFO - Val Loss: 0.41
2024-02-01 04:30:15,540 - INFO - Val Acc: 89.09%
2024-02-01 04:31:35,651 - INFO - ========================================
2024-02-01 04:31:35,652 - INFO - Epoch 26/50
2024-02-01 04:31:35,652 - INFO - Train Loss: 0.72
2024-02-01 04:31:35,652 - INFO - Train Acc: 81.17%
2024-02-01 04:31:42,163 - INFO - Val Loss: 0.44
2024-02-01 04:31:42,163 - INFO - Val Acc: 88.37%
2024-02-01 04:33:02,745 - INFO - ========================================
2024-02-01 04:33:02,745 - INFO - Epoch 27/50
2024-02-01 04:33:02,745 - INFO - Train Loss: 0.73
2024-02-01 04:33:02,745 - INFO - Train Acc: 80.91%
2024-02-01 04:33:09,238 - INFO - Val Loss: 0.41
2024-02-01 04:33:09,239 - INFO - Val Acc: 88.42%
2024-02-01 04:34:29,708 - INFO - ========================================
2024-02-01 04:34:29,708 - INFO - Epoch 28/50
2024-02-01 04:34:29,708 - INFO - Train Loss: 0.72
2024-02-01 04:34:29,708 - INFO - Train Acc: 81.46%
2024-02-01 04:34:36,105 - INFO - Val Loss: 0.40
2024-02-01 04:34:36,105 - INFO - Val Acc: 88.63%
2024-02-01 04:35:56,269 - INFO - ========================================
2024-02-01 04:35:56,270 - INFO - Epoch 29/50
2024-02-01 04:35:56,270 - INFO - Train Loss: 0.69
2024-02-01 04:35:56,270 - INFO - Train Acc: 82.12%
2024-02-01 04:36:02,818 - INFO - Val Loss: 0.46
2024-02-01 04:36:02,818 - INFO - Val Acc: 87.91%
2024-02-01 04:37:23,448 - INFO - ========================================
2024-02-01 04:37:23,449 - INFO - Epoch 30/50
2024-02-01 04:37:23,449 - INFO - Train Loss: 0.72
2024-02-01 04:37:23,449 - INFO - Train Acc: 81.07%
2024-02-01 04:37:30,036 - INFO - Val Loss: 0.39
2024-02-01 04:37:30,037 - INFO - Val Acc: 89.07%
2024-02-01 04:38:49,548 - INFO - ========================================
2024-02-01 04:38:49,548 - INFO - Epoch 31/50
2024-02-01 04:38:49,548 - INFO - Train Loss: 0.73
2024-02-01 04:38:49,548 - INFO - Train Acc: 80.67%
2024-02-01 04:38:56,034 - INFO - Val Loss: 0.38
2024-02-01 04:38:56,034 - INFO - Val Acc: 89.14%
2024-02-01 04:40:15,746 - INFO - ========================================
2024-02-01 04:40:15,746 - INFO - Epoch 32/50
2024-02-01 04:40:15,746 - INFO - Train Loss: 0.70
2024-02-01 04:40:15,746 - INFO - Train Acc: 82.13%
2024-02-01 04:40:22,333 - INFO - Val Loss: 0.41
2024-02-01 04:40:22,333 - INFO - Val Acc: 89.40%
2024-02-01 04:41:42,139 - INFO - ========================================
2024-02-01 04:41:42,139 - INFO - Epoch 33/50
2024-02-01 04:41:42,140 - INFO - Train Loss: 0.72
2024-02-01 04:41:42,140 - INFO - Train Acc: 81.11%
2024-02-01 04:41:48,687 - INFO - Val Loss: 0.40
2024-02-01 04:41:48,687 - INFO - Val Acc: 89.38%
2024-02-01 04:43:08,552 - INFO - ========================================
2024-02-01 04:43:08,553 - INFO - Epoch 34/50
2024-02-01 04:43:08,553 - INFO - Train Loss: 0.71
2024-02-01 04:43:08,553 - INFO - Train Acc: 81.74%
2024-02-01 04:43:14,992 - INFO - Val Loss: 0.42
2024-02-01 04:43:14,993 - INFO - Val Acc: 88.45%
2024-02-01 04:44:34,985 - INFO - ========================================
2024-02-01 04:44:34,985 - INFO - Epoch 35/50
2024-02-01 04:44:34,985 - INFO - Train Loss: 0.65
2024-02-01 04:44:34,986 - INFO - Train Acc: 82.97%
2024-02-01 04:44:41,480 - INFO - Val Loss: 0.38
2024-02-01 04:44:41,481 - INFO - Val Acc: 89.78%
2024-02-01 04:46:01,272 - INFO - ========================================
2024-02-01 04:46:01,273 - INFO - Epoch 36/50
2024-02-01 04:46:01,273 - INFO - Train Loss: 0.71
2024-02-01 04:46:01,273 - INFO - Train Acc: 81.38%
2024-02-01 04:46:07,889 - INFO - Val Loss: 0.41
2024-02-01 04:46:07,890 - INFO - Val Acc: 89.56%
2024-02-01 04:47:27,351 - INFO - ========================================
2024-02-01 04:47:27,351 - INFO - Epoch 37/50
2024-02-01 04:47:27,351 - INFO - Train Loss: 0.67
2024-02-01 04:47:27,351 - INFO - Train Acc: 82.50%
2024-02-01 04:47:33,777 - INFO - Val Loss: 0.41
2024-02-01 04:47:33,778 - INFO - Val Acc: 89.65%
2024-02-01 04:48:53,711 - INFO - ========================================
2024-02-01 04:48:53,711 - INFO - Epoch 38/50
2024-02-01 04:48:53,711 - INFO - Train Loss: 0.70
2024-02-01 04:48:53,711 - INFO - Train Acc: 81.86%
2024-02-01 04:49:00,704 - INFO - Val Loss: 0.42
2024-02-01 04:49:00,704 - INFO - Val Acc: 88.97%
2024-02-01 04:50:20,566 - INFO - ========================================
2024-02-01 04:50:20,566 - INFO - Epoch 39/50
2024-02-01 04:50:20,566 - INFO - Train Loss: 0.68
2024-02-01 04:50:20,566 - INFO - Train Acc: 82.54%
2024-02-01 04:50:27,017 - INFO - Val Loss: 0.41
2024-02-01 04:50:27,017 - INFO - Val Acc: 89.73%
2024-02-01 04:51:46,702 - INFO - ========================================
2024-02-01 04:51:46,702 - INFO - Epoch 40/50
2024-02-01 04:51:46,702 - INFO - Train Loss: 0.71
2024-02-01 04:51:46,702 - INFO - Train Acc: 81.42%
2024-02-01 04:51:53,090 - INFO - Val Loss: 0.43
2024-02-01 04:51:53,091 - INFO - Val Acc: 89.53%
2024-02-01 04:53:12,959 - INFO - ========================================
2024-02-01 04:53:12,960 - INFO - Epoch 41/50
2024-02-01 04:53:12,960 - INFO - Train Loss: 0.67
2024-02-01 04:53:12,960 - INFO - Train Acc: 82.17%
2024-02-01 04:53:19,353 - INFO - Val Loss: 0.37
2024-02-01 04:53:19,353 - INFO - Val Acc: 90.23%
2024-02-01 04:54:39,343 - INFO - ========================================
2024-02-01 04:54:39,343 - INFO - Epoch 42/50
2024-02-01 04:54:39,343 - INFO - Train Loss: 0.68
2024-02-01 04:54:39,343 - INFO - Train Acc: 82.32%
2024-02-01 04:54:45,950 - INFO - Val Loss: 0.37
2024-02-01 04:54:45,951 - INFO - Val Acc: 90.35%
2024-02-01 04:56:05,837 - INFO - ========================================
2024-02-01 04:56:05,838 - INFO - Epoch 43/50
2024-02-01 04:56:05,838 - INFO - Train Loss: 0.62
2024-02-01 04:56:05,838 - INFO - Train Acc: 84.54%
2024-02-01 04:56:12,788 - INFO - Val Loss: 0.36
2024-02-01 04:56:12,788 - INFO - Val Acc: 90.33%
2024-02-01 04:57:32,507 - INFO - ========================================
2024-02-01 04:57:32,507 - INFO - Epoch 44/50
2024-02-01 04:57:32,508 - INFO - Train Loss: 0.66
2024-02-01 04:57:32,508 - INFO - Train Acc: 82.37%
2024-02-01 04:57:39,105 - INFO - Val Loss: 0.39
2024-02-01 04:57:39,105 - INFO - Val Acc: 89.43%
2024-02-01 04:58:58,989 - INFO - ========================================
2024-02-01 04:58:58,990 - INFO - Epoch 45/50
2024-02-01 04:58:58,990 - INFO - Train Loss: 0.67
2024-02-01 04:58:58,990 - INFO - Train Acc: 82.42%
2024-02-01 04:59:05,388 - INFO - Val Loss: 0.38
2024-02-01 04:59:05,389 - INFO - Val Acc: 90.22%
2024-02-01 05:00:24,872 - INFO - ========================================
2024-02-01 05:00:24,872 - INFO - Epoch 46/50
2024-02-01 05:00:24,872 - INFO - Train Loss: 0.64
2024-02-01 05:00:24,872 - INFO - Train Acc: 83.15%
2024-02-01 05:00:31,222 - INFO - Val Loss: 0.35
2024-02-01 05:00:31,222 - INFO - Val Acc: 90.52%
2024-02-01 05:01:51,223 - INFO - ========================================
2024-02-01 05:01:51,223 - INFO - Epoch 47/50
2024-02-01 05:01:51,223 - INFO - Train Loss: 0.67
2024-02-01 05:01:51,223 - INFO - Train Acc: 82.66%
2024-02-01 05:01:57,794 - INFO - Val Loss: 0.36
2024-02-01 05:01:57,794 - INFO - Val Acc: 90.22%
2024-02-01 05:03:17,830 - INFO - ========================================
2024-02-01 05:03:17,830 - INFO - Epoch 48/50
2024-02-01 05:03:17,830 - INFO - Train Loss: 0.69
2024-02-01 05:03:17,830 - INFO - Train Acc: 81.15%
2024-02-01 05:03:24,350 - INFO - Val Loss: 0.40
2024-02-01 05:03:24,350 - INFO - Val Acc: 89.90%
2024-02-01 05:04:44,370 - INFO - ========================================
2024-02-01 05:04:44,371 - INFO - Epoch 49/50
2024-02-01 05:04:44,371 - INFO - Train Loss: 0.66
2024-02-01 05:04:44,371 - INFO - Train Acc: 82.44%
2024-02-01 05:04:50,765 - INFO - Val Loss: 0.38
2024-02-01 05:04:50,765 - INFO - Val Acc: 89.94%
2024-02-01 05:06:10,531 - INFO - ========================================
2024-02-01 05:06:10,532 - INFO - Epoch 50/50
2024-02-01 05:06:10,532 - INFO - Train Loss: 0.67
2024-02-01 05:06:10,532 - INFO - Train Acc: 82.45%
2024-02-01 05:06:16,999 - INFO - Val Loss: 0.39
2024-02-01 05:06:17,000 - INFO - Val Acc: 90.59%
2024-02-01 05:13:12,234 - INFO - ======================= Testing with MixUp 50 epochs OD_max Kernel = 2 ======================
2024-02-01 05:16:46,388 - INFO - ======================= Testing with MixUp 50 epochs OD_max Kernel = 2 ======================
2024-02-01 05:18:30,845 - INFO - ========================================
2024-02-01 05:18:30,846 - INFO - Epoch 1/50
2024-02-01 05:18:30,846 - INFO - Train Loss: 1.71
2024-02-01 05:18:30,846 - INFO - Train Acc: 37.96%
2024-02-01 05:18:37,494 - INFO - Val Loss: 1.56
2024-02-01 05:18:37,494 - INFO - Val Acc: 44.09%
2024-02-01 05:20:09,434 - INFO - ========================================
2024-02-01 05:20:09,434 - INFO - Epoch 2/50
2024-02-01 05:20:09,434 - INFO - Train Loss: 1.30
2024-02-01 05:20:09,434 - INFO - Train Acc: 57.05%
2024-02-01 05:20:16,067 - INFO - Val Loss: 0.98
2024-02-01 05:20:16,068 - INFO - Val Acc: 66.52%
2024-02-01 05:21:48,769 - INFO - ========================================
2024-02-01 05:21:48,770 - INFO - Epoch 3/50
2024-02-01 05:21:48,770 - INFO - Train Loss: 1.12
2024-02-01 05:21:48,770 - INFO - Train Acc: 64.42%
2024-02-01 05:21:55,361 - INFO - Val Loss: 0.87
2024-02-01 05:21:55,361 - INFO - Val Acc: 69.87%
2024-02-01 05:23:27,590 - INFO - ========================================
2024-02-01 05:23:27,590 - INFO - Epoch 4/50
2024-02-01 05:23:27,590 - INFO - Train Loss: 1.01
2024-02-01 05:23:27,590 - INFO - Train Acc: 68.88%
2024-02-01 05:23:34,152 - INFO - Val Loss: 0.75
2024-02-01 05:23:34,152 - INFO - Val Acc: 76.60%
2024-02-01 05:25:06,332 - INFO - ========================================
2024-02-01 05:25:06,333 - INFO - Epoch 5/50
2024-02-01 05:25:06,333 - INFO - Train Loss: 0.95
2024-02-01 05:25:06,333 - INFO - Train Acc: 71.51%
2024-02-01 05:25:13,039 - INFO - Val Loss: 0.66
2024-02-01 05:25:13,040 - INFO - Val Acc: 79.16%
2024-02-01 05:26:45,435 - INFO - ========================================
2024-02-01 05:26:45,435 - INFO - Epoch 6/50
2024-02-01 05:26:45,436 - INFO - Train Loss: 0.87
2024-02-01 05:26:45,436 - INFO - Train Acc: 74.45%
2024-02-01 05:26:52,085 - INFO - Val Loss: 0.61
2024-02-01 05:26:52,086 - INFO - Val Acc: 80.86%
2024-02-01 05:28:24,480 - INFO - ========================================
2024-02-01 05:28:24,481 - INFO - Epoch 7/50
2024-02-01 05:28:24,481 - INFO - Train Loss: 0.82
2024-02-01 05:28:24,481 - INFO - Train Acc: 76.17%
2024-02-01 05:28:31,115 - INFO - Val Loss: 0.56
2024-02-01 05:28:31,115 - INFO - Val Acc: 81.62%
2024-02-01 05:30:03,436 - INFO - ========================================
2024-02-01 05:30:03,437 - INFO - Epoch 8/50
2024-02-01 05:30:03,437 - INFO - Train Loss: 0.78
2024-02-01 05:30:03,437 - INFO - Train Acc: 77.75%
2024-02-01 05:30:10,151 - INFO - Val Loss: 0.58
2024-02-01 05:30:10,152 - INFO - Val Acc: 81.35%
2024-02-01 05:31:42,294 - INFO - ========================================
2024-02-01 05:31:42,295 - INFO - Epoch 9/50
2024-02-01 05:31:42,295 - INFO - Train Loss: 0.73
2024-02-01 05:31:42,295 - INFO - Train Acc: 79.57%
2024-02-01 05:31:48,892 - INFO - Val Loss: 0.47
2024-02-01 05:31:48,893 - INFO - Val Acc: 84.91%
2024-02-01 05:33:20,828 - INFO - ========================================
2024-02-01 05:33:20,828 - INFO - Epoch 10/50
2024-02-01 05:33:20,828 - INFO - Train Loss: 0.71
2024-02-01 05:33:20,828 - INFO - Train Acc: 80.09%
2024-02-01 05:33:27,351 - INFO - Val Loss: 0.44
2024-02-01 05:33:27,351 - INFO - Val Acc: 85.78%
2024-02-01 05:34:59,755 - INFO - ========================================
2024-02-01 05:34:59,755 - INFO - Epoch 11/50
2024-02-01 05:34:59,755 - INFO - Train Loss: 0.70
2024-02-01 05:34:59,755 - INFO - Train Acc: 80.76%
2024-02-01 05:35:06,334 - INFO - Val Loss: 0.53
2024-02-01 05:35:06,334 - INFO - Val Acc: 82.83%
2024-02-01 05:36:38,421 - INFO - ========================================
2024-02-01 05:36:38,421 - INFO - Epoch 12/50
2024-02-01 05:36:38,421 - INFO - Train Loss: 0.77
2024-02-01 05:36:38,421 - INFO - Train Acc: 78.47%
2024-02-01 05:36:45,044 - INFO - Val Loss: 0.51
2024-02-01 05:36:45,044 - INFO - Val Acc: 83.82%
2024-02-01 05:38:17,315 - INFO - ========================================
2024-02-01 05:38:17,315 - INFO - Epoch 13/50
2024-02-01 05:38:17,315 - INFO - Train Loss: 0.70
2024-02-01 05:38:17,315 - INFO - Train Acc: 80.63%
2024-02-01 05:38:23,953 - INFO - Val Loss: 0.48
2024-02-01 05:38:23,954 - INFO - Val Acc: 84.86%
2024-02-01 05:39:56,421 - INFO - ========================================
2024-02-01 05:39:56,421 - INFO - Epoch 14/50
2024-02-01 05:39:56,421 - INFO - Train Loss: 0.68
2024-02-01 05:39:56,421 - INFO - Train Acc: 81.47%
2024-02-01 05:40:02,978 - INFO - Val Loss: 0.49
2024-02-01 05:40:02,978 - INFO - Val Acc: 85.54%
2024-02-01 05:41:35,121 - INFO - ========================================
2024-02-01 05:41:35,121 - INFO - Epoch 15/50
2024-02-01 05:41:35,121 - INFO - Train Loss: 0.72
2024-02-01 05:41:35,121 - INFO - Train Acc: 79.95%
2024-02-01 05:41:41,785 - INFO - Val Loss: 0.48
2024-02-01 05:41:41,786 - INFO - Val Acc: 86.10%
2024-02-01 05:43:14,015 - INFO - ========================================
2024-02-01 05:43:14,015 - INFO - Epoch 16/50
2024-02-01 05:43:14,015 - INFO - Train Loss: 0.66
2024-02-01 05:43:14,015 - INFO - Train Acc: 81.89%
2024-02-01 05:43:20,673 - INFO - Val Loss: 0.44
2024-02-01 05:43:20,673 - INFO - Val Acc: 86.73%
2024-02-01 05:44:53,076 - INFO - ========================================
2024-02-01 05:44:53,076 - INFO - Epoch 17/50
2024-02-01 05:44:53,076 - INFO - Train Loss: 0.61
2024-02-01 05:44:53,076 - INFO - Train Acc: 83.49%
2024-02-01 05:44:59,690 - INFO - Val Loss: 0.42
2024-02-01 05:44:59,690 - INFO - Val Acc: 87.01%
2024-02-01 05:46:32,026 - INFO - ========================================
2024-02-01 05:46:32,027 - INFO - Epoch 18/50
2024-02-01 05:46:32,027 - INFO - Train Loss: 0.59
2024-02-01 05:46:32,027 - INFO - Train Acc: 84.16%
2024-02-01 05:46:38,826 - INFO - Val Loss: 0.42
2024-02-01 05:46:38,827 - INFO - Val Acc: 87.42%
2024-02-01 05:48:11,049 - INFO - ========================================
2024-02-01 05:48:11,050 - INFO - Epoch 19/50
2024-02-01 05:48:11,050 - INFO - Train Loss: 0.59
2024-02-01 05:48:11,050 - INFO - Train Acc: 84.06%
2024-02-01 05:48:17,708 - INFO - Val Loss: 0.40
2024-02-01 05:48:17,708 - INFO - Val Acc: 87.54%
2024-02-01 05:49:50,307 - INFO - ========================================
2024-02-01 05:49:50,308 - INFO - Epoch 20/50
2024-02-01 05:49:50,308 - INFO - Train Loss: 0.57
2024-02-01 05:49:50,308 - INFO - Train Acc: 85.16%
2024-02-01 05:49:56,907 - INFO - Val Loss: 0.37
2024-02-01 05:49:56,908 - INFO - Val Acc: 88.59%
2024-02-01 05:51:29,079 - INFO - ========================================
2024-02-01 05:51:29,080 - INFO - Epoch 21/50
2024-02-01 05:51:29,080 - INFO - Train Loss: 0.54
2024-02-01 05:51:29,080 - INFO - Train Acc: 85.81%
2024-02-01 05:51:35,678 - INFO - Val Loss: 0.45
2024-02-01 05:51:35,678 - INFO - Val Acc: 87.92%
2024-02-01 05:53:07,967 - INFO - ========================================
2024-02-01 05:53:07,967 - INFO - Epoch 22/50
2024-02-01 05:53:07,967 - INFO - Train Loss: 0.56
2024-02-01 05:53:07,968 - INFO - Train Acc: 85.29%
2024-02-01 05:53:14,570 - INFO - Val Loss: 0.40
2024-02-01 05:53:14,570 - INFO - Val Acc: 87.90%
2024-02-01 05:54:47,037 - INFO - ========================================
2024-02-01 05:54:47,038 - INFO - Epoch 23/50
2024-02-01 05:54:47,038 - INFO - Train Loss: 0.51
2024-02-01 05:54:47,038 - INFO - Train Acc: 86.48%
2024-02-01 05:54:53,613 - INFO - Val Loss: 0.38
2024-02-01 05:54:53,613 - INFO - Val Acc: 88.22%
2024-02-01 05:56:25,733 - INFO - ========================================
2024-02-01 05:56:25,734 - INFO - Epoch 24/50
2024-02-01 05:56:25,734 - INFO - Train Loss: 0.57
2024-02-01 05:56:25,734 - INFO - Train Acc: 84.66%
2024-02-01 05:56:32,360 - INFO - Val Loss: 0.37
2024-02-01 05:56:32,361 - INFO - Val Acc: 89.31%
2024-02-01 05:58:04,543 - INFO - ========================================
2024-02-01 05:58:04,543 - INFO - Epoch 25/50
2024-02-01 05:58:04,543 - INFO - Train Loss: 0.53
2024-02-01 05:58:04,543 - INFO - Train Acc: 86.23%
2024-02-01 05:58:11,153 - INFO - Val Loss: 0.36
2024-02-01 05:58:11,153 - INFO - Val Acc: 88.91%
2024-02-01 05:59:43,202 - INFO - ========================================
2024-02-01 05:59:43,203 - INFO - Epoch 26/50
2024-02-01 05:59:43,203 - INFO - Train Loss: 0.54
2024-02-01 05:59:43,203 - INFO - Train Acc: 86.11%
2024-02-01 05:59:49,787 - INFO - Val Loss: 0.39
2024-02-01 05:59:49,787 - INFO - Val Acc: 88.32%
2024-02-01 06:01:22,504 - INFO - ========================================
2024-02-01 06:01:22,505 - INFO - Epoch 27/50
2024-02-01 06:01:22,505 - INFO - Train Loss: 0.52
2024-02-01 06:01:22,505 - INFO - Train Acc: 86.39%
2024-02-01 06:01:29,229 - INFO - Val Loss: 0.36
2024-02-01 06:01:29,230 - INFO - Val Acc: 88.91%
2024-02-01 06:03:01,650 - INFO - ========================================
2024-02-01 06:03:01,650 - INFO - Epoch 28/50
2024-02-01 06:03:01,650 - INFO - Train Loss: 0.53
2024-02-01 06:03:01,651 - INFO - Train Acc: 86.26%
2024-02-01 06:03:08,244 - INFO - Val Loss: 0.37
2024-02-01 06:03:08,244 - INFO - Val Acc: 89.13%
2024-02-01 06:04:40,185 - INFO - ========================================
2024-02-01 06:04:40,185 - INFO - Epoch 29/50
2024-02-01 06:04:40,185 - INFO - Train Loss: 0.51
2024-02-01 06:04:40,185 - INFO - Train Acc: 86.81%
2024-02-01 06:04:46,762 - INFO - Val Loss: 0.37
2024-02-01 06:04:46,762 - INFO - Val Acc: 89.34%
2024-02-01 06:06:19,147 - INFO - ========================================
2024-02-01 06:06:19,148 - INFO - Epoch 30/50
2024-02-01 06:06:19,148 - INFO - Train Loss: 0.50
2024-02-01 06:06:19,148 - INFO - Train Acc: 86.92%
2024-02-01 06:06:25,923 - INFO - Val Loss: 0.39
2024-02-01 06:06:25,924 - INFO - Val Acc: 89.11%
2024-02-01 06:07:57,735 - INFO - ========================================
2024-02-01 06:07:57,736 - INFO - Epoch 31/50
2024-02-01 06:07:57,736 - INFO - Train Loss: 0.49
2024-02-01 06:07:57,736 - INFO - Train Acc: 87.57%
2024-02-01 06:08:04,421 - INFO - Val Loss: 0.41
2024-02-01 06:08:04,421 - INFO - Val Acc: 88.24%
2024-02-01 06:09:36,390 - INFO - ========================================
2024-02-01 06:09:36,390 - INFO - Epoch 32/50
2024-02-01 06:09:36,391 - INFO - Train Loss: 0.47
2024-02-01 06:09:36,391 - INFO - Train Acc: 88.26%
2024-02-01 06:09:43,070 - INFO - Val Loss: 0.37
2024-02-01 06:09:43,071 - INFO - Val Acc: 89.52%
2024-02-01 06:11:15,025 - INFO - ========================================
2024-02-01 06:11:15,025 - INFO - Epoch 33/50
2024-02-01 06:11:15,025 - INFO - Train Loss: 0.44
2024-02-01 06:11:15,025 - INFO - Train Acc: 88.83%
2024-02-01 06:11:21,679 - INFO - Val Loss: 0.38
2024-02-01 06:11:21,680 - INFO - Val Acc: 89.21%
2024-02-01 06:12:53,002 - INFO - ========================================
2024-02-01 06:12:53,003 - INFO - Epoch 34/50
2024-02-01 06:12:53,003 - INFO - Train Loss: 0.50
2024-02-01 06:12:53,003 - INFO - Train Acc: 87.31%
2024-02-01 06:12:59,551 - INFO - Val Loss: 0.40
2024-02-01 06:12:59,551 - INFO - Val Acc: 88.61%
2024-02-01 06:14:31,401 - INFO - ========================================
2024-02-01 06:14:31,401 - INFO - Epoch 35/50
2024-02-01 06:14:31,401 - INFO - Train Loss: 0.47
2024-02-01 06:14:31,401 - INFO - Train Acc: 87.57%
2024-02-01 06:14:38,032 - INFO - Val Loss: 0.37
2024-02-01 06:14:38,032 - INFO - Val Acc: 89.69%
2024-02-01 06:16:09,721 - INFO - ========================================
2024-02-01 06:16:09,722 - INFO - Epoch 36/50
2024-02-01 06:16:09,722 - INFO - Train Loss: 0.42
2024-02-01 06:16:09,722 - INFO - Train Acc: 89.78%
2024-02-01 06:16:16,518 - INFO - Val Loss: 0.34
2024-02-01 06:16:16,519 - INFO - Val Acc: 89.95%
2024-02-01 06:17:47,966 - INFO - ========================================
2024-02-01 06:17:47,966 - INFO - Epoch 37/50
2024-02-01 06:17:47,966 - INFO - Train Loss: 0.45
2024-02-01 06:17:47,967 - INFO - Train Acc: 88.82%
2024-02-01 06:17:54,614 - INFO - Val Loss: 0.35
2024-02-01 06:17:54,614 - INFO - Val Acc: 89.84%
2024-02-01 06:19:26,407 - INFO - ========================================
2024-02-01 06:19:26,408 - INFO - Epoch 38/50
2024-02-01 06:19:26,408 - INFO - Train Loss: 0.50
2024-02-01 06:19:26,408 - INFO - Train Acc: 87.16%
2024-02-01 06:19:33,041 - INFO - Val Loss: 0.34
2024-02-01 06:19:33,042 - INFO - Val Acc: 90.00%
2024-02-01 06:21:04,987 - INFO - ========================================
2024-02-01 06:21:04,987 - INFO - Epoch 39/50
2024-02-01 06:21:04,987 - INFO - Train Loss: 0.45
2024-02-01 06:21:04,987 - INFO - Train Acc: 88.57%
2024-02-01 06:21:11,610 - INFO - Val Loss: 0.38
2024-02-01 06:21:11,611 - INFO - Val Acc: 89.62%
2024-02-01 06:22:43,544 - INFO - ========================================
2024-02-01 06:22:43,545 - INFO - Epoch 40/50
2024-02-01 06:22:43,545 - INFO - Train Loss: 0.43
2024-02-01 06:22:43,545 - INFO - Train Acc: 89.56%
2024-02-01 06:22:50,188 - INFO - Val Loss: 0.36
2024-02-01 06:22:50,188 - INFO - Val Acc: 89.66%
2024-02-01 06:24:22,000 - INFO - ========================================
2024-02-01 06:24:22,001 - INFO - Epoch 41/50
2024-02-01 06:24:22,001 - INFO - Train Loss: 0.45
2024-02-01 06:24:22,001 - INFO - Train Acc: 88.42%
2024-02-01 06:24:28,641 - INFO - Val Loss: 0.34
2024-02-01 06:24:28,642 - INFO - Val Acc: 90.28%
2024-02-01 06:26:00,519 - INFO - ========================================
2024-02-01 06:26:00,520 - INFO - Epoch 42/50
2024-02-01 06:26:00,520 - INFO - Train Loss: 0.43
2024-02-01 06:26:00,520 - INFO - Train Acc: 89.17%
2024-02-01 06:26:07,137 - INFO - Val Loss: 0.33
2024-02-01 06:26:07,138 - INFO - Val Acc: 90.43%
2024-02-01 06:27:39,017 - INFO - ========================================
2024-02-01 06:27:39,018 - INFO - Epoch 43/50
2024-02-01 06:27:39,018 - INFO - Train Loss: 0.42
2024-02-01 06:27:39,018 - INFO - Train Acc: 89.32%
2024-02-01 06:27:45,696 - INFO - Val Loss: 0.33
2024-02-01 06:27:45,696 - INFO - Val Acc: 90.75%
2024-02-01 06:29:17,173 - INFO - ========================================
2024-02-01 06:29:17,173 - INFO - Epoch 44/50
2024-02-01 06:29:17,173 - INFO - Train Loss: 0.48
2024-02-01 06:29:17,173 - INFO - Train Acc: 87.77%
2024-02-01 06:29:23,672 - INFO - Val Loss: 0.34
2024-02-01 06:29:23,672 - INFO - Val Acc: 89.95%
2024-02-01 06:30:54,640 - INFO - ========================================
2024-02-01 06:30:54,641 - INFO - Epoch 45/50
2024-02-01 06:30:54,641 - INFO - Train Loss: 0.45
2024-02-01 06:30:54,641 - INFO - Train Acc: 88.49%
2024-02-01 06:31:01,232 - INFO - Val Loss: 0.33
2024-02-01 06:31:01,233 - INFO - Val Acc: 90.94%
2024-02-01 06:32:32,875 - INFO - ========================================
2024-02-01 06:32:32,875 - INFO - Epoch 46/50
2024-02-01 06:32:32,875 - INFO - Train Loss: 0.43
2024-02-01 06:32:32,875 - INFO - Train Acc: 89.33%
2024-02-01 06:32:39,493 - INFO - Val Loss: 0.32
2024-02-01 06:32:39,493 - INFO - Val Acc: 90.77%
2024-02-01 06:34:11,163 - INFO - ========================================
2024-02-01 06:34:11,163 - INFO - Epoch 47/50
2024-02-01 06:34:11,163 - INFO - Train Loss: 0.44
2024-02-01 06:34:11,163 - INFO - Train Acc: 89.17%
2024-02-01 06:34:17,812 - INFO - Val Loss: 0.33
2024-02-01 06:34:17,813 - INFO - Val Acc: 90.71%
2024-02-01 06:35:49,409 - INFO - ========================================
2024-02-01 06:35:49,410 - INFO - Epoch 48/50
2024-02-01 06:35:49,410 - INFO - Train Loss: 0.45
2024-02-01 06:35:49,410 - INFO - Train Acc: 88.65%
2024-02-01 06:35:55,966 - INFO - Val Loss: 0.32
2024-02-01 06:35:55,967 - INFO - Val Acc: 90.89%
2024-02-01 06:37:27,624 - INFO - ========================================
2024-02-01 06:37:27,624 - INFO - Epoch 49/50
2024-02-01 06:37:27,624 - INFO - Train Loss: 0.43
2024-02-01 06:37:27,625 - INFO - Train Acc: 89.51%
2024-02-01 06:37:34,554 - INFO - Val Loss: 0.31
2024-02-01 06:37:34,554 - INFO - Val Acc: 90.82%
2024-02-01 06:39:06,001 - INFO - ========================================
2024-02-01 06:39:06,002 - INFO - Epoch 50/50
2024-02-01 06:39:06,002 - INFO - Train Loss: 0.45
2024-02-01 06:39:06,002 - INFO - Train Acc: 88.50%
2024-02-01 06:39:12,479 - INFO - Val Loss: 0.33
2024-02-01 06:39:12,480 - INFO - Val Acc: 90.99%
2024-02-01 06:42:58,794 - INFO - ========================================
2024-02-01 06:42:58,794 - INFO - Epoch 1/20
2024-02-01 06:42:58,794 - INFO - Train Loss: 0.43
2024-02-01 06:42:58,794 - INFO - Train Acc: 88.95%
2024-02-01 06:43:05,444 - INFO - Val Loss: 0.34
2024-02-01 06:43:05,444 - INFO - Val Acc: 90.37%
2024-02-01 06:44:36,762 - INFO - ========================================
2024-02-01 06:44:36,763 - INFO - Epoch 2/20
2024-02-01 06:44:36,763 - INFO - Train Loss: 0.41
2024-02-01 06:44:36,763 - INFO - Train Acc: 89.59%
2024-02-01 06:44:43,349 - INFO - Val Loss: 0.32
2024-02-01 06:44:43,349 - INFO - Val Acc: 90.87%
2024-02-01 06:46:14,738 - INFO - ========================================
2024-02-01 06:46:14,738 - INFO - Epoch 3/20
2024-02-01 06:46:14,739 - INFO - Train Loss: 0.42
2024-02-01 06:46:14,739 - INFO - Train Acc: 89.60%
2024-02-01 06:46:21,353 - INFO - Val Loss: 0.33
2024-02-01 06:46:21,353 - INFO - Val Acc: 91.18%
2024-02-01 06:47:52,710 - INFO - ========================================
2024-02-01 06:47:52,710 - INFO - Epoch 4/20
2024-02-01 06:47:52,710 - INFO - Train Loss: 0.39
2024-02-01 06:47:52,710 - INFO - Train Acc: 90.15%
2024-02-01 06:47:59,419 - INFO - Val Loss: 0.32
2024-02-01 06:47:59,420 - INFO - Val Acc: 91.06%
2024-02-01 06:49:30,902 - INFO - ========================================
2024-02-01 06:49:30,903 - INFO - Epoch 5/20
2024-02-01 06:49:30,903 - INFO - Train Loss: 0.44
2024-02-01 06:49:30,903 - INFO - Train Acc: 89.03%
2024-02-01 06:49:37,616 - INFO - Val Loss: 0.32
2024-02-01 06:49:37,617 - INFO - Val Acc: 90.97%
2024-02-01 06:51:08,907 - INFO - ========================================
2024-02-01 06:51:08,907 - INFO - Epoch 6/20
2024-02-01 06:51:08,907 - INFO - Train Loss: 0.45
2024-02-01 06:51:08,907 - INFO - Train Acc: 88.82%
2024-02-01 06:51:15,493 - INFO - Val Loss: 0.32
2024-02-01 06:51:15,493 - INFO - Val Acc: 90.88%
2024-02-01 06:52:46,958 - INFO - ========================================
2024-02-01 06:52:46,959 - INFO - Epoch 7/20
2024-02-01 06:52:46,959 - INFO - Train Loss: 0.40
2024-02-01 06:52:46,959 - INFO - Train Acc: 90.12%
2024-02-01 06:52:53,660 - INFO - Val Loss: 0.33
2024-02-01 06:52:53,660 - INFO - Val Acc: 90.55%
2024-02-01 06:54:25,722 - INFO - ========================================
2024-02-01 06:54:25,722 - INFO - Epoch 8/20
2024-02-01 06:54:25,722 - INFO - Train Loss: 0.38
2024-02-01 06:54:25,722 - INFO - Train Acc: 90.73%
2024-02-01 06:54:32,453 - INFO - Val Loss: 0.32
2024-02-01 06:54:32,454 - INFO - Val Acc: 90.93%
2024-02-01 06:56:04,382 - INFO - ========================================
2024-02-01 06:56:04,383 - INFO - Epoch 9/20
2024-02-01 06:56:04,383 - INFO - Train Loss: 0.45
2024-02-01 06:56:04,383 - INFO - Train Acc: 88.42%
2024-02-01 06:56:10,966 - INFO - Val Loss: 0.31
2024-02-01 06:56:10,966 - INFO - Val Acc: 90.95%
2024-02-01 06:57:42,610 - INFO - ========================================
2024-02-01 06:57:42,610 - INFO - Epoch 10/20
2024-02-01 06:57:42,610 - INFO - Train Loss: 0.44
2024-02-01 06:57:42,610 - INFO - Train Acc: 88.59%
2024-02-01 06:57:49,255 - INFO - Val Loss: 0.30
2024-02-01 06:57:49,256 - INFO - Val Acc: 91.07%
2024-02-01 06:59:21,244 - INFO - ========================================
2024-02-01 06:59:21,244 - INFO - Epoch 11/20
2024-02-01 06:59:21,244 - INFO - Train Loss: 0.41
2024-02-01 06:59:21,244 - INFO - Train Acc: 89.74%
2024-02-01 06:59:27,879 - INFO - Val Loss: 0.31
2024-02-01 06:59:27,879 - INFO - Val Acc: 91.16%
2024-02-01 07:00:59,606 - INFO - ========================================
2024-02-01 07:00:59,606 - INFO - Epoch 12/20
2024-02-01 07:00:59,606 - INFO - Train Loss: 0.43
2024-02-01 07:00:59,606 - INFO - Train Acc: 88.99%
2024-02-01 07:01:06,238 - INFO - Val Loss: 0.31
2024-02-01 07:01:06,239 - INFO - Val Acc: 91.12%
2024-02-01 07:02:37,967 - INFO - ========================================
2024-02-01 07:02:37,967 - INFO - Epoch 13/20
2024-02-01 07:02:37,967 - INFO - Train Loss: 0.42
2024-02-01 07:02:37,968 - INFO - Train Acc: 89.71%
2024-02-01 07:02:44,528 - INFO - Val Loss: 0.31
2024-02-01 07:02:44,528 - INFO - Val Acc: 90.95%
2024-02-01 07:04:16,377 - INFO - ========================================
2024-02-01 07:04:16,378 - INFO - Epoch 14/20
2024-02-01 07:04:16,378 - INFO - Train Loss: 0.44
2024-02-01 07:04:16,378 - INFO - Train Acc: 88.68%
2024-02-01 07:04:22,972 - INFO - Val Loss: 0.31
2024-02-01 07:04:22,973 - INFO - Val Acc: 91.01%
2024-02-01 07:05:54,531 - INFO - ========================================
2024-02-01 07:05:54,532 - INFO - Epoch 15/20
2024-02-01 07:05:54,532 - INFO - Train Loss: 0.43
2024-02-01 07:05:54,532 - INFO - Train Acc: 89.44%
2024-02-01 07:06:01,252 - INFO - Val Loss: 0.31
2024-02-01 07:06:01,252 - INFO - Val Acc: 91.15%
2024-02-01 07:07:32,932 - INFO - ========================================
2024-02-01 07:07:32,933 - INFO - Epoch 16/20
2024-02-01 07:07:32,933 - INFO - Train Loss: 0.39
2024-02-01 07:07:32,933 - INFO - Train Acc: 90.10%
2024-02-01 07:07:39,454 - INFO - Val Loss: 0.31
2024-02-01 07:07:39,454 - INFO - Val Acc: 91.32%
2024-02-01 07:09:11,236 - INFO - ========================================
2024-02-01 07:09:11,237 - INFO - Epoch 17/20
2024-02-01 07:09:11,237 - INFO - Train Loss: 0.44
2024-02-01 07:09:11,237 - INFO - Train Acc: 88.62%
2024-02-01 07:09:17,951 - INFO - Val Loss: 0.31
2024-02-01 07:09:17,951 - INFO - Val Acc: 91.00%
2024-02-01 07:10:49,267 - INFO - ========================================
2024-02-01 07:10:49,268 - INFO - Epoch 18/20
2024-02-01 07:10:49,268 - INFO - Train Loss: 0.41
2024-02-01 07:10:49,268 - INFO - Train Acc: 89.75%
2024-02-01 07:10:55,923 - INFO - Val Loss: 0.31
2024-02-01 07:10:55,924 - INFO - Val Acc: 91.29%
2024-02-01 07:12:27,679 - INFO - ========================================
2024-02-01 07:12:27,679 - INFO - Epoch 19/20
2024-02-01 07:12:27,679 - INFO - Train Loss: 0.44
2024-02-01 07:12:27,679 - INFO - Train Acc: 88.47%
2024-02-01 07:12:34,221 - INFO - Val Loss: 0.31
2024-02-01 07:12:34,222 - INFO - Val Acc: 91.13%
2024-02-01 07:14:06,069 - INFO - ========================================
2024-02-01 07:14:06,070 - INFO - Epoch 20/20
2024-02-01 07:14:06,070 - INFO - Train Loss: 0.41
2024-02-01 07:14:06,070 - INFO - Train Acc: 89.58%
2024-02-01 07:14:12,752 - INFO - Val Loss: 0.30
2024-02-01 07:14:12,753 - INFO - Val Acc: 91.47%
2024-02-02 03:27:07,338 - INFO - ======================= Testing with MixUp 100 epochs OD_max Kernel = 1 ======================
2024-02-02 03:30:35,724 - INFO - ========================================
2024-02-02 03:30:35,724 - INFO - Epoch 1/100
2024-02-02 03:30:35,724 - INFO - Train Loss: 1.75
2024-02-02 03:30:35,724 - INFO - Train Acc: 36.13%
2024-02-02 03:30:41,436 - INFO - Val Loss: 1.65
2024-02-02 03:30:41,436 - INFO - Val Acc: 42.02%
2024-02-02 03:32:00,582 - INFO - ========================================
2024-02-02 03:32:00,582 - INFO - Epoch 2/100
2024-02-02 03:32:00,582 - INFO - Train Loss: 1.33
2024-02-02 03:32:00,582 - INFO - Train Acc: 56.14%
2024-02-02 03:32:06,270 - INFO - Val Loss: 1.06
2024-02-02 03:32:06,270 - INFO - Val Acc: 63.27%
2024-02-02 03:33:25,442 - INFO - ========================================
2024-02-02 03:33:25,442 - INFO - Epoch 3/100
2024-02-02 03:33:25,442 - INFO - Train Loss: 1.16
2024-02-02 03:33:25,442 - INFO - Train Acc: 63.49%
2024-02-02 03:33:31,125 - INFO - Val Loss: 0.90
2024-02-02 03:33:31,125 - INFO - Val Acc: 71.11%
2024-02-02 03:34:50,341 - INFO - ========================================
2024-02-02 03:34:50,342 - INFO - Epoch 4/100
2024-02-02 03:34:50,342 - INFO - Train Loss: 1.04
2024-02-02 03:34:50,342 - INFO - Train Acc: 67.97%
2024-02-02 03:34:56,019 - INFO - Val Loss: 0.72
2024-02-02 03:34:56,019 - INFO - Val Acc: 76.26%
2024-02-02 03:36:15,267 - INFO - ========================================
2024-02-02 03:36:15,267 - INFO - Epoch 5/100
2024-02-02 03:36:15,267 - INFO - Train Loss: 0.94
2024-02-02 03:36:15,267 - INFO - Train Acc: 72.23%
2024-02-02 03:36:20,956 - INFO - Val Loss: 0.67
2024-02-02 03:36:20,956 - INFO - Val Acc: 77.79%
2024-02-02 03:37:40,177 - INFO - ========================================
2024-02-02 03:37:40,177 - INFO - Epoch 6/100
2024-02-02 03:37:40,177 - INFO - Train Loss: 0.88
2024-02-02 03:37:40,177 - INFO - Train Acc: 74.58%
2024-02-02 03:37:45,865 - INFO - Val Loss: 0.63
2024-02-02 03:37:45,866 - INFO - Val Acc: 79.36%
2024-02-02 03:39:05,073 - INFO - ========================================
2024-02-02 03:39:05,073 - INFO - Epoch 7/100
2024-02-02 03:39:05,073 - INFO - Train Loss: 0.85
2024-02-02 03:39:05,073 - INFO - Train Acc: 75.38%
2024-02-02 03:39:10,759 - INFO - Val Loss: 0.58
2024-02-02 03:39:10,759 - INFO - Val Acc: 80.89%
2024-02-02 03:40:29,964 - INFO - ========================================
2024-02-02 03:40:29,965 - INFO - Epoch 8/100
2024-02-02 03:40:29,965 - INFO - Train Loss: 0.77
2024-02-02 03:40:29,965 - INFO - Train Acc: 78.73%
2024-02-02 03:40:35,641 - INFO - Val Loss: 0.59
2024-02-02 03:40:35,641 - INFO - Val Acc: 80.65%
2024-02-02 03:41:54,872 - INFO - ========================================
2024-02-02 03:41:54,872 - INFO - Epoch 9/100
2024-02-02 03:41:54,872 - INFO - Train Loss: 0.73
2024-02-02 03:41:54,872 - INFO - Train Acc: 79.98%
2024-02-02 03:42:00,571 - INFO - Val Loss: 0.51
2024-02-02 03:42:00,571 - INFO - Val Acc: 83.70%
2024-02-02 03:43:19,735 - INFO - ========================================
2024-02-02 03:43:19,736 - INFO - Epoch 10/100
2024-02-02 03:43:19,736 - INFO - Train Loss: 0.74
2024-02-02 03:43:19,736 - INFO - Train Acc: 79.36%
2024-02-02 03:43:25,422 - INFO - Val Loss: 0.53
2024-02-02 03:43:25,422 - INFO - Val Acc: 84.61%
2024-02-02 03:44:44,621 - INFO - ========================================
2024-02-02 03:44:44,622 - INFO - Epoch 11/100
2024-02-02 03:44:44,622 - INFO - Train Loss: 0.72
2024-02-02 03:44:44,622 - INFO - Train Acc: 80.63%
2024-02-02 03:44:50,312 - INFO - Val Loss: 0.51
2024-02-02 03:44:50,312 - INFO - Val Acc: 83.67%
2024-02-02 03:46:09,528 - INFO - ========================================
2024-02-02 03:46:09,528 - INFO - Epoch 12/100
2024-02-02 03:46:09,528 - INFO - Train Loss: 0.73
2024-02-02 03:46:09,529 - INFO - Train Acc: 80.08%
2024-02-02 03:46:15,233 - INFO - Val Loss: 0.50
2024-02-02 03:46:15,234 - INFO - Val Acc: 84.34%
2024-02-02 03:47:34,532 - INFO - ========================================
2024-02-02 03:47:34,532 - INFO - Epoch 13/100
2024-02-02 03:47:34,532 - INFO - Train Loss: 0.67
2024-02-02 03:47:34,532 - INFO - Train Acc: 81.80%
2024-02-02 03:47:40,226 - INFO - Val Loss: 0.44
2024-02-02 03:47:40,227 - INFO - Val Acc: 85.93%
2024-02-02 03:48:59,350 - INFO - ========================================
2024-02-02 03:48:59,350 - INFO - Epoch 14/100
2024-02-02 03:48:59,350 - INFO - Train Loss: 0.76
2024-02-02 03:48:59,350 - INFO - Train Acc: 79.29%
2024-02-02 03:49:05,031 - INFO - Val Loss: 0.50
2024-02-02 03:49:05,031 - INFO - Val Acc: 86.04%
2024-02-02 03:50:24,241 - INFO - ========================================
2024-02-02 03:50:24,241 - INFO - Epoch 15/100
2024-02-02 03:50:24,241 - INFO - Train Loss: 0.71
2024-02-02 03:50:24,241 - INFO - Train Acc: 80.67%
2024-02-02 03:50:29,939 - INFO - Val Loss: 0.48
2024-02-02 03:50:29,939 - INFO - Val Acc: 86.04%
2024-02-02 03:51:49,183 - INFO - ========================================
2024-02-02 03:51:49,183 - INFO - Epoch 16/100
2024-02-02 03:51:49,183 - INFO - Train Loss: 0.63
2024-02-02 03:51:49,183 - INFO - Train Acc: 83.22%
2024-02-02 03:51:54,879 - INFO - Val Loss: 0.43
2024-02-02 03:51:54,879 - INFO - Val Acc: 87.08%
2024-02-02 03:53:14,059 - INFO - ========================================
2024-02-02 03:53:14,060 - INFO - Epoch 17/100
2024-02-02 03:53:14,060 - INFO - Train Loss: 0.61
2024-02-02 03:53:14,060 - INFO - Train Acc: 83.97%
2024-02-02 03:53:19,730 - INFO - Val Loss: 0.41
2024-02-02 03:53:19,730 - INFO - Val Acc: 87.38%
2024-02-02 03:54:38,943 - INFO - ========================================
2024-02-02 03:54:38,943 - INFO - Epoch 18/100
2024-02-02 03:54:38,943 - INFO - Train Loss: 0.59
2024-02-02 03:54:38,943 - INFO - Train Acc: 84.51%
2024-02-02 03:54:44,635 - INFO - Val Loss: 0.41
2024-02-02 03:54:44,635 - INFO - Val Acc: 87.16%
2024-02-02 03:56:03,899 - INFO - ========================================
2024-02-02 03:56:03,899 - INFO - Epoch 19/100
2024-02-02 03:56:03,899 - INFO - Train Loss: 0.57
2024-02-02 03:56:03,899 - INFO - Train Acc: 85.03%
2024-02-02 03:56:09,577 - INFO - Val Loss: 0.40
2024-02-02 03:56:09,578 - INFO - Val Acc: 87.72%
2024-02-02 03:57:28,797 - INFO - ========================================
2024-02-02 03:57:28,797 - INFO - Epoch 20/100
2024-02-02 03:57:28,797 - INFO - Train Loss: 0.56
2024-02-02 03:57:28,797 - INFO - Train Acc: 85.43%
2024-02-02 03:57:34,490 - INFO - Val Loss: 0.41
2024-02-02 03:57:34,490 - INFO - Val Acc: 88.25%
2024-02-02 03:58:53,717 - INFO - ========================================
2024-02-02 03:58:53,717 - INFO - Epoch 21/100
2024-02-02 03:58:53,717 - INFO - Train Loss: 0.57
2024-02-02 03:58:53,717 - INFO - Train Acc: 85.42%
2024-02-02 03:58:59,393 - INFO - Val Loss: 0.37
2024-02-02 03:58:59,393 - INFO - Val Acc: 88.42%
2024-02-02 04:00:18,619 - INFO - ========================================
2024-02-02 04:00:18,620 - INFO - Epoch 22/100
2024-02-02 04:00:18,620 - INFO - Train Loss: 0.51
2024-02-02 04:00:18,620 - INFO - Train Acc: 87.08%
2024-02-02 04:00:24,311 - INFO - Val Loss: 0.39
2024-02-02 04:00:24,311 - INFO - Val Acc: 87.92%
2024-02-02 04:01:43,544 - INFO - ========================================
2024-02-02 04:01:43,544 - INFO - Epoch 23/100
2024-02-02 04:01:43,544 - INFO - Train Loss: 0.53
2024-02-02 04:01:43,544 - INFO - Train Acc: 86.20%
2024-02-02 04:01:49,225 - INFO - Val Loss: 0.37
2024-02-02 04:01:49,225 - INFO - Val Acc: 88.31%
2024-02-02 04:03:08,460 - INFO - ========================================
2024-02-02 04:03:08,460 - INFO - Epoch 24/100
2024-02-02 04:03:08,460 - INFO - Train Loss: 0.53
2024-02-02 04:03:08,460 - INFO - Train Acc: 86.27%
2024-02-02 04:03:14,136 - INFO - Val Loss: 0.39
2024-02-02 04:03:14,136 - INFO - Val Acc: 88.07%
2024-02-02 04:04:33,360 - INFO - ========================================
2024-02-02 04:04:33,360 - INFO - Epoch 25/100
2024-02-02 04:04:33,360 - INFO - Train Loss: 0.48
2024-02-02 04:04:33,360 - INFO - Train Acc: 88.09%
2024-02-02 04:04:39,046 - INFO - Val Loss: 0.39
2024-02-02 04:04:39,046 - INFO - Val Acc: 88.19%
2024-02-02 04:05:58,278 - INFO - ========================================
2024-02-02 04:05:58,278 - INFO - Epoch 26/100
2024-02-02 04:05:58,278 - INFO - Train Loss: 0.52
2024-02-02 04:05:58,278 - INFO - Train Acc: 86.97%
2024-02-02 04:06:03,955 - INFO - Val Loss: 0.37
2024-02-02 04:06:03,955 - INFO - Val Acc: 89.06%
2024-02-02 04:07:23,187 - INFO - ========================================
2024-02-02 04:07:23,187 - INFO - Epoch 27/100
2024-02-02 04:07:23,187 - INFO - Train Loss: 0.50
2024-02-02 04:07:23,187 - INFO - Train Acc: 87.34%
2024-02-02 04:07:28,865 - INFO - Val Loss: 0.39
2024-02-02 04:07:28,865 - INFO - Val Acc: 88.67%
2024-02-02 04:08:48,105 - INFO - ========================================
2024-02-02 04:08:48,105 - INFO - Epoch 28/100
2024-02-02 04:08:48,105 - INFO - Train Loss: 0.48
2024-02-02 04:08:48,105 - INFO - Train Acc: 87.77%
2024-02-02 04:08:53,786 - INFO - Val Loss: 0.36
2024-02-02 04:08:53,786 - INFO - Val Acc: 88.97%
2024-02-02 04:10:13,039 - INFO - ========================================
2024-02-02 04:10:13,039 - INFO - Epoch 29/100
2024-02-02 04:10:13,039 - INFO - Train Loss: 0.46
2024-02-02 04:10:13,039 - INFO - Train Acc: 88.47%
2024-02-02 04:10:18,722 - INFO - Val Loss: 0.41
2024-02-02 04:10:18,722 - INFO - Val Acc: 88.57%
2024-02-02 04:11:37,941 - INFO - ========================================
2024-02-02 04:11:37,941 - INFO - Epoch 30/100
2024-02-02 04:11:37,941 - INFO - Train Loss: 0.46
2024-02-02 04:11:37,941 - INFO - Train Acc: 88.86%
2024-02-02 04:11:43,624 - INFO - Val Loss: 0.35
2024-02-02 04:11:43,625 - INFO - Val Acc: 89.82%
2024-02-02 04:13:02,466 - INFO - ========================================
2024-02-02 04:13:02,466 - INFO - Epoch 31/100
2024-02-02 04:13:02,466 - INFO - Train Loss: 0.45
2024-02-02 04:13:02,466 - INFO - Train Acc: 88.83%
2024-02-02 04:13:08,150 - INFO - Val Loss: 0.34
2024-02-02 04:13:08,150 - INFO - Val Acc: 89.63%
2024-02-02 04:14:26,960 - INFO - ========================================
2024-02-02 04:14:26,960 - INFO - Epoch 32/100
2024-02-02 04:14:26,960 - INFO - Train Loss: 0.49
2024-02-02 04:14:26,960 - INFO - Train Acc: 87.67%
2024-02-02 04:14:32,628 - INFO - Val Loss: 0.36
2024-02-02 04:14:32,628 - INFO - Val Acc: 89.39%
2024-02-02 04:15:51,409 - INFO - ========================================
2024-02-02 04:15:51,409 - INFO - Epoch 33/100
2024-02-02 04:15:51,409 - INFO - Train Loss: 0.50
2024-02-02 04:15:51,409 - INFO - Train Acc: 87.24%
2024-02-02 04:15:57,107 - INFO - Val Loss: 0.33
2024-02-02 04:15:57,107 - INFO - Val Acc: 89.88%
2024-02-02 04:17:15,932 - INFO - ========================================
2024-02-02 04:17:15,932 - INFO - Epoch 34/100
2024-02-02 04:17:15,932 - INFO - Train Loss: 0.46
2024-02-02 04:17:15,932 - INFO - Train Acc: 88.44%
2024-02-02 04:17:21,616 - INFO - Val Loss: 0.35
2024-02-02 04:17:21,616 - INFO - Val Acc: 89.73%
2024-02-02 04:18:40,462 - INFO - ========================================
2024-02-02 04:18:40,462 - INFO - Epoch 35/100
2024-02-02 04:18:40,462 - INFO - Train Loss: 0.47
2024-02-02 04:18:40,462 - INFO - Train Acc: 87.98%
2024-02-02 04:18:46,143 - INFO - Val Loss: 0.35
2024-02-02 04:18:46,143 - INFO - Val Acc: 89.64%
2024-02-02 04:20:05,017 - INFO - ========================================
2024-02-02 04:20:05,017 - INFO - Epoch 36/100
2024-02-02 04:20:05,017 - INFO - Train Loss: 0.48
2024-02-02 04:20:05,017 - INFO - Train Acc: 87.65%
2024-02-02 04:20:10,714 - INFO - Val Loss: 0.34
2024-02-02 04:20:10,715 - INFO - Val Acc: 89.63%
2024-02-02 04:21:29,517 - INFO - ========================================
2024-02-02 04:21:29,518 - INFO - Epoch 37/100
2024-02-02 04:21:29,518 - INFO - Train Loss: 0.49
2024-02-02 04:21:29,518 - INFO - Train Acc: 87.54%
2024-02-02 04:21:35,202 - INFO - Val Loss: 0.33
2024-02-02 04:21:35,202 - INFO - Val Acc: 90.38%
2024-02-02 04:22:53,980 - INFO - ========================================
2024-02-02 04:22:53,980 - INFO - Epoch 38/100
2024-02-02 04:22:53,980 - INFO - Train Loss: 0.45
2024-02-02 04:22:53,980 - INFO - Train Acc: 88.71%
2024-02-02 04:22:59,659 - INFO - Val Loss: 0.36
2024-02-02 04:22:59,659 - INFO - Val Acc: 89.60%
2024-02-02 04:24:18,436 - INFO - ========================================
2024-02-02 04:24:18,436 - INFO - Epoch 39/100
2024-02-02 04:24:18,436 - INFO - Train Loss: 0.44
2024-02-02 04:24:18,436 - INFO - Train Acc: 89.03%
2024-02-02 04:24:24,155 - INFO - Val Loss: 0.33
2024-02-02 04:24:24,155 - INFO - Val Acc: 90.24%
2024-02-02 04:25:42,956 - INFO - ========================================
2024-02-02 04:25:42,956 - INFO - Epoch 40/100
2024-02-02 04:25:42,956 - INFO - Train Loss: 0.45
2024-02-02 04:25:42,956 - INFO - Train Acc: 88.89%
2024-02-02 04:25:48,638 - INFO - Val Loss: 0.34
2024-02-02 04:25:48,638 - INFO - Val Acc: 90.17%
2024-02-02 04:27:07,496 - INFO - ========================================
2024-02-02 04:27:07,496 - INFO - Epoch 41/100
2024-02-02 04:27:07,496 - INFO - Train Loss: 0.45
2024-02-02 04:27:07,496 - INFO - Train Acc: 88.51%
2024-02-02 04:27:13,178 - INFO - Val Loss: 0.33
2024-02-02 04:27:13,178 - INFO - Val Acc: 90.40%
2024-02-02 04:28:31,993 - INFO - ========================================
2024-02-02 04:28:31,993 - INFO - Epoch 42/100
2024-02-02 04:28:31,993 - INFO - Train Loss: 0.41
2024-02-02 04:28:31,993 - INFO - Train Acc: 89.76%
2024-02-02 04:28:37,699 - INFO - Val Loss: 0.34
2024-02-02 04:28:37,699 - INFO - Val Acc: 90.38%
2024-02-02 04:29:56,502 - INFO - ========================================
2024-02-02 04:29:56,502 - INFO - Epoch 43/100
2024-02-02 04:29:56,502 - INFO - Train Loss: 0.45
2024-02-02 04:29:56,502 - INFO - Train Acc: 88.50%
2024-02-02 04:30:02,200 - INFO - Val Loss: 0.32
2024-02-02 04:30:02,200 - INFO - Val Acc: 90.23%
2024-02-02 04:31:21,038 - INFO - ========================================
2024-02-02 04:31:21,039 - INFO - Epoch 44/100
2024-02-02 04:31:21,039 - INFO - Train Loss: 0.40
2024-02-02 04:31:21,039 - INFO - Train Acc: 90.34%
2024-02-02 04:31:26,715 - INFO - Val Loss: 0.36
2024-02-02 04:31:26,715 - INFO - Val Acc: 89.87%
2024-02-02 04:32:45,567 - INFO - ========================================
2024-02-02 04:32:45,568 - INFO - Epoch 45/100
2024-02-02 04:32:45,568 - INFO - Train Loss: 0.45
2024-02-02 04:32:45,568 - INFO - Train Acc: 88.80%
2024-02-02 04:32:51,259 - INFO - Val Loss: 0.34
2024-02-02 04:32:51,260 - INFO - Val Acc: 90.21%
2024-02-02 04:34:10,062 - INFO - ========================================
2024-02-02 04:34:10,062 - INFO - Epoch 46/100
2024-02-02 04:34:10,062 - INFO - Train Loss: 0.44
2024-02-02 04:34:10,062 - INFO - Train Acc: 88.88%
2024-02-02 04:34:15,764 - INFO - Val Loss: 0.37
2024-02-02 04:34:15,764 - INFO - Val Acc: 90.04%
2024-02-02 04:35:34,602 - INFO - ========================================
2024-02-02 04:35:34,602 - INFO - Epoch 47/100
2024-02-02 04:35:34,602 - INFO - Train Loss: 0.42
2024-02-02 04:35:34,602 - INFO - Train Acc: 89.03%
2024-02-02 04:35:40,302 - INFO - Val Loss: 0.34
2024-02-02 04:35:40,303 - INFO - Val Acc: 90.51%
2024-02-02 04:36:59,149 - INFO - ========================================
2024-02-02 04:36:59,150 - INFO - Epoch 48/100
2024-02-02 04:36:59,150 - INFO - Train Loss: 0.38
2024-02-02 04:36:59,150 - INFO - Train Acc: 90.74%
2024-02-02 04:37:04,836 - INFO - Val Loss: 0.32
2024-02-02 04:37:04,836 - INFO - Val Acc: 90.64%
2024-02-02 04:38:23,628 - INFO - ========================================
2024-02-02 04:38:23,628 - INFO - Epoch 49/100
2024-02-02 04:38:23,628 - INFO - Train Loss: 0.42
2024-02-02 04:38:23,628 - INFO - Train Acc: 89.30%
2024-02-02 04:38:29,338 - INFO - Val Loss: 0.33
2024-02-02 04:38:29,338 - INFO - Val Acc: 90.76%
2024-02-02 04:39:48,160 - INFO - ========================================
2024-02-02 04:39:48,160 - INFO - Epoch 50/100
2024-02-02 04:39:48,160 - INFO - Train Loss: 0.43
2024-02-02 04:39:48,161 - INFO - Train Acc: 89.01%
2024-02-02 04:39:53,851 - INFO - Val Loss: 0.31
2024-02-02 04:39:53,851 - INFO - Val Acc: 90.58%
2024-02-02 04:41:12,681 - INFO - ========================================
2024-02-02 04:41:12,681 - INFO - Epoch 51/100
2024-02-02 04:41:12,681 - INFO - Train Loss: 0.41
2024-02-02 04:41:12,681 - INFO - Train Acc: 89.70%
2024-02-02 04:41:18,379 - INFO - Val Loss: 0.32
2024-02-02 04:41:18,380 - INFO - Val Acc: 90.46%
2024-02-02 04:42:37,160 - INFO - ========================================
2024-02-02 04:42:37,160 - INFO - Epoch 52/100
2024-02-02 04:42:37,161 - INFO - Train Loss: 0.39
2024-02-02 04:42:37,161 - INFO - Train Acc: 90.12%
2024-02-02 04:42:42,856 - INFO - Val Loss: 0.32
2024-02-02 04:42:42,856 - INFO - Val Acc: 90.68%
2024-02-02 04:44:01,645 - INFO - ========================================
2024-02-02 04:44:01,645 - INFO - Epoch 53/100
2024-02-02 04:44:01,645 - INFO - Train Loss: 0.40
2024-02-02 04:44:01,645 - INFO - Train Acc: 90.02%
2024-02-02 04:44:07,335 - INFO - Val Loss: 0.31
2024-02-02 04:44:07,335 - INFO - Val Acc: 90.89%
2024-02-02 04:45:26,209 - INFO - ========================================
2024-02-02 04:45:26,209 - INFO - Epoch 54/100
2024-02-02 04:45:26,209 - INFO - Train Loss: 0.45
2024-02-02 04:45:26,209 - INFO - Train Acc: 88.34%
2024-02-02 04:45:31,902 - INFO - Val Loss: 0.33
2024-02-02 04:45:31,902 - INFO - Val Acc: 90.65%
2024-02-02 04:46:50,710 - INFO - ========================================
2024-02-02 04:46:50,710 - INFO - Epoch 55/100
2024-02-02 04:46:50,710 - INFO - Train Loss: 0.37
2024-02-02 04:46:50,710 - INFO - Train Acc: 90.96%
2024-02-02 04:46:56,400 - INFO - Val Loss: 0.31
2024-02-02 04:46:56,400 - INFO - Val Acc: 91.04%
2024-02-02 04:48:15,220 - INFO - ========================================
2024-02-02 04:48:15,220 - INFO - Epoch 56/100
2024-02-02 04:48:15,220 - INFO - Train Loss: 0.44
2024-02-02 04:48:15,220 - INFO - Train Acc: 88.76%
2024-02-02 04:48:20,923 - INFO - Val Loss: 0.31
2024-02-02 04:48:20,923 - INFO - Val Acc: 90.85%
2024-02-02 04:49:39,707 - INFO - ========================================
2024-02-02 04:49:39,708 - INFO - Epoch 57/100
2024-02-02 04:49:39,708 - INFO - Train Loss: 0.39
2024-02-02 04:49:39,708 - INFO - Train Acc: 90.18%
2024-02-02 04:49:45,389 - INFO - Val Loss: 0.31
2024-02-02 04:49:45,389 - INFO - Val Acc: 90.84%
2024-02-02 04:51:04,232 - INFO - ========================================
2024-02-02 04:51:04,232 - INFO - Epoch 58/100
2024-02-02 04:51:04,232 - INFO - Train Loss: 0.45
2024-02-02 04:51:04,232 - INFO - Train Acc: 88.78%
2024-02-02 04:51:09,915 - INFO - Val Loss: 0.34
2024-02-02 04:51:09,915 - INFO - Val Acc: 90.61%
2024-02-02 04:52:28,739 - INFO - ========================================
2024-02-02 04:52:28,739 - INFO - Epoch 59/100
2024-02-02 04:52:28,740 - INFO - Train Loss: 0.43
2024-02-02 04:52:28,740 - INFO - Train Acc: 89.23%
2024-02-02 04:52:34,436 - INFO - Val Loss: 0.31
2024-02-02 04:52:34,436 - INFO - Val Acc: 90.83%
2024-02-02 04:53:53,276 - INFO - ========================================
2024-02-02 04:53:53,276 - INFO - Epoch 60/100
2024-02-02 04:53:53,277 - INFO - Train Loss: 0.44
2024-02-02 04:53:53,277 - INFO - Train Acc: 88.90%
2024-02-02 04:53:58,972 - INFO - Val Loss: 0.30
2024-02-02 04:53:58,972 - INFO - Val Acc: 91.34%
2024-02-02 04:55:17,776 - INFO - ========================================
2024-02-02 04:55:17,776 - INFO - Epoch 61/100
2024-02-02 04:55:17,776 - INFO - Train Loss: 0.40
2024-02-02 04:55:17,776 - INFO - Train Acc: 90.11%
2024-02-02 04:55:23,465 - INFO - Val Loss: 0.30
2024-02-02 04:55:23,465 - INFO - Val Acc: 90.92%
2024-02-02 04:56:42,329 - INFO - ========================================
2024-02-02 04:56:42,330 - INFO - Epoch 62/100
2024-02-02 04:56:42,330 - INFO - Train Loss: 0.44
2024-02-02 04:56:42,330 - INFO - Train Acc: 88.56%
2024-02-02 04:56:48,020 - INFO - Val Loss: 0.33
2024-02-02 04:56:48,020 - INFO - Val Acc: 90.87%
2024-02-02 04:58:06,854 - INFO - ========================================
2024-02-02 04:58:06,855 - INFO - Epoch 63/100
2024-02-02 04:58:06,855 - INFO - Train Loss: 0.45
2024-02-02 04:58:06,855 - INFO - Train Acc: 88.40%
2024-02-02 04:58:12,556 - INFO - Val Loss: 0.31
2024-02-02 04:58:12,556 - INFO - Val Acc: 91.23%
2024-02-02 04:59:31,323 - INFO - ========================================
2024-02-02 04:59:31,323 - INFO - Epoch 64/100
2024-02-02 04:59:31,323 - INFO - Train Loss: 0.40
2024-02-02 04:59:31,323 - INFO - Train Acc: 89.96%
2024-02-02 04:59:37,019 - INFO - Val Loss: 0.30
2024-02-02 04:59:37,019 - INFO - Val Acc: 91.39%
2024-02-02 05:00:55,906 - INFO - ========================================
2024-02-02 05:00:55,906 - INFO - Epoch 65/100
2024-02-02 05:00:55,906 - INFO - Train Loss: 0.40
2024-02-02 05:00:55,906 - INFO - Train Acc: 90.04%
2024-02-02 05:01:01,615 - INFO - Val Loss: 0.31
2024-02-02 05:01:01,616 - INFO - Val Acc: 91.27%
2024-02-02 05:02:20,454 - INFO - ========================================
2024-02-02 05:02:20,455 - INFO - Epoch 66/100
2024-02-02 05:02:20,455 - INFO - Train Loss: 0.41
2024-02-02 05:02:20,455 - INFO - Train Acc: 89.32%
2024-02-02 05:02:26,152 - INFO - Val Loss: 0.29
2024-02-02 05:02:26,152 - INFO - Val Acc: 91.56%
2024-02-02 05:03:45,021 - INFO - ========================================
2024-02-02 05:03:45,021 - INFO - Epoch 67/100
2024-02-02 05:03:45,021 - INFO - Train Loss: 0.42
2024-02-02 05:03:45,021 - INFO - Train Acc: 89.45%
2024-02-02 05:03:50,721 - INFO - Val Loss: 0.29
2024-02-02 05:03:50,722 - INFO - Val Acc: 91.54%
2024-02-02 05:05:09,572 - INFO - ========================================
2024-02-02 05:05:09,573 - INFO - Epoch 68/100
2024-02-02 05:05:09,573 - INFO - Train Loss: 0.42
2024-02-02 05:05:09,573 - INFO - Train Acc: 89.47%
2024-02-02 05:05:15,271 - INFO - Val Loss: 0.31
2024-02-02 05:05:15,271 - INFO - Val Acc: 91.40%
2024-02-02 05:06:34,092 - INFO - ========================================
2024-02-02 05:06:34,092 - INFO - Epoch 69/100
2024-02-02 05:06:34,092 - INFO - Train Loss: 0.38
2024-02-02 05:06:34,092 - INFO - Train Acc: 90.59%
2024-02-02 05:06:39,793 - INFO - Val Loss: 0.29
2024-02-02 05:06:39,793 - INFO - Val Acc: 91.71%
2024-02-02 05:07:58,591 - INFO - ========================================
2024-02-02 05:07:58,591 - INFO - Epoch 70/100
2024-02-02 05:07:58,591 - INFO - Train Loss: 0.41
2024-02-02 05:07:58,591 - INFO - Train Acc: 89.66%
2024-02-02 05:08:04,292 - INFO - Val Loss: 0.30
2024-02-02 05:08:04,292 - INFO - Val Acc: 91.51%
2024-02-02 05:09:23,116 - INFO - ========================================
2024-02-02 05:09:23,116 - INFO - Epoch 71/100
2024-02-02 05:09:23,116 - INFO - Train Loss: 0.39
2024-02-02 05:09:23,116 - INFO - Train Acc: 89.89%
2024-02-02 05:09:28,782 - INFO - Val Loss: 0.30
2024-02-02 05:09:28,782 - INFO - Val Acc: 91.47%
2024-02-02 05:10:47,641 - INFO - ========================================
2024-02-02 05:10:47,641 - INFO - Epoch 72/100
2024-02-02 05:10:47,641 - INFO - Train Loss: 0.41
2024-02-02 05:10:47,641 - INFO - Train Acc: 89.83%
2024-02-02 05:10:53,331 - INFO - Val Loss: 0.32
2024-02-02 05:10:53,331 - INFO - Val Acc: 91.35%
2024-02-02 05:12:12,170 - INFO - ========================================
2024-02-02 05:12:12,170 - INFO - Epoch 73/100
2024-02-02 05:12:12,170 - INFO - Train Loss: 0.40
2024-02-02 05:12:12,170 - INFO - Train Acc: 89.74%
2024-02-02 05:12:17,868 - INFO - Val Loss: 0.30
2024-02-02 05:12:17,868 - INFO - Val Acc: 91.49%
2024-02-02 05:13:36,695 - INFO - ========================================
2024-02-02 05:13:36,695 - INFO - Epoch 74/100
2024-02-02 05:13:36,695 - INFO - Train Loss: 0.42
2024-02-02 05:13:36,695 - INFO - Train Acc: 89.38%
2024-02-02 05:13:42,404 - INFO - Val Loss: 0.29
2024-02-02 05:13:42,405 - INFO - Val Acc: 91.57%
2024-02-02 05:15:01,241 - INFO - ========================================
2024-02-02 05:15:01,242 - INFO - Epoch 75/100
2024-02-02 05:15:01,242 - INFO - Train Loss: 0.41
2024-02-02 05:15:01,242 - INFO - Train Acc: 89.42%
2024-02-02 05:15:06,991 - INFO - Val Loss: 0.28
2024-02-02 05:15:06,992 - INFO - Val Acc: 91.60%
2024-02-02 05:16:25,806 - INFO - ========================================
2024-02-02 05:16:25,806 - INFO - Epoch 76/100
2024-02-02 05:16:25,806 - INFO - Train Loss: 0.41
2024-02-02 05:16:25,806 - INFO - Train Acc: 89.83%
2024-02-02 05:16:31,496 - INFO - Val Loss: 0.29
2024-02-02 05:16:31,496 - INFO - Val Acc: 91.66%
2024-02-02 05:17:50,314 - INFO - ========================================
2024-02-02 05:17:50,315 - INFO - Epoch 77/100
2024-02-02 05:17:50,315 - INFO - Train Loss: 0.38
2024-02-02 05:17:50,315 - INFO - Train Acc: 90.33%
2024-02-02 05:17:56,007 - INFO - Val Loss: 0.29
2024-02-02 05:17:56,007 - INFO - Val Acc: 91.59%
2024-02-02 05:19:14,824 - INFO - ========================================
2024-02-02 05:19:14,824 - INFO - Epoch 78/100
2024-02-02 05:19:14,824 - INFO - Train Loss: 0.42
2024-02-02 05:19:14,824 - INFO - Train Acc: 89.63%
2024-02-02 05:19:20,519 - INFO - Val Loss: 0.29
2024-02-02 05:19:20,519 - INFO - Val Acc: 91.64%
2024-02-02 05:20:39,378 - INFO - ========================================
2024-02-02 05:20:39,379 - INFO - Epoch 79/100
2024-02-02 05:20:39,379 - INFO - Train Loss: 0.41
2024-02-02 05:20:39,379 - INFO - Train Acc: 89.60%
2024-02-02 05:20:45,069 - INFO - Val Loss: 0.29
2024-02-02 05:20:45,069 - INFO - Val Acc: 91.48%
2024-02-02 05:22:03,921 - INFO - ========================================
2024-02-02 05:22:03,921 - INFO - Epoch 80/100
2024-02-02 05:22:03,921 - INFO - Train Loss: 0.41
2024-02-02 05:22:03,921 - INFO - Train Acc: 89.61%
2024-02-02 05:22:09,613 - INFO - Val Loss: 0.29
2024-02-02 05:22:09,613 - INFO - Val Acc: 91.50%
2024-02-02 05:23:28,425 - INFO - ========================================
2024-02-02 05:23:28,425 - INFO - Epoch 81/100
2024-02-02 05:23:28,425 - INFO - Train Loss: 0.46
2024-02-02 05:23:28,425 - INFO - Train Acc: 88.11%
2024-02-02 05:23:34,132 - INFO - Val Loss: 0.29
2024-02-02 05:23:34,132 - INFO - Val Acc: 91.73%
2024-02-02 05:24:52,972 - INFO - ========================================
2024-02-02 05:24:52,973 - INFO - Epoch 82/100
2024-02-02 05:24:52,973 - INFO - Train Loss: 0.39
2024-02-02 05:24:52,973 - INFO - Train Acc: 90.25%
2024-02-02 05:24:58,664 - INFO - Val Loss: 0.28
2024-02-02 05:24:58,664 - INFO - Val Acc: 91.66%
2024-02-02 05:26:17,545 - INFO - ========================================
2024-02-02 05:26:17,545 - INFO - Epoch 83/100
2024-02-02 05:26:17,545 - INFO - Train Loss: 0.45
2024-02-02 05:26:17,545 - INFO - Train Acc: 87.92%
2024-02-02 05:26:23,242 - INFO - Val Loss: 0.28
2024-02-02 05:26:23,242 - INFO - Val Acc: 91.82%
2024-02-02 05:27:42,094 - INFO - ========================================
2024-02-02 05:27:42,094 - INFO - Epoch 84/100
2024-02-02 05:27:42,094 - INFO - Train Loss: 0.40
2024-02-02 05:27:42,094 - INFO - Train Acc: 89.28%
2024-02-02 05:27:47,785 - INFO - Val Loss: 0.28
2024-02-02 05:27:47,785 - INFO - Val Acc: 91.97%
2024-02-02 05:29:06,551 - INFO - ========================================
2024-02-02 05:29:06,551 - INFO - Epoch 85/100
2024-02-02 05:29:06,551 - INFO - Train Loss: 0.40
2024-02-02 05:29:06,551 - INFO - Train Acc: 89.99%
2024-02-02 05:29:12,245 - INFO - Val Loss: 0.28
2024-02-02 05:29:12,245 - INFO - Val Acc: 91.67%
2024-02-02 05:30:31,110 - INFO - ========================================
2024-02-02 05:30:31,110 - INFO - Epoch 86/100
2024-02-02 05:30:31,110 - INFO - Train Loss: 0.39
2024-02-02 05:30:31,110 - INFO - Train Acc: 90.17%
2024-02-02 05:30:36,809 - INFO - Val Loss: 0.28
2024-02-02 05:30:36,809 - INFO - Val Acc: 91.71%
2024-02-02 05:31:55,607 - INFO - ========================================
2024-02-02 05:31:55,607 - INFO - Epoch 87/100
2024-02-02 05:31:55,607 - INFO - Train Loss: 0.41
2024-02-02 05:31:55,607 - INFO - Train Acc: 89.76%
2024-02-02 05:32:01,289 - INFO - Val Loss: 0.28
2024-02-02 05:32:01,289 - INFO - Val Acc: 91.76%
2024-02-02 05:33:20,139 - INFO - ========================================
2024-02-02 05:33:20,140 - INFO - Epoch 88/100
2024-02-02 05:33:20,140 - INFO - Train Loss: 0.39
2024-02-02 05:33:20,140 - INFO - Train Acc: 89.95%
2024-02-02 05:33:25,844 - INFO - Val Loss: 0.28
2024-02-02 05:33:25,845 - INFO - Val Acc: 91.93%
2024-02-02 05:34:44,720 - INFO - ========================================
2024-02-02 05:34:44,721 - INFO - Epoch 89/100
2024-02-02 05:34:44,721 - INFO - Train Loss: 0.35
2024-02-02 05:34:44,721 - INFO - Train Acc: 90.93%
2024-02-02 05:34:50,427 - INFO - Val Loss: 0.29
2024-02-02 05:34:50,427 - INFO - Val Acc: 91.70%
2024-02-02 05:36:09,232 - INFO - ========================================
2024-02-02 05:36:09,232 - INFO - Epoch 90/100
2024-02-02 05:36:09,232 - INFO - Train Loss: 0.39
2024-02-02 05:36:09,233 - INFO - Train Acc: 89.77%
2024-02-02 05:36:14,932 - INFO - Val Loss: 0.28
2024-02-02 05:36:14,933 - INFO - Val Acc: 91.79%
2024-02-02 05:37:33,717 - INFO - ========================================
2024-02-02 05:37:33,718 - INFO - Epoch 91/100
2024-02-02 05:37:33,718 - INFO - Train Loss: 0.37
2024-02-02 05:37:33,718 - INFO - Train Acc: 90.67%
2024-02-02 05:37:39,441 - INFO - Val Loss: 0.27
2024-02-02 05:37:39,441 - INFO - Val Acc: 91.99%
2024-02-02 05:38:58,224 - INFO - ========================================
2024-02-02 05:38:58,225 - INFO - Epoch 92/100
2024-02-02 05:38:58,225 - INFO - Train Loss: 0.44
2024-02-02 05:38:58,225 - INFO - Train Acc: 88.28%
2024-02-02 05:39:03,911 - INFO - Val Loss: 0.29
2024-02-02 05:39:03,911 - INFO - Val Acc: 91.63%
2024-02-02 05:40:22,757 - INFO - ========================================
2024-02-02 05:40:22,757 - INFO - Epoch 93/100
2024-02-02 05:40:22,757 - INFO - Train Loss: 0.41
2024-02-02 05:40:22,757 - INFO - Train Acc: 89.56%
2024-02-02 05:40:28,442 - INFO - Val Loss: 0.29
2024-02-02 05:40:28,443 - INFO - Val Acc: 91.81%
2024-02-02 05:41:47,250 - INFO - ========================================
2024-02-02 05:41:47,250 - INFO - Epoch 94/100
2024-02-02 05:41:47,250 - INFO - Train Loss: 0.40
2024-02-02 05:41:47,250 - INFO - Train Acc: 89.84%
2024-02-02 05:41:52,957 - INFO - Val Loss: 0.29
2024-02-02 05:41:52,958 - INFO - Val Acc: 91.95%
2024-02-02 05:43:11,770 - INFO - ========================================
2024-02-02 05:43:11,770 - INFO - Epoch 95/100
2024-02-02 05:43:11,770 - INFO - Train Loss: 0.42
2024-02-02 05:43:11,770 - INFO - Train Acc: 89.35%
2024-02-02 05:43:17,462 - INFO - Val Loss: 0.28
2024-02-02 05:43:17,462 - INFO - Val Acc: 91.95%
2024-02-02 05:44:36,293 - INFO - ========================================
2024-02-02 05:44:36,294 - INFO - Epoch 96/100
2024-02-02 05:44:36,294 - INFO - Train Loss: 0.43
2024-02-02 05:44:36,294 - INFO - Train Acc: 88.66%
2024-02-02 05:44:41,974 - INFO - Val Loss: 0.30
2024-02-02 05:44:41,974 - INFO - Val Acc: 91.82%
2024-02-02 05:46:00,844 - INFO - ========================================
2024-02-02 05:46:00,844 - INFO - Epoch 97/100
2024-02-02 05:46:00,844 - INFO - Train Loss: 0.40
2024-02-02 05:46:00,844 - INFO - Train Acc: 89.77%
2024-02-02 05:46:06,527 - INFO - Val Loss: 0.28
2024-02-02 05:46:06,528 - INFO - Val Acc: 91.88%
2024-02-02 05:47:25,230 - INFO - ========================================
2024-02-02 05:47:25,230 - INFO - Epoch 98/100
2024-02-02 05:47:25,231 - INFO - Train Loss: 0.42
2024-02-02 05:47:25,231 - INFO - Train Acc: 89.39%
2024-02-02 05:47:30,917 - INFO - Val Loss: 0.29
2024-02-02 05:47:30,918 - INFO - Val Acc: 91.68%
2024-02-02 05:48:49,772 - INFO - ========================================
2024-02-02 05:48:49,772 - INFO - Epoch 99/100
2024-02-02 05:48:49,772 - INFO - Train Loss: 0.41
2024-02-02 05:48:49,772 - INFO - Train Acc: 89.60%
2024-02-02 05:48:55,490 - INFO - Val Loss: 0.28
2024-02-02 05:48:55,490 - INFO - Val Acc: 91.83%
2024-02-02 05:50:14,318 - INFO - ========================================
2024-02-02 05:50:14,318 - INFO - Epoch 100/100
2024-02-02 05:50:14,318 - INFO - Train Loss: 0.44
2024-02-02 05:50:14,318 - INFO - Train Acc: 88.50%
2024-02-02 05:50:20,005 - INFO - Val Loss: 0.29
2024-02-02 05:50:20,005 - INFO - Val Acc: 91.80%
