2024-02-26 09:54:43,364 - INFO - ========================================
2024-02-26 09:54:43,365 - INFO - Epoch 1/100
2024-02-26 09:54:43,365 - INFO - Train Loss: 1.70
2024-02-26 09:54:43,365 - INFO - Train Acc: 38.56
2024-02-26 09:54:50,708 - INFO - Val Loss: 1.41
2024-02-26 09:54:50,709 - INFO - Val Acc: 47.94
2024-02-26 09:56:11,938 - INFO - ========================================
2024-02-26 09:56:11,938 - INFO - Epoch 2/100
2024-02-26 09:56:11,938 - INFO - Train Loss: 1.30
2024-02-26 09:56:11,938 - INFO - Train Acc: 57.01
2024-02-26 09:56:19,569 - INFO - Val Loss: 1.02
2024-02-26 09:56:19,569 - INFO - Val Acc: 64.07
2024-02-26 09:57:40,839 - INFO - ========================================
2024-02-26 09:57:40,840 - INFO - Epoch 3/100
2024-02-26 09:57:40,840 - INFO - Train Loss: 1.14
2024-02-26 09:57:40,840 - INFO - Train Acc: 63.67
2024-02-26 09:57:48,748 - INFO - Val Loss: 0.86
2024-02-26 09:57:48,748 - INFO - Val Acc: 72.92
2024-02-26 09:59:10,739 - INFO - ========================================
2024-02-26 09:59:10,739 - INFO - Epoch 4/100
2024-02-26 09:59:10,740 - INFO - Train Loss: 1.07
2024-02-26 09:59:10,740 - INFO - Train Acc: 67.17
2024-02-26 09:59:17,993 - INFO - Val Loss: 0.71
2024-02-26 09:59:17,994 - INFO - Val Acc: 77.53
2024-02-26 10:00:40,130 - INFO - ========================================
2024-02-26 10:00:40,131 - INFO - Epoch 5/100
2024-02-26 10:00:40,131 - INFO - Train Loss: 0.97
2024-02-26 10:00:40,131 - INFO - Train Acc: 71.51
2024-02-26 10:00:47,743 - INFO - Val Loss: 0.70
2024-02-26 10:00:47,744 - INFO - Val Acc: 78.42
2024-02-26 10:02:10,471 - INFO - ========================================
2024-02-26 10:02:10,472 - INFO - Epoch 6/100
2024-02-26 10:02:10,472 - INFO - Train Loss: 0.89
2024-02-26 10:02:10,472 - INFO - Train Acc: 74.39
2024-02-26 10:02:17,792 - INFO - Val Loss: 0.65
2024-02-26 10:02:17,793 - INFO - Val Acc: 79.39
2024-02-26 10:03:40,187 - INFO - ========================================
2024-02-26 10:03:40,188 - INFO - Epoch 7/100
2024-02-26 10:03:40,188 - INFO - Train Loss: 0.86
2024-02-26 10:03:40,188 - INFO - Train Acc: 75.41
2024-02-26 10:03:47,799 - INFO - Val Loss: 0.58
2024-02-26 10:03:47,799 - INFO - Val Acc: 81.37
2024-02-26 10:05:09,748 - INFO - ========================================
2024-02-26 10:05:09,749 - INFO - Epoch 8/100
2024-02-26 10:05:09,749 - INFO - Train Loss: 0.83
2024-02-26 10:05:09,749 - INFO - Train Acc: 76.45
2024-02-26 10:05:17,478 - INFO - Val Loss: 0.56
2024-02-26 10:05:17,479 - INFO - Val Acc: 81.84
2024-02-26 10:06:39,884 - INFO - ========================================
2024-02-26 10:06:39,884 - INFO - Epoch 9/100
2024-02-26 10:06:39,884 - INFO - Train Loss: 0.77
2024-02-26 10:06:39,884 - INFO - Train Acc: 78.56
2024-02-26 10:06:47,832 - INFO - Val Loss: 0.56
2024-02-26 10:06:47,833 - INFO - Val Acc: 82.49
2024-02-26 10:08:10,010 - INFO - ========================================
2024-02-26 10:08:10,010 - INFO - Epoch 10/100
2024-02-26 10:08:10,010 - INFO - Train Loss: 0.73
2024-02-26 10:08:10,010 - INFO - Train Acc: 79.84
2024-02-26 10:08:17,456 - INFO - Val Loss: 0.52
2024-02-26 10:08:17,457 - INFO - Val Acc: 83.07
2024-02-26 10:09:39,922 - INFO - ========================================
2024-02-26 10:09:39,923 - INFO - Epoch 11/100
2024-02-26 10:09:39,923 - INFO - Train Loss: 0.70
2024-02-26 10:09:39,923 - INFO - Train Acc: 80.75
2024-02-26 10:09:47,337 - INFO - Val Loss: 0.47
2024-02-26 10:09:47,338 - INFO - Val Acc: 84.76
2024-02-26 10:11:09,520 - INFO - ========================================
2024-02-26 10:11:09,520 - INFO - Epoch 12/100
2024-02-26 10:11:09,521 - INFO - Train Loss: 0.70
2024-02-26 10:11:09,521 - INFO - Train Acc: 80.96
2024-02-26 10:11:16,711 - INFO - Val Loss: 0.47
2024-02-26 10:11:16,712 - INFO - Val Acc: 85.15
2024-02-26 10:12:38,922 - INFO - ========================================
2024-02-26 10:12:38,923 - INFO - Epoch 13/100
2024-02-26 10:12:38,923 - INFO - Train Loss: 0.71
2024-02-26 10:12:38,923 - INFO - Train Acc: 81.39
2024-02-26 10:12:46,278 - INFO - Val Loss: 0.49
2024-02-26 10:12:46,279 - INFO - Val Acc: 86.10
2024-02-26 10:14:08,258 - INFO - ========================================
2024-02-26 10:14:08,258 - INFO - Epoch 14/100
2024-02-26 10:14:08,258 - INFO - Train Loss: 0.66
2024-02-26 10:14:08,259 - INFO - Train Acc: 82.56
2024-02-26 10:14:15,661 - INFO - Val Loss: 0.44
2024-02-26 10:14:15,661 - INFO - Val Acc: 86.78
2024-02-26 10:15:37,798 - INFO - ========================================
2024-02-26 10:15:37,799 - INFO - Epoch 15/100
2024-02-26 10:15:37,799 - INFO - Train Loss: 0.66
2024-02-26 10:15:37,799 - INFO - Train Acc: 82.30
2024-02-26 10:15:45,404 - INFO - Val Loss: 0.46
2024-02-26 10:15:45,405 - INFO - Val Acc: 86.44
2024-02-26 10:17:07,911 - INFO - ========================================
2024-02-26 10:17:07,912 - INFO - Epoch 16/100
2024-02-26 10:17:07,912 - INFO - Train Loss: 0.64
2024-02-26 10:17:07,912 - INFO - Train Acc: 83.57
2024-02-26 10:17:15,447 - INFO - Val Loss: 0.44
2024-02-26 10:17:15,447 - INFO - Val Acc: 86.71
2024-02-26 10:18:37,812 - INFO - ========================================
2024-02-26 10:18:37,813 - INFO - Epoch 17/100
2024-02-26 10:18:37,813 - INFO - Train Loss: 0.65
2024-02-26 10:18:37,813 - INFO - Train Acc: 82.70
2024-02-26 10:18:45,273 - INFO - Val Loss: 0.40
2024-02-26 10:18:45,274 - INFO - Val Acc: 87.27
2024-02-26 10:20:07,105 - INFO - ========================================
2024-02-26 10:20:07,106 - INFO - Epoch 18/100
2024-02-26 10:20:07,106 - INFO - Train Loss: 0.57
2024-02-26 10:20:07,106 - INFO - Train Acc: 85.16
2024-02-26 10:20:14,356 - INFO - Val Loss: 0.41
2024-02-26 10:20:14,356 - INFO - Val Acc: 86.85
2024-02-26 10:21:36,434 - INFO - ========================================
2024-02-26 10:21:36,435 - INFO - Epoch 19/100
2024-02-26 10:21:36,435 - INFO - Train Loss: 0.62
2024-02-26 10:21:36,435 - INFO - Train Acc: 84.13
2024-02-26 10:21:43,901 - INFO - Val Loss: 0.42
2024-02-26 10:21:43,902 - INFO - Val Acc: 86.79
2024-02-26 10:23:05,858 - INFO - ========================================
2024-02-26 10:23:05,858 - INFO - Epoch 20/100
2024-02-26 10:23:05,858 - INFO - Train Loss: 0.59
2024-02-26 10:23:05,859 - INFO - Train Acc: 84.45
2024-02-26 10:23:13,185 - INFO - Val Loss: 0.47
2024-02-26 10:23:13,186 - INFO - Val Acc: 85.77
2024-02-26 10:24:35,172 - INFO - ========================================
2024-02-26 10:24:35,173 - INFO - Epoch 21/100
2024-02-26 10:24:35,173 - INFO - Train Loss: 0.59
2024-02-26 10:24:35,173 - INFO - Train Acc: 84.53
2024-02-26 10:24:42,735 - INFO - Val Loss: 0.41
2024-02-26 10:24:42,735 - INFO - Val Acc: 87.75
2024-02-26 10:26:04,658 - INFO - ========================================
2024-02-26 10:26:04,658 - INFO - Epoch 22/100
2024-02-26 10:26:04,659 - INFO - Train Loss: 0.56
2024-02-26 10:26:04,659 - INFO - Train Acc: 85.42
2024-02-26 10:26:12,824 - INFO - Val Loss: 0.42
2024-02-26 10:26:12,825 - INFO - Val Acc: 87.05
2024-02-26 10:27:34,930 - INFO - ========================================
2024-02-26 10:27:34,930 - INFO - Epoch 23/100
2024-02-26 10:27:34,930 - INFO - Train Loss: 0.56
2024-02-26 10:27:34,931 - INFO - Train Acc: 85.56
2024-02-26 10:27:42,526 - INFO - Val Loss: 0.50
2024-02-26 10:27:42,527 - INFO - Val Acc: 84.06
2024-02-26 10:29:04,193 - INFO - ========================================
2024-02-26 10:29:04,194 - INFO - Epoch 24/100
2024-02-26 10:29:04,194 - INFO - Train Loss: 0.53
2024-02-26 10:29:04,194 - INFO - Train Acc: 86.84
2024-02-26 10:29:11,421 - INFO - Val Loss: 0.39
2024-02-26 10:29:11,422 - INFO - Val Acc: 88.12
2024-02-26 10:30:33,274 - INFO - ========================================
2024-02-26 10:30:33,275 - INFO - Epoch 25/100
2024-02-26 10:30:33,275 - INFO - Train Loss: 0.52
2024-02-26 10:30:33,275 - INFO - Train Acc: 86.98
2024-02-26 10:30:40,624 - INFO - Val Loss: 0.41
2024-02-26 10:30:40,625 - INFO - Val Acc: 87.35
2024-02-26 10:32:01,927 - INFO - ========================================
2024-02-26 10:32:01,928 - INFO - Epoch 26/100
2024-02-26 10:32:01,928 - INFO - Train Loss: 0.53
2024-02-26 10:32:01,928 - INFO - Train Acc: 86.54
2024-02-26 10:32:09,122 - INFO - Val Loss: 0.40
2024-02-26 10:32:09,123 - INFO - Val Acc: 88.17
2024-02-26 10:33:30,877 - INFO - ========================================
2024-02-26 10:33:30,878 - INFO - Epoch 27/100
2024-02-26 10:33:30,878 - INFO - Train Loss: 0.51
2024-02-26 10:33:30,878 - INFO - Train Acc: 87.37
2024-02-26 10:33:38,157 - INFO - Val Loss: 0.40
2024-02-26 10:33:38,158 - INFO - Val Acc: 88.48
2024-02-26 10:34:59,618 - INFO - ========================================
2024-02-26 10:34:59,618 - INFO - Epoch 28/100
2024-02-26 10:34:59,619 - INFO - Train Loss: 0.50
2024-02-26 10:34:59,619 - INFO - Train Acc: 87.53
2024-02-26 10:35:07,331 - INFO - Val Loss: 0.38
2024-02-26 10:35:07,332 - INFO - Val Acc: 88.34
2024-02-26 10:36:29,094 - INFO - ========================================
2024-02-26 10:36:29,095 - INFO - Epoch 29/100
2024-02-26 10:36:29,095 - INFO - Train Loss: 0.51
2024-02-26 10:36:29,095 - INFO - Train Acc: 87.20
2024-02-26 10:36:36,423 - INFO - Val Loss: 0.38
2024-02-26 10:36:36,424 - INFO - Val Acc: 88.23
2024-02-26 10:37:58,135 - INFO - ========================================
2024-02-26 10:37:58,135 - INFO - Epoch 30/100
2024-02-26 10:37:58,135 - INFO - Train Loss: 0.48
2024-02-26 10:37:58,135 - INFO - Train Acc: 88.39
2024-02-26 10:38:05,787 - INFO - Val Loss: 0.40
2024-02-26 10:38:05,788 - INFO - Val Acc: 87.83
2024-02-26 10:39:27,168 - INFO - ========================================
2024-02-26 10:39:27,169 - INFO - Epoch 31/100
2024-02-26 10:39:27,169 - INFO - Train Loss: 0.47
2024-02-26 10:39:27,169 - INFO - Train Acc: 88.58
2024-02-26 10:39:34,439 - INFO - Val Loss: 0.36
2024-02-26 10:39:34,441 - INFO - Val Acc: 88.89
2024-02-26 10:40:56,154 - INFO - ========================================
2024-02-26 10:40:56,154 - INFO - Epoch 32/100
2024-02-26 10:40:56,154 - INFO - Train Loss: 0.49
2024-02-26 10:40:56,154 - INFO - Train Acc: 87.97
2024-02-26 10:41:03,470 - INFO - Val Loss: 0.37
2024-02-26 10:41:03,471 - INFO - Val Acc: 88.55
2024-02-26 10:42:25,372 - INFO - ========================================
2024-02-26 10:42:25,372 - INFO - Epoch 33/100
2024-02-26 10:42:25,372 - INFO - Train Loss: 0.50
2024-02-26 10:42:25,372 - INFO - Train Acc: 87.34
2024-02-26 10:42:32,787 - INFO - Val Loss: 0.37
2024-02-26 10:42:32,788 - INFO - Val Acc: 88.65
2024-02-26 10:43:54,290 - INFO - ========================================
2024-02-26 10:43:54,291 - INFO - Epoch 34/100
2024-02-26 10:43:54,291 - INFO - Train Loss: 0.46
2024-02-26 10:43:54,291 - INFO - Train Acc: 88.41
2024-02-26 10:44:01,559 - INFO - Val Loss: 0.37
2024-02-26 10:44:01,560 - INFO - Val Acc: 88.98
2024-02-26 10:45:23,278 - INFO - ========================================
2024-02-26 10:45:23,279 - INFO - Epoch 35/100
2024-02-26 10:45:23,279 - INFO - Train Loss: 0.50
2024-02-26 10:45:23,279 - INFO - Train Acc: 87.27
2024-02-26 10:45:30,671 - INFO - Val Loss: 0.38
2024-02-26 10:45:30,673 - INFO - Val Acc: 88.90
2024-02-26 10:46:51,989 - INFO - ========================================
2024-02-26 10:46:51,990 - INFO - Epoch 36/100
2024-02-26 10:46:51,990 - INFO - Train Loss: 0.48
2024-02-26 10:46:51,990 - INFO - Train Acc: 88.10
2024-02-26 10:46:59,299 - INFO - Val Loss: 0.37
2024-02-26 10:46:59,300 - INFO - Val Acc: 88.73
2024-02-26 10:48:21,044 - INFO - ========================================
2024-02-26 10:48:21,044 - INFO - Epoch 37/100
2024-02-26 10:48:21,044 - INFO - Train Loss: 0.44
2024-02-26 10:48:21,044 - INFO - Train Acc: 89.34
2024-02-26 10:48:28,362 - INFO - Val Loss: 0.37
2024-02-26 10:48:28,363 - INFO - Val Acc: 89.09
2024-02-26 10:49:50,035 - INFO - ========================================
2024-02-26 10:49:50,035 - INFO - Epoch 38/100
2024-02-26 10:49:50,036 - INFO - Train Loss: 0.47
2024-02-26 10:49:50,036 - INFO - Train Acc: 88.18
2024-02-26 10:49:57,319 - INFO - Val Loss: 0.36
2024-02-26 10:49:57,320 - INFO - Val Acc: 89.36
2024-02-26 10:51:19,210 - INFO - ========================================
2024-02-26 10:51:19,211 - INFO - Epoch 39/100
2024-02-26 10:51:19,211 - INFO - Train Loss: 0.45
2024-02-26 10:51:19,211 - INFO - Train Acc: 88.74
2024-02-26 10:51:26,427 - INFO - Val Loss: 0.37
2024-02-26 10:51:26,427 - INFO - Val Acc: 89.29
2024-02-26 10:52:48,369 - INFO - ========================================
2024-02-26 10:52:48,369 - INFO - Epoch 40/100
2024-02-26 10:52:48,369 - INFO - Train Loss: 0.48
2024-02-26 10:52:48,369 - INFO - Train Acc: 87.99
2024-02-26 10:52:55,761 - INFO - Val Loss: 0.36
2024-02-26 10:52:55,762 - INFO - Val Acc: 89.42
2024-02-26 10:54:17,439 - INFO - ========================================
2024-02-26 10:54:17,440 - INFO - Epoch 41/100
2024-02-26 10:54:17,440 - INFO - Train Loss: 0.40
2024-02-26 10:54:17,440 - INFO - Train Acc: 90.11
2024-02-26 10:54:24,855 - INFO - Val Loss: 0.36
2024-02-26 10:54:24,856 - INFO - Val Acc: 89.60
2024-02-26 10:55:46,657 - INFO - ========================================
2024-02-26 10:55:46,658 - INFO - Epoch 42/100
2024-02-26 10:55:46,658 - INFO - Train Loss: 0.45
2024-02-26 10:55:46,658 - INFO - Train Acc: 88.54
2024-02-26 10:55:53,926 - INFO - Val Loss: 0.37
2024-02-26 10:55:53,927 - INFO - Val Acc: 89.33
2024-02-26 10:57:15,757 - INFO - ========================================
2024-02-26 10:57:15,758 - INFO - Epoch 43/100
2024-02-26 10:57:15,758 - INFO - Train Loss: 0.46
2024-02-26 10:57:15,758 - INFO - Train Acc: 88.62
2024-02-26 10:57:23,193 - INFO - Val Loss: 0.37
2024-02-26 10:57:23,194 - INFO - Val Acc: 89.02
2024-02-26 10:58:44,925 - INFO - ========================================
2024-02-26 10:58:44,925 - INFO - Epoch 44/100
2024-02-26 10:58:44,925 - INFO - Train Loss: 0.45
2024-02-26 10:58:44,925 - INFO - Train Acc: 88.82
2024-02-26 10:58:52,011 - INFO - Val Loss: 0.36
2024-02-26 10:58:52,012 - INFO - Val Acc: 89.69
2024-02-26 11:00:13,742 - INFO - ========================================
2024-02-26 11:00:13,743 - INFO - Epoch 45/100
2024-02-26 11:00:13,743 - INFO - Train Loss: 0.44
2024-02-26 11:00:13,743 - INFO - Train Acc: 89.03
2024-02-26 11:00:21,360 - INFO - Val Loss: 0.35
2024-02-26 11:00:21,361 - INFO - Val Acc: 89.83
2024-02-26 11:01:43,062 - INFO - ========================================
2024-02-26 11:01:43,063 - INFO - Epoch 46/100
2024-02-26 11:01:43,063 - INFO - Train Loss: 0.44
2024-02-26 11:01:43,063 - INFO - Train Acc: 89.10
2024-02-26 11:01:50,516 - INFO - Val Loss: 0.36
2024-02-26 11:01:50,519 - INFO - Val Acc: 89.59
2024-02-26 11:03:12,222 - INFO - ========================================
2024-02-26 11:03:12,223 - INFO - Epoch 47/100
2024-02-26 11:03:12,223 - INFO - Train Loss: 0.44
2024-02-26 11:03:12,223 - INFO - Train Acc: 88.78
2024-02-26 11:03:19,395 - INFO - Val Loss: 0.34
2024-02-26 11:03:19,396 - INFO - Val Acc: 90.02
2024-02-26 11:04:41,050 - INFO - ========================================
2024-02-26 11:04:41,051 - INFO - Epoch 48/100
2024-02-26 11:04:41,051 - INFO - Train Loss: 0.43
2024-02-26 11:04:41,051 - INFO - Train Acc: 89.53
2024-02-26 11:04:48,447 - INFO - Val Loss: 0.34
2024-02-26 11:04:48,448 - INFO - Val Acc: 89.90
2024-02-26 11:06:10,434 - INFO - ========================================
2024-02-26 11:06:10,435 - INFO - Epoch 49/100
2024-02-26 11:06:10,435 - INFO - Train Loss: 0.44
2024-02-26 11:06:10,435 - INFO - Train Acc: 89.03
2024-02-26 11:06:17,831 - INFO - Val Loss: 0.35
2024-02-26 11:06:17,831 - INFO - Val Acc: 89.63
2024-02-26 11:07:39,431 - INFO - ========================================
2024-02-26 11:07:39,432 - INFO - Epoch 50/100
2024-02-26 11:07:39,432 - INFO - Train Loss: 0.48
2024-02-26 11:07:39,432 - INFO - Train Acc: 87.70
2024-02-26 11:07:46,808 - INFO - Val Loss: 0.35
2024-02-26 11:07:46,809 - INFO - Val Acc: 89.93
2024-02-26 11:09:08,061 - INFO - ========================================
2024-02-26 11:09:08,062 - INFO - Epoch 51/100
2024-02-26 11:09:08,062 - INFO - Train Loss: 0.41
2024-02-26 11:09:08,062 - INFO - Train Acc: 89.93
2024-02-26 11:09:15,539 - INFO - Val Loss: 0.35
2024-02-26 11:09:15,541 - INFO - Val Acc: 90.04
2024-02-26 11:10:36,761 - INFO - ========================================
2024-02-26 11:10:36,761 - INFO - Epoch 52/100
2024-02-26 11:10:36,761 - INFO - Train Loss: 0.44
2024-02-26 11:10:36,761 - INFO - Train Acc: 89.37
2024-02-26 11:10:44,500 - INFO - Val Loss: 0.35
2024-02-26 11:10:44,500 - INFO - Val Acc: 89.73
2024-02-26 11:12:05,499 - INFO - ========================================
2024-02-26 11:12:05,500 - INFO - Epoch 53/100
2024-02-26 11:12:05,500 - INFO - Train Loss: 0.44
2024-02-26 11:12:05,500 - INFO - Train Acc: 88.61
2024-02-26 11:12:12,994 - INFO - Val Loss: 0.34
2024-02-26 11:12:12,995 - INFO - Val Acc: 90.11
2024-02-26 11:13:34,259 - INFO - ========================================
2024-02-26 11:13:34,259 - INFO - Epoch 54/100
2024-02-26 11:13:34,260 - INFO - Train Loss: 0.43
2024-02-26 11:13:34,260 - INFO - Train Acc: 89.21
2024-02-26 11:13:42,556 - INFO - Val Loss: 0.34
2024-02-26 11:13:42,557 - INFO - Val Acc: 90.37
2024-02-26 11:15:03,264 - INFO - ========================================
2024-02-26 11:15:03,265 - INFO - Epoch 55/100
2024-02-26 11:15:03,265 - INFO - Train Loss: 0.51
2024-02-26 11:15:03,265 - INFO - Train Acc: 86.89
2024-02-26 11:15:10,754 - INFO - Val Loss: 0.37
2024-02-26 11:15:10,755 - INFO - Val Acc: 89.82
2024-02-26 11:16:32,076 - INFO - ========================================
2024-02-26 11:16:32,076 - INFO - Epoch 56/100
2024-02-26 11:16:32,076 - INFO - Train Loss: 0.40
2024-02-26 11:16:32,076 - INFO - Train Acc: 90.28
2024-02-26 11:16:39,387 - INFO - Val Loss: 0.33
2024-02-26 11:16:39,388 - INFO - Val Acc: 90.34
2024-02-26 11:18:00,377 - INFO - ========================================
2024-02-26 11:18:00,377 - INFO - Epoch 57/100
2024-02-26 11:18:00,378 - INFO - Train Loss: 0.47
2024-02-26 11:18:00,378 - INFO - Train Acc: 87.49
2024-02-26 11:18:07,861 - INFO - Val Loss: 0.37
2024-02-26 11:18:07,861 - INFO - Val Acc: 90.06
2024-02-26 11:19:28,971 - INFO - ========================================
2024-02-26 11:19:28,972 - INFO - Epoch 58/100
2024-02-26 11:19:28,972 - INFO - Train Loss: 0.41
2024-02-26 11:19:28,972 - INFO - Train Acc: 90.17
2024-02-26 11:19:36,247 - INFO - Val Loss: 0.33
2024-02-26 11:19:36,248 - INFO - Val Acc: 90.32
2024-02-26 11:20:57,452 - INFO - ========================================
2024-02-26 11:20:57,453 - INFO - Epoch 59/100
2024-02-26 11:20:57,453 - INFO - Train Loss: 0.42
2024-02-26 11:20:57,453 - INFO - Train Acc: 89.16
2024-02-26 11:21:05,132 - INFO - Val Loss: 0.35
2024-02-26 11:21:05,133 - INFO - Val Acc: 90.19
2024-02-26 11:22:26,317 - INFO - ========================================
2024-02-26 11:22:26,318 - INFO - Epoch 60/100
2024-02-26 11:22:26,318 - INFO - Train Loss: 0.40
2024-02-26 11:22:26,318 - INFO - Train Acc: 89.70
2024-02-26 11:22:33,575 - INFO - Val Loss: 0.34
2024-02-26 11:22:33,576 - INFO - Val Acc: 90.37
2024-02-26 11:23:54,157 - INFO - ========================================
2024-02-26 11:23:54,158 - INFO - Epoch 61/100
2024-02-26 11:23:54,158 - INFO - Train Loss: 0.40
2024-02-26 11:23:54,158 - INFO - Train Acc: 89.83
2024-02-26 11:24:01,723 - INFO - Val Loss: 0.34
2024-02-26 11:24:01,724 - INFO - Val Acc: 90.46
2024-02-26 11:25:22,705 - INFO - ========================================
2024-02-26 11:25:22,706 - INFO - Epoch 62/100
2024-02-26 11:25:22,706 - INFO - Train Loss: 0.38
2024-02-26 11:25:22,706 - INFO - Train Acc: 90.66
2024-02-26 11:25:30,026 - INFO - Val Loss: 0.33
2024-02-26 11:25:30,027 - INFO - Val Acc: 90.44
2024-02-26 11:26:50,894 - INFO - ========================================
2024-02-26 11:26:50,894 - INFO - Epoch 63/100
2024-02-26 11:26:50,894 - INFO - Train Loss: 0.43
2024-02-26 11:26:50,894 - INFO - Train Acc: 88.94
2024-02-26 11:26:58,356 - INFO - Val Loss: 0.33
2024-02-26 11:26:58,357 - INFO - Val Acc: 90.74
2024-02-26 11:28:19,424 - INFO - ========================================
2024-02-26 11:28:19,424 - INFO - Epoch 64/100
2024-02-26 11:28:19,425 - INFO - Train Loss: 0.45
2024-02-26 11:28:19,425 - INFO - Train Acc: 88.73
2024-02-26 11:28:26,700 - INFO - Val Loss: 0.32
2024-02-26 11:28:26,701 - INFO - Val Acc: 90.66
2024-02-26 11:29:48,122 - INFO - ========================================
2024-02-26 11:29:48,123 - INFO - Epoch 65/100
2024-02-26 11:29:48,123 - INFO - Train Loss: 0.38
2024-02-26 11:29:48,123 - INFO - Train Acc: 90.67
2024-02-26 11:29:55,318 - INFO - Val Loss: 0.32
2024-02-26 11:29:55,318 - INFO - Val Acc: 90.77
2024-02-26 11:31:16,520 - INFO - ========================================
2024-02-26 11:31:16,521 - INFO - Epoch 66/100
2024-02-26 11:31:16,521 - INFO - Train Loss: 0.40
2024-02-26 11:31:16,521 - INFO - Train Acc: 89.98
2024-02-26 11:31:23,770 - INFO - Val Loss: 0.32
2024-02-26 11:31:23,771 - INFO - Val Acc: 90.71
2024-02-26 11:32:44,684 - INFO - ========================================
2024-02-26 11:32:44,685 - INFO - Epoch 67/100
2024-02-26 11:32:44,685 - INFO - Train Loss: 0.46
2024-02-26 11:32:44,685 - INFO - Train Acc: 88.06
2024-02-26 11:32:52,026 - INFO - Val Loss: 0.33
2024-02-26 11:32:52,027 - INFO - Val Acc: 90.74
2024-02-26 11:34:13,033 - INFO - ========================================
2024-02-26 11:34:13,034 - INFO - Epoch 68/100
2024-02-26 11:34:13,034 - INFO - Train Loss: 0.43
2024-02-26 11:34:13,034 - INFO - Train Acc: 89.34
2024-02-26 11:34:20,787 - INFO - Val Loss: 0.32
2024-02-26 11:34:20,788 - INFO - Val Acc: 90.61
2024-02-26 11:35:41,552 - INFO - ========================================
2024-02-26 11:35:41,553 - INFO - Epoch 69/100
2024-02-26 11:35:41,553 - INFO - Train Loss: 0.43
2024-02-26 11:35:41,553 - INFO - Train Acc: 89.14
2024-02-26 11:35:48,850 - INFO - Val Loss: 0.32
2024-02-26 11:35:48,851 - INFO - Val Acc: 90.66
2024-02-26 11:37:09,803 - INFO - ========================================
2024-02-26 11:37:09,803 - INFO - Epoch 70/100
2024-02-26 11:37:09,803 - INFO - Train Loss: 0.45
2024-02-26 11:37:09,803 - INFO - Train Acc: 88.25
2024-02-26 11:37:17,015 - INFO - Val Loss: 0.33
2024-02-26 11:37:17,016 - INFO - Val Acc: 90.36
2024-02-26 11:38:38,187 - INFO - ========================================
2024-02-26 11:38:38,188 - INFO - Epoch 71/100
2024-02-26 11:38:38,188 - INFO - Train Loss: 0.45
2024-02-26 11:38:38,188 - INFO - Train Acc: 88.31
2024-02-26 11:38:45,706 - INFO - Val Loss: 0.33
2024-02-26 11:38:45,707 - INFO - Val Acc: 90.39
2024-02-26 11:40:07,024 - INFO - ========================================
2024-02-26 11:40:07,025 - INFO - Epoch 72/100
2024-02-26 11:40:07,025 - INFO - Train Loss: 0.41
2024-02-26 11:40:07,025 - INFO - Train Acc: 89.59
2024-02-26 11:40:14,682 - INFO - Val Loss: 0.32
2024-02-26 11:40:14,683 - INFO - Val Acc: 90.71
2024-02-26 11:41:35,903 - INFO - ========================================
2024-02-26 11:41:35,903 - INFO - Epoch 73/100
2024-02-26 11:41:35,903 - INFO - Train Loss: 0.41
2024-02-26 11:41:35,904 - INFO - Train Acc: 89.87
2024-02-26 11:41:43,319 - INFO - Val Loss: 0.32
2024-02-26 11:41:43,320 - INFO - Val Acc: 90.93
2024-02-26 11:43:04,450 - INFO - ========================================
2024-02-26 11:43:04,450 - INFO - Epoch 74/100
2024-02-26 11:43:04,450 - INFO - Train Loss: 0.45
2024-02-26 11:43:04,451 - INFO - Train Acc: 88.19
2024-02-26 11:43:12,036 - INFO - Val Loss: 0.31
2024-02-26 11:43:12,037 - INFO - Val Acc: 90.96
2024-02-26 11:44:32,910 - INFO - ========================================
2024-02-26 11:44:32,911 - INFO - Epoch 75/100
2024-02-26 11:44:32,911 - INFO - Train Loss: 0.36
2024-02-26 11:44:32,911 - INFO - Train Acc: 90.82
2024-02-26 11:44:40,297 - INFO - Val Loss: 0.31
2024-02-26 11:44:40,298 - INFO - Val Acc: 90.94
2024-02-26 11:46:01,429 - INFO - ========================================
2024-02-26 11:46:01,430 - INFO - Epoch 76/100
2024-02-26 11:46:01,430 - INFO - Train Loss: 0.36
2024-02-26 11:46:01,430 - INFO - Train Acc: 91.35
2024-02-26 11:46:08,678 - INFO - Val Loss: 0.32
2024-02-26 11:46:08,679 - INFO - Val Acc: 91.06
2024-02-26 11:47:29,824 - INFO - ========================================
2024-02-26 11:47:29,824 - INFO - Epoch 77/100
2024-02-26 11:47:29,824 - INFO - Train Loss: 0.40
2024-02-26 11:47:29,824 - INFO - Train Acc: 89.61
2024-02-26 11:47:37,053 - INFO - Val Loss: 0.32
2024-02-26 11:47:37,054 - INFO - Val Acc: 90.80
2024-02-26 11:48:58,266 - INFO - ========================================
2024-02-26 11:48:58,267 - INFO - Epoch 78/100
2024-02-26 11:48:58,267 - INFO - Train Loss: 0.40
2024-02-26 11:48:58,267 - INFO - Train Acc: 90.25
2024-02-26 11:49:05,702 - INFO - Val Loss: 0.32
2024-02-26 11:49:05,703 - INFO - Val Acc: 90.89
2024-02-26 11:50:26,824 - INFO - ========================================
2024-02-26 11:50:26,825 - INFO - Epoch 79/100
2024-02-26 11:50:26,825 - INFO - Train Loss: 0.41
2024-02-26 11:50:26,825 - INFO - Train Acc: 89.43
2024-02-26 11:50:34,369 - INFO - Val Loss: 0.32
2024-02-26 11:50:34,369 - INFO - Val Acc: 91.01
2024-02-26 11:51:55,547 - INFO - ========================================
2024-02-26 11:51:55,547 - INFO - Epoch 80/100
2024-02-26 11:51:55,547 - INFO - Train Loss: 0.42
2024-02-26 11:51:55,548 - INFO - Train Acc: 89.23
2024-02-26 11:52:02,756 - INFO - Val Loss: 0.32
2024-02-26 11:52:02,757 - INFO - Val Acc: 91.00
2024-02-26 11:53:23,929 - INFO - ========================================
2024-02-26 11:53:23,930 - INFO - Epoch 81/100
2024-02-26 11:53:23,930 - INFO - Train Loss: 0.43
2024-02-26 11:53:23,930 - INFO - Train Acc: 88.56
2024-02-26 11:53:31,141 - INFO - Val Loss: 0.32
2024-02-26 11:53:31,141 - INFO - Val Acc: 90.89
2024-02-26 11:54:52,201 - INFO - ========================================
2024-02-26 11:54:52,201 - INFO - Epoch 82/100
2024-02-26 11:54:52,202 - INFO - Train Loss: 0.39
2024-02-26 11:54:52,202 - INFO - Train Acc: 90.18
2024-02-26 11:54:59,482 - INFO - Val Loss: 0.31
2024-02-26 11:54:59,483 - INFO - Val Acc: 90.85
2024-02-26 11:56:20,454 - INFO - ========================================
2024-02-26 11:56:20,454 - INFO - Epoch 83/100
2024-02-26 11:56:20,454 - INFO - Train Loss: 0.40
2024-02-26 11:56:20,455 - INFO - Train Acc: 89.65
2024-02-26 11:56:27,838 - INFO - Val Loss: 0.31
2024-02-26 11:56:27,838 - INFO - Val Acc: 91.27
2024-02-26 11:57:49,034 - INFO - ========================================
2024-02-26 11:57:49,035 - INFO - Epoch 84/100
2024-02-26 11:57:49,035 - INFO - Train Loss: 0.42
2024-02-26 11:57:49,035 - INFO - Train Acc: 89.27
2024-02-26 11:57:56,553 - INFO - Val Loss: 0.31
2024-02-26 11:57:56,554 - INFO - Val Acc: 91.32
2024-02-26 11:59:17,799 - INFO - ========================================
2024-02-26 11:59:17,799 - INFO - Epoch 85/100
2024-02-26 11:59:17,799 - INFO - Train Loss: 0.39
2024-02-26 11:59:17,799 - INFO - Train Acc: 90.38
2024-02-26 11:59:24,980 - INFO - Val Loss: 0.31
2024-02-26 11:59:24,981 - INFO - Val Acc: 91.27
2024-02-26 12:00:46,129 - INFO - ========================================
2024-02-26 12:00:46,130 - INFO - Epoch 86/100
2024-02-26 12:00:46,130 - INFO - Train Loss: 0.37
2024-02-26 12:00:46,130 - INFO - Train Acc: 90.91
2024-02-26 12:00:53,768 - INFO - Val Loss: 0.33
2024-02-26 12:00:53,769 - INFO - Val Acc: 91.01
2024-02-26 12:02:15,014 - INFO - ========================================
2024-02-26 12:02:15,014 - INFO - Epoch 87/100
2024-02-26 12:02:15,014 - INFO - Train Loss: 0.42
2024-02-26 12:02:15,015 - INFO - Train Acc: 89.08
2024-02-26 12:02:22,194 - INFO - Val Loss: 0.32
2024-02-26 12:02:22,195 - INFO - Val Acc: 91.05
2024-02-26 12:03:43,179 - INFO - ========================================
2024-02-26 12:03:43,180 - INFO - Epoch 88/100
2024-02-26 12:03:43,180 - INFO - Train Loss: 0.38
2024-02-26 12:03:43,180 - INFO - Train Acc: 90.53
2024-02-26 12:03:50,380 - INFO - Val Loss: 0.31
2024-02-26 12:03:50,381 - INFO - Val Acc: 91.13
2024-02-26 12:05:11,510 - INFO - ========================================
2024-02-26 12:05:11,511 - INFO - Epoch 89/100
2024-02-26 12:05:11,511 - INFO - Train Loss: 0.40
2024-02-26 12:05:11,511 - INFO - Train Acc: 89.91
2024-02-26 12:05:18,672 - INFO - Val Loss: 0.31
2024-02-26 12:05:18,673 - INFO - Val Acc: 91.03
2024-02-26 12:06:39,642 - INFO - ========================================
2024-02-26 12:06:39,643 - INFO - Epoch 90/100
2024-02-26 12:06:39,643 - INFO - Train Loss: 0.41
2024-02-26 12:06:39,643 - INFO - Train Acc: 88.97
2024-02-26 12:06:47,118 - INFO - Val Loss: 0.31
2024-02-26 12:06:47,118 - INFO - Val Acc: 91.01
2024-02-26 12:08:08,252 - INFO - ========================================
2024-02-26 12:08:08,253 - INFO - Epoch 91/100
2024-02-26 12:08:08,253 - INFO - Train Loss: 0.36
2024-02-26 12:08:08,253 - INFO - Train Acc: 90.91
2024-02-26 12:08:15,562 - INFO - Val Loss: 0.31
2024-02-26 12:08:15,563 - INFO - Val Acc: 91.19
2024-02-26 12:09:36,433 - INFO - ========================================
2024-02-26 12:09:36,433 - INFO - Epoch 92/100
2024-02-26 12:09:36,433 - INFO - Train Loss: 0.38
2024-02-26 12:09:36,433 - INFO - Train Acc: 90.13
2024-02-26 12:09:43,724 - INFO - Val Loss: 0.31
2024-02-26 12:09:43,725 - INFO - Val Acc: 91.00
2024-02-26 12:11:04,941 - INFO - ========================================
2024-02-26 12:11:04,941 - INFO - Epoch 93/100
2024-02-26 12:11:04,941 - INFO - Train Loss: 0.37
2024-02-26 12:11:04,941 - INFO - Train Acc: 90.73
2024-02-26 12:11:12,301 - INFO - Val Loss: 0.31
2024-02-26 12:11:12,302 - INFO - Val Acc: 91.16
2024-02-26 12:12:33,352 - INFO - ========================================
2024-02-26 12:12:33,353 - INFO - Epoch 94/100
2024-02-26 12:12:33,353 - INFO - Train Loss: 0.41
2024-02-26 12:12:33,353 - INFO - Train Acc: 89.71
2024-02-26 12:12:40,726 - INFO - Val Loss: 0.31
2024-02-26 12:12:40,727 - INFO - Val Acc: 91.10
2024-02-26 12:14:02,246 - INFO - ========================================
2024-02-26 12:14:02,247 - INFO - Epoch 95/100
2024-02-26 12:14:02,247 - INFO - Train Loss: 0.39
2024-02-26 12:14:02,247 - INFO - Train Acc: 90.26
2024-02-26 12:14:09,665 - INFO - Val Loss: 0.31
2024-02-26 12:14:09,665 - INFO - Val Acc: 91.07
2024-02-26 12:15:30,870 - INFO - ========================================
2024-02-26 12:15:30,871 - INFO - Epoch 96/100
2024-02-26 12:15:30,871 - INFO - Train Loss: 0.42
2024-02-26 12:15:30,871 - INFO - Train Acc: 88.89
2024-02-26 12:15:38,079 - INFO - Val Loss: 0.31
2024-02-26 12:15:38,079 - INFO - Val Acc: 91.07
2024-02-26 12:16:59,092 - INFO - ========================================
2024-02-26 12:16:59,092 - INFO - Epoch 97/100
2024-02-26 12:16:59,092 - INFO - Train Loss: 0.42
2024-02-26 12:16:59,092 - INFO - Train Acc: 89.08
2024-02-26 12:17:06,772 - INFO - Val Loss: 0.31
2024-02-26 12:17:06,773 - INFO - Val Acc: 91.20
2024-02-26 12:18:27,686 - INFO - ========================================
2024-02-26 12:18:27,687 - INFO - Epoch 98/100
2024-02-26 12:18:27,687 - INFO - Train Loss: 0.39
2024-02-26 12:18:27,687 - INFO - Train Acc: 89.97
2024-02-26 12:18:35,027 - INFO - Val Loss: 0.32
2024-02-26 12:18:35,028 - INFO - Val Acc: 91.15
2024-02-26 12:19:56,002 - INFO - ========================================
2024-02-26 12:19:56,002 - INFO - Epoch 99/100
2024-02-26 12:19:56,002 - INFO - Train Loss: 0.44
2024-02-26 12:19:56,002 - INFO - Train Acc: 88.60
2024-02-26 12:20:03,415 - INFO - Val Loss: 0.31
2024-02-26 12:20:03,416 - INFO - Val Acc: 91.20
2024-02-26 12:21:24,423 - INFO - ========================================
2024-02-26 12:21:24,424 - INFO - Epoch 100/100
2024-02-26 12:21:24,424 - INFO - Train Loss: 0.41
2024-02-26 12:21:24,424 - INFO - Train Acc: 89.55
2024-02-26 12:21:31,678 - INFO - Val Loss: 0.31
2024-02-26 12:21:31,679 - INFO - Val Acc: 91.15
