2024-01-29 09:17:18,674 - INFO - Training MobileNetV3 Small 
2024-01-29 09:18:14,391 - INFO - ========================================
2024-01-29 09:18:14,391 - INFO - Epoch 1/100
2024-01-29 09:18:14,391 - INFO - Train Loss: 1.78
Train Acc: 36.07%
2024-01-29 09:18:18,896 - INFO - Val Loss: 1.38
Val Acc: 51.44%
2024-01-29 09:19:14,197 - INFO - ========================================
2024-01-29 09:19:14,197 - INFO - Epoch 2/100
2024-01-29 09:19:14,197 - INFO - Train Loss: 1.43
Train Acc: 53.27%
2024-01-29 09:19:18,719 - INFO - Val Loss: 1.03
Val Acc: 64.73%
2024-01-29 09:20:13,974 - INFO - ========================================
2024-01-29 09:20:13,974 - INFO - Epoch 3/100
2024-01-29 09:20:13,974 - INFO - Train Loss: 1.27
Train Acc: 59.73%
2024-01-29 09:20:18,479 - INFO - Val Loss: 0.95
Val Acc: 66.43%
2024-01-29 09:21:13,715 - INFO - ========================================
2024-01-29 09:21:13,715 - INFO - Epoch 4/100
2024-01-29 09:21:13,715 - INFO - Train Loss: 1.18
Train Acc: 64.32%
2024-01-29 09:21:18,215 - INFO - Val Loss: 0.80
Val Acc: 75.21%
2024-01-29 09:22:13,464 - INFO - ========================================
2024-01-29 09:22:13,464 - INFO - Epoch 5/100
2024-01-29 09:22:13,464 - INFO - Train Loss: 1.07
Train Acc: 68.56%
2024-01-29 09:22:17,952 - INFO - Val Loss: 0.65
Val Acc: 78.96%
2024-01-29 09:23:13,239 - INFO - ========================================
2024-01-29 09:23:13,239 - INFO - Epoch 6/100
2024-01-29 09:23:13,239 - INFO - Train Loss: 1.10
Train Acc: 67.97%
2024-01-29 09:23:17,723 - INFO - Val Loss: 0.69
Val Acc: 78.28%
2024-01-29 09:24:12,960 - INFO - ========================================
2024-01-29 09:24:12,960 - INFO - Epoch 7/100
2024-01-29 09:24:12,960 - INFO - Train Loss: 1.02
Train Acc: 70.32%
2024-01-29 09:24:17,480 - INFO - Val Loss: 0.60
Val Acc: 82.12%
2024-01-29 09:25:12,826 - INFO - ========================================
2024-01-29 09:25:12,826 - INFO - Epoch 8/100
2024-01-29 09:25:12,826 - INFO - Train Loss: 1.02
Train Acc: 70.67%
2024-01-29 09:25:17,348 - INFO - Val Loss: 0.60
Val Acc: 82.13%
2024-01-29 09:26:12,580 - INFO - ========================================
2024-01-29 09:26:12,580 - INFO - Epoch 9/100
2024-01-29 09:26:12,580 - INFO - Train Loss: 0.95
Train Acc: 73.36%
2024-01-29 09:26:17,106 - INFO - Val Loss: 0.53
Val Acc: 84.40%
2024-01-29 09:27:12,356 - INFO - ========================================
2024-01-29 09:27:12,356 - INFO - Epoch 10/100
2024-01-29 09:27:12,356 - INFO - Train Loss: 0.94
Train Acc: 73.72%
2024-01-29 09:27:16,896 - INFO - Val Loss: 0.56
Val Acc: 83.30%
2024-01-29 09:28:12,139 - INFO - ========================================
2024-01-29 09:28:12,139 - INFO - Epoch 11/100
2024-01-29 09:28:12,139 - INFO - Train Loss: 0.93
Train Acc: 73.90%
2024-01-29 09:28:16,705 - INFO - Val Loss: 0.51
Val Acc: 85.04%
2024-01-29 09:29:11,997 - INFO - ========================================
2024-01-29 09:29:11,997 - INFO - Epoch 12/100
2024-01-29 09:29:11,997 - INFO - Train Loss: 0.90
Train Acc: 74.78%
2024-01-29 09:29:16,539 - INFO - Val Loss: 0.51
Val Acc: 85.88%
2024-01-29 09:30:11,770 - INFO - ========================================
2024-01-29 09:30:11,770 - INFO - Epoch 13/100
2024-01-29 09:30:11,770 - INFO - Train Loss: 0.88
Train Acc: 75.82%
2024-01-29 09:30:16,291 - INFO - Val Loss: 0.51
Val Acc: 85.36%
2024-01-29 09:31:11,565 - INFO - ========================================
2024-01-29 09:31:11,565 - INFO - Epoch 14/100
2024-01-29 09:31:11,565 - INFO - Train Loss: 0.85
Train Acc: 76.28%
2024-01-29 09:31:16,045 - INFO - Val Loss: 0.49
Val Acc: 85.84%
2024-01-29 09:32:11,286 - INFO - ========================================
2024-01-29 09:32:11,286 - INFO - Epoch 15/100
2024-01-29 09:32:11,286 - INFO - Train Loss: 0.87
Train Acc: 75.65%
2024-01-29 09:32:15,796 - INFO - Val Loss: 0.52
Val Acc: 86.03%
2024-01-29 09:33:11,076 - INFO - ========================================
2024-01-29 09:33:11,076 - INFO - Epoch 16/100
2024-01-29 09:33:11,076 - INFO - Train Loss: 0.86
Train Acc: 76.40%
2024-01-29 09:33:15,574 - INFO - Val Loss: 0.45
Val Acc: 86.93%
2024-01-29 09:34:10,795 - INFO - ========================================
2024-01-29 09:34:10,795 - INFO - Epoch 17/100
2024-01-29 09:34:10,795 - INFO - Train Loss: 0.80
Train Acc: 78.39%
2024-01-29 09:34:15,356 - INFO - Val Loss: 0.44
Val Acc: 87.66%
2024-01-29 09:35:10,582 - INFO - ========================================
2024-01-29 09:35:10,583 - INFO - Epoch 18/100
2024-01-29 09:35:10,583 - INFO - Train Loss: 0.83
Train Acc: 77.24%
2024-01-29 09:35:15,077 - INFO - Val Loss: 0.47
Val Acc: 86.60%
2024-01-29 09:36:10,302 - INFO - ========================================
2024-01-29 09:36:10,302 - INFO - Epoch 19/100
2024-01-29 09:36:10,302 - INFO - Train Loss: 0.78
Train Acc: 78.93%
2024-01-29 09:36:14,804 - INFO - Val Loss: 0.46
Val Acc: 86.90%
2024-01-29 09:37:10,039 - INFO - ========================================
2024-01-29 09:37:10,040 - INFO - Epoch 20/100
2024-01-29 09:37:10,040 - INFO - Train Loss: 0.80
Train Acc: 78.60%
2024-01-29 09:37:14,567 - INFO - Val Loss: 0.48
Val Acc: 86.77%
2024-01-29 09:38:09,808 - INFO - ========================================
2024-01-29 09:38:09,808 - INFO - Epoch 21/100
2024-01-29 09:38:09,808 - INFO - Train Loss: 0.80
Train Acc: 77.90%
2024-01-29 09:38:14,332 - INFO - Val Loss: 0.45
Val Acc: 88.63%
2024-01-29 09:39:09,577 - INFO - ========================================
2024-01-29 09:39:09,577 - INFO - Epoch 22/100
2024-01-29 09:39:09,577 - INFO - Train Loss: 0.78
Train Acc: 79.01%
2024-01-29 09:39:14,087 - INFO - Val Loss: 0.42
Val Acc: 88.07%
2024-01-29 09:40:09,289 - INFO - ========================================
2024-01-29 09:40:09,289 - INFO - Epoch 23/100
2024-01-29 09:40:09,290 - INFO - Train Loss: 0.76
Train Acc: 79.45%
2024-01-29 09:40:13,794 - INFO - Val Loss: 0.42
Val Acc: 87.87%
2024-01-29 09:41:09,011 - INFO - ========================================
2024-01-29 09:41:09,011 - INFO - Epoch 24/100
2024-01-29 09:41:09,011 - INFO - Train Loss: 0.76
Train Acc: 79.58%
2024-01-29 09:41:13,511 - INFO - Val Loss: 0.39
Val Acc: 89.27%
2024-01-29 09:42:08,794 - INFO - ========================================
2024-01-29 09:42:08,794 - INFO - Epoch 25/100
2024-01-29 09:42:08,794 - INFO - Train Loss: 0.73
Train Acc: 80.86%
2024-01-29 09:42:13,314 - INFO - Val Loss: 0.37
Val Acc: 88.89%
2024-01-29 09:43:08,540 - INFO - ========================================
2024-01-29 09:43:08,540 - INFO - Epoch 26/100
2024-01-29 09:43:08,540 - INFO - Train Loss: 0.76
Train Acc: 79.99%
2024-01-29 09:43:13,020 - INFO - Val Loss: 0.45
Val Acc: 88.65%
2024-01-29 09:44:08,258 - INFO - ========================================
2024-01-29 09:44:08,258 - INFO - Epoch 27/100
2024-01-29 09:44:08,258 - INFO - Train Loss: 0.72
Train Acc: 80.90%
2024-01-29 09:44:12,759 - INFO - Val Loss: 0.43
Val Acc: 88.91%
2024-01-29 09:45:07,957 - INFO - ========================================
2024-01-29 09:45:07,957 - INFO - Epoch 28/100
2024-01-29 09:45:07,957 - INFO - Train Loss: 0.77
Train Acc: 79.68%
2024-01-29 09:45:12,448 - INFO - Val Loss: 0.44
Val Acc: 88.38%
2024-01-29 09:46:07,703 - INFO - ========================================
2024-01-29 09:46:07,703 - INFO - Epoch 29/100
2024-01-29 09:46:07,703 - INFO - Train Loss: 0.71
Train Acc: 81.25%
2024-01-29 09:46:12,195 - INFO - Val Loss: 0.46
Val Acc: 88.79%
2024-01-29 09:47:07,408 - INFO - ========================================
2024-01-29 09:47:07,408 - INFO - Epoch 30/100
2024-01-29 09:47:07,408 - INFO - Train Loss: 0.70
Train Acc: 81.58%
2024-01-29 09:47:11,905 - INFO - Val Loss: 0.39
Val Acc: 89.51%
2024-01-29 09:48:07,153 - INFO - ========================================
2024-01-29 09:48:07,153 - INFO - Epoch 31/100
2024-01-29 09:48:07,153 - INFO - Train Loss: 0.70
Train Acc: 81.12%
2024-01-29 09:48:11,644 - INFO - Val Loss: 0.41
Val Acc: 88.97%
2024-01-29 09:49:06,851 - INFO - ========================================
2024-01-29 09:49:06,851 - INFO - Epoch 32/100
2024-01-29 09:49:06,851 - INFO - Train Loss: 0.72
Train Acc: 80.88%
2024-01-29 09:49:11,341 - INFO - Val Loss: 0.38
Val Acc: 89.35%
2024-01-29 09:50:06,552 - INFO - ========================================
2024-01-29 09:50:06,552 - INFO - Epoch 33/100
2024-01-29 09:50:06,552 - INFO - Train Loss: 0.69
Train Acc: 81.95%
2024-01-29 09:50:11,066 - INFO - Val Loss: 0.41
Val Acc: 89.12%
2024-01-29 09:51:06,261 - INFO - ========================================
2024-01-29 09:51:06,261 - INFO - Epoch 34/100
2024-01-29 09:51:06,261 - INFO - Train Loss: 0.68
Train Acc: 82.13%
2024-01-29 09:51:10,739 - INFO - Val Loss: 0.37
Val Acc: 89.59%
2024-01-29 09:52:06,001 - INFO - ========================================
2024-01-29 09:52:06,001 - INFO - Epoch 35/100
2024-01-29 09:52:06,001 - INFO - Train Loss: 0.71
Train Acc: 81.05%
2024-01-29 09:52:10,510 - INFO - Val Loss: 0.39
Val Acc: 89.40%
2024-01-29 09:53:05,756 - INFO - ========================================
2024-01-29 09:53:05,756 - INFO - Epoch 36/100
2024-01-29 09:53:05,756 - INFO - Train Loss: 0.72
Train Acc: 80.66%
2024-01-29 09:53:10,247 - INFO - Val Loss: 0.40
Val Acc: 88.82%
2024-01-29 09:54:05,452 - INFO - ========================================
2024-01-29 09:54:05,452 - INFO - Epoch 37/100
2024-01-29 09:54:05,452 - INFO - Train Loss: 0.65
Train Acc: 83.38%
2024-01-29 09:54:09,964 - INFO - Val Loss: 0.39
Val Acc: 89.74%
2024-01-29 09:55:05,211 - INFO - ========================================
2024-01-29 09:55:05,211 - INFO - Epoch 38/100
2024-01-29 09:55:05,211 - INFO - Train Loss: 0.69
Train Acc: 81.39%
2024-01-29 09:55:09,696 - INFO - Val Loss: 0.38
Val Acc: 89.22%
2024-01-29 09:56:04,951 - INFO - ========================================
2024-01-29 09:56:04,952 - INFO - Epoch 39/100
2024-01-29 09:56:04,952 - INFO - Train Loss: 0.68
Train Acc: 82.42%
2024-01-29 09:56:09,470 - INFO - Val Loss: 0.38
Val Acc: 90.10%
2024-01-29 09:57:04,691 - INFO - ========================================
2024-01-29 09:57:04,691 - INFO - Epoch 40/100
2024-01-29 09:57:04,691 - INFO - Train Loss: 0.68
Train Acc: 82.34%
2024-01-29 09:57:09,189 - INFO - Val Loss: 0.38
Val Acc: 90.13%
2024-01-29 09:58:04,395 - INFO - ========================================
2024-01-29 09:58:04,395 - INFO - Epoch 41/100
2024-01-29 09:58:04,395 - INFO - Train Loss: 0.68
Train Acc: 82.02%
2024-01-29 09:58:08,890 - INFO - Val Loss: 0.40
Val Acc: 89.71%
2024-01-29 09:59:04,095 - INFO - ========================================
2024-01-29 09:59:04,096 - INFO - Epoch 42/100
2024-01-29 09:59:04,096 - INFO - Train Loss: 0.67
Train Acc: 82.08%
2024-01-29 09:59:08,605 - INFO - Val Loss: 0.36
Val Acc: 90.25%
2024-01-29 10:00:03,825 - INFO - ========================================
2024-01-29 10:00:03,826 - INFO - Epoch 43/100
2024-01-29 10:00:03,826 - INFO - Train Loss: 0.69
Train Acc: 81.80%
2024-01-29 10:00:08,319 - INFO - Val Loss: 0.40
Val Acc: 90.19%
2024-01-29 10:01:03,503 - INFO - ========================================
2024-01-29 10:01:03,503 - INFO - Epoch 44/100
2024-01-29 10:01:03,503 - INFO - Train Loss: 0.66
Train Acc: 82.53%
2024-01-29 10:01:08,003 - INFO - Val Loss: 0.37
Val Acc: 90.22%
2024-01-29 10:02:03,256 - INFO - ========================================
2024-01-29 10:02:03,257 - INFO - Epoch 45/100
2024-01-29 10:02:03,257 - INFO - Train Loss: 0.69
Train Acc: 81.68%
2024-01-29 10:02:07,745 - INFO - Val Loss: 0.34
Val Acc: 90.59%
2024-01-29 10:03:02,936 - INFO - ========================================
2024-01-29 10:03:02,936 - INFO - Epoch 46/100
2024-01-29 10:03:02,936 - INFO - Train Loss: 0.71
Train Acc: 81.17%
2024-01-29 10:03:07,440 - INFO - Val Loss: 0.49
Val Acc: 89.06%
2024-01-29 10:04:02,645 - INFO - ========================================
2024-01-29 10:04:02,645 - INFO - Epoch 47/100
2024-01-29 10:04:02,645 - INFO - Train Loss: 0.61
Train Acc: 83.85%
2024-01-29 10:04:07,122 - INFO - Val Loss: 0.35
Val Acc: 90.02%
2024-01-29 10:05:02,378 - INFO - ========================================
2024-01-29 10:05:02,378 - INFO - Epoch 48/100
2024-01-29 10:05:02,378 - INFO - Train Loss: 0.66
Train Acc: 82.31%
2024-01-29 10:05:06,914 - INFO - Val Loss: 0.38
Val Acc: 90.54%
2024-01-29 10:06:02,147 - INFO - ========================================
2024-01-29 10:06:02,147 - INFO - Epoch 49/100
2024-01-29 10:06:02,148 - INFO - Train Loss: 0.64
Train Acc: 83.15%
2024-01-29 10:06:06,649 - INFO - Val Loss: 0.37
Val Acc: 90.49%
2024-01-29 10:07:01,861 - INFO - ========================================
2024-01-29 10:07:01,861 - INFO - Epoch 50/100
2024-01-29 10:07:01,862 - INFO - Train Loss: 0.65
Train Acc: 82.70%
2024-01-29 10:07:06,356 - INFO - Val Loss: 0.38
Val Acc: 90.48%
2024-01-29 10:08:01,583 - INFO - ========================================
2024-01-29 10:08:01,583 - INFO - Epoch 51/100
2024-01-29 10:08:01,583 - INFO - Train Loss: 0.64
Train Acc: 82.95%
2024-01-29 10:08:06,078 - INFO - Val Loss: 0.35
Val Acc: 90.82%
2024-01-29 10:09:01,321 - INFO - ========================================
2024-01-29 10:09:01,321 - INFO - Epoch 52/100
2024-01-29 10:09:01,321 - INFO - Train Loss: 0.61
Train Acc: 84.05%
2024-01-29 10:09:05,822 - INFO - Val Loss: 0.34
Val Acc: 90.60%
2024-01-29 10:10:01,020 - INFO - ========================================
2024-01-29 10:10:01,020 - INFO - Epoch 53/100
2024-01-29 10:10:01,020 - INFO - Train Loss: 0.62
Train Acc: 83.93%
2024-01-29 10:10:05,559 - INFO - Val Loss: 0.40
Val Acc: 90.29%
2024-01-29 10:11:00,848 - INFO - ========================================
2024-01-29 10:11:00,848 - INFO - Epoch 54/100
2024-01-29 10:11:00,848 - INFO - Train Loss: 0.64
Train Acc: 82.92%
2024-01-29 10:11:05,369 - INFO - Val Loss: 0.34
Val Acc: 90.40%
2024-01-29 10:12:00,613 - INFO - ========================================
2024-01-29 10:12:00,613 - INFO - Epoch 55/100
2024-01-29 10:12:00,613 - INFO - Train Loss: 0.63
Train Acc: 83.52%
2024-01-29 10:12:05,131 - INFO - Val Loss: 0.37
Val Acc: 90.34%
2024-01-29 10:13:00,342 - INFO - ========================================
2024-01-29 10:13:00,342 - INFO - Epoch 56/100
2024-01-29 10:13:00,343 - INFO - Train Loss: 0.67
Train Acc: 81.69%
2024-01-29 10:13:04,852 - INFO - Val Loss: 0.38
Val Acc: 90.19%
2024-01-29 10:14:00,088 - INFO - ========================================
2024-01-29 10:14:00,088 - INFO - Epoch 57/100
2024-01-29 10:14:00,088 - INFO - Train Loss: 0.62
Train Acc: 83.79%
2024-01-29 10:14:04,585 - INFO - Val Loss: 0.33
Val Acc: 90.90%
2024-01-29 10:14:59,777 - INFO - ========================================
2024-01-29 10:14:59,777 - INFO - Epoch 58/100
2024-01-29 10:14:59,778 - INFO - Train Loss: 0.64
Train Acc: 83.31%
2024-01-29 10:15:04,274 - INFO - Val Loss: 0.35
Val Acc: 90.90%
2024-01-29 10:15:59,497 - INFO - ========================================
2024-01-29 10:15:59,497 - INFO - Epoch 59/100
2024-01-29 10:15:59,497 - INFO - Train Loss: 0.66
Train Acc: 82.33%
2024-01-29 10:16:04,019 - INFO - Val Loss: 0.35
Val Acc: 91.21%
2024-01-29 10:16:59,246 - INFO - ========================================
2024-01-29 10:16:59,246 - INFO - Epoch 60/100
2024-01-29 10:16:59,247 - INFO - Train Loss: 0.65
Train Acc: 82.70%
2024-01-29 10:17:03,818 - INFO - Val Loss: 0.39
Val Acc: 90.83%
2024-01-29 10:17:59,185 - INFO - ========================================
2024-01-29 10:17:59,186 - INFO - Epoch 61/100
2024-01-29 10:17:59,186 - INFO - Train Loss: 0.64
Train Acc: 83.06%
2024-01-29 10:18:03,685 - INFO - Val Loss: 0.34
Val Acc: 91.21%
2024-01-29 10:18:58,928 - INFO - ========================================
2024-01-29 10:18:58,928 - INFO - Epoch 62/100
2024-01-29 10:18:58,928 - INFO - Train Loss: 0.63
Train Acc: 82.98%
2024-01-29 10:19:03,440 - INFO - Val Loss: 0.37
Val Acc: 90.99%
2024-01-29 10:19:58,662 - INFO - ========================================
2024-01-29 10:19:58,662 - INFO - Epoch 63/100
2024-01-29 10:19:58,662 - INFO - Train Loss: 0.63
Train Acc: 82.88%
2024-01-29 10:20:03,164 - INFO - Val Loss: 0.33
Val Acc: 91.46%
2024-01-29 10:20:58,364 - INFO - ========================================
2024-01-29 10:20:58,364 - INFO - Epoch 64/100
2024-01-29 10:20:58,364 - INFO - Train Loss: 0.62
Train Acc: 83.40%
2024-01-29 10:21:02,874 - INFO - Val Loss: 0.36
Val Acc: 91.06%
2024-01-29 10:21:58,074 - INFO - ========================================
2024-01-29 10:21:58,074 - INFO - Epoch 65/100
2024-01-29 10:21:58,074 - INFO - Train Loss: 0.58
Train Acc: 84.31%
2024-01-29 10:22:02,553 - INFO - Val Loss: 0.32
Val Acc: 91.14%
2024-01-29 10:22:57,785 - INFO - ========================================
2024-01-29 10:22:57,785 - INFO - Epoch 66/100
2024-01-29 10:22:57,785 - INFO - Train Loss: 0.59
Train Acc: 84.78%
2024-01-29 10:23:02,304 - INFO - Val Loss: 0.35
Val Acc: 90.91%
2024-01-29 10:23:57,506 - INFO - ========================================
2024-01-29 10:23:57,506 - INFO - Epoch 67/100
2024-01-29 10:23:57,506 - INFO - Train Loss: 0.65
Train Acc: 82.35%
2024-01-29 10:24:02,006 - INFO - Val Loss: 0.32
Val Acc: 91.20%
2024-01-29 10:24:57,266 - INFO - ========================================
2024-01-29 10:24:57,266 - INFO - Epoch 68/100
2024-01-29 10:24:57,266 - INFO - Train Loss: 0.66
Train Acc: 82.15%
2024-01-29 10:25:01,784 - INFO - Val Loss: 0.39
Val Acc: 90.99%
2024-01-29 10:25:57,057 - INFO - ========================================
2024-01-29 10:25:57,057 - INFO - Epoch 69/100
2024-01-29 10:25:57,057 - INFO - Train Loss: 0.60
Train Acc: 84.29%
2024-01-29 10:26:01,536 - INFO - Val Loss: 0.34
Val Acc: 91.28%
2024-01-29 10:26:56,726 - INFO - ========================================
2024-01-29 10:26:56,726 - INFO - Epoch 70/100
2024-01-29 10:26:56,726 - INFO - Train Loss: 0.60
Train Acc: 84.02%
2024-01-29 10:27:01,225 - INFO - Val Loss: 0.34
Val Acc: 91.36%
2024-01-29 10:27:56,462 - INFO - ========================================
2024-01-29 10:27:56,462 - INFO - Epoch 71/100
2024-01-29 10:27:56,462 - INFO - Train Loss: 0.67
Train Acc: 81.33%
2024-01-29 10:28:00,943 - INFO - Val Loss: 0.34
Val Acc: 91.19%
2024-01-29 10:28:56,169 - INFO - ========================================
2024-01-29 10:28:56,169 - INFO - Epoch 72/100
2024-01-29 10:28:56,169 - INFO - Train Loss: 0.63
Train Acc: 83.04%
2024-01-29 10:29:00,679 - INFO - Val Loss: 0.35
Val Acc: 91.22%
2024-01-29 10:29:55,885 - INFO - ========================================
2024-01-29 10:29:55,885 - INFO - Epoch 73/100
2024-01-29 10:29:55,885 - INFO - Train Loss: 0.61
Train Acc: 83.73%
2024-01-29 10:30:00,394 - INFO - Val Loss: 0.36
Val Acc: 91.45%
2024-01-29 10:30:55,668 - INFO - ========================================
2024-01-29 10:30:55,668 - INFO - Epoch 74/100
2024-01-29 10:30:55,668 - INFO - Train Loss: 0.61
Train Acc: 83.42%
2024-01-29 10:31:00,149 - INFO - Val Loss: 0.33
Val Acc: 91.67%
2024-01-29 10:31:55,377 - INFO - ========================================
2024-01-29 10:31:55,378 - INFO - Epoch 75/100
2024-01-29 10:31:55,378 - INFO - Train Loss: 0.62
Train Acc: 82.90%
2024-01-29 10:31:59,864 - INFO - Val Loss: 0.35
Val Acc: 91.37%
2024-01-29 10:32:55,124 - INFO - ========================================
2024-01-29 10:32:55,124 - INFO - Epoch 76/100
2024-01-29 10:32:55,124 - INFO - Train Loss: 0.63
Train Acc: 82.83%
2024-01-29 10:32:59,625 - INFO - Val Loss: 0.33
Val Acc: 91.42%
2024-01-29 10:33:54,856 - INFO - ========================================
2024-01-29 10:33:54,856 - INFO - Epoch 77/100
2024-01-29 10:33:54,856 - INFO - Train Loss: 0.61
Train Acc: 83.92%
2024-01-29 10:33:59,348 - INFO - Val Loss: 0.38
Val Acc: 91.28%
2024-01-29 10:34:54,602 - INFO - ========================================
2024-01-29 10:34:54,602 - INFO - Epoch 78/100
2024-01-29 10:34:54,602 - INFO - Train Loss: 0.63
Train Acc: 83.17%
2024-01-29 10:34:59,109 - INFO - Val Loss: 0.32
Val Acc: 91.35%
2024-01-29 10:35:54,380 - INFO - ========================================
2024-01-29 10:35:54,380 - INFO - Epoch 79/100
2024-01-29 10:35:54,380 - INFO - Train Loss: 0.60
Train Acc: 83.36%
2024-01-29 10:35:58,892 - INFO - Val Loss: 0.39
Val Acc: 91.35%
2024-01-29 10:36:54,102 - INFO - ========================================
2024-01-29 10:36:54,102 - INFO - Epoch 80/100
2024-01-29 10:36:54,102 - INFO - Train Loss: 0.60
Train Acc: 84.04%
2024-01-29 10:36:58,597 - INFO - Val Loss: 0.36
Val Acc: 91.39%
2024-01-29 10:37:53,874 - INFO - ========================================
2024-01-29 10:37:53,874 - INFO - Epoch 81/100
2024-01-29 10:37:53,874 - INFO - Train Loss: 0.62
Train Acc: 82.98%
2024-01-29 10:37:58,374 - INFO - Val Loss: 0.38
Val Acc: 91.28%
2024-01-29 10:38:53,566 - INFO - ========================================
2024-01-29 10:38:53,566 - INFO - Epoch 82/100
2024-01-29 10:38:53,566 - INFO - Train Loss: 0.62
Train Acc: 82.89%
2024-01-29 10:38:58,061 - INFO - Val Loss: 0.33
Val Acc: 91.42%
2024-01-29 10:39:53,277 - INFO - ========================================
2024-01-29 10:39:53,277 - INFO - Epoch 83/100
2024-01-29 10:39:53,278 - INFO - Train Loss: 0.62
Train Acc: 83.14%
2024-01-29 10:39:57,759 - INFO - Val Loss: 0.35
Val Acc: 91.51%
2024-01-29 10:40:53,028 - INFO - ========================================
2024-01-29 10:40:53,028 - INFO - Epoch 84/100
2024-01-29 10:40:53,028 - INFO - Train Loss: 0.59
Train Acc: 84.06%
2024-01-29 10:40:57,523 - INFO - Val Loss: 0.34
Val Acc: 91.42%
2024-01-29 10:41:52,716 - INFO - ========================================
2024-01-29 10:41:52,716 - INFO - Epoch 85/100
2024-01-29 10:41:52,716 - INFO - Train Loss: 0.60
Train Acc: 84.13%
2024-01-29 10:41:57,190 - INFO - Val Loss: 0.32
Val Acc: 91.52%
2024-01-29 10:42:52,429 - INFO - ========================================
2024-01-29 10:42:52,429 - INFO - Epoch 86/100
2024-01-29 10:42:52,429 - INFO - Train Loss: 0.58
Train Acc: 84.18%
2024-01-29 10:42:56,938 - INFO - Val Loss: 0.35
Val Acc: 91.60%
2024-01-29 10:43:52,122 - INFO - ========================================
2024-01-29 10:43:52,123 - INFO - Epoch 87/100
2024-01-29 10:43:52,123 - INFO - Train Loss: 0.63
Train Acc: 82.90%
2024-01-29 10:43:56,617 - INFO - Val Loss: 0.36
Val Acc: 91.45%
2024-01-29 10:44:51,933 - INFO - ========================================
2024-01-29 10:44:51,933 - INFO - Epoch 88/100
2024-01-29 10:44:51,933 - INFO - Train Loss: 0.58
Train Acc: 84.59%
2024-01-29 10:44:56,412 - INFO - Val Loss: 0.31
Val Acc: 91.68%
2024-01-29 10:45:51,681 - INFO - ========================================
2024-01-29 10:45:51,681 - INFO - Epoch 89/100
2024-01-29 10:45:51,681 - INFO - Train Loss: 0.57
Train Acc: 84.56%
2024-01-29 10:45:56,172 - INFO - Val Loss: 0.34
Val Acc: 91.70%
2024-01-29 10:46:51,401 - INFO - ========================================
2024-01-29 10:46:51,401 - INFO - Epoch 90/100
2024-01-29 10:46:51,401 - INFO - Train Loss: 0.59
Train Acc: 83.94%
2024-01-29 10:46:55,904 - INFO - Val Loss: 0.38
Val Acc: 91.49%
2024-01-29 10:47:51,250 - INFO - ========================================
2024-01-29 10:47:51,251 - INFO - Epoch 91/100
2024-01-29 10:47:51,251 - INFO - Train Loss: 0.62
Train Acc: 82.84%
2024-01-29 10:47:55,739 - INFO - Val Loss: 0.36
Val Acc: 91.57%
2024-01-29 10:48:50,948 - INFO - ========================================
2024-01-29 10:48:50,948 - INFO - Epoch 92/100
2024-01-29 10:48:50,948 - INFO - Train Loss: 0.63
Train Acc: 82.51%
2024-01-29 10:48:55,434 - INFO - Val Loss: 0.34
Val Acc: 91.61%
2024-01-29 10:49:50,655 - INFO - ========================================
2024-01-29 10:49:50,655 - INFO - Epoch 93/100
2024-01-29 10:49:50,655 - INFO - Train Loss: 0.60
Train Acc: 83.64%
2024-01-29 10:49:55,161 - INFO - Val Loss: 0.31
Val Acc: 91.78%
2024-01-29 10:50:50,468 - INFO - ========================================
2024-01-29 10:50:50,468 - INFO - Epoch 94/100
2024-01-29 10:50:50,468 - INFO - Train Loss: 0.62
Train Acc: 82.99%
2024-01-29 10:50:54,982 - INFO - Val Loss: 0.32
Val Acc: 91.67%
2024-01-29 10:51:50,219 - INFO - ========================================
2024-01-29 10:51:50,219 - INFO - Epoch 95/100
2024-01-29 10:51:50,219 - INFO - Train Loss: 0.64
Train Acc: 81.87%
2024-01-29 10:51:54,723 - INFO - Val Loss: 0.36
Val Acc: 91.64%
2024-01-29 10:52:49,975 - INFO - ========================================
2024-01-29 10:52:49,975 - INFO - Epoch 96/100
2024-01-29 10:52:49,975 - INFO - Train Loss: 0.64
Train Acc: 82.15%
2024-01-29 10:52:54,474 - INFO - Val Loss: 0.36
Val Acc: 91.67%
2024-01-29 10:53:49,718 - INFO - ========================================
2024-01-29 10:53:49,718 - INFO - Epoch 97/100
2024-01-29 10:53:49,718 - INFO - Train Loss: 0.61
Train Acc: 83.48%
2024-01-29 10:53:54,199 - INFO - Val Loss: 0.31
Val Acc: 91.80%
2024-01-29 10:54:49,417 - INFO - ========================================
2024-01-29 10:54:49,417 - INFO - Epoch 98/100
2024-01-29 10:54:49,417 - INFO - Train Loss: 0.61
Train Acc: 83.20%
2024-01-29 10:54:53,943 - INFO - Val Loss: 0.34
Val Acc: 91.73%
2024-01-29 10:55:49,207 - INFO - ========================================
2024-01-29 10:55:49,207 - INFO - Epoch 99/100
2024-01-29 10:55:49,207 - INFO - Train Loss: 0.59
Train Acc: 84.43%
2024-01-29 10:55:53,713 - INFO - Val Loss: 0.35
Val Acc: 91.62%
2024-01-29 10:56:48,957 - INFO - ========================================
2024-01-29 10:56:48,957 - INFO - Epoch 100/100
2024-01-29 10:56:48,958 - INFO - Train Loss: 0.63
Train Acc: 82.86%
2024-01-29 10:56:53,443 - INFO - Val Loss: 0.33
Val Acc: 91.71%
2024-01-29 10:56:53,443 - INFO - ========================================
2024-01-29 10:56:53,444 - INFO - Training Completed! 😀
2024-01-29 11:01:43,743 - INFO - generated new fontManager
