2024-02-09 17:35:30,088 - INFO - ========================================
2024-02-09 17:35:30,088 - INFO - Epoch 1/100
2024-02-09 17:35:30,089 - INFO - Train Loss: 4.71
2024-02-09 17:35:30,089 - INFO - Train Acc: 5.59
2024-02-09 17:35:35,804 - INFO - Val Loss: 4.31
2024-02-09 17:35:35,804 - INFO - Val Acc: 9.68
2024-02-09 17:38:28,781 - INFO - ========================================
2024-02-09 17:38:28,781 - INFO - Epoch 2/100
2024-02-09 17:38:28,781 - INFO - Train Loss: 4.09
2024-02-09 17:38:28,782 - INFO - Train Acc: 14.02
2024-02-09 17:38:34,376 - INFO - Val Loss: 3.58
2024-02-09 17:38:34,377 - INFO - Val Acc: 19.81
2024-02-09 17:41:23,369 - INFO - ========================================
2024-02-09 17:41:23,370 - INFO - Epoch 3/100
2024-02-09 17:41:23,370 - INFO - Train Loss: 3.75
2024-02-09 17:41:23,370 - INFO - Train Acc: 19.81
2024-02-09 17:41:29,039 - INFO - Val Loss: 3.26
2024-02-09 17:41:29,039 - INFO - Val Acc: 24.49
2024-02-09 17:44:19,864 - INFO - ========================================
2024-02-09 17:44:19,865 - INFO - Epoch 4/100
2024-02-09 17:44:19,865 - INFO - Train Loss: 3.54
2024-02-09 17:44:19,865 - INFO - Train Acc: 24.08
2024-02-09 17:44:25,457 - INFO - Val Loss: 3.05
2024-02-09 17:44:25,457 - INFO - Val Acc: 30.28
2024-02-09 17:47:14,266 - INFO - ========================================
2024-02-09 17:47:14,266 - INFO - Epoch 5/100
2024-02-09 17:47:14,266 - INFO - Train Loss: 3.35
2024-02-09 17:47:14,266 - INFO - Train Acc: 27.83
2024-02-09 17:47:19,822 - INFO - Val Loss: 2.87
2024-02-09 17:47:19,822 - INFO - Val Acc: 32.33
2024-02-09 17:50:09,330 - INFO - ========================================
2024-02-09 17:50:09,330 - INFO - Epoch 6/100
2024-02-09 17:50:09,330 - INFO - Train Loss: 3.22
2024-02-09 17:50:09,330 - INFO - Train Acc: 30.61
2024-02-09 17:50:15,509 - INFO - Val Loss: 2.65
2024-02-09 17:50:15,510 - INFO - Val Acc: 36.98
2024-02-09 17:53:07,750 - INFO - ========================================
2024-02-09 17:53:07,750 - INFO - Epoch 7/100
2024-02-09 17:53:07,750 - INFO - Train Loss: 3.05
2024-02-09 17:53:07,750 - INFO - Train Acc: 33.71
2024-02-09 17:53:15,110 - INFO - Val Loss: 2.61
2024-02-09 17:53:15,111 - INFO - Val Acc: 38.15
2024-02-09 17:56:04,071 - INFO - ========================================
2024-02-09 17:56:04,071 - INFO - Epoch 8/100
2024-02-09 17:56:04,071 - INFO - Train Loss: 2.97
2024-02-09 17:56:04,071 - INFO - Train Acc: 35.94
2024-02-09 17:56:12,228 - INFO - Val Loss: 2.50
2024-02-09 17:56:12,228 - INFO - Val Acc: 40.93
2024-02-09 17:59:01,166 - INFO - ========================================
2024-02-09 17:59:01,166 - INFO - Epoch 9/100
2024-02-09 17:59:01,167 - INFO - Train Loss: 2.85
2024-02-09 17:59:01,167 - INFO - Train Acc: 38.17
2024-02-09 17:59:06,800 - INFO - Val Loss: 2.36
2024-02-09 17:59:06,800 - INFO - Val Acc: 43.34
2024-02-09 18:01:55,443 - INFO - ========================================
2024-02-09 18:01:55,443 - INFO - Epoch 10/100
2024-02-09 18:01:55,443 - INFO - Train Loss: 2.79
2024-02-09 18:01:55,443 - INFO - Train Acc: 39.74
2024-02-09 18:02:03,279 - INFO - Val Loss: 2.27
2024-02-09 18:02:03,279 - INFO - Val Acc: 45.32
2024-02-09 18:04:53,859 - INFO - ========================================
2024-02-09 18:04:53,859 - INFO - Epoch 11/100
2024-02-09 18:04:53,860 - INFO - Train Loss: 2.69
2024-02-09 18:04:53,860 - INFO - Train Acc: 41.52
2024-02-09 18:05:00,772 - INFO - Val Loss: 2.30
2024-02-09 18:05:00,773 - INFO - Val Acc: 45.38
2024-02-09 18:07:53,035 - INFO - ========================================
2024-02-09 18:07:53,036 - INFO - Epoch 12/100
2024-02-09 18:07:53,036 - INFO - Train Loss: 2.69
2024-02-09 18:07:53,036 - INFO - Train Acc: 42.07
2024-02-09 18:08:00,458 - INFO - Val Loss: 2.17
2024-02-09 18:08:00,458 - INFO - Val Acc: 47.18
2024-02-09 18:10:50,204 - INFO - ========================================
2024-02-09 18:10:50,204 - INFO - Epoch 13/100
2024-02-09 18:10:50,204 - INFO - Train Loss: 2.61
2024-02-09 18:10:50,204 - INFO - Train Acc: 43.71
2024-02-09 18:10:58,052 - INFO - Val Loss: 2.11
2024-02-09 18:10:58,052 - INFO - Val Acc: 49.07
2024-02-09 18:13:47,435 - INFO - ========================================
2024-02-09 18:13:47,436 - INFO - Epoch 14/100
2024-02-09 18:13:47,436 - INFO - Train Loss: 2.53
2024-02-09 18:13:47,436 - INFO - Train Acc: 45.37
2024-02-09 18:13:55,159 - INFO - Val Loss: 2.13
2024-02-09 18:13:55,159 - INFO - Val Acc: 49.22
2024-02-09 18:16:47,516 - INFO - ========================================
2024-02-09 18:16:47,517 - INFO - Epoch 15/100
2024-02-09 18:16:47,517 - INFO - Train Loss: 2.55
2024-02-09 18:16:47,517 - INFO - Train Acc: 45.59
2024-02-09 18:16:54,684 - INFO - Val Loss: 2.13
2024-02-09 18:16:54,684 - INFO - Val Acc: 49.29
2024-02-09 18:19:46,963 - INFO - ========================================
2024-02-09 18:19:46,964 - INFO - Epoch 16/100
2024-02-09 18:19:46,964 - INFO - Train Loss: 2.46
2024-02-09 18:19:46,964 - INFO - Train Acc: 47.21
2024-02-09 18:19:55,878 - INFO - Val Loss: 2.05
2024-02-09 18:19:55,879 - INFO - Val Acc: 50.33
2024-02-09 18:22:45,998 - INFO - ========================================
2024-02-09 18:22:45,998 - INFO - Epoch 17/100
2024-02-09 18:22:45,998 - INFO - Train Loss: 2.39
2024-02-09 18:22:45,998 - INFO - Train Acc: 48.56
2024-02-09 18:22:52,227 - INFO - Val Loss: 1.98
2024-02-09 18:22:52,227 - INFO - Val Acc: 52.01
2024-02-09 18:25:47,769 - INFO - ========================================
2024-02-09 18:25:47,770 - INFO - Epoch 18/100
2024-02-09 18:25:47,770 - INFO - Train Loss: 2.36
2024-02-09 18:25:47,770 - INFO - Train Acc: 49.41
2024-02-09 18:25:53,892 - INFO - Val Loss: 1.99
2024-02-09 18:25:53,892 - INFO - Val Acc: 52.13
2024-02-09 18:28:45,118 - INFO - ========================================
2024-02-09 18:28:45,119 - INFO - Epoch 19/100
2024-02-09 18:28:45,119 - INFO - Train Loss: 2.31
2024-02-09 18:28:45,119 - INFO - Train Acc: 50.66
2024-02-09 18:28:51,260 - INFO - Val Loss: 1.95
2024-02-09 18:28:51,260 - INFO - Val Acc: 52.75
2024-02-09 18:31:42,863 - INFO - ========================================
2024-02-09 18:31:42,863 - INFO - Epoch 20/100
2024-02-09 18:31:42,863 - INFO - Train Loss: 2.26
2024-02-09 18:31:42,863 - INFO - Train Acc: 51.57
2024-02-09 18:31:48,793 - INFO - Val Loss: 1.96
2024-02-09 18:31:48,794 - INFO - Val Acc: 52.68
2024-02-09 18:34:39,427 - INFO - ========================================
2024-02-09 18:34:39,428 - INFO - Epoch 21/100
2024-02-09 18:34:39,428 - INFO - Train Loss: 2.17
2024-02-09 18:34:39,428 - INFO - Train Acc: 53.23
2024-02-09 18:34:45,380 - INFO - Val Loss: 1.91
2024-02-09 18:34:45,380 - INFO - Val Acc: 53.50
2024-02-09 18:37:37,458 - INFO - ========================================
2024-02-09 18:37:37,458 - INFO - Epoch 22/100
2024-02-09 18:37:37,458 - INFO - Train Loss: 2.18
2024-02-09 18:37:37,458 - INFO - Train Acc: 53.61
2024-02-09 18:37:43,572 - INFO - Val Loss: 1.89
2024-02-09 18:37:43,573 - INFO - Val Acc: 54.27
2024-02-09 18:40:34,424 - INFO - ========================================
2024-02-09 18:40:34,424 - INFO - Epoch 23/100
2024-02-09 18:40:34,424 - INFO - Train Loss: 2.11
2024-02-09 18:40:34,424 - INFO - Train Acc: 54.71
2024-02-09 18:40:40,408 - INFO - Val Loss: 1.88
2024-02-09 18:40:40,409 - INFO - Val Acc: 54.58
2024-02-09 18:43:31,905 - INFO - ========================================
2024-02-09 18:43:31,905 - INFO - Epoch 24/100
2024-02-09 18:43:31,905 - INFO - Train Loss: 2.14
2024-02-09 18:43:31,905 - INFO - Train Acc: 54.78
2024-02-09 18:43:37,775 - INFO - Val Loss: 1.86
2024-02-09 18:43:37,775 - INFO - Val Acc: 55.03
2024-02-09 18:46:29,009 - INFO - ========================================
2024-02-09 18:46:29,009 - INFO - Epoch 25/100
2024-02-09 18:46:29,009 - INFO - Train Loss: 2.09
2024-02-09 18:46:29,009 - INFO - Train Acc: 55.34
2024-02-09 18:46:35,083 - INFO - Val Loss: 1.84
2024-02-09 18:46:35,084 - INFO - Val Acc: 55.57
2024-02-09 18:49:26,191 - INFO - ========================================
2024-02-09 18:49:26,192 - INFO - Epoch 26/100
2024-02-09 18:49:26,192 - INFO - Train Loss: 1.98
2024-02-09 18:49:26,192 - INFO - Train Acc: 57.81
2024-02-09 18:49:32,355 - INFO - Val Loss: 1.89
2024-02-09 18:49:32,356 - INFO - Val Acc: 54.26
2024-02-09 18:52:23,168 - INFO - ========================================
2024-02-09 18:52:23,168 - INFO - Epoch 27/100
2024-02-09 18:52:23,168 - INFO - Train Loss: 2.00
2024-02-09 18:52:23,168 - INFO - Train Acc: 57.81
2024-02-09 18:52:29,319 - INFO - Val Loss: 1.82
2024-02-09 18:52:29,320 - INFO - Val Acc: 55.62
2024-02-09 18:55:20,105 - INFO - ========================================
2024-02-09 18:55:20,105 - INFO - Epoch 28/100
2024-02-09 18:55:20,105 - INFO - Train Loss: 1.98
2024-02-09 18:55:20,105 - INFO - Train Acc: 58.24
2024-02-09 18:55:26,029 - INFO - Val Loss: 1.82
2024-02-09 18:55:26,029 - INFO - Val Acc: 55.17
2024-02-09 18:58:17,430 - INFO - ========================================
2024-02-09 18:58:17,431 - INFO - Epoch 29/100
2024-02-09 18:58:17,431 - INFO - Train Loss: 1.90
2024-02-09 18:58:17,431 - INFO - Train Acc: 59.91
2024-02-09 18:58:23,607 - INFO - Val Loss: 1.81
2024-02-09 18:58:23,607 - INFO - Val Acc: 55.76
2024-02-09 19:01:15,135 - INFO - ========================================
2024-02-09 19:01:15,136 - INFO - Epoch 30/100
2024-02-09 19:01:15,136 - INFO - Train Loss: 1.96
2024-02-09 19:01:15,136 - INFO - Train Acc: 59.26
2024-02-09 19:01:21,917 - INFO - Val Loss: 1.80
2024-02-09 19:01:21,918 - INFO - Val Acc: 56.44
2024-02-09 19:04:13,045 - INFO - ========================================
2024-02-09 19:04:13,046 - INFO - Epoch 31/100
2024-02-09 19:04:13,046 - INFO - Train Loss: 1.87
2024-02-09 19:04:13,046 - INFO - Train Acc: 61.12
2024-02-09 19:04:19,027 - INFO - Val Loss: 1.85
2024-02-09 19:04:19,027 - INFO - Val Acc: 55.67
2024-02-09 19:07:10,364 - INFO - ========================================
2024-02-09 19:07:10,364 - INFO - Epoch 32/100
2024-02-09 19:07:10,364 - INFO - Train Loss: 1.87
2024-02-09 19:07:10,364 - INFO - Train Acc: 61.23
2024-02-09 19:07:16,292 - INFO - Val Loss: 1.81
2024-02-09 19:07:16,292 - INFO - Val Acc: 56.32
2024-02-09 19:10:07,426 - INFO - ========================================
2024-02-09 19:10:07,426 - INFO - Epoch 33/100
2024-02-09 19:10:07,426 - INFO - Train Loss: 1.89
2024-02-09 19:10:07,426 - INFO - Train Acc: 61.11
2024-02-09 19:10:13,251 - INFO - Val Loss: 1.79
2024-02-09 19:10:13,252 - INFO - Val Acc: 56.85
2024-02-09 19:13:04,296 - INFO - ========================================
2024-02-09 19:13:04,296 - INFO - Epoch 34/100
2024-02-09 19:13:04,296 - INFO - Train Loss: 1.80
2024-02-09 19:13:04,296 - INFO - Train Acc: 63.28
2024-02-09 19:13:10,165 - INFO - Val Loss: 1.80
2024-02-09 19:13:10,166 - INFO - Val Acc: 57.31
2024-02-09 19:16:00,847 - INFO - ========================================
2024-02-09 19:16:00,848 - INFO - Epoch 35/100
2024-02-09 19:16:00,848 - INFO - Train Loss: 1.81
2024-02-09 19:16:00,848 - INFO - Train Acc: 63.13
2024-02-09 19:16:06,756 - INFO - Val Loss: 1.78
2024-02-09 19:16:06,756 - INFO - Val Acc: 56.95
2024-02-09 19:18:57,991 - INFO - ========================================
2024-02-09 19:18:57,991 - INFO - Epoch 36/100
2024-02-09 19:18:57,991 - INFO - Train Loss: 1.76
2024-02-09 19:18:57,991 - INFO - Train Acc: 64.23
2024-02-09 19:19:03,928 - INFO - Val Loss: 1.83
2024-02-09 19:19:03,928 - INFO - Val Acc: 56.81
2024-02-09 19:21:55,702 - INFO - ========================================
2024-02-09 19:21:55,702 - INFO - Epoch 37/100
2024-02-09 19:21:55,702 - INFO - Train Loss: 1.73
2024-02-09 19:21:55,702 - INFO - Train Acc: 64.61
2024-02-09 19:22:01,827 - INFO - Val Loss: 1.79
2024-02-09 19:22:01,827 - INFO - Val Acc: 56.72
2024-02-09 19:24:53,538 - INFO - ========================================
2024-02-09 19:24:53,539 - INFO - Epoch 38/100
2024-02-09 19:24:53,539 - INFO - Train Loss: 1.73
2024-02-09 19:24:53,539 - INFO - Train Acc: 65.10
2024-02-09 19:24:59,608 - INFO - Val Loss: 1.80
2024-02-09 19:24:59,608 - INFO - Val Acc: 56.89
2024-02-09 19:27:50,886 - INFO - ========================================
2024-02-09 19:27:50,886 - INFO - Epoch 39/100
2024-02-09 19:27:50,886 - INFO - Train Loss: 1.64
2024-02-09 19:27:50,886 - INFO - Train Acc: 66.76
2024-02-09 19:27:56,828 - INFO - Val Loss: 1.78
2024-02-09 19:27:56,828 - INFO - Val Acc: 57.54
2024-02-09 19:30:48,383 - INFO - ========================================
2024-02-09 19:30:48,383 - INFO - Epoch 40/100
2024-02-09 19:30:48,383 - INFO - Train Loss: 1.58
2024-02-09 19:30:48,383 - INFO - Train Acc: 67.83
2024-02-09 19:30:54,332 - INFO - Val Loss: 1.82
2024-02-09 19:30:54,332 - INFO - Val Acc: 56.78
2024-02-09 19:33:45,482 - INFO - ========================================
2024-02-09 19:33:45,482 - INFO - Epoch 41/100
2024-02-09 19:33:45,482 - INFO - Train Loss: 1.58
2024-02-09 19:33:45,482 - INFO - Train Acc: 68.22
2024-02-09 19:33:51,340 - INFO - Val Loss: 1.78
2024-02-09 19:33:51,341 - INFO - Val Acc: 57.17
2024-02-09 19:36:42,515 - INFO - ========================================
2024-02-09 19:36:42,515 - INFO - Epoch 42/100
2024-02-09 19:36:42,515 - INFO - Train Loss: 1.65
2024-02-09 19:36:42,515 - INFO - Train Acc: 67.51
2024-02-09 19:36:48,417 - INFO - Val Loss: 1.79
2024-02-09 19:36:48,417 - INFO - Val Acc: 57.53
2024-02-09 19:39:39,631 - INFO - ========================================
2024-02-09 19:39:39,631 - INFO - Epoch 43/100
2024-02-09 19:39:39,631 - INFO - Train Loss: 1.66
2024-02-09 19:39:39,631 - INFO - Train Acc: 67.44
2024-02-09 19:39:45,616 - INFO - Val Loss: 1.87
2024-02-09 19:39:45,616 - INFO - Val Acc: 55.96
2024-02-09 19:42:37,336 - INFO - ========================================
2024-02-09 19:42:37,336 - INFO - Epoch 44/100
2024-02-09 19:42:37,336 - INFO - Train Loss: 1.60
2024-02-09 19:42:37,336 - INFO - Train Acc: 68.67
2024-02-09 19:42:43,275 - INFO - Val Loss: 1.81
2024-02-09 19:42:43,276 - INFO - Val Acc: 57.59
2024-02-09 19:45:34,363 - INFO - ========================================
2024-02-09 19:45:34,364 - INFO - Epoch 45/100
2024-02-09 19:45:34,364 - INFO - Train Loss: 1.57
2024-02-09 19:45:34,364 - INFO - Train Acc: 69.94
2024-02-09 19:45:40,227 - INFO - Val Loss: 1.80
2024-02-09 19:45:40,227 - INFO - Val Acc: 57.64
2024-02-09 19:48:29,389 - INFO - ========================================
2024-02-09 19:48:29,389 - INFO - Epoch 46/100
2024-02-09 19:48:29,390 - INFO - Train Loss: 1.54
2024-02-09 19:48:29,390 - INFO - Train Acc: 70.27
2024-02-09 19:48:35,007 - INFO - Val Loss: 1.82
2024-02-09 19:48:35,008 - INFO - Val Acc: 57.70
2024-02-09 19:51:24,230 - INFO - ========================================
2024-02-09 19:51:24,231 - INFO - Epoch 47/100
2024-02-09 19:51:24,231 - INFO - Train Loss: 1.55
2024-02-09 19:51:24,231 - INFO - Train Acc: 70.32
2024-02-09 19:51:32,457 - INFO - Val Loss: 1.79
2024-02-09 19:51:32,457 - INFO - Val Acc: 57.49
2024-02-09 19:54:21,436 - INFO - ========================================
2024-02-09 19:54:21,436 - INFO - Epoch 48/100
2024-02-09 19:54:21,436 - INFO - Train Loss: 1.49
2024-02-09 19:54:21,436 - INFO - Train Acc: 71.73
2024-02-09 19:54:28,520 - INFO - Val Loss: 1.80
2024-02-09 19:54:28,521 - INFO - Val Acc: 57.99
2024-02-09 19:57:19,910 - INFO - ========================================
2024-02-09 19:57:19,910 - INFO - Epoch 49/100
2024-02-09 19:57:19,910 - INFO - Train Loss: 1.44
2024-02-09 19:57:19,911 - INFO - Train Acc: 72.46
2024-02-09 19:57:28,912 - INFO - Val Loss: 1.80
2024-02-09 19:57:28,912 - INFO - Val Acc: 57.97
2024-02-09 20:00:19,649 - INFO - ========================================
2024-02-09 20:00:19,650 - INFO - Epoch 50/100
2024-02-09 20:00:19,650 - INFO - Train Loss: 1.45
2024-02-09 20:00:19,650 - INFO - Train Acc: 72.77
2024-02-09 20:00:26,034 - INFO - Val Loss: 1.80
2024-02-09 20:00:26,035 - INFO - Val Acc: 57.93
2024-02-09 20:03:16,490 - INFO - ========================================
2024-02-09 20:03:16,490 - INFO - Epoch 51/100
2024-02-09 20:03:16,490 - INFO - Train Loss: 1.41
2024-02-09 20:03:16,491 - INFO - Train Acc: 73.37
2024-02-09 20:03:24,116 - INFO - Val Loss: 1.84
2024-02-09 20:03:24,117 - INFO - Val Acc: 57.69
2024-02-09 20:06:14,349 - INFO - ========================================
2024-02-09 20:06:14,350 - INFO - Epoch 52/100
2024-02-09 20:06:14,350 - INFO - Train Loss: 1.42
2024-02-09 20:06:14,350 - INFO - Train Acc: 73.84
2024-02-09 20:06:20,562 - INFO - Val Loss: 1.77
2024-02-09 20:06:20,562 - INFO - Val Acc: 58.58
2024-02-09 20:09:10,734 - INFO - ========================================
2024-02-09 20:09:10,734 - INFO - Epoch 53/100
2024-02-09 20:09:10,734 - INFO - Train Loss: 1.38
2024-02-09 20:09:10,734 - INFO - Train Acc: 74.90
2024-02-09 20:09:16,712 - INFO - Val Loss: 1.82
2024-02-09 20:09:16,712 - INFO - Val Acc: 57.71
2024-02-09 20:12:06,783 - INFO - ========================================
2024-02-09 20:12:06,784 - INFO - Epoch 54/100
2024-02-09 20:12:06,784 - INFO - Train Loss: 1.28
2024-02-09 20:12:06,784 - INFO - Train Acc: 76.30
2024-02-09 20:12:12,847 - INFO - Val Loss: 1.83
2024-02-09 20:12:12,848 - INFO - Val Acc: 57.46
2024-02-09 20:15:03,441 - INFO - ========================================
2024-02-09 20:15:03,442 - INFO - Epoch 55/100
2024-02-09 20:15:03,442 - INFO - Train Loss: 1.36
2024-02-09 20:15:03,442 - INFO - Train Acc: 75.14
2024-02-09 20:15:09,542 - INFO - Val Loss: 1.81
2024-02-09 20:15:09,543 - INFO - Val Acc: 58.35
2024-02-09 20:17:59,703 - INFO - ========================================
2024-02-09 20:17:59,703 - INFO - Epoch 56/100
2024-02-09 20:17:59,703 - INFO - Train Loss: 1.41
2024-02-09 20:17:59,703 - INFO - Train Acc: 74.31
2024-02-09 20:18:05,612 - INFO - Val Loss: 1.80
2024-02-09 20:18:05,612 - INFO - Val Acc: 58.77
2024-02-09 20:20:55,673 - INFO - ========================================
2024-02-09 20:20:55,673 - INFO - Epoch 57/100
2024-02-09 20:20:55,673 - INFO - Train Loss: 1.34
2024-02-09 20:20:55,673 - INFO - Train Acc: 75.79
2024-02-09 20:21:01,507 - INFO - Val Loss: 1.80
2024-02-09 20:21:01,507 - INFO - Val Acc: 58.26
2024-02-09 20:23:51,391 - INFO - ========================================
2024-02-09 20:23:51,392 - INFO - Epoch 58/100
2024-02-09 20:23:51,392 - INFO - Train Loss: 1.36
2024-02-09 20:23:51,392 - INFO - Train Acc: 75.61
2024-02-09 20:23:57,188 - INFO - Val Loss: 1.82
2024-02-09 20:23:57,189 - INFO - Val Acc: 58.21
2024-02-09 20:26:47,489 - INFO - ========================================
2024-02-09 20:26:47,489 - INFO - Epoch 59/100
2024-02-09 20:26:47,489 - INFO - Train Loss: 1.26
2024-02-09 20:26:47,490 - INFO - Train Acc: 77.96
2024-02-09 20:26:53,322 - INFO - Val Loss: 1.83
2024-02-09 20:26:53,323 - INFO - Val Acc: 57.90
2024-02-09 20:29:43,658 - INFO - ========================================
2024-02-09 20:29:43,659 - INFO - Epoch 60/100
2024-02-09 20:29:43,659 - INFO - Train Loss: 1.25
2024-02-09 20:29:43,659 - INFO - Train Acc: 78.48
2024-02-09 20:29:49,573 - INFO - Val Loss: 1.80
2024-02-09 20:29:49,573 - INFO - Val Acc: 58.17
2024-02-09 20:32:39,508 - INFO - ========================================
2024-02-09 20:32:39,509 - INFO - Epoch 61/100
2024-02-09 20:32:39,509 - INFO - Train Loss: 1.25
2024-02-09 20:32:39,509 - INFO - Train Acc: 77.99
2024-02-09 20:32:45,363 - INFO - Val Loss: 1.84
2024-02-09 20:32:45,363 - INFO - Val Acc: 58.12
2024-02-09 20:35:35,950 - INFO - ========================================
2024-02-09 20:35:35,951 - INFO - Epoch 62/100
2024-02-09 20:35:35,951 - INFO - Train Loss: 1.25
2024-02-09 20:35:35,951 - INFO - Train Acc: 79.09
2024-02-09 20:35:42,392 - INFO - Val Loss: 1.83
2024-02-09 20:35:42,392 - INFO - Val Acc: 58.05
2024-02-09 20:38:31,742 - INFO - ========================================
2024-02-09 20:38:31,743 - INFO - Epoch 63/100
2024-02-09 20:38:31,743 - INFO - Train Loss: 1.21
2024-02-09 20:38:31,743 - INFO - Train Acc: 79.33
2024-02-09 20:38:37,688 - INFO - Val Loss: 1.81
2024-02-09 20:38:37,688 - INFO - Val Acc: 58.67
2024-02-09 20:41:27,099 - INFO - ========================================
2024-02-09 20:41:27,099 - INFO - Epoch 64/100
2024-02-09 20:41:27,099 - INFO - Train Loss: 1.16
2024-02-09 20:41:27,099 - INFO - Train Acc: 80.37
2024-02-09 20:41:33,123 - INFO - Val Loss: 1.80
2024-02-09 20:41:33,124 - INFO - Val Acc: 58.65
2024-02-09 20:44:22,917 - INFO - ========================================
2024-02-09 20:44:22,917 - INFO - Epoch 65/100
2024-02-09 20:44:22,917 - INFO - Train Loss: 1.21
2024-02-09 20:44:22,917 - INFO - Train Acc: 79.55
2024-02-09 20:44:28,806 - INFO - Val Loss: 1.82
2024-02-09 20:44:28,806 - INFO - Val Acc: 59.09
2024-02-09 20:47:18,558 - INFO - ========================================
2024-02-09 20:47:18,558 - INFO - Epoch 66/100
2024-02-09 20:47:18,558 - INFO - Train Loss: 1.20
2024-02-09 20:47:18,558 - INFO - Train Acc: 80.15
2024-02-09 20:47:24,451 - INFO - Val Loss: 1.81
2024-02-09 20:47:24,451 - INFO - Val Acc: 58.60
2024-02-09 20:50:14,337 - INFO - ========================================
2024-02-09 20:50:14,337 - INFO - Epoch 67/100
2024-02-09 20:50:14,337 - INFO - Train Loss: 1.18
2024-02-09 20:50:14,338 - INFO - Train Acc: 80.86
2024-02-09 20:50:20,175 - INFO - Val Loss: 1.79
2024-02-09 20:50:20,175 - INFO - Val Acc: 58.89
2024-02-09 20:53:10,131 - INFO - ========================================
2024-02-09 20:53:10,132 - INFO - Epoch 68/100
2024-02-09 20:53:10,132 - INFO - Train Loss: 1.16
2024-02-09 20:53:10,132 - INFO - Train Acc: 81.06
2024-02-09 20:53:16,023 - INFO - Val Loss: 1.80
2024-02-09 20:53:16,023 - INFO - Val Acc: 58.57
2024-02-09 20:56:06,513 - INFO - ========================================
2024-02-09 20:56:06,513 - INFO - Epoch 69/100
2024-02-09 20:56:06,513 - INFO - Train Loss: 1.17
2024-02-09 20:56:06,514 - INFO - Train Acc: 80.88
2024-02-09 20:56:12,512 - INFO - Val Loss: 1.84
2024-02-09 20:56:12,512 - INFO - Val Acc: 59.23
2024-02-09 20:59:02,281 - INFO - ========================================
2024-02-09 20:59:02,281 - INFO - Epoch 70/100
2024-02-09 20:59:02,281 - INFO - Train Loss: 1.20
2024-02-09 20:59:02,281 - INFO - Train Acc: 80.28
2024-02-09 20:59:08,128 - INFO - Val Loss: 1.82
2024-02-09 20:59:08,128 - INFO - Val Acc: 59.12
2024-02-09 21:01:57,799 - INFO - ========================================
2024-02-09 21:01:57,799 - INFO - Epoch 71/100
2024-02-09 21:01:57,799 - INFO - Train Loss: 1.13
2024-02-09 21:01:57,799 - INFO - Train Acc: 81.84
2024-02-09 21:02:03,593 - INFO - Val Loss: 1.78
2024-02-09 21:02:03,593 - INFO - Val Acc: 59.29
2024-02-09 21:04:52,973 - INFO - ========================================
2024-02-09 21:04:52,974 - INFO - Epoch 72/100
2024-02-09 21:04:52,974 - INFO - Train Loss: 1.18
2024-02-09 21:04:52,974 - INFO - Train Acc: 81.15
2024-02-09 21:04:58,966 - INFO - Val Loss: 1.84
2024-02-09 21:04:58,967 - INFO - Val Acc: 59.24
2024-02-09 21:07:49,049 - INFO - ========================================
2024-02-09 21:07:49,050 - INFO - Epoch 73/100
2024-02-09 21:07:49,050 - INFO - Train Loss: 1.09
2024-02-09 21:07:49,050 - INFO - Train Acc: 82.77
2024-02-09 21:07:55,082 - INFO - Val Loss: 1.79
2024-02-09 21:07:55,082 - INFO - Val Acc: 59.34
2024-02-09 21:10:45,027 - INFO - ========================================
2024-02-09 21:10:45,027 - INFO - Epoch 74/100
2024-02-09 21:10:45,028 - INFO - Train Loss: 1.13
2024-02-09 21:10:45,028 - INFO - Train Acc: 81.96
2024-02-09 21:10:51,123 - INFO - Val Loss: 1.84
2024-02-09 21:10:51,124 - INFO - Val Acc: 59.60
2024-02-09 21:13:40,907 - INFO - ========================================
2024-02-09 21:13:40,907 - INFO - Epoch 75/100
2024-02-09 21:13:40,907 - INFO - Train Loss: 1.14
2024-02-09 21:13:40,907 - INFO - Train Acc: 81.85
2024-02-09 21:13:46,997 - INFO - Val Loss: 1.79
2024-02-09 21:13:46,997 - INFO - Val Acc: 58.71
2024-02-09 21:16:36,288 - INFO - ========================================
2024-02-09 21:16:36,288 - INFO - Epoch 76/100
2024-02-09 21:16:36,288 - INFO - Train Loss: 1.06
2024-02-09 21:16:36,288 - INFO - Train Acc: 83.69
2024-02-09 21:16:42,129 - INFO - Val Loss: 1.79
2024-02-09 21:16:42,129 - INFO - Val Acc: 59.23
2024-02-09 21:19:31,496 - INFO - ========================================
2024-02-09 21:19:31,496 - INFO - Epoch 77/100
2024-02-09 21:19:31,497 - INFO - Train Loss: 1.15
2024-02-09 21:19:31,497 - INFO - Train Acc: 81.76
2024-02-09 21:19:37,355 - INFO - Val Loss: 1.78
2024-02-09 21:19:37,355 - INFO - Val Acc: 59.59
2024-02-09 21:22:28,002 - INFO - ========================================
2024-02-09 21:22:28,002 - INFO - Epoch 78/100
2024-02-09 21:22:28,002 - INFO - Train Loss: 1.18
2024-02-09 21:22:28,002 - INFO - Train Acc: 81.09
2024-02-09 21:22:33,898 - INFO - Val Loss: 1.77
2024-02-09 21:22:33,898 - INFO - Val Acc: 59.48
2024-02-09 21:25:23,887 - INFO - ========================================
2024-02-09 21:25:23,887 - INFO - Epoch 79/100
2024-02-09 21:25:23,887 - INFO - Train Loss: 1.10
2024-02-09 21:25:23,887 - INFO - Train Acc: 82.72
2024-02-09 21:25:29,962 - INFO - Val Loss: 1.81
2024-02-09 21:25:29,963 - INFO - Val Acc: 60.14
2024-02-09 21:28:19,724 - INFO - ========================================
2024-02-09 21:28:19,724 - INFO - Epoch 80/100
2024-02-09 21:28:19,724 - INFO - Train Loss: 1.08
2024-02-09 21:28:19,724 - INFO - Train Acc: 83.24
2024-02-09 21:28:25,576 - INFO - Val Loss: 1.78
2024-02-09 21:28:25,576 - INFO - Val Acc: 60.11
2024-02-09 21:31:15,474 - INFO - ========================================
2024-02-09 21:31:15,474 - INFO - Epoch 81/100
2024-02-09 21:31:15,474 - INFO - Train Loss: 1.08
2024-02-09 21:31:15,474 - INFO - Train Acc: 83.20
2024-02-09 21:31:21,331 - INFO - Val Loss: 1.78
2024-02-09 21:31:21,332 - INFO - Val Acc: 60.00
2024-02-09 21:34:11,378 - INFO - ========================================
2024-02-09 21:34:11,379 - INFO - Epoch 82/100
2024-02-09 21:34:11,379 - INFO - Train Loss: 1.08
2024-02-09 21:34:11,379 - INFO - Train Acc: 83.58
2024-02-09 21:34:17,303 - INFO - Val Loss: 1.79
2024-02-09 21:34:17,303 - INFO - Val Acc: 59.94
2024-02-09 21:37:07,187 - INFO - ========================================
2024-02-09 21:37:07,187 - INFO - Epoch 83/100
2024-02-09 21:37:07,187 - INFO - Train Loss: 1.17
2024-02-09 21:37:07,187 - INFO - Train Acc: 81.90
2024-02-09 21:37:13,062 - INFO - Val Loss: 1.78
2024-02-09 21:37:13,062 - INFO - Val Acc: 60.06
2024-02-09 21:40:02,605 - INFO - ========================================
2024-02-09 21:40:02,605 - INFO - Epoch 84/100
2024-02-09 21:40:02,605 - INFO - Train Loss: 1.07
2024-02-09 21:40:02,606 - INFO - Train Acc: 83.33
2024-02-09 21:40:08,608 - INFO - Val Loss: 1.77
2024-02-09 21:40:08,608 - INFO - Val Acc: 59.73
2024-02-09 21:42:58,686 - INFO - ========================================
2024-02-09 21:42:58,687 - INFO - Epoch 85/100
2024-02-09 21:42:58,687 - INFO - Train Loss: 1.10
2024-02-09 21:42:58,687 - INFO - Train Acc: 82.96
2024-02-09 21:43:04,696 - INFO - Val Loss: 1.82
2024-02-09 21:43:04,696 - INFO - Val Acc: 60.13
2024-02-09 21:45:54,518 - INFO - ========================================
2024-02-09 21:45:54,518 - INFO - Epoch 86/100
2024-02-09 21:45:54,518 - INFO - Train Loss: 1.12
2024-02-09 21:45:54,518 - INFO - Train Acc: 82.54
2024-02-09 21:46:00,708 - INFO - Val Loss: 1.75
2024-02-09 21:46:00,708 - INFO - Val Acc: 59.96
2024-02-09 21:48:50,796 - INFO - ========================================
2024-02-09 21:48:50,797 - INFO - Epoch 87/100
2024-02-09 21:48:50,797 - INFO - Train Loss: 1.07
2024-02-09 21:48:50,797 - INFO - Train Acc: 83.70
2024-02-09 21:48:56,653 - INFO - Val Loss: 1.80
2024-02-09 21:48:56,653 - INFO - Val Acc: 60.12
2024-02-09 21:51:46,873 - INFO - ========================================
2024-02-09 21:51:46,874 - INFO - Epoch 88/100
2024-02-09 21:51:46,874 - INFO - Train Loss: 1.06
2024-02-09 21:51:46,874 - INFO - Train Acc: 83.60
2024-02-09 21:51:52,996 - INFO - Val Loss: 1.76
2024-02-09 21:51:52,996 - INFO - Val Acc: 59.71
2024-02-09 21:54:42,128 - INFO - ========================================
2024-02-09 21:54:42,129 - INFO - Epoch 89/100
2024-02-09 21:54:42,129 - INFO - Train Loss: 1.13
2024-02-09 21:54:42,129 - INFO - Train Acc: 82.60
2024-02-09 21:54:48,171 - INFO - Val Loss: 1.77
2024-02-09 21:54:48,172 - INFO - Val Acc: 59.96
2024-02-09 21:57:37,566 - INFO - ========================================
2024-02-09 21:57:37,567 - INFO - Epoch 90/100
2024-02-09 21:57:37,567 - INFO - Train Loss: 1.03
2024-02-09 21:57:37,567 - INFO - Train Acc: 84.48
2024-02-09 21:57:43,605 - INFO - Val Loss: 1.81
2024-02-09 21:57:43,605 - INFO - Val Acc: 60.22
2024-02-09 22:00:33,700 - INFO - ========================================
2024-02-09 22:00:33,700 - INFO - Epoch 91/100
2024-02-09 22:00:33,701 - INFO - Train Loss: 1.03
2024-02-09 22:00:33,701 - INFO - Train Acc: 84.38
2024-02-09 22:00:39,603 - INFO - Val Loss: 1.77
2024-02-09 22:00:39,603 - INFO - Val Acc: 59.93
2024-02-09 22:03:28,707 - INFO - ========================================
2024-02-09 22:03:28,708 - INFO - Epoch 92/100
2024-02-09 22:03:28,708 - INFO - Train Loss: 1.03
2024-02-09 22:03:28,708 - INFO - Train Acc: 84.22
2024-02-09 22:03:34,549 - INFO - Val Loss: 1.76
2024-02-09 22:03:34,549 - INFO - Val Acc: 60.11
2024-02-09 22:06:24,612 - INFO - ========================================
2024-02-09 22:06:24,613 - INFO - Epoch 93/100
2024-02-09 22:06:24,613 - INFO - Train Loss: 1.08
2024-02-09 22:06:24,613 - INFO - Train Acc: 83.70
2024-02-09 22:06:30,610 - INFO - Val Loss: 1.76
2024-02-09 22:06:30,610 - INFO - Val Acc: 60.11
2024-02-09 22:09:20,454 - INFO - ========================================
2024-02-09 22:09:20,455 - INFO - Epoch 94/100
2024-02-09 22:09:20,455 - INFO - Train Loss: 1.00
2024-02-09 22:09:20,455 - INFO - Train Acc: 84.62
2024-02-09 22:09:26,533 - INFO - Val Loss: 1.80
2024-02-09 22:09:26,533 - INFO - Val Acc: 60.09
2024-02-09 22:12:16,963 - INFO - ========================================
2024-02-09 22:12:16,964 - INFO - Epoch 95/100
2024-02-09 22:12:16,964 - INFO - Train Loss: 1.09
2024-02-09 22:12:16,964 - INFO - Train Acc: 82.94
2024-02-09 22:12:22,926 - INFO - Val Loss: 1.77
2024-02-09 22:12:22,926 - INFO - Val Acc: 60.15
2024-02-09 22:15:12,758 - INFO - ========================================
2024-02-09 22:15:12,758 - INFO - Epoch 96/100
2024-02-09 22:15:12,758 - INFO - Train Loss: 1.08
2024-02-09 22:15:12,758 - INFO - Train Acc: 83.40
2024-02-09 22:15:18,826 - INFO - Val Loss: 1.80
2024-02-09 22:15:18,826 - INFO - Val Acc: 60.24
2024-02-09 22:18:08,814 - INFO - ========================================
2024-02-09 22:18:08,815 - INFO - Epoch 97/100
2024-02-09 22:18:08,815 - INFO - Train Loss: 1.09
2024-02-09 22:18:08,815 - INFO - Train Acc: 82.94
2024-02-09 22:18:14,832 - INFO - Val Loss: 1.74
2024-02-09 22:18:14,832 - INFO - Val Acc: 60.35
2024-02-09 22:21:04,607 - INFO - ========================================
2024-02-09 22:21:04,608 - INFO - Epoch 98/100
2024-02-09 22:21:04,608 - INFO - Train Loss: 1.02
2024-02-09 22:21:04,608 - INFO - Train Acc: 84.84
2024-02-09 22:21:10,506 - INFO - Val Loss: 1.78
2024-02-09 22:21:10,506 - INFO - Val Acc: 60.12
2024-02-09 22:24:00,918 - INFO - ========================================
2024-02-09 22:24:00,919 - INFO - Epoch 99/100
2024-02-09 22:24:00,919 - INFO - Train Loss: 1.01
2024-02-09 22:24:00,919 - INFO - Train Acc: 84.99
2024-02-09 22:24:07,035 - INFO - Val Loss: 1.76
2024-02-09 22:24:07,035 - INFO - Val Acc: 60.19
2024-02-09 22:26:56,495 - INFO - ========================================
2024-02-09 22:26:56,496 - INFO - Epoch 100/100
2024-02-09 22:26:56,496 - INFO - Train Loss: 1.06
2024-02-09 22:26:56,496 - INFO - Train Acc: 84.07
2024-02-09 22:27:02,647 - INFO - Val Loss: 1.75
2024-02-09 22:27:02,647 - INFO - Val Acc: 60.12
